#frame I
5000 2.895662583913685
5001 2.960589477683688
5002 3.0371428976528523
5003 3.1156252030422023
5004 3.202492641630104
5005 3.2673305554424013
5006 3.288770953517809
5007 3.2511859392986135
5008 3.1779067541605004
5009 3.104130564194961
5010 3.056443757501309
5011 3.055298699942091
5012 3.080886589791755
5013 3.1166022894348115
5014 3.1579932122195777
5015 3.2344723363900556
5016 3.324592406399547
5017 3.3221539829851094
5018 3.3084889642529185
5019 3.3179222660305707
5020 3.3851589307893333
5021 3.452828478575847
5022 3.4513775676357707
5023 3.526055386841348
5024 3.64837486731022
5025 3.6877254519655565
5026 3.6825032454413926
5027 3.646680879637159
5028 3.588244973563048
5029 3.437031563566979
5030 3.237437011272796
5031 3.0893806873880867
5032 2.915115878241412
5033 2.754104740840787
5034 2.6662409166120336
5035 2.6540224145185016
5036 2.6267101491795875
5037 2.547174989160436
5038 2.5187525918919547
5039 2.444113577450358
5040 2.380040258562575
5041 2.380162449046079
5042 2.367629126187928
5043 2.3874015531820207
5044 2.408986942353777
5045 2.424516348390025
5046 2.430564508179822
5047 2.467020053621216
5048 2.481212916904697
5049 2.4369860899598748
5050 2.397489997262797
5051 2.3683727867548265
5052 2.3360174675572862
5053 2.3341943270159127
5054 2.3228840250218297
5055 2.2998431526613583
5056 2.283757272068161
5057 2.2482761484054765
5058 2.2345817642675114
5059 2.220965051437701
5060 2.205354573456704
5061 2.2218971309870543
5062 2.248427446047627
5063 2.2594398625053915
5064 2.268724525707824
5065 2.263881256036075
5066 2.228173933277087
5067 2.2240025417417644
5068 2.1846600704067334
5069 2.16034311515753
5070 2.1899085365328563
5071 2.130316205781388
5072 2.028910097353836
5073 1.9758530877845202
5074 1.9788318246167245
5075 1.9911959985390824
5076 2.0303823171850786
5077 2.0102630577061027
5078 1.9766857098520243
5079 1.9564427086254106
5080 1.9737881194027511
5081 1.9960107397358862
5082 1.9791486183187081
5083 1.92604719234839
5084 1.870221990481514
5085 1.8145894028658132
5086 1.7661877552903267
5087 1.7362863121696208
5088 1.712243321302392
5089 1.7201549489094845
5090 1.7380425479763657
5091 1.759026638036553
5092 1.758663749640979
5093 1.753431953732056
5094 1.7136139951107903
5095 1.7009041873111248
5096 1.738229717632624
5097 1.7171564992321853
5098 1.6889106930096935
5099 1.6659610113614443
5100 1.643221626337243
5101 1.6610866779564042
5102 1.762267744998302
5103 1.8960437245025599
5104 1.9534335930442333
5105 1.958344771552045
5106 1.9541350976003988
5107 1.9808150261879263
5108 1.9796888089392441
5109 1.9864010737355635
5110 2.0029173770204083
5111 2.061947815191
5112 2.081838322996403
5113 2.090103658992293
5114 2.1618456801045665
5115 2.347819925392517
5116 2.557266628811505
5117 2.5088369581573455
5118 2.436526130118832
5119 2.345692645844513
5120 2.3406957391485808
5121 2.3085850996720083
5122 2.189395991050315
5123 2.1737290845883095
5124 2.1303015940069194
5125 2.036292916956464
5126 1.9800811610503504
5127 1.9664102919094875
5128 2.036768479120092
5129 2.1153985706068323
5130 2.161070322942997
5131 2.193818074983692
5132 2.202564187736165
5133 2.2585611160240293
5134 2.308327752963993
5135 2.311493399562592
5136 2.203643753247948
5137 2.079213712787332
5138 1.975759777834801
5139 1.9141793427897917
5140 1.878680817991282
5141 1.8591269361332134
5142 1.8459043491054097
5143 1.7942569172431644
5144 1.7690231381134767
5145 1.7379119216901504
5146 1.717406604450827
5147 1.7112811663833911
5148 1.7720021334769764
5149 1.8121879264518996
5150 1.7977877394800104
5151 1.756299960637363
5152 1.7808507632542312
5153 1.841148517014685
5154 1.8884646813073624
5155 1.919064039272053
5156 1.923352819919995
5157 1.9007443578493883
5158 1.9275945784192812
5159 1.9716785553264504
5160 1.938146474908489
5161 1.9080264888669614
5162 1.9241733727412929
5163 1.9662789193692243
5164 1.9903497322933283
5165 2.0148799390631034
5166 2.0178236444528337
5167 1.9443764460411201
5168 1.8135494290238023
5169 1.7108642075962621
5170 1.7098412004834385
5171 1.7156590898009803
5172 1.7814075311023383
5173 1.8461718722046527
5174 1.90919894091885
5175 1.974329996594714
5176 2.0244420912223706
5177 2.0820320945278756
5178 2.179759767701186
5179 2.306361044417736
5180 2.325954712568863
5181 2.304348876412104
5182 2.310712075170782
5183 2.332950375337722
5184 2.3648656426187484
5185 2.445308149532423
5186 2.562393787421805
5187 2.669610088868176
5188 2.786586305030803
5189 2.7979064394482633
5190 2.8402256925820297
5191 2.8409990421994795
5192 2.830244012964475
5193 2.8070654836276665
5194 2.725772939681138
5195 2.7539005125935945
5196 2.734918204124987
5197 2.7179030700742572
5198 2.7214611591551554
5199 2.6893478237609076
5200 2.6543593913162993
5201 2.680885374850512
5202 2.7489905237082373
5203 2.7887035167955445
5204 2.7846878782496485
5205 2.801647101753955
5206 2.771350279343728
5207 2.7048874366303326
5208 2.7181070287498548
5209 2.8729447895003712
5210 3.0066991889837964
5211 3.1373900258769543
5212 3.2782591273492505
5213 3.476323393673288
5214 3.5138514095055062
5215 3.366608604925254
5216 3.317472075893805
5217 3.3209539154011454
5218 3.272677479895478
5219 3.31861217266266
5220 3.3973026369112227
5221 3.391493948880493
5222 3.3440365131319765
5223 3.330973098188269
5224 3.262585536813081
5225 3.17136546732409
5226 3.1468409449870482
5227 3.2660618815535534
5228 3.41034613463651
5229 3.5634909569832285
5230 3.5528069505942654
5231 3.3510817643919566
5232 3.1669120781338234
5233 3.271103072279327
5234 3.3050507409457563
5235 3.3017412125551164
5236 3.3038098881906337
5237 3.3533190555506533
5238 3.445215190574078
5239 3.499883498222238
5240 3.386221315354667
5241 3.287424501604304
5242 3.134743382435404
5243 2.96784365136353
5244 2.758703257312526
5245 2.6407140749921187
5246 2.621315277991797
5247 2.733668737854053
5248 2.8096957244695853
5249 2.7802537967652277
5250 2.6760689202290764
5251 2.5454317867591314
5252 2.423076835880351
5253 2.361675331078971
5254 2.369660201988598
5255 2.4025413510033253
5256 2.491583252486925
5257 2.535880374903285
5258 2.4803696033247906
5259 2.4424258937264645
5260 2.419839852575539
5261 2.5284210019736975
5262 2.598412312114517
5263 2.5715756421462226
5264 2.4983426573793017
5265 2.432739362622409
5266 2.4318553967780754
5267 2.3917148006172546
5268 2.3110210259543313
5269 2.214475972772711
5270 2.091229205914978
5271 1.9993060155434237
5272 1.9483361416450002
5273 1.8850699840793501
5274 1.8150217513961242
5275 1.7452733588251983
5276 1.6902336285170354
5277 1.6698354640919266
5278 1.67476356347262
5279 1.6741173402788891
5280 1.6253564107319456
5281 1.5462004969685381
5282 1.5045239425997845
5283 1.4681266192359919
5284 1.439224044343927
5285 1.4367373204064395
5286 1.445913050879151
5287 1.4483493486380656
5288 1.465337150931903
5289 1.4730373862176331
5290 1.448849818265346
5291 1.4342186896774642
5292 1.375849041278262
5293 1.326568876582419
5294 1.3013852128086736
5295 1.2796219988304134
5296 1.2533076726068249
5297 1.2393544034597335
5298 1.2450925880907195
5299 1.269410362898499
5300 1.3029011453263208
5301 1.3414830569904472
5302 1.3923117932099254
5303 1.4138028420279167
5304 1.4615915731870543
5305 1.47126096629455
5306 1.4787206052963802
5307 1.5017718689419983
5308 1.5198494622524632
5309 1.5077402651434162
5310 1.5616246574878196
5311 1.6311019702778764
5312 1.7050074591431736
5313 1.7482230384785191
5314 1.7537288765155996
5315 1.764197426379631
5316 1.791277655158128
5317 1.7915310139250993
5318 1.752344288180815
5319 1.735300300874647
5320 1.7559184619914219
5321 1.7585849551565822
5322 1.748324042899864
5323 1.7554455410646939
5324 1.7436544661709952
5325 1.7211566830946825
5326 1.7210443755087719
5327 1.6949960658524827
5328 1.6576362060612932
5329 1.6189885065932288
5330 1.5950731962806537
5331 1.5828643315260815
5332 1.5904527640710082
5333 1.5881235081200764
5334 1.593289391665766
5335 1.583427527867068
5336 1.570405016255304
5337 1.5666464215217022
5338 1.5818749837686006
5339 1.5832475336364633
5340 1.5966041180474377
5341 1.6272194678674008
5342 1.6590648751441823
5343 1.6882616028494384
5344 1.7420924895717345
5345 1.7758200978104
5346 1.810296092586113
5347 1.8590693192420742
5348 1.9104629536751123
5349 1.915666279114934
5350 1.8958078948344599
5351 1.9073651622758574
5352 1.9547810637642586
5353 1.9495690803909513
5354 1.9163521011525027
5355 1.8637922639880244
5356 1.8678662736515503
5357 1.9033538305709528
5358 1.8875637311476774
5359 1.8682538017191368
5360 1.862085874673617
5361 1.843143569772906
5362 1.7904563574211607
5363 1.7946668899404414
5364 1.82603845454726
5365 1.799403941748467
5366 1.8176807338872185
5367 1.8791992768905645
5368 1.9367644531935497
5369 2.010607128358962
5370 2.065787179691474
5371 2.130875659370745
5372 2.1519217325354747
5373 2.173942487382426
5374 2.218661406298277
5375 2.2510061708387616
5376 2.2596314139405127
5377 2.309930823574714
5378 2.3568956350224015
5379 2.4121327575239384
5380 2.436305515395977
5381 2.4966467976347837
5382 2.561423859295814
5383 2.5332181421535718
5384 2.496585508245713
5385 2.434789542248133
5386 2.387183124691391
5387 2.351982301726453
5388 2.3190106813672173
5389 2.363162892114885
5390 2.4603623680500473
5391 2.5384764297834472
5392 2.607451343133113
5393 2.634019524669937
5394 2.656842274707515
5395 2.775188821891125
5396 2.8467199606462046
5397 2.8421592850474258
5398 2.906765477931662
5399 3.0268734561139126
5400 3.098427231112793
5401 3.213695664004161
5402 3.3734845231165544
5403 3.5051763294485605
5404 3.5737643272333086
5405 3.5151805238762286
5406 3.371522738370392
5407 3.3526864743702465
5408 3.3502465635925343
5409 3.3630679684805154
5410 3.4235186224950915
5411 3.564914742634974
5412 3.7283605850001194
5413 3.7138315268407736
5414 3.600049421725588
5415 3.512454830604521
5416 3.472557442020808
5417 3.413922728554448
5418 3.3950002140102065
5419 3.3786963597809425
5420 3.2779401121271325
5421 3.1173110390646492
5422 2.966959861408954
5423 2.816040924067422
5424 2.5561627056965954
5425 2.3578722975188655
5426 2.288281959691981
5427 2.28515413992708
5428 2.248666484479745
5429 2.298126322353214
5430 2.329255331333078
5431 2.3665684445698516
5432 2.3694482858312074
5433 2.3663078064340386
5434 2.346045850195871
5435 2.307571375697896
5436 2.25247607060981
5437 2.206735416467469
5438 2.218157837118635
5439 2.2672738451670837
5440 2.342214007422636
5441 2.4718077829094542
5442 2.6275650197950404
5443 2.6692187946737045
5444 2.6817622319640684
5445 2.704157759485577
5446 2.7250926115087926
5447 2.742068604172049
5448 2.7599032306232325
5449 2.7313048239821742
5450 2.718698676170475
5451 2.72234540183465
5452 2.717893773444172
5453 2.7153246879635358
5454 2.769611929344345
5455 2.824477401725837
5456 2.8416844244275072
5457 2.8763194096328086
5458 2.874720220579799
5459 2.750513529248245
5460 2.6447085455778607
5461 2.631927968696963
5462 2.6170108894068407
5463 2.5823160997022936
5464 2.550452210389937
5465 2.589621382145321
5466 2.646405957213409
5467 2.6550554975580725
5468 2.6682417373782594
5469 2.6610883584170058
5470 2.634426775842388
5471 2.697144942648388
5472 2.7913764777978685
5473 2.830735659418129
5474 2.7663781479626186
5475 2.6612561280773517
5476 2.5553155660479976
5477 2.4914559262825113
5478 2.505580595821556
5479 2.50919944614111
5480 2.515098749499445
5481 2.5417384624933765
5482 2.5738686098325947
5483 2.607420106460558
5484 2.5832795387549683
5485 2.605516355833645
5486 2.6301500505516944
5487 2.6825426870398057
5488 2.7410181976831773
5489 2.8064706850529877
5490 2.8258810067259845
5491 2.7626414775186143
5492 2.6538695606549894
5493 2.555762793443469
5494 2.5169515960967983
5495 2.556129695488505
5496 2.6456879468164085
5497 2.6838357910954387
5498 2.6805114919680295
5499 2.6155170147687867
5500 2.483008165472019
5501 2.4271540311283846
5502 2.4220300060870983
5503 2.4594899527216754
5504 2.6182078844471466
5505 2.7429659982354897
5506 2.8104776180398474
5507 2.9288261633244517
5508 2.9809514429042654
5509 2.973063286888194
5510 3.0460577859938125
5511 3.0667168456598355
5512 2.9567047532026582
5513 2.795779729758234
5514 2.6882390845570643
5515 2.6998383075484966
5516 2.7069995296884204
5517 2.707254375913329
5518 2.76952098392472
5519 2.7602003887095745
5520 2.709065108335571
5521 2.6881905457934754
5522 2.620833516900338
5523 2.6454919749172077
5524 2.7324958575124327
5525 2.87941329564311
5526 2.9244871641519006
5527 3.0592872791570747
5528 3.289093353714517
5529 3.3387679422068577
5530 3.448921821129144
5531 3.5521098159460864
5532 3.5430788365589003
5533 3.4957578427364404
5534 3.4932029781843594
5535 3.415616647952534
5536 3.4897364988594233
5537 3.56182495839499
5538 3.5598285816121527
5539 3.649067828392269
5540 3.7867341170249427
5541 3.932528861179445
5542 4.009856164263544
5543 4.073517994913337
5544 4.085060434152029
5545 4.03048962839399
5546 3.935064525802008
5547 3.897089787029952
5548 3.718044991885618
5549 3.588118774287601
5550 3.5442077292916063
5551 3.45460302444085
5552 3.4123487582949448
5553 3.2975402170415187
5554 3.203356517119641
5555 3.213896711327525
5556 3.224300522709228
5557 3.162606874833942
5558 3.10349927650081
5559 3.0483072150812256
5560 3.040389058459195
5561 3.1838560263948255
5562 3.229617503337581
5563 3.1132751693621104
5564 2.9437979134422725
5565 2.8444964543662667
5566 2.79312442974595
5567 2.724690010106603
5568 2.6361346952721143
5569 2.627106704908541
5570 2.567180856029159
5571 2.4045533656738916
5572 2.389205494643574
5573 2.431085263668705
5574 2.545571155797251
5575 2.659550295178488
5576 2.72140176091463
5577 2.7881736976367844
5578 2.8187713668527605
5579 2.8123794367514665
5580 2.856712672129652
5581 2.664596871144644
5582 2.4864355477695104
5583 2.3816696088783793
5584 2.2539611001710935
5585 2.1446122901014784
5586 2.1220707794077547
5587 2.139597572647319
5588 2.1619060392602356
5589 2.166100077830897
5590 2.2245351570568888
5591 2.295295377325317
5592 2.300809798928774
5593 2.2914794510462597
5594 2.259406749609382
5595 2.2412678398083923
5596 2.2694037592384415
5597 2.3251052226047326
5598 2.4870970466413267
5599 2.668212998749066
5600 2.8179208975924928
5601 2.959561896452409
5602 3.0234192408976184
5603 3.03923151606464
5604 3.043488423397755
5605 3.0754334679242534
5606 3.152239846960619
5607 3.2004591175557096
5608 3.187562817530525
5609 3.1526657557000313
5610 3.1072861352435153
5611 3.0248239355132087
5612 2.9210372454333133
5613 2.812495279983051
5614 2.6869382156980084
5615 2.596404647790968
5616 2.543132968875417
5617 2.5126779396916428
5618 2.4886512406012087
5619 2.4833821786189203
5620 2.478293842925841
5621 2.4743358140801313
5622 2.426717671831612
5623 2.379321615441879
5624 2.3429151313701495
5625 2.29245398788326
5626 2.2517212705546084
5627 2.1943804444045956
5628 2.10837721032118
5629 2.0698909524427997
5630 2.064238439389425
5631 2.087547968538817
5632 2.0496092238793113
5633 1.9653292191524099
5634 1.9088181797760937
5635 1.863752586393259
5636 1.8248020733285482
5637 1.7874909495193043
5638 1.7477540346339635
5639 1.6863851899823257
5640 1.6412730621576832
5641 1.6179193504410194
5642 1.5965898978316044
5643 1.5828111973743473
5644 1.5687470382375157
5645 1.555283877245377
5646 1.5453534352118208
5647 1.538523883836442
5648 1.5227982192892346
5649 1.4896088219616277
5650 1.4464451865864063
5651 1.4449542325253504
5652 1.4319427899449373
5653 1.4267411605519684
5654 1.4268171990981613
5655 1.428615637606713
5656 1.4633852289128237
5657 1.4889203891169294
5658 1.5117183586314653
5659 1.5170301617396162
5660 1.526027918159399
5661 1.5786096557200728
5662 1.6575951493315615
5663 1.7162999728233794
5664 1.7660081325145667
5665 1.8250597945907368
5666 1.8672496050241898
5667 1.9255268602280349
5668 1.925809880139757
5669 1.9046772787989643
5670 1.9393321668066184
5671 1.9896802783456382
5672 2.0811024470094597
5673 2.2034746747666505
5674 2.278283160156049
5675 2.3527929481032803
5676 2.4070298559762238
5677 2.4627770584508375
5678 2.5180091410664427
5679 2.6028827850538248
5680 2.811969717113414
5681 2.9451989423700704
5682 2.834330514827805
5683 2.7588183086001767
5684 2.684710438452085
5685 2.6478286434930753
5686 2.6063069529629197
5687 2.6070674391278814
5688 2.6621005732501195
5689 2.6540323475779473
5690 2.6219806970522788
5691 2.5920220298877372
5692 2.5763925906423064
5693 2.5444270759822825
5694 2.496860077591304
5695 2.418838314925586
5696 2.352834302336626
5697 2.305269593066735
5698 2.249424177119216
5699 2.2120158463496784
5700 2.189375045601304
5701 2.1785257941903984
5702 2.147941306967451
5703 2.091825564481763
5704 2.048914577525297
5705 2.013903532223734
5706 1.9715062954438776
5707 1.9157158496328737
5708 1.867709854240886
5709 1.823137485684417
5710 1.8050210683175962
5711 1.7927690081709742
5712 1.7987541571734995
5713 1.8133549612829607
5714 1.8361870549763692
5715 1.8313107172084164
5716 1.7732371171565078
5717 1.7513128177086077
5718 1.7591846792228798
5719 1.7681107135499272
5720 1.8106647674962935
5721 1.8723068118992898
5722 1.933026984295563
5723 1.9999182242282805
5724 2.068762685009803
5725 2.1299449942469706
5726 2.1619518479230746
5727 2.2096648938579615
5728 2.2169170449109297
5729 2.1715384756741294
5730 2.1357437410243953
5731 2.0850111865508425
5732 2.021874470807564
5733 1.9347333063406695
5734 1.8381125578217286
5735 1.7530344874070187
5736 1.7080081665633216
5737 1.6834707628327754
5738 1.6471492546912807
5739 1.6453542962528174
5740 1.671757069372813
5741 1.707961273535921
5742 1.7226962219496165
5743 1.6669496468298535
5744 1.643011429100872
5745 1.6618199156050832
5746 1.6563579843661291
5747 1.6226229934932825
5748 1.6150067525312772
5749 1.618790818702693
5750 1.6144045166341627
5751 1.61522499539953
5752 1.6051946031692348
5753 1.5965794414057075
5754 1.6137952462250156
5755 1.6090874790736516
5756 1.5741103710139306
5757 1.5239068734441796
5758 1.4980353409843583
5759 1.4795532168881251
5760 1.4788344203727022
5761 1.506147307726369
5762 1.5586566997185007
5763 1.607577943299732
5764 1.6741759012160586
5765 1.7517565903517585
5766 1.8156705281997672
5767 1.8642939884365524
5768 1.8799767326132868
5769 1.9372624000859122
5770 2.010054341564924
5771 2.08357683300666
5772 2.0614849381759486
5773 2.0451974779774718
5774 2.0593795867265947
5775 2.0373641295380085
5776 1.9623089109898124
5777 1.9328990356644102
5778 1.9559346607223425
5779 2.0086686813106094
5780 2.0583071022097434
5781 2.077499991599143
5782 2.1277199727125327
5783 2.209949404850959
5784 2.2775803584738186
5785 2.325967522717241
5786 2.224215345782042
5787 2.083856253502475
5788 2.025078181112295
5789 1.9781752365075609
5790 1.892335951074787
5791 1.8429600324541133
5792 1.8050299307541713
5793 1.828318172564113
5794 1.8278365301924382
5795 1.8199799012098978
5796 1.8520648117817957
5797 1.904746491110257
5798 1.9858502363273645
5799 2.043545494230485
5800 2.0973060810253132
5801 2.1150886991742754
5802 2.1078837359451508
5803 2.0961944701226507
5804 2.0450893687652507
5805 2.0612009498827355
5806 2.1571918302556807
5807 2.2430441532755174
5808 2.3071060319949424
5809 2.3470626594050783
5810 2.3526318617461484
5811 2.3754682729609806
5812 2.3784448945212433
5813 2.3725904461030125
5814 2.3473235743382137
5815 2.3307341442941487
5816 2.3542843256092523
5817 2.3799427389225727
5818 2.4395069006167596
5819 2.409356067238963
5820 2.5147694824158138
5821 2.6005501702069345
5822 2.5745907552635785
5823 2.5412492670604636
5824 2.5678075840936603
5825 2.6312698271390516
5826 2.71850162837223
5827 2.6701130318172064
5828 2.6384327927639357
5829 2.6302833655850475
5830 2.6464367114204577
5831 2.6959119351747227
5832 2.782213544888375
5833 2.8410217064784096
5834 2.8575064664303604
5835 2.8441355107117277
5836 2.859703035081919
5837 2.8475672982099165
5838 2.7913191160483493
5839 2.776010616472242
5840 2.832945714221459
5841 2.9598224452444826
5842 2.995173736180645
5843 3.0724203695814563
5844 3.1520503891117206
5845 3.111768752915943
5846 3.0584348031555115
5847 3.0575352082373253
5848 3.08108186980713
5849 3.1738899488426
5850 3.2520017147962617
5851 3.194757589462067
5852 3.1571027701280343
5853 3.110780224182076
5854 3.027074044073653
5855 2.8993881483377706
5856 2.843812065110128
5857 2.864500571363915
5858 2.960305981523827
5859 3.013304720150036
5860 3.063885862224142
5861 3.0340375610681347
5862 3.0480463076775886
5863 3.085052588941727
5864 3.067238855080633
5865 2.9904446409053635
5866 3.1103632611238963
5867 3.105464362782488
5868 3.1288261027633633
5869 3.091030390388368
5870 3.071860821473418
5871 3.0524287573720876
5872 3.0212589352287558
5873 3.012039167698592
5874 3.0151166152372806
5875 3.0757197530380602
5876 3.2366165943684972
5877 3.3938998364567095
5878 3.3552523385178126
5879 3.2973188347537543
5880 3.2246074861670087
5881 3.150864418286543
5882 3.080326294535864
5883 3.022485486220681
5884 3.0267446449436757
5885 3.033419773467407
5886 3.1319297689510734
5887 3.605228087509174
5888 3.9227029225933396
5889 4.013356479326254
5890 3.983752557243833
5891 3.7744611490294706
5892 3.578615340427031
5893 3.441289738438809
5894 3.4696859707453256
5895 3.3947198355240227
5896 3.315270658497343
5897 3.3098023974351487
5898 3.434459535969066
5899 3.4396954656921133
5900 3.4270531408138805
5901 3.3329218283849387
5902 3.12211326572591
5903 3.0711771872396745
5904 3.2218138934185263
5905 3.2753802190731944
5906 3.3389221216895595
5907 3.369441852582764
5908 3.383950298044323
5909 3.2834089668898194
5910 3.134694999020655
5911 3.0372951096792775
5912 2.8571477007268244
5913 2.628971997893122
5914 2.48937664332697
5915 2.43988838195521
5916 2.431797686114094
5917 2.396952445779545
5918 2.379392766660399
5919 2.3053892244761274
5920 2.1818413863372474
5921 2.123599419613088
5922 2.138937020317325
5923 2.157038598373173
5924 2.0943750765595786
5925 1.9709190405905876
5926 1.8274426412230589
5927 1.74926324338806
5928 1.7318671607357283
5929 1.6958828112273485
5930 1.6473008756674326
5931 1.5855543725978543
5932 1.5459073260195497
5933 1.5125251507196091
5934 1.476498223594953
5935 1.434945391525235
5936 1.4210323563623772
5937 1.421867097732591
5938 1.420129519804534
5939 1.4038895719412257
5940 1.383975597436943
5941 1.3772499932572102
5942 1.383036949275636
5943 1.401706407523327
5944 1.4200075072364582
5945 1.411854832010439
5946 1.4118228753010058
5947 1.423244142625264
5948 1.4283159413894786
5949 1.4281363862026413
5950 1.4078432765553084
5951 1.3786042223404738
5952 1.3658215865729737
5953 1.3751369411090786
5954 1.402957878720765
5955 1.4185952665330648
5956 1.401659848191835
5957 1.3794290106151175
5958 1.3498858929140876
5959 1.3388894021889592
5960 1.3346138091069832
5961 1.3284647784083883
5962 1.3217189964080753
5963 1.3149087918466034
5964 1.3039484437620685
5965 1.2936714228401789
5966 1.2905746521044572
5967 1.3086272312424658
5968 1.364342222785719
5969 1.3958772029816333
5970 1.3873170738621412
5971 1.40823663142462
5972 1.455651358376138
5973 1.5100445706294876
5974 1.5232678381918305
5975 1.494566032444261
5976 1.4521071262437295
5977 1.414666601070141
5978 1.403452273959484
5979 1.3724876735308458
5980 1.2739854873053567
5981 1.2055192806545925
5982 1.2061173383953538
5983 1.2760937461979538
5984 1.1810117965832199
5985 1.085233738826948
5986 1.024034206897075
5987 1.006817487965386
5988 0.9910634860549452
5989 0.9859016460183682
5990 1.0384164147982682
5991 1.140464990405882
5992 1.1930970074551062
5993 1.1876872589103218
5994 1.176256529731281
5995 1.195855317358018
5996 1.2277076256430346
5997 1.2224637440275066
5998 1.2342681172881143
5999 1.2632110771906166
