#frame I
5000 2.4981445228378787
5001 2.4496738535082683
5002 2.3742614307842236
5003 2.290744291720264
5004 2.225108346440492
5005 2.170139859794855
5006 2.130931015147105
5007 2.0884843850195205
5008 2.018661852287154
5009 1.9073327189254397
5010 1.8237201464898882
5011 1.757580512252136
5012 1.711880599565285
5013 1.649921280565756
5014 1.5981130597521167
5015 1.5244796919172279
5016 1.488240977285462
5017 1.4479195056767207
5018 1.4101591027128542
5019 1.3891733423522201
5020 1.3799418638511018
5021 1.3717490864665811
5022 1.375346630235733
5023 1.3879998683208066
5024 1.3956518773072508
5025 1.4068860962207874
5026 1.4214773182149814
5027 1.4331727852876717
5028 1.4449880769589925
5029 1.455141735800837
5030 1.4672057991308214
5031 1.4702613008075207
5032 1.4803418304482578
5033 1.485188297675004
5034 1.485498520407149
5035 1.492618485378703
5036 1.521033251301637
5037 1.546054152161493
5038 1.555644668505042
5039 1.5629861798104385
5040 1.5669702373321457
5041 1.573408190936884
5042 1.5730042003074522
5043 1.5641640977372895
5044 1.5531736643158114
5045 1.5436113927615418
5046 1.5414677983468168
5047 1.532196986497174
5048 1.5109053028974229
5049 1.4839287768252312
5050 1.447941183985521
5051 1.3976294597393972
5052 1.3747040326058904
5053 1.3683136576218355
5054 1.3623194446674507
5055 1.3586409389804746
5056 1.357688400613617
5057 1.355170643193715
5058 1.3477075708357578
5059 1.3408103863294407
5060 1.3411741024034283
5061 1.348912044085304
5062 1.3546097455103527
5063 1.3553101303383115
5064 1.35590497393501
5065 1.3589979310840323
5066 1.3572218361524269
5067 1.3475323778650858
5068 1.342557767339246
5069 1.3449816608103067
5070 1.3458299594636332
5071 1.3442073527691198
5072 1.3469509459719424
5073 1.3574452569094482
5074 1.3716246887100814
5075 1.3882656225727161
5076 1.3993196398368015
5077 1.407804640375776
5078 1.4138955771074961
5079 1.4215595210896066
5080 1.4306203163741598
5081 1.4429273187668576
5082 1.4625951821703926
5083 1.485241933914622
5084 1.5188963019889605
5085 1.552900599194371
5086 1.58597732953988
5087 1.6169070095316238
5088 1.6483931504215852
5089 1.6760834613959636
5090 1.6931726000247258
5091 1.7158107828506814
5092 1.7469234933655726
5093 1.7792277552768256
5094 1.8079600582534423
5095 1.8295998968141414
5096 1.8510631623019769
5097 1.8758122861199638
5098 1.8825486392846464
5099 1.87287889768543
5100 1.8590912862345332
5101 1.8507464624640946
5102 1.8506621026866081
5103 1.8649903859295665
5104 1.8892918532485772
5105 1.9180662400756456
5106 1.9526831806793976
5107 1.9884843118108158
5108 2.0289324756082103
5109 2.0671238165070447
5110 2.0919514569004494
5111 2.101547210999216
5112 2.1034630945750252
5113 2.108808408659998
5114 2.1168561159484143
5115 2.1240755647547886
5116 2.122112836489229
5117 2.1241949843742014
5118 2.12809510717342
5119 2.130543241889646
5120 2.145601535696443
5121 2.1648705846092247
5122 2.1839222387958084
5123 2.195480121118332
5124 2.1924457728116638
5125 2.1918458371710297
5126 2.1918017431330723
5127 2.1908429404551693
5128 2.185043591552745
5129 2.170455052957667
5130 2.164474249045407
5131 2.159838827297417
5132 2.1604463826458487
5133 2.184969778810726
5134 2.2078788902166973
5135 2.2092955201257745
5136 2.2106347283270114
5137 2.2198630451014063
5138 2.2277418548081034
5139 2.2328053672645183
5140 2.233673951725001
5141 2.25413962790852
5142 2.2726435612773233
5143 2.2712074833704046
5144 2.2760224439126167
5145 2.2849192576624855
5146 2.2978397297026225
5147 2.3051334379041624
5148 2.3197084886266675
5149 2.3418908016126796
5150 2.3693454606925184
5151 2.391406796104269
5152 2.405644792755793
5153 2.4146898338852467
5154 2.4109909369990183
5155 2.384842512284187
5156 2.3443531874719876
5157 2.3431467635096626
5158 2.361784577902654
5159 2.376989731074608
5160 2.3934709455528718
5161 2.418447723473243
5162 2.440230226640263
5163 2.4792886296816343
5164 2.5197594698125836
5165 2.5415985305993947
5166 2.5418283843598926
5167 2.5664260912516093
5168 2.6053753661242465
5169 2.6431383978776406
5170 2.683166465874763
5171 2.7131704855287126
5172 2.7197702047750285
5173 2.7560367386655686
5174 2.8253980346478373
5175 2.890355302662371
5176 2.9195304177386636
5177 2.9490764403119396
5178 2.959020617154913
5179 2.9694873113398996
5180 2.9788634849258235
5181 2.9887177025340534
5182 2.9940752363920784
5183 3.0023143260496403
5184 3.005785358625858
5185 3.0248369542197278
5186 3.043416036746726
5187 3.0554682823704047
5188 3.0525454968782553
5189 3.0459940404420176
5190 3.04830342770039
5191 3.0672783207909644
5192 3.0867829353200005
5193 3.1091565658273037
5194 3.1305553096069145
5195 3.1467986344504997
5196 3.1654676208639305
5197 3.1789278400981877
5198 3.1856653960319474
5199 3.195064822618188
5200 3.2034350184769367
5201 3.205902626100869
5202 3.2056692119948624
5203 3.189087184947456
5204 3.176223565763647
5205 3.1746305468016542
5206 3.1741262892596596
5207 3.1588567987934577
5208 3.1264004228613027
5209 3.1111522676768915
5210 3.1214125081899127
5211 3.144546191962648
5212 3.1617215638977476
5213 3.178403755688685
5214 3.185775360356597
5215 3.1407705709308837
5216 3.091228846705898
5217 3.071241677074722
5218 3.051272245885481
5219 3.0130808978184973
5220 3.0035660509888107
5221 2.9945975089935466
5222 2.978638268200044
5223 2.9426396415124794
5224 2.923976523110876
5225 2.894080048734419
5226 2.876336966720396
5227 2.872415316284556
5228 2.8809098796267896
5229 2.892005033295311
5230 2.9214322652170557
5231 2.9660208094329166
5232 3.0026250105376495
5233 3.033495648213929
5234 3.048761455565253
5235 3.042260005527152
5236 3.0292437975959587
5237 3.008021560755379
5238 2.9816882263460975
5239 2.989077411175934
5240 2.992872763827814
5241 2.9768578800202032
5242 2.9902465989798355
5243 2.996434953909984
5244 2.99002584542078
5245 3.00297654206296
5246 3.0073429833180523
5247 2.984636398546488
5248 2.9739424112403676
5249 2.9734058500439398
5250 3.002680706798681
5251 3.0470489446005606
5252 3.1068853633615086
5253 3.1734089147949556
5254 3.23893537260589
5255 3.2872261980644124
5256 3.3254319038624898
5257 3.35433499684781
5258 3.36391023170193
5259 3.350912313303979
5260 3.287862142645502
5261 3.212071347286193
5262 3.170045346898486
5263 3.15149802546943
5264 3.184654921540029
5265 3.2083468890744666
5266 3.2140235878477426
5267 3.2284083956734544
5268 3.234986777381216
5269 3.2140828908733248
5270 3.1880507487528136
5271 3.186858437857286
5272 3.183410723911797
5273 3.1968219130079176
5274 3.2014483915772103
5275 3.2190111009547273
5276 3.2269223722162907
5277 3.2001858982149094
5278 3.1736483113576712
5279 3.1279972845794086
5280 3.074504397626489
5281 3.001458810442434
5282 2.965811394619442
5283 2.954951765111958
5284 2.9352004811226364
5285 2.916102987751149
5286 2.8991826340288678
5287 2.896582360066894
5288 2.907323979939436
5289 2.905170961788951
5290 2.9019740905481357
5291 2.8865025909487185
5292 2.883891346502749
5293 2.903117910420768
5294 2.9266411160974446
5295 2.9281332759733356
5296 2.9002709287390656
5297 2.8572927355056934
5298 2.873774023750637
5299 2.8877773540005323
5300 2.9138783456170727
5301 2.943675603701796
5302 2.9646427274764284
5303 3.0015624778967878
5304 3.010928299253469
5305 3.0273208703639485
5306 3.053346929494934
5307 3.0450691656819346
5308 2.99265620532803
5309 2.933716302624088
5310 2.9102949181153797
5311 2.893821382236261
5312 2.891071311140339
5313 2.8828280854547796
5314 2.8816365094801686
5315 2.8696132342950786
5316 2.8629974671993192
5317 2.8604784719805894
5318 2.8842793990922835
5319 2.9180912623320387
5320 2.9375890901338035
5321 2.945214531885395
5322 2.9584168822592725
5323 2.985867507696531
5324 2.9981694310545217
5325 2.9850654985055147
5326 2.9507343002856077
5327 2.9043666478096846
5328 2.8828365128085727
5329 2.8790457449344933
5330 2.863080618637234
5331 2.8461303870399637
5332 2.8238362132070574
5333 2.7915089111496485
5334 2.784247203830706
5335 2.788027512273376
5336 2.768903151227886
5337 2.7302842642378082
5338 2.702826633434051
5339 2.6570575276270327
5340 2.618044883050812
5341 2.587864768310743
5342 2.594601444867274
5343 2.620393679186012
5344 2.623687619170901
5345 2.6075076098582537
5346 2.6031368425867
5347 2.5925004945454466
5348 2.5312356801755294
5349 2.47718360115943
5350 2.439879745415328
5351 2.4143361109617096
5352 2.37246335354402
5353 2.360966820601092
5354 2.352693258268557
5355 2.344936847390481
5356 2.346823853090977
5357 2.3734894978761143
5358 2.4183506593024493
5359 2.4366518232172183
5360 2.46774027105664
5361 2.500850607971316
5362 2.5110811448832804
5363 2.518508848968499
5364 2.5367870215675237
5365 2.5659440522867354
5366 2.6029209060263896
5367 2.638550241617709
5368 2.6411034454371247
5369 2.638714043175639
5370 2.6514624448828323
5371 2.6749818770016187
5372 2.696252843832111
5373 2.69927334565215
5374 2.6943076949839777
5375 2.696035158871105
5376 2.689836088667988
5377 2.6721798902527056
5378 2.6393099194939715
5379 2.59263712916316
5380 2.574428261770533
5381 2.574531802582168
5382 2.5824531765395156
5383 2.6036449659736216
5384 2.6295778679790853
5385 2.6372317135709156
5386 2.636312297043162
5387 2.633069579177092
5388 2.6120682411677634
5389 2.580277401611698
5390 2.5530289194354974
5391 2.5293116145436016
5392 2.499509610620137
5393 2.4678032663570724
5394 2.4764441090318083
5395 2.4852836362893678
5396 2.4535763952173615
5397 2.423985554374327
5398 2.3943473590930773
5399 2.3487852180278055
5400 2.307035596752221
5401 2.277361506211371
5402 2.2573470643738123
5403 2.243229950678399
5404 2.2489782015504005
5405 2.258920849617461
5406 2.2437403526470248
5407 2.2139079703403954
5408 2.213688352142721
5409 2.229890355716207
5410 2.2519925029879873
5411 2.2622565096261043
5412 2.258788792779986
5413 2.2566522361338643
5414 2.2534075368187994
5415 2.2423313513615883
5416 2.228195381296679
5417 2.2433800693279893
5418 2.2628214235026465
5419 2.2578233254393965
5420 2.2503812940503227
5421 2.2435554663239965
5422 2.2431439286617394
5423 2.230294536655714
5424 2.22752441721123
5425 2.225003829129986
5426 2.194154273114483
5427 2.1859565763547315
5428 2.217167483790389
5429 2.2286560823254398
5430 2.2132015612138116
5431 2.188737504160727
5432 2.1726933722526565
5433 2.141063182272256
5434 2.1080888884135254
5435 2.100753134114284
5436 2.1146243687531077
5437 2.1111360376105357
5438 2.1096908418791305
5439 2.1239520847530957
5440 2.164654335367167
5441 2.20443783904447
5442 2.2264274939315585
5443 2.2656531040283783
5444 2.3156338193573287
5445 2.36768907411072
5446 2.416360947223797
5447 2.4550687730308356
5448 2.4723235154558827
5449 2.4406281881768117
5450 2.3891444598145024
5451 2.357673846852323
5452 2.3398899109331794
5453 2.3316396449803434
5454 2.322703779466614
5455 2.3255899800843793
5456 2.356951740133168
5457 2.401996209346099
5458 2.448368801815126
5459 2.491471682931389
5460 2.5395571484890875
5461 2.5979943861998387
5462 2.6513371322910384
5463 2.6793455292996717
5464 2.6987020008311626
5465 2.7038944933592757
5466 2.7077551178333628
5467 2.723699777555047
5468 2.768130918933628
5469 2.803296652589647
5470 2.759986417196276
5471 2.7367283062548857
5472 2.726527537603742
5473 2.7154324868035666
5474 2.6940894177297876
5475 2.6693882988899587
5476 2.680398985544348
5477 2.6896761741667583
5478 2.685209143145616
5479 2.677847335810115
5480 2.677418422820266
5481 2.6941442500530948
5482 2.7161452491664164
5483 2.7194599186334787
5484 2.717029896675289
5485 2.6935463276270193
5486 2.6643045756851844
5487 2.642769944640974
5488 2.615763055695515
5489 2.588337154597805
5490 2.580915203816046
5491 2.5761507811129642
5492 2.5649383909773267
5493 2.554275778115752
5494 2.5623175597095655
5495 2.5744384808823546
5496 2.585626386271211
5497 2.5852657773441687
5498 2.5875372013287894
5499 2.5961865414906855
5500 2.615898476734314
5501 2.603069718436971
5502 2.5810051321148757
5503 2.568883933891275
5504 2.5326026780497486
5505 2.490637767552318
5506 2.470658075601556
5507 2.4840848730330274
5508 2.4797295603619856
5509 2.48185285077695
5510 2.499968700111395
5511 2.505265427210009
5512 2.5024966893192087
5513 2.4894078493365854
5514 2.503289915426891
5515 2.5283161036947353
5516 2.525752842646373
5517 2.482249941122426
5518 2.4264882388517
5519 2.4182336333016554
5520 2.41947567826306
5521 2.4087090210710715
5522 2.4139514937110507
5523 2.43239819632072
5524 2.4461113996934545
5525 2.4568247927266187
5526 2.47256335745465
5527 2.4921992072144223
5528 2.4879074900369145
5529 2.470306027172138
5530 2.4463761912405686
5531 2.430216005233614
5532 2.4321425657827023
5533 2.4390098764739268
5534 2.4589088660654994
5535 2.4996208844326815
5536 2.547641187499497
5537 2.5889066738825246
5538 2.63073848023703
5539 2.674020219205849
5540 2.659411317234259
5541 2.6363667643390785
5542 2.6337674857017936
5543 2.638619518906192
5544 2.6632674067020496
5545 2.6889634302550456
5546 2.71452740114652
5547 2.7486375729076262
5548 2.779660505962885
5549 2.810765154990286
5550 2.8523129703363526
5551 2.8974485212399803
5552 2.9180587325437006
5553 2.925715674310339
5554 2.915868111013798
5555 2.898016168940531
5556 2.8818740854552996
5557 2.86652293900914
5558 2.8553435298832675
5559 2.85936677787276
5560 2.882615811840426
5561 2.8759068192036743
5562 2.8379555270918657
5563 2.8374714886451584
5564 2.8213912932007656
5565 2.7822892397636414
5566 2.7569517609107455
5567 2.7450380520938555
5568 2.7140866995055872
5569 2.6622340299593907
5570 2.6255020550368706
5571 2.5869347485750156
5572 2.552476068512752
5573 2.5540730259961326
5574 2.5794138065049377
5575 2.588092321794206
5576 2.5843337018365227
5577 2.598739277133317
5578 2.6370232453784843
5579 2.6700391640141956
5580 2.728944411698232
5581 2.79127482978408
5582 2.8103489100814913
5583 2.790677303236849
5584 2.764806730912863
5585 2.741074393218959
5586 2.7237589276123715
5587 2.7039715898954304
5588 2.6855663712227886
5589 2.6635514101320625
5590 2.6378222264199516
5591 2.626309066547412
5592 2.6539395365960274
5593 2.6872168056748595
5594 2.6856240269824725
5595 2.66009554860231
5596 2.629135883909142
5597 2.6016732879377185
5598 2.5910634550255187
5599 2.592337974242357
5600 2.5938380169783577
5601 2.5765199931603315
5602 2.5552819258715593
5603 2.5430492423208624
5604 2.5780934212139046
5605 2.615251495282664
5606 2.6522313255178545
5607 2.6744032603058994
5608 2.664364291134029
5609 2.649761468769929
5610 2.6217591617052323
5611 2.626294844070516
5612 2.6411624558350093
5613 2.6587685965648946
5614 2.6635291966393395
5615 2.66768435925886
5616 2.69280504858856
5617 2.7235865179504763
5618 2.7683598621173475
5619 2.806510980452992
5620 2.839843449379538
5621 2.8786484675519457
5622 2.912712484490726
5623 2.924989835170796
5624 2.911321312518396
5625 2.893296228923278
5626 2.9060880453820763
5627 2.9261837112934157
5628 2.9135371235821097
5629 2.877487890198412
5630 2.8780650618881958
5631 2.908262444411591
5632 2.958504797127964
5633 2.9845964313915294
5634 2.98539849915373
5635 2.976338159510242
5636 2.976597264556075
5637 3.004881638560957
5638 3.0328435158053897
5639 3.071635689049682
5640 3.091010400287229
5641 3.0905266115102834
5642 3.077981882568192
5643 3.1074038386400176
5644 3.0883747916945645
5645 3.0460782976764067
5646 3.022222375201037
5647 2.997976211888044
5648 2.963624431352782
5649 2.9283381475997072
5650 2.911993163073493
5651 2.893338952704563
5652 2.8975015650431306
5653 2.9011016317064655
5654 2.8742924875880904
5655 2.857139328682285
5656 2.8585267833963215
5657 2.8395424489028964
5658 2.839505508402413
5659 2.8362984942562885
5660 2.81484119454592
5661 2.77901934399835
5662 2.7623250994021413
5663 2.7687059707577704
5664 2.7885217880568756
5665 2.793459079038997
5666 2.8079897220213086
5667 2.81334717585977
5668 2.82167756748565
5669 2.8414582703961853
5670 2.8688872779363055
5671 2.8622317113811335
5672 2.8217234331808156
5673 2.781640324612767
5674 2.7501057423372375
5675 2.7487717657659325
5676 2.7600441844408428
5677 2.7591854427792204
5678 2.724034023418945
5679 2.6642983814778134
5680 2.612886740532191
5681 2.600770612151819
5682 2.575010530426363
5683 2.4840333772803795
5684 2.40967171963401
5685 2.3442286976595
5686 2.3249483495606262
5687 2.271052519081269
5688 2.200073877647282
5689 2.1350907845668483
5690 2.0584639951847947
5691 1.9899918572959268
5692 1.914568575946582
5693 1.8637383018770282
5694 1.8373148150558176
5695 1.812823533498291
5696 1.7691470454459388
5697 1.7357188001413677
5698 1.7334431608556662
5699 1.744611083396228
5700 1.7520053098171227
5701 1.7661769834737981
5702 1.7687869574184243
5703 1.754282182635076
5704 1.738655658143084
5705 1.7334318362432206
5706 1.7287883210749355
5707 1.7288383334005335
5708 1.7456073193181731
5709 1.7733007819828417
5710 1.784906614824285
5711 1.82242177234556
5712 1.8584851829273663
5713 1.8814129149469685
5714 1.8943237257047851
5715 1.9120909148863534
5716 1.935037243641006
5717 1.9637270961468922
5718 2.000830782827738
5719 2.0377681383939117
5720 2.071791240262395
5721 2.096035548464981
5722 2.1227809065149956
5723 2.1372840879724384
5724 2.1484216940290546
5725 2.133488482611157
5726 2.1152765654668904
5727 2.096384832694958
5728 2.0907042674914607
5729 2.1089329534683374
5730 2.130994151948221
5731 2.1552549630523217
5732 2.1835135406994013
5733 2.206756732966482
5734 2.221986648119423
5735 2.2447972962430383
5736 2.261375027178829
5737 2.268435423009995
5738 2.2762804150226765
5739 2.2961854655446348
5740 2.318834489393015
5741 2.3356087282145563
5742 2.3377286803037984
5743 2.3260150710349135
5744 2.3078139007895264
5745 2.2881436379402094
5746 2.249956453402376
5747 2.214846156202849
5748 2.1999638670551382
5749 2.1818647708399794
5750 2.176708786941855
5751 2.1647523743827533
5752 2.1490062849087357
5753 2.141565161040305
5754 2.143747995595347
5755 2.1656029562035943
5756 2.2030804356110045
5757 2.2392542813081424
5758 2.2587298103307276
5759 2.292564042296687
5760 2.337350793815969
5761 2.4068270727154224
5762 2.4466847749403553
5763 2.454687923272906
5764 2.4457237185738276
5765 2.429977929377351
5766 2.4386965106804377
5767 2.4521245225332846
5768 2.4700364178455625
5769 2.4867421223476343
5770 2.5033884491965113
5771 2.516065558870195
5772 2.5255701043857637
5773 2.5414344983810104
5774 2.5646302645614005
5775 2.599200611718715
5776 2.6292512882813344
5777 2.645112022219006
5778 2.662542622386488
5779 2.6619384800766146
5780 2.646836284417544
5781 2.622865778764547
5782 2.606075449910765
5783 2.5843089015696017
5784 2.56692028140613
5785 2.5617405766669266
5786 2.5644634385808187
5787 2.56223418719828
5788 2.5692074011768486
5789 2.594440217931529
5790 2.6272769351524747
5791 2.666149197247675
5792 2.696858484813731
5793 2.7190853953632694
5794 2.7383022805849677
5795 2.7524285193665974
5796 2.7602285007576284
5797 2.7513588431477203
5798 2.728393920801592
5799 2.7147133303511937
5800 2.722384362176656
5801 2.7270358664506356
5802 2.723319884047548
5803 2.729086531714841
5804 2.736996773596777
5805 2.742754562308427
5806 2.7448321302261522
5807 2.7437347744595537
5808 2.724803640667953
5809 2.707384178717719
5810 2.700889004753734
5811 2.6802447310836204
5812 2.6455060458388817
5813 2.6054443632729867
5814 2.5775566122763367
5815 2.5516709283011547
5816 2.533505950215432
5817 2.529129826887741
5818 2.5403262100985637
5819 2.571514810927219
5820 2.5982589667893
5821 2.5972828396335985
5822 2.5956446465302085
5823 2.604253683125918
5824 2.6089126360409476
5825 2.5994763843798494
5826 2.561974892290483
5827 2.5449743509963025
5828 2.537073641613375
5829 2.5455845844801095
5830 2.579003308119896
5831 2.608611308723011
5832 2.6252864206646347
5833 2.6278752474710005
5834 2.6573904288724575
5835 2.702495059434832
5836 2.767864303865031
5837 2.8227450389294035
5838 2.8434208887819175
5839 2.827122498510118
5840 2.780525267381507
5841 2.728659183789197
5842 2.6739096804629066
5843 2.6489051239871935
5844 2.642800950364007
5845 2.6174336887375125
5846 2.5916628760943454
5847 2.5597535243401364
5848 2.514824103755829
5849 2.4993967533463746
5850 2.5098399603653543
5851 2.5141388264389986
5852 2.5102975768184774
5853 2.497772943032532
5854 2.502248101218226
5855 2.4970823383522376
5856 2.5066554744112737
5857 2.53250692299288
5858 2.534119818635217
5859 2.526169777741428
5860 2.4961521471206543
5861 2.472905828068412
5862 2.449902497180268
5863 2.4366851925761717
5864 2.4572450880112022
5865 2.4193297078966878
5866 2.377103533370561
5867 2.365784103526556
5868 2.3747881825524506
5869 2.35440771712302
5870 2.3377245374537594
5871 2.326675628345581
5872 2.3102219749117143
5873 2.3039346741917837
5874 2.3025101444449123
5875 2.2929765178781714
5876 2.259707208714068
5877 2.2488152794082867
5878 2.2398328486367114
5879 2.2185222766974615
5880 2.179288221413067
5881 2.157841338813317
5882 2.1388054886944827
5883 2.121392002157064
5884 2.113781312568563
5885 2.10226905545145
5886 2.069664855893061
5887 2.05928086487684
5888 2.061943832468322
5889 2.056455934704257
5890 2.0415703714953377
5891 1.9997146617479609
5892 1.9497155199089466
5893 1.8813840303658984
5894 1.8316898973571412
5895 1.7976539485401795
5896 1.747041320739996
5897 1.7001263363250865
5898 1.6714846181368967
5899 1.6527531169020953
5900 1.6391968374744195
5901 1.6321498881857701
5902 1.616762941390222
5903 1.6011363874700635
5904 1.5820451180666069
5905 1.5593420320439695
5906 1.5375461228126959
5907 1.5210357490549928
5908 1.5159482912601532
5909 1.4942963322936422
5910 1.4508349646027683
5911 1.3803627680747819
5912 1.3583221408943864
5913 1.3412702328305042
5914 1.3007168236485107
5915 1.2756471517912091
5916 1.2553554411052983
5917 1.252320821043303
5918 1.263022421906115
5919 1.2740179468933184
5920 1.2758304850687152
5921 1.2622108561157432
5922 1.2415479950313895
5923 1.2229129587666827
5924 1.219886018434927
5925 1.2131667503644572
5926 1.2092116357739633
5927 1.205130667502456
5928 1.2014297855996587
5929 1.2008496098521466
5930 1.2034492272558854
5931 1.1990471646752372
5932 1.1987276024680957
5933 1.1926170758097272
5934 1.1880109960628866
5935 1.1833864789226187
5936 1.1783123872510957
5937 1.1610588442190457
5938 1.1480043965459876
5939 1.1412577853899442
5940 1.1405529755881552
5941 1.1478630051445164
5942 1.154442130057562
5943 1.162384944775567
5944 1.1727990340089975
5945 1.19016674819409
5946 1.2086148455956622
5947 1.2157751534453176
5948 1.2234074117912388
5949 1.2232632965672052
5950 1.2138104448928744
5951 1.2011659682817368
5952 1.1814647270948655
5953 1.1638574846009506
5954 1.1498720798251316
5955 1.1434722033362912
5956 1.1358729161085093
5957 1.1284738503686862
5958 1.127487593432125
5959 1.1322366815223026
5960 1.1385463809636043
5961 1.1430362584444984
5962 1.1451114606990114
5963 1.1432519338409841
5964 1.1310032052764156
5965 1.1161508166871215
5966 1.100565201173657
5967 1.09341355480126
5968 1.0898038860612276
5969 1.0894940559220563
5970 1.0965635625390042
5971 1.1039295943680332
5972 1.113631307802148
5973 1.1192452476558183
5974 1.1177642235200254
5975 1.119004877025703
5976 1.1280094488802779
5977 1.133462527051516
5978 1.1434769988464362
5979 1.1580183908970785
5980 1.169034289594331
5981 1.169113560175749
5982 1.1684672044585247
5983 1.1671385750604
5984 1.1648844497035118
5985 1.1781671414128378
5986 1.1918454371136922
5987 1.202084226832022
5988 1.2124042100113332
5989 1.217647203852983
5990 1.2095093922468525
5991 1.2026658317488623
5992 1.195999658882515
5993 1.204260784026146
5994 1.217724565946526
5995 1.227937006764738
5996 1.2348850234790467
5997 1.2577849193887256
5998 1.2807042358453398
5999 1.3023445891222831
