#frame I
5000 2.922062405685097
5001 2.9861412055452172
5002 3.0596487458621073
5003 3.1379427424586592
5004 3.2052474470293864
5005 3.260204159782379
5006 3.2737091222013364
5007 3.2255899912838752
5008 3.1509532475901922
5009 3.070558307958714
5010 3.0077041587544726
5011 2.9714781201821507
5012 2.985101605317052
5013 3.0100716580984095
5014 3.043879450028608
5015 3.1005413825271377
5016 3.173434882837548
5017 3.199384044182013
5018 3.146182548325307
5019 3.1151857317212595
5020 3.156641619315269
5021 3.201687944442563
5022 3.224455782876649
5023 3.263025281503124
5024 3.3093244149744496
5025 3.3273782182181177
5026 3.3508689416767767
5027 3.371006430952747
5028 3.348345517345291
5029 3.2520080228135027
5030 3.117668926517117
5031 2.969549910135649
5032 2.8402272850390604
5033 2.7294668536464783
5034 2.67850317723598
5035 2.6480601930849086
5036 2.625650960277744
5037 2.557481948064721
5038 2.5060594812895034
5039 2.4346858232891346
5040 2.367637522206269
5041 2.3419348934574593
5042 2.3409241302117034
5043 2.365478211306874
5044 2.37349573650229
5045 2.3915191892607774
5046 2.424974398973393
5047 2.443403815549346
5048 2.4511048351802334
5049 2.4703808164604864
5050 2.4851107514811197
5051 2.4794659753674924
5052 2.4385091309579185
5053 2.4211262406328347
5054 2.3880223613242237
5055 2.3678904092849486
5056 2.336721159747214
5057 2.314947511218639
5058 2.338645705328388
5059 2.344660038696016
5060 2.3207789072722287
5061 2.3099121609308426
5062 2.3102629593509456
5063 2.3086580522189184
5064 2.316115036418768
5065 2.3236415170781832
5066 2.3186743846676086
5067 2.300915346563833
5068 2.252470989854496
5069 2.2038502536820133
5070 2.1807688563977057
5071 2.155982538174924
5072 2.108078080399551
5073 2.0707409057319075
5074 2.099870375732266
5075 2.1455311528681826
5076 2.2205950469496156
5077 2.155400591484924
5078 2.106471968561627
5079 2.064134210847598
5080 2.054583494886828
5081 2.05083630612273
5082 2.0136739907228445
5083 1.971533192235101
5084 1.941463608938194
5085 1.9105409030074765
5086 1.8824505032767807
5087 1.8506803667938754
5088 1.8266097088308637
5089 1.8331913493498064
5090 1.831379071229874
5091 1.8292410884515484
5092 1.8295671758458407
5093 1.8468179276686563
5094 1.8707768066524948
5095 1.8904366607661482
5096 1.9257423533063642
5097 1.90064441894485
5098 1.9125501988728195
5099 1.9054852775330198
5100 1.8915295079934837
5101 1.9079334321060406
5102 1.986046332914154
5103 2.087547682730671
5104 2.1218723472807985
5105 2.112461187656872
5106 2.132725727395246
5107 2.1429277580271617
5108 2.163087407680976
5109 2.1797592811762567
5110 2.203111890008263
5111 2.2716704541606623
5112 2.293839002565983
5113 2.299681858707088
5114 2.3257018170329986
5115 2.3840952109846354
5116 2.4119842678120995
5117 2.3577958683790374
5118 2.3008628898608925
5119 2.239350112121376
5120 2.226433083000256
5121 2.1961393380300613
5122 2.120564768702427
5123 2.087955466313898
5124 2.0386827724800303
5125 2.0287940599915038
5126 2.052628710910148
5127 2.0742405131020694
5128 2.1300066029204388
5129 2.179752746005341
5130 2.195783962444156
5131 2.2017656213647108
5132 2.2074977576943864
5133 2.238423652733353
5134 2.261227830477716
5135 2.2720559641998577
5136 2.237775171196887
5137 2.1564314400266973
5138 2.0825987270368933
5139 2.029895562289759
5140 1.9909601245200967
5141 1.9694767714799564
5142 1.9373658751258533
5143 1.8769911047347485
5144 1.8608528955780037
5145 1.827455572728136
5146 1.8265904856961133
5147 1.8515373331335798
5148 1.926837944174925
5149 1.9644248790046819
5150 1.9581719313695674
5151 1.8939185175115176
5152 1.8668914224069353
5153 1.8780733573689996
5154 1.8669190801234148
5155 1.8721951092745799
5156 1.8741678045823205
5157 1.8542160153135379
5158 1.8621600417779287
5159 1.877825438158137
5160 1.863831401481244
5161 1.8672968452071108
5162 1.905506064488314
5163 1.96675548371317
5164 1.9992474442275974
5165 2.038359554185345
5166 2.027501127070095
5167 1.971559193175947
5168 1.9017699345194978
5169 1.8628333057466493
5170 1.9013888215030916
5171 1.941782563352595
5172 2.0209426475574896
5173 2.0830019210701836
5174 2.1161991144968626
5175 2.152089358526341
5176 2.21519865657043
5177 2.2888359735645714
5178 2.3641763990493883
5179 2.4281793998664734
5180 2.462051608294086
5181 2.470158785750541
5182 2.509969032359624
5183 2.5403173641917207
5184 2.5691520310725138
5185 2.6251685611100126
5186 2.7039713347371275
5187 2.7817839193440874
5188 2.8222280768671313
5189 2.770106445072817
5190 2.754042895201907
5191 2.758953443920343
5192 2.7621907002702994
5193 2.772776484303458
5194 2.7587208597439887
5195 2.806025938196142
5196 2.8051643635850425
5197 2.7938366233931764
5198 2.782733000631589
5199 2.7423188198871853
5200 2.7059605873715094
5201 2.708371086992662
5202 2.7497569316319663
5203 2.7680011802212463
5204 2.7608472475715358
5205 2.7945699078432376
5206 2.7936751320994118
5207 2.7744887324487557
5208 2.809772939592273
5209 2.9165613293940997
5210 3.0295579316019934
5211 3.1344981430991377
5212 3.2443043021643034
5213 3.3979682422726856
5214 3.4068373502267097
5215 3.3457741354862263
5216 3.2912912472413582
5217 3.241463237295051
5218 3.220458791885501
5219 3.200684437940813
5220 3.2221646892114415
5221 3.254150914499721
5222 3.281774746527943
5223 3.312733781460217
5224 3.3046542781974533
5225 3.2477077628789983
5226 3.2068913687227973
5227 3.2448628070880865
5228 3.2778091894148584
5229 3.332178511319294
5230 3.389610483925933
5231 3.3579285258456477
5232 3.325437609966439
5233 3.3831394728658477
5234 3.3978999159197927
5235 3.473452908590151
5236 3.4928803183826607
5237 3.506713968231093
5238 3.5319301053638226
5239 3.539448072039446
5240 3.47140017676799
5241 3.3838486826378387
5242 3.2772717472043302
5243 3.145219335102964
5244 2.9456446693870406
5245 2.8415187903262673
5246 2.7998972510210574
5247 2.7883909751251243
5248 2.726085967675809
5249 2.741254332519248
5250 2.617191879750854
5251 2.5257781708396196
5252 2.453622194871345
5253 2.406207855368412
5254 2.3945786631476276
5255 2.3759921103158304
5256 2.3872879830089877
5257 2.394824373595316
5258 2.5233607128004167
5259 2.6061468299234436
5260 2.520031031871999
5261 2.5843747761387412
5262 2.636007913014802
5263 2.55407135403599
5264 2.394985439364007
5265 2.2822284277443976
5266 2.1792296443486867
5267 2.1184035174374474
5268 2.0680053323132874
5269 1.987609983871065
5270 1.8963178077674774
5271 1.848273541196278
5272 1.8287891362503619
5273 1.805250628740724
5274 1.7377219004812587
5275 1.6721635975527316
5276 1.6284353882256994
5277 1.6080356385101149
5278 1.5945933471710112
5279 1.5740426161171397
5280 1.5264352994440458
5281 1.4937262988965245
5282 1.4735358653031712
5283 1.4422399846854117
5284 1.420053970075381
5285 1.4157675621095935
5286 1.4142079950070698
5287 1.4094098109006354
5288 1.4186295946780128
5289 1.4164353520307356
5290 1.4133936125092348
5291 1.4039604189676076
5292 1.3690700428951135
5293 1.3386888326217101
5294 1.3134353356464543
5295 1.2857294817412586
5296 1.2682653748322492
5297 1.2650592478124665
5298 1.2694290499127443
5299 1.279840100990414
5300 1.290197562268232
5301 1.3024088857303888
5302 1.326066589927908
5303 1.3657229217982918
5304 1.3900659871128689
5305 1.3965862385046854
5306 1.3982028048868969
5307 1.4202510649941644
5308 1.427158417244116
5309 1.4423509004066617
5310 1.506814060501158
5311 1.588853332049798
5312 1.6601149787398488
5313 1.7272492571094162
5314 1.7938128199971464
5315 1.8480069097012684
5316 1.8924450782711617
5317 1.8864021004317313
5318 1.8438101865319754
5319 1.8313745118393436
5320 1.8428615764227603
5321 1.8446785904950251
5322 1.8439081696383914
5323 1.8621360339115294
5324 1.8541768695175707
5325 1.8411462863904458
5326 1.8542362185655268
5327 1.8471703833915585
5328 1.8183876239084418
5329 1.7775324842132492
5330 1.7597482402725906
5331 1.7502487663642101
5332 1.747994772503177
5333 1.7396905898468191
5334 1.7396089757505868
5335 1.7214532213369846
5336 1.71023397491826
5337 1.7116461533879084
5338 1.7247114380750723
5339 1.7291236563880206
5340 1.7369235929769127
5341 1.7648447491691002
5342 1.7924070299161625
5343 1.8405212709911343
5344 1.8986109888785234
5345 1.9447682278845375
5346 1.9960387507920363
5347 2.049105756749759
5348 2.1034048738246054
5349 2.1124051197833533
5350 2.088383689032708
5351 2.060318131132753
5352 2.0939247024801495
5353 2.0759575371394132
5354 2.047092134169518
5355 2.029162088513114
5356 2.037848984598789
5357 2.0772509029278785
5358 2.076513123890789
5359 2.062259845616639
5360 2.046195529905625
5361 2.0236547060838244
5362 2.0050185869965635
5363 1.99001881103748
5364 1.9729336594820859
5365 1.9476914464051343
5366 1.9554774806213104
5367 1.9818196417946132
5368 1.9925202143556304
5369 2.0142537096461877
5370 2.0452464946002378
5371 2.1080543741772226
5372 2.153963840900151
5373 2.205417632316108
5374 2.2645635774642803
5375 2.325726080351268
5376 2.3628598255156854
5377 2.4028107317833283
5378 2.446568415094846
5379 2.495166367295988
5380 2.4971199229591683
5381 2.5313286768544234
5382 2.584580231924024
5383 2.571190373380734
5384 2.5561642315826565
5385 2.5067548611296293
5386 2.4464228859748838
5387 2.3635884792953243
5388 2.2850810935079866
5389 2.2648834426781397
5390 2.279434924421241
5391 2.3298636693964827
5392 2.3695222662020674
5393 2.3641929213557535
5394 2.3695517636146177
5395 2.436979246674976
5396 2.4972444467837764
5397 2.572667986984819
5398 2.696327413717258
5399 2.8134288036024575
5400 2.891350753811321
5401 2.9791080929573743
5402 3.038843393661855
5403 3.0814188192312377
5404 3.1194014647892625
5405 3.142039325375967
5406 3.118624972530588
5407 3.1003814137666903
5408 3.0840566063752863
5409 3.0879870847173083
5410 3.188860429845554
5411 3.3464179775772123
5412 3.4911419826620547
5413 3.4793008275929713
5414 3.4386276310444432
5415 3.3740262841527167
5416 3.3359347305147447
5417 3.3332153363246166
5418 3.3398095291419487
5419 3.3091499114788143
5420 3.229770180350746
5421 3.1003420575635503
5422 2.96551673291742
5423 2.8115261953232045
5424 2.633961073582662
5425 2.47129941461981
5426 2.364271982693341
5427 2.310813814462176
5428 2.3021188162625212
5429 2.3443660991856565
5430 2.3372958599345854
5431 2.3423762187215407
5432 2.3771155685244496
5433 2.4046545495416156
5434 2.394800134290503
5435 2.364004902795573
5436 2.3048317029118994
5437 2.2694987226955834
5438 2.3014644851900825
5439 2.3766944547212296
5440 2.4823147750296806
5441 2.614749089231718
5442 2.7676253026209383
5443 2.839956057683667
5444 2.842805590691396
5445 2.8456854297741603
5446 2.8451919656936346
5447 2.848705621771561
5448 2.8706289945822836
5449 2.878206229251808
5450 2.8726835797011714
5451 2.8887351794465883
5452 2.8880684110472234
5453 2.8926143090184886
5454 2.9264208240396874
5455 2.983163635763479
5456 2.9978679850052363
5457 2.9925930492585313
5458 2.9233735840092967
5459 2.838435190249395
5460 2.767992490366638
5461 2.7458523152953664
5462 2.726358787925252
5463 2.7207902153110544
5464 2.709925633001705
5465 2.748290823359173
5466 2.7975855583392946
5467 2.8118277919490655
5468 2.8058376123725144
5469 2.7789280961283986
5470 2.7335656140246543
5471 2.7186660145757133
5472 2.7384324387276524
5473 2.776673801417416
5474 2.785078529282258
5475 2.7760880127194185
5476 2.7527948988278
5477 2.738068702955576
5478 2.7369639256639227
5479 2.7062715158768533
5480 2.6767370607065475
5481 2.645453675684084
5482 2.633218332775414
5483 2.668946753007679
5484 2.681258344621272
5485 2.7174267585500966
5486 2.7426307545933644
5487 2.7903961422549703
5488 2.8631657449970596
5489 2.929945476280037
5490 2.942808457710316
5491 2.9263865110737997
5492 2.89693225274774
5493 2.7940047943973783
5494 2.7134634197962
5495 2.6794879890229586
5496 2.6799537949826258
5497 2.694369184399527
5498 2.705204785602203
5499 2.6858122619100744
5500 2.632123610183489
5501 2.622029169924155
5502 2.592585434698346
5503 2.61919140342892
5504 2.6699560362628114
5505 2.789897591932337
5506 2.934034775975969
5507 3.0513430021000847
5508 3.051044573316412
5509 2.9853590051096437
5510 2.9732121475395408
5511 2.996676868697105
5512 2.9412860031873067
5513 2.8485819823357925
5514 2.7554190594122265
5515 2.8133649327896992
5516 2.898797229657768
5517 2.9571080593286
5518 3.0510159165672652
5519 3.04616890714439
5520 2.959305271422395
5521 2.8680088730126148
5522 2.8404076298606684
5523 2.886235721957222
5524 2.9545775381132726
5525 3.0816679123273603
5526 3.022884760104574
5527 3.1296429977544338
5528 3.32023593612018
5529 3.4324861625290897
5530 3.5707450111668013
5531 3.683724983673026
5532 3.6695632363006485
5533 3.642860359050667
5534 3.6684278856550536
5535 3.630543855678228
5536 3.729969660072145
5537 3.839016013520837
5538 3.9226894381116546
5539 4.053514413085205
5540 4.215365096618697
5541 4.357544429060767
5542 4.427081986536107
5543 4.45641699313132
5544 4.465055535197655
5545 4.3894165789949735
5546 4.337926201332485
5547 4.3415973880244385
5548 4.184161981206258
5549 4.035885526563656
5550 3.984821472680273
5551 3.9080149766108043
5552 3.8349633486461605
5553 3.6393023144130727
5554 3.493200451557443
5555 3.4510880134587554
5556 3.450412348288129
5557 3.379066181112014
5558 3.285116980957702
5559 3.2196143522104825
5560 3.2275851097593216
5561 3.322087804237447
5562 3.363994862202676
5563 3.2944265521736105
5564 3.132179029943359
5565 3.063941255017301
5566 2.9937408814155595
5567 2.9139138904491957
5568 2.841665335043669
5569 2.80410258643067
5570 2.7877145228719225
5571 2.7062417285056655
5572 2.6908522003339828
5573 2.8110818341702006
5574 2.9576425361106393
5575 3.1185262847388593
5576 3.2178824207259433
5577 3.248091794931781
5578 3.2352523602537158
5579 3.132755545279425
5580 3.0191861507026188
5581 2.888647160963023
5582 2.7928633729969956
5583 2.7523174273553437
5584 2.652395452072234
5585 2.5441293749467557
5586 2.524211697760381
5587 2.5303054828805527
5588 2.5322216371940183
5589 2.5210147323953995
5590 2.5662060657722545
5591 2.6183720630291205
5592 2.5978508876369553
5593 2.5309543115837814
5594 2.430742013259243
5595 2.342074101877004
5596 2.3001184874241067
5597 2.313483178613799
5598 2.3889753238149476
5599 2.4924690154785925
5600 2.6025005398944927
5601 2.7093667506888206
5602 2.7499853842820343
5603 2.758148344622657
5604 2.751007179388794
5605 2.7512769135374477
5606 2.7967236735993644
5607 2.8614574498943512
5608 2.897281171916375
5609 2.897307328662712
5610 2.891203146426147
5611 2.862513911799946
5612 2.7877627760003154
5613 2.6789886087311587
5614 2.5505138082104946
5615 2.477229071340325
5616 2.4366950923764006
5617 2.393560849063113
5618 2.3570428686552587
5619 2.3685360631761636
5620 2.4061425957915583
5621 2.4205322966044953
5622 2.409443140659326
5623 2.3765252475505503
5624 2.292220119331046
5625 2.224505289051162
5626 2.1676517935045676
5627 2.1157770986534863
5628 2.0523045616711095
5629 2.0193307180915236
5630 2.0068439058321976
5631 2.012676560009035
5632 1.9576084241765406
5633 1.8715495869555796
5634 1.8256066136008233
5635 1.7784164917610557
5636 1.7516494944989567
5637 1.7283856881679518
5638 1.6973216112977962
5639 1.6434358530459237
5640 1.598004624016462
5641 1.5786761227189485
5642 1.5517496060666431
5643 1.517076673030962
5644 1.482402995718641
5645 1.4459492815444497
5646 1.4357562641293955
5647 1.4403122672402493
5648 1.420834857205747
5649 1.4093495690204882
5650 1.427169333671436
5651 1.4475468027967588
5652 1.4315759233898888
5653 1.4290959359316664
5654 1.4377144907986372
5655 1.4543998672527287
5656 1.502234159289126
5657 1.5480415645485195
5658 1.5887653552846728
5659 1.6174187141343421
5660 1.6372077346719809
5661 1.715706491057054
5662 1.818215649249444
5663 1.8770188712262512
5664 1.909226420833886
5665 1.9641298105015972
5666 2.0051182689350537
5667 2.0654493685038653
5668 2.093165024645712
5669 2.064596469393866
5670 2.1136929331788883
5671 2.174439412212691
5672 2.255881042740828
5673 2.3601993096476868
5674 2.4274709076381153
5675 2.464292565650266
5676 2.5067702516687214
5677 2.6021068839447477
5678 2.722524164689973
5679 2.800065871103122
5680 2.8830300312177153
5681 2.8716990634824735
5682 2.7893623748165037
5683 2.7088505029097942
5684 2.69141051076365
5685 2.759078047479425
5686 2.7120058329878995
5687 2.6058489037428956
5688 2.5449749825496317
5689 2.4821744569105393
5690 2.399410573106294
5691 2.373600469011787
5692 2.391178734404626
5693 2.389977743820011
5694 2.360968111783154
5695 2.3120002425547246
5696 2.2684611133554724
5697 2.2332109451770936
5698 2.198637244959281
5699 2.1765633347299036
5700 2.154912369009192
5701 2.1360427278666414
5702 2.118533999705006
5703 2.078414064479245
5704 2.041702361911031
5705 2.010002524218898
5706 1.9663272174642115
5707 1.9220408497462276
5708 1.871577282473823
5709 1.8243231107168705
5710 1.8026312294445679
5711 1.788416598119393
5712 1.7854509213314058
5713 1.7899669825292983
5714 1.7949164073888222
5715 1.7765332454741936
5716 1.7399648454627012
5717 1.7286975493911148
5718 1.717780868086429
5719 1.7070883456224137
5720 1.7239265282782212
5721 1.771416301642636
5722 1.8260048393108366
5723 1.8873817232644932
5724 1.9601503375468545
5725 2.0374151680626205
5726 2.101081977519422
5727 2.1590206664132645
5728 2.1807230832957853
5729 2.1589336271855983
5730 2.131992665938557
5731 2.100131558760361
5732 2.067020650883493
5733 2.0126030728966486
5734 1.946501002668272
5735 1.8872127661398992
5736 1.865160354781305
5737 1.851525081344824
5738 1.8224578642331681
5739 1.8246251556939492
5740 1.8430433296697535
5741 1.8757937437269596
5742 1.8737331722140578
5743 1.8190056712514333
5744 1.7616792294350527
5745 1.767228444521277
5746 1.7763660622492212
5747 1.7614037381917436
5748 1.760173936942743
5749 1.7553875816063333
5750 1.735183690312057
5751 1.728497255143402
5752 1.720872909974408
5753 1.7252075422563498
5754 1.7433767223635253
5755 1.7421826038582837
5756 1.7167264419484012
5757 1.6782104179078399
5758 1.6523988152844313
5759 1.633501286100776
5760 1.6242274137111226
5761 1.644746248834109
5762 1.685948452872818
5763 1.7342050878144755
5764 1.786576804594278
5765 1.8250533381237375
5766 1.8456030092730586
5767 1.8498445572860016
5768 1.8598584317442723
5769 1.8928902361086883
5770 1.9415154053538926
5771 1.9965927908782823
5772 2.0536678390848015
5773 2.1030189266345904
5774 2.1450713781765547
5775 2.134106187916224
5776 2.1044016004925177
5777 2.059839010386966
5778 2.081445100520637
5779 2.1560762471998056
5780 2.2443530186078875
5781 2.2937208248150487
5782 2.3267345652361855
5783 2.389285378300255
5784 2.4384571968667226
5785 2.4394478901942787
5786 2.3506550501771795
5787 2.2579251368574162
5788 2.204314368040007
5789 2.165428741827488
5790 2.1359428209098503
5791 2.0774927808656773
5792 2.011449055952816
5793 2.033873219178503
5794 2.034105476905258
5795 2.0155901702383674
5796 2.0260864578883893
5797 2.092006530980167
5798 2.183795025959831
5799 2.2514073577140072
5800 2.3008926806460113
5801 2.308028366739666
5802 2.2789060656924787
5803 2.2547257963916816
5804 2.221531300273998
5805 2.2554629485053934
5806 2.3442306313761567
5807 2.4254235237769524
5808 2.4685924308321208
5809 2.462008522085348
5810 2.408606653802542
5811 2.369621200700098
5812 2.374348167445031
5813 2.3929532616913725
5814 2.428900974512073
5815 2.4101056473579163
5816 2.4119374220102334
5817 2.4252121843402654
5818 2.4022640858030266
5819 2.403843926784129
5820 2.454998933432114
5821 2.518203652342778
5822 2.5736739247836438
5823 2.620139956689405
5824 2.652297025801158
5825 2.703105353946034
5826 2.7714384795605738
5827 2.7872583685083123
5828 2.7595443886720186
5829 2.71922547920062
5830 2.686812728273839
5831 2.671498507588669
5832 2.6719554759441824
5833 2.68176615539795
5834 2.6501229387826637
5835 2.612055754610728
5836 2.5994951011237712
5837 2.584381311340181
5838 2.568701739394481
5839 2.575284727504312
5840 2.5807633096566582
5841 2.6254695831782944
5842 2.6849985271113037
5843 2.7509410715256575
5844 2.796377662029566
5845 2.818510948438237
5846 2.8596346424075136
5847 2.91423385817103
5848 2.953584776017208
5849 3.0139801298799096
5850 3.0804471323959803
5851 3.0970433897294694
5852 3.075697134893501
5853 3.047990472904813
5854 2.9958974130258498
5855 2.9484373589806405
5856 2.944832465727996
5857 2.98831481595265
5858 3.0787475039667282
5859 3.1002154907377157
5860 3.0758846831566373
5861 3.0340307333530796
5862 3.0631391860622004
5863 3.0984181914531463
5864 3.0794153673604807
5865 2.9993205816033783
5866 3.0734553670437776
5867 3.1364476265792027
5868 3.226197188143196
5869 3.246251632096504
5870 3.2031890446160722
5871 3.19624090037848
5872 3.176902697228144
5873 3.186926481501445
5874 3.173756164064633
5875 3.2143618914082723
5876 3.331823423968656
5877 3.488790646014535
5878 3.4591284781590375
5879 3.3819347075292647
5880 3.293702792334416
5881 3.1408814306637116
5882 3.079221681903653
5883 3.0914503417711394
5884 3.126406174684608
5885 3.205806121434667
5886 3.3509613350476872
5887 3.5493979741176442
5888 3.698673163731922
5889 3.7871317901367383
5890 3.679068213292399
5891 3.5136649562165236
5892 3.4170818940816545
5893 3.3328738539855403
5894 3.2766930282877973
5895 3.164626424052571
5896 3.163114794622344
5897 3.2174022900372767
5898 3.4004987634797277
5899 3.4411978172416404
5900 3.5404866578032506
5901 3.515058466795798
5902 3.270629314613742
5903 3.147758195312016
5904 3.2858293028225387
5905 3.3413292250590314
5906 3.425176728679084
5907 3.462204668545112
5908 3.4779412282802573
5909 3.411624960190891
5910 3.312169470459013
5911 3.22807434574187
5912 2.984506823822596
5913 2.7383414593989563
5914 2.582046078837275
5915 2.4898433095894004
5916 2.4573522015231575
5917 2.4332426760612886
5918 2.4734701122611407
5919 2.452639888529932
5920 2.3998478477176066
5921 2.378985245776707
5922 2.4075281326533036
5923 2.4151928781699064
5924 2.3294706245409116
5925 2.1655597234822386
5926 1.971376841799624
5927 1.8678676653319588
5928 1.8220497477908435
5929 1.7747311920259663
5930 1.7285649343821745
5931 1.6655278635714639
5932 1.6205447210888615
5933 1.5649286218191536
5934 1.5122850111253994
5935 1.4680606313952453
5936 1.447648218009593
5937 1.4431792990974426
5938 1.4323168696708237
5939 1.4185556128815668
5940 1.3982670102157908
5941 1.3839511764237933
5942 1.3757184850096977
5943 1.3828369140412573
5944 1.399645271844651
5945 1.3954662812036716
5946 1.381494222256404
5947 1.3683466366009602
5948 1.3660550604376482
5949 1.361919818105967
5950 1.3352644031056309
5951 1.3076458828471063
5952 1.2954764292111731
5953 1.2865624937743843
5954 1.2815902439589364
5955 1.2782375562269015
5956 1.275659215750108
5957 1.2763726969390605
5958 1.2655959345285148
5959 1.271324362403545
5960 1.2921863859638536
5961 1.2964627219770972
5962 1.2984345250949059
5963 1.3049008074018644
5964 1.3008350034806624
5965 1.2974498362076257
5966 1.2937027880128729
5967 1.2945279255184268
5968 1.3281126904121763
5969 1.364149940409345
5970 1.3793760845553873
5971 1.4015673294906001
5972 1.4336329502268883
5973 1.460275036110083
5974 1.4583783812303397
5975 1.4512471977351584
5976 1.428240120630743
5977 1.408940902215262
5978 1.3906145401310492
5979 1.376176994047238
5980 1.3378005516615192
5981 1.287824465151804
5982 1.273248565452704
5983 1.2213126396710459
5984 1.1490022614818214
5985 1.1069053568936187
5986 1.0705744659640604
5987 1.0495626636711544
5988 1.0423003127033843
5989 1.0542773905505507
5990 1.0966061394414703
5991 1.1334940695676234
5992 1.1615305406465593
5993 1.1705986347384734
5994 1.1941729165850883
5995 1.226535821553323
5996 1.2339978426740053
5997 1.2215033085316398
5998 1.2406139332803134
5999 1.248007506700439
