#frame I
5000 2.4268121271521688
5001 2.3958684251665145
5002 2.3283829877055338
5003 2.2536793868451728
5004 2.1963336014673702
5005 2.1531556543653374
5006 2.135739441182624
5007 2.122841079459451
5008 2.075899865448521
5009 1.9848593370079555
5010 1.9145316219516717
5011 1.862422880886453
5012 1.8313581685466416
5013 1.7843753785256193
5014 1.7625163961017964
5015 1.6941228439861706
5016 1.6561221063273166
5017 1.615110759266179
5018 1.5787597308993437
5019 1.5655395546917605
5020 1.5596171284550016
5021 1.5474956348472197
5022 1.5468120841778479
5023 1.5537665857343448
5024 1.5543994571747437
5025 1.557321967179691
5026 1.5646396128985693
5027 1.5683079174279115
5028 1.5737538163366143
5029 1.5794212942796089
5030 1.5898563164803414
5031 1.5888030710196444
5032 1.593829428329978
5033 1.5913576767139794
5034 1.584596136818841
5035 1.5918989418408058
5036 1.6260208788142823
5037 1.662658611823281
5038 1.6853696038536599
5039 1.7085849416949244
5040 1.726144077856622
5041 1.7448895081078684
5042 1.7457978609166698
5043 1.7291084333850102
5044 1.7061802188798798
5045 1.6828375135759053
5046 1.6697373470943375
5047 1.6518977742860916
5048 1.6270748559378116
5049 1.5964765821499707
5050 1.5588357319957868
5051 1.5103945151633797
5052 1.4874732035331162
5053 1.4775391584815447
5054 1.4667452685872109
5055 1.45721713675924
5056 1.4506825973095492
5057 1.4438610269776266
5058 1.4324293453880959
5059 1.4215315487649147
5060 1.416042643392942
5061 1.4183085845710721
5062 1.4176045312931633
5063 1.4121492391074102
5064 1.407384353429077
5065 1.4050413267472914
5066 1.3964970609157126
5067 1.382185119652914
5068 1.3751435936842447
5069 1.3768460230407435
5070 1.3771087784934248
5071 1.3740121887259567
5072 1.3764973653345767
5073 1.3880924616161234
5074 1.4002240716476944
5075 1.4116638707493456
5076 1.416086207053287
5077 1.4210654239932285
5078 1.4240631408091458
5079 1.4328199721836516
5080 1.4440628892238434
5081 1.4530935041076487
5082 1.4685683741145583
5083 1.4913971654554803
5084 1.5299070670171897
5085 1.5636415079637622
5086 1.5913227029783377
5087 1.6151113855104346
5088 1.6397948803421938
5089 1.6607002543792269
5090 1.6751113612692068
5091 1.6975477706030486
5092 1.7296828407306255
5093 1.765127653162183
5094 1.797082225232937
5095 1.8223964612719725
5096 1.8478469564679296
5097 1.8791242268506088
5098 1.8904068087514525
5099 1.8850007079180513
5100 1.8753768613379835
5101 1.869432074070093
5102 1.87351285027213
5103 1.8917152903505943
5104 1.923594141660354
5105 1.9613294299747999
5106 2.005569290540833
5107 2.0544180969908283
5108 2.1066275468794924
5109 2.1537571236176754
5110 2.1852513851319957
5111 2.201902014580399
5112 2.2079556920165464
5113 2.216302641582888
5114 2.228015405969995
5115 2.237206231470604
5116 2.2350319004453567
5117 2.238001843141122
5118 2.2428466301831484
5119 2.245699093837623
5120 2.261241569939424
5121 2.2876228425044878
5122 2.315841367626904
5123 2.334827588359387
5124 2.339898248059265
5125 2.343423562742569
5126 2.3470247294738855
5127 2.3488801491546973
5128 2.340573133545631
5129 2.3195758138251072
5130 2.3050549517074925
5131 2.2928884378113596
5132 2.2875733660622166
5133 2.302544157537646
5134 2.316940384313587
5135 2.3125869472280534
5136 2.3068039344155964
5137 2.3105015765146057
5138 2.311699297363182
5139 2.3157393064445415
5140 2.324528108796115
5141 2.354932300452722
5142 2.379707891959186
5143 2.379011891552163
5144 2.388576207706785
5145 2.3995372105252675
5146 2.4187219343853554
5147 2.4330265712004127
5148 2.456738454822294
5149 2.4883360155099656
5150 2.5245550856001793
5151 2.548693067435057
5152 2.5610237336538497
5153 2.567856780251999
5154 2.56262900022644
5155 2.5359331148008386
5156 2.493947904565996
5157 2.483667919517821
5158 2.497876693251813
5159 2.5099623027243214
5160 2.520267811738579
5161 2.5351586303053555
5162 2.5460450105106607
5163 2.5754233007592067
5164 2.6092468752887736
5165 2.6342946030942946
5166 2.640879198984114
5167 2.667960367746966
5168 2.7098340192242896
5169 2.752319303567701
5170 2.804040971193996
5171 2.8444163061939665
5172 2.8565706825576918
5173 2.899610081294252
5174 2.9747978802297266
5175 3.047238410049251
5176 3.078891956144257
5177 3.110127897416768
5178 3.1189104359345734
5179 3.129402366265622
5180 3.136486718467255
5181 3.14527839020102
5182 3.1457449976794716
5183 3.1502319895555746
5184 3.1525255177169336
5185 3.1670990441444076
5186 3.1812723775653984
5187 3.1916268206941645
5188 3.1907502447350775
5189 3.1859560351933176
5190 3.191703266597637
5191 3.2159868114636136
5192 3.235027666312455
5193 3.2440435454462833
5194 3.2549056463900023
5195 3.2673034158060346
5196 3.275762404846111
5197 3.2775215055147315
5198 3.278583046239534
5199 3.2913819118109524
5200 3.3065270956907726
5201 3.317564812737705
5202 3.3274188539073406
5203 3.3219573941651803
5204 3.319451899679389
5205 3.3249114894575076
5206 3.333663591897291
5207 3.330745632561794
5208 3.3103844494927395
5209 3.3011149103805915
5210 3.306704808188892
5211 3.321867559773992
5212 3.330139052942382
5213 3.3418754603850997
5214 3.353095474675271
5215 3.306698409160701
5216 3.2486743661197623
5217 3.2210761546267
5218 3.194690179186948
5219 3.1518278892997893
5220 3.136056978083094
5221 3.119724422784003
5222 3.10019956922361
5223 3.056202936962554
5224 3.023782271135374
5225 2.986576191144387
5226 2.9615097667186556
5227 2.9544059458084186
5228 2.9605785646995497
5229 2.9706300692035947
5230 2.9981401257989204
5231 3.0369963902353296
5232 3.0646665699700297
5233 3.0824521017247806
5234 3.0909859967892155
5235 3.0784835600397025
5236 3.0620627222591783
5237 3.036017746388942
5238 3.015546506438708
5239 3.0326413207839464
5240 3.0470996017468734
5241 3.0343934351673183
5242 3.050899322722714
5243 3.0598753465728663
5244 3.0546227770247247
5245 3.068124128314996
5246 3.068837383831806
5247 3.0464537498992286
5248 3.027267692354613
5249 3.0137500627237768
5250 3.0296177329077407
5251 3.0627453859049036
5252 3.1149735616351175
5253 3.173109320194566
5254 3.2272406358048986
5255 3.268585010620649
5256 3.3094907383905143
5257 3.350515979826043
5258 3.3739487723388057
5259 3.370769490580765
5260 3.306228497927331
5261 3.2221552944980654
5262 3.166623229088564
5263 3.138574164704071
5264 3.169371929952072
5265 3.1889550189360283
5266 3.1835312989986777
5267 3.1934847713837287
5268 3.190963761927292
5269 3.152791474464004
5270 3.1112594804324365
5271 3.1033360971707724
5272 3.101101814492287
5273 3.119937638553009
5274 3.1281048659691897
5275 3.141628199635672
5276 3.1390033254712515
5277 3.107936239895269
5278 3.0867720631808444
5279 3.0462961986155865
5280 3.0035056760181416
5281 2.9457763714682024
5282 2.920517874055826
5283 2.9187584065207486
5284 2.907538278347907
5285 2.902998011525759
5286 2.892124632465469
5287 2.896587782529201
5288 2.9122753676728097
5289 2.911409823921914
5290 2.909455823949996
5291 2.893215480655333
5292 2.8969915912535797
5293 2.924032612592884
5294 2.9551536154104707
5295 2.964433004027624
5296 2.94629145659924
5297 2.913954025896866
5298 2.941014536392167
5299 2.9678772518544583
5300 3.0053170060325676
5301 3.0433891290963375
5302 3.078196200785325
5303 3.126218990310341
5304 3.1448856279148076
5305 3.168309302070956
5306 3.207280167204429
5307 3.1985090399073246
5308 3.142225973606695
5309 3.075017568346411
5310 3.0466811290187694
5311 3.02558681745941
5312 3.011404094653272
5313 2.994516875543989
5314 2.985662401292244
5315 2.9637151130688033
5316 2.945865523333144
5317 2.934823617265514
5318 2.951399800314452
5319 2.978713836008003
5320 2.9954589341210247
5321 2.9955629930606382
5322 3.000858139615321
5323 3.0225531502521052
5324 3.036809345070099
5325 3.023481581422144
5326 2.9876569460855658
5327 2.937165164404408
5328 2.9101957678465453
5329 2.9043196197571683
5330 2.89008581135446
5331 2.87216539849383
5332 2.8468296474611297
5333 2.820449310713787
5334 2.8184853979980007
5335 2.8185865371677132
5336 2.7927605569879734
5337 2.748890328822136
5338 2.725554805142404
5339 2.6863149683199197
5340 2.655372138576153
5341 2.6346407025655467
5342 2.6488620887791154
5343 2.676887588422868
5344 2.678594353420346
5345 2.6612367372408716
5346 2.6536370311843607
5347 2.6376515628415467
5348 2.570579338838358
5349 2.5091169690346926
5350 2.471343558364945
5351 2.4468017693500097
5352 2.407346970090178
5353 2.402838661057655
5354 2.399200737818739
5355 2.3915568571810244
5356 2.3959302623706726
5357 2.426759610542418
5358 2.478293012505861
5359 2.513172550206422
5360 2.5454350134677224
5361 2.581707351166845
5362 2.597947601733249
5363 2.613874542202975
5364 2.6453121364279553
5365 2.6924509875168394
5366 2.753489939952033
5367 2.806191019825001
5368 2.80144206431994
5369 2.795178904597085
5370 2.8076932213462076
5371 2.8277050605553744
5372 2.843251730096832
5373 2.8371023096082273
5374 2.8251432058508525
5375 2.8185268145291595
5376 2.80713063195729
5377 2.7831862466432655
5378 2.739225794218708
5379 2.682300101204928
5380 2.65122591211583
5381 2.635683552636485
5382 2.628867790091921
5383 2.6407128625057883
5384 2.65738599687411
5385 2.655429412555842
5386 2.646912879046061
5387 2.6295226734578407
5388 2.595206934986169
5389 2.5512266584326557
5390 2.5153076524106046
5391 2.4906060271119967
5392 2.4631278020018628
5393 2.4337361699506355
5394 2.4400290780154585
5395 2.447816213301383
5396 2.4146088174916156
5397 2.3835224682120963
5398 2.351744733136522
5399 2.3041516394520745
5400 2.2628121318535133
5401 2.233846452954786
5402 2.2135560354709423
5403 2.195014663344815
5404 2.193524671550121
5405 2.19936064900904
5406 2.1850634176529247
5407 2.158333552890185
5408 2.1606601257934592
5409 2.1804357606923426
5410 2.206021502616004
5411 2.2215945157881527
5412 2.2241047944633983
5413 2.2311913661664655
5414 2.2372010844020007
5415 2.238054233159054
5416 2.23454798440947
5417 2.2613757598938116
5418 2.286492452249623
5419 2.2838830351013013
5420 2.2693095718347904
5421 2.2591678443677825
5422 2.2586038272420037
5423 2.2489730980589937
5424 2.2535892719812916
5425 2.256492581102433
5426 2.2341380186677586
5427 2.23969700269204
5428 2.2789044644658336
5429 2.2987105075079537
5430 2.2877593595766452
5431 2.2600963880438476
5432 2.243489782317644
5433 2.2052774405293016
5434 2.1623035042442282
5435 2.144241840747349
5436 2.1514952914881627
5437 2.1413582996958316
5438 2.134551797131438
5439 2.1483621615701143
5440 2.1831196777860495
5441 2.2207815167926612
5442 2.246665495533314
5443 2.2843239605396684
5444 2.324787161834764
5445 2.36801753278148
5446 2.405635758836276
5447 2.433243144335397
5448 2.441922148655413
5449 2.418455426315967
5450 2.374616763876569
5451 2.349874731941195
5452 2.335347027125899
5453 2.3318524763146584
5454 2.3322030017924065
5455 2.338457521734183
5456 2.367435415045718
5457 2.4043116199433983
5458 2.4366999737498474
5459 2.468419574703061
5460 2.5076833360616373
5461 2.5628546402978567
5462 2.6218419797391355
5463 2.65624935001437
5464 2.6787284681504513
5465 2.685794737536466
5466 2.692138579730953
5467 2.7197033984696803
5468 2.7882157130537952
5469 2.8374770250672383
5470 2.7982194909975453
5471 2.7797673399694385
5472 2.7754449208538436
5473 2.7730124919891166
5474 2.7534289059356336
5475 2.734648607116057
5476 2.7479184276558217
5477 2.7628811126005925
5478 2.763320405476938
5479 2.75635047952795
5480 2.7550919743039572
5481 2.7649179598335607
5482 2.7815122114849586
5483 2.778844452753025
5484 2.7738541992594197
5485 2.7503306940723373
5486 2.7178480474782596
5487 2.6958001938302276
5488 2.669492101728686
5489 2.6419354118858123
5490 2.630786415284837
5491 2.6227299075370425
5492 2.610589358859328
5493 2.6010314146920654
5494 2.609226309812574
5495 2.6211444112129616
5496 2.6310149912177567
5497 2.6348449276220647
5498 2.6444937632413033
5499 2.6609294649484996
5500 2.678455535695645
5501 2.6540879896604337
5502 2.6233041793868077
5503 2.5978388962900056
5504 2.5547402150355545
5505 2.509444448562156
5506 2.485585881102813
5507 2.4943923545012123
5508 2.4849054048140995
5509 2.484843071402463
5510 2.4981293873141808
5511 2.494082683408261
5512 2.4837306827642625
5513 2.463788589866357
5514 2.474174416765539
5515 2.5015968929397556
5516 2.5104183887854044
5517 2.4753636089794937
5518 2.419819199361654
5519 2.411861407773095
5520 2.411133098963235
5521 2.392803972552001
5522 2.3883463876434394
5523 2.4018286012762267
5524 2.411112033532475
5525 2.4131696623600316
5526 2.4247522610121313
5527 2.442368829034746
5528 2.4372935732247316
5529 2.416231464279019
5530 2.3877433782506388
5531 2.3654878986999393
5532 2.3645154929214045
5533 2.3725527653459713
5534 2.3977241042975495
5535 2.4455233218577033
5536 2.503312110308527
5537 2.5536174612760827
5538 2.6080329865292966
5539 2.6645377909023336
5540 2.6640200535166505
5541 2.650242184133468
5542 2.6618048772466434
5543 2.6777956052532046
5544 2.7039037175236573
5545 2.730074934167405
5546 2.7649402709662425
5547 2.816815685400086
5548 2.866777096924571
5549 2.909059830441282
5550 2.96099443274411
5551 3.0186052051039995
5552 3.048913160909785
5553 3.0612072676559956
5554 3.0580445018578812
5555 3.051423466209623
5556 3.043563758221072
5557 3.039419845770539
5558 3.04209038462156
5559 3.0535856132469776
5560 3.08212345513375
5561 3.070430671356827
5562 3.016495131366115
5563 3.0051724426349073
5564 2.9781482441580107
5565 2.9262097617905956
5566 2.878291082206651
5567 2.847190977395075
5568 2.7956899511764006
5569 2.718734405585431
5570 2.66069741151538
5571 2.6033651021873094
5572 2.551517096310085
5573 2.531028582267605
5574 2.5389446695337377
5575 2.5403296585398727
5576 2.533354975756117
5577 2.5389597172965175
5578 2.5668650883169177
5579 2.586676077340925
5580 2.628580948593916
5581 2.6885405319950704
5582 2.727965952916557
5583 2.7326599725229803
5584 2.719814981828539
5585 2.6942382516275383
5586 2.6702638290858736
5587 2.649652690631846
5588 2.63392042894223
5589 2.6204895738780123
5590 2.6078192232358273
5591 2.599766015277101
5592 2.6398145230417915
5593 2.678422616563572
5594 2.6758380311349144
5595 2.647483797925013
5596 2.6096441318671237
5597 2.5773825325930275
5598 2.5633271250388816
5599 2.5648023093483014
5600 2.561932711902139
5601 2.539649732714868
5602 2.5118897007640366
5603 2.5029830248481555
5604 2.546135898497717
5605 2.5886465930364593
5606 2.6306312892845316
5607 2.665390786229281
5608 2.669051694085965
5609 2.661290838684633
5610 2.6471610524994458
5611 2.6735719179687605
5612 2.7101467754167263
5613 2.7475734315354186
5614 2.765011215306208
5615 2.776574286529096
5616 2.8064008705743584
5617 2.8455865983974835
5618 2.9028240812211705
5619 2.9522753451051655
5620 2.990502140725203
5621 3.028240804026536
5622 3.0586795087882668
5623 3.0666966544999608
5624 3.0517587328086875
5625 3.0373804824813244
5626 3.0505132792988663
5627 3.073278387390111
5628 3.0631156063196614
5629 3.0248122556733006
5630 3.0197795688737123
5631 3.052893725321565
5632 3.115568427116243
5633 3.1589751728096385
5634 3.16785872223123
5635 3.1548498415206288
5636 3.1550775737978083
5637 3.1797410850654164
5638 3.2044592673919867
5639 3.23976599215584
5640 3.252709407635372
5641 3.2427407501545966
5642 3.2230318781629297
5643 3.252369380787638
5644 3.2339334594820928
5645 3.1791696002752166
5646 3.1507589477944227
5647 3.1190574167327534
5648 3.080728237461319
5649 3.041891806047442
5650 3.02242402078955
5651 2.9970145138177946
5652 2.9968304555272174
5653 2.9997616100698203
5654 2.9763579572333723
5655 2.965261376724957
5656 2.9803402385741093
5657 2.976815405568595
5658 2.9829654187543704
5659 2.9760749522180383
5660 2.9422998766757384
5661 2.894579879600685
5662 2.868574671697648
5663 2.8699695949699593
5664 2.88408133305788
5665 2.886179335281542
5666 2.896617604553279
5667 2.9013079369716763
5668 2.9083060659523983
5669 2.9346594522773515
5670 2.9689117905352895
5671 2.963203287817704
5672 2.917167117442711
5673 2.8737615687930704
5674 2.837066241635926
5675 2.822597457245367
5676 2.8174706072164795
5677 2.799477600086579
5678 2.7489116259050417
5679 2.6754905952402988
5680 2.602898872766174
5681 2.5559665235753504
5682 2.517049323339775
5683 2.4243908674334604
5684 2.343186455175933
5685 2.281078599273878
5686 2.264911318064278
5687 2.218524249895174
5688 2.160266880199616
5689 2.102831929297053
5690 2.029934564548466
5691 1.9629400110461075
5692 1.8853212780305093
5693 1.8344149893507542
5694 1.814042426770413
5695 1.7958322582144262
5696 1.751301329710169
5697 1.7157053461852263
5698 1.7152737872143942
5699 1.7330602102008292
5700 1.7491791290317587
5701 1.7704823964902205
5702 1.7818831183095412
5703 1.7639260479285581
5704 1.7476158687744978
5705 1.744682159764069
5706 1.7476432910296995
5707 1.7552748228460846
5708 1.7807185855053835
5709 1.8145192969062616
5710 1.8278217015637133
5711 1.858691414694727
5712 1.8899093771214968
5713 1.9114119304819004
5714 1.9311986347514385
5715 1.9579693628640547
5716 1.9880610945748558
5717 2.0240717840400984
5718 2.065079946407984
5719 2.103587383265049
5720 2.14473175607251
5721 2.1791064298459664
5722 2.2119157980496302
5723 2.2298722414720764
5724 2.2414471444451634
5725 2.2279780211130777
5726 2.207390288754751
5727 2.1841925332311463
5728 2.1750949026109327
5729 2.190759565956214
5730 2.214397170170047
5731 2.241403334372387
5732 2.272600801313268
5733 2.293673964784604
5734 2.306759361327368
5735 2.3284670019007563
5736 2.3431338230077725
5737 2.346459903940768
5738 2.342556947762976
5739 2.354194330131335
5740 2.3718874607668887
5741 2.3820494159969807
5742 2.3708610662920155
5743 2.345773571563288
5744 2.317828621004856
5745 2.29202655567126
5746 2.2440170425691512
5747 2.1991792851730674
5748 2.179807829737657
5749 2.1583052492761405
5750 2.148858824744481
5751 2.1312609167446674
5752 2.111373955136371
5753 2.0999584786652794
5754 2.1044105020483554
5755 2.1258187641074255
5756 2.1628937627609126
5757 2.1964067681935715
5758 2.2132921522998728
5759 2.2461828663001606
5760 2.289622001245981
5761 2.36031354066533
5762 2.4035942705774476
5763 2.4181807201500383
5764 2.4116330668322066
5765 2.396683589384562
5766 2.408847764666501
5767 2.4279394758858284
5768 2.4512600986463444
5769 2.469713433334744
5770 2.487017676216053
5771 2.4966858367909937
5772 2.5026198076539465
5773 2.51814584957579
5774 2.5424644849543547
5775 2.5782386215224387
5776 2.610455039361366
5777 2.624190002891738
5778 2.6378005782262064
5779 2.6336856659188936
5780 2.612518494690824
5781 2.587199413205947
5782 2.564469533350638
5783 2.5366418498169367
5784 2.516218483747602
5785 2.508089447911374
5786 2.5052038362067828
5787 2.4945049280373297
5788 2.4996528238583253
5789 2.526836429348946
5790 2.564377489273743
5791 2.6089689101488225
5792 2.64609183028326
5793 2.673824001116321
5794 2.6958195647356678
5795 2.7187976007488266
5796 2.735948322908297
5797 2.730988405342941
5798 2.7135060163405886
5799 2.7078078663696807
5800 2.723396574437924
5801 2.731402121169607
5802 2.7324916779604957
5803 2.739865639129988
5804 2.7495187599845456
5805 2.7528930524666824
5806 2.750203689422181
5807 2.748044612799029
5808 2.7273455658377026
5809 2.7043424704762087
5810 2.691843232101812
5811 2.659712589546469
5812 2.613849957679077
5813 2.5688926355547568
5814 2.5425483103540527
5815 2.514215613193422
5816 2.495246983271437
5817 2.4934710183229836
5818 2.5099659334697946
5819 2.5425407720099367
5820 2.567741731630551
5821 2.5648114004710516
5822 2.5619774034356433
5823 2.5668146482444367
5824 2.564303515565419
5825 2.5476985773975636
5826 2.5067656971319976
5827 2.4946717546136292
5828 2.4928316962944908
5829 2.506713856749146
5830 2.536070636961028
5831 2.559550168897117
5832 2.5716328026142112
5833 2.5555018708907324
5834 2.571610861930503
5835 2.61695434825924
5836 2.6845269646964525
5837 2.738766706672628
5838 2.744160783348211
5839 2.7131215857114115
5840 2.6614725477228736
5841 2.6066025858754838
5842 2.5560540513783963
5843 2.5377820267935136
5844 2.5310948321440403
5845 2.496618365201904
5846 2.4650407812194897
5847 2.4346839977565318
5848 2.388417958885
5849 2.371909050028304
5850 2.3803027926053817
5851 2.3813314231739446
5852 2.3727386565529205
5853 2.358489002574639
5854 2.354166376332564
5855 2.3441373563889627
5856 2.3476757849051255
5857 2.3680459143569066
5858 2.3709845777169956
5859 2.3579258638353835
5860 2.326394214078188
5861 2.3034742077244723
5862 2.2933611908786684
5863 2.293924545887827
5864 2.324784296489391
5865 2.2936698229335852
5866 2.2659461050511904
5867 2.2665768124087333
5868 2.2788437470843905
5869 2.2727911713741866
5870 2.257829369692155
5871 2.25298486936636
5872 2.2467709864426886
5873 2.2462981943902562
5874 2.2596620029513312
5875 2.270418026658119
5876 2.2426749320604125
5877 2.238033477594028
5878 2.2337057395610707
5879 2.2321098236442856
5880 2.1954572401653922
5881 2.173696506983132
5882 2.1477611806311874
5883 2.1252397384664534
5884 2.1122992849028615
5885 2.1032174735399467
5886 2.0784720928196276
5887 2.0763745312378172
5888 2.0743690650958304
5889 2.058254478618117
5890 2.039584748962058
5891 1.9991770563392521
5892 1.945148352861907
5893 1.867606563706237
5894 1.8096669962814567
5895 1.7682275913141885
5896 1.7139165667567462
5897 1.6655478594938808
5898 1.6343428546116148
5899 1.6158077196916445
5900 1.6013632854710196
5901 1.593652116070113
5902 1.581627039681278
5903 1.569157882014199
5904 1.5493416955358663
5905 1.5224801445850291
5906 1.493446881914694
5907 1.4652828827082
5908 1.45019086181459
5909 1.4186956365141732
5910 1.368456955151305
5911 1.3010275477551316
5912 1.2767385299517697
5913 1.2548059814075687
5914 1.214282241861691
5915 1.1901323279494875
5916 1.1716925026515836
5917 1.167642001009304
5918 1.1790695073553787
5919 1.1910165417082565
5920 1.1955090982499676
5921 1.1876381899416997
5922 1.1722588697384153
5923 1.1587100166434363
5924 1.161344470885364
5925 1.1602733620959076
5926 1.162210346421899
5927 1.1655955341936184
5928 1.1674259796226802
5929 1.1723829916541382
5930 1.1804983697639688
5931 1.1799680192999713
5932 1.182616899295789
5933 1.180106320478802
5934 1.1783049327022417
5935 1.1786344459911888
5936 1.1769996320269835
5937 1.1619078178982931
5938 1.1516548241196134
5939 1.1481767059024592
5940 1.15045211680433
5941 1.1624228669087975
5942 1.1720367242470502
5943 1.1804439451614819
5944 1.190112831577821
5945 1.2042191598241434
5946 1.2162114123243204
5947 1.2176863595415386
5948 1.2203822215501774
5949 1.2088597125847242
5950 1.1883735360791947
5951 1.16862977851092
5952 1.1464455291301965
5953 1.1272181505685814
5954 1.1119728745328874
5955 1.1032823492070787
5956 1.0928174401849786
5957 1.0822724722755412
5958 1.079667269664773
5959 1.0833602678793737
5960 1.0895084649043218
5961 1.0957963495095158
5962 1.099874691609423
5963 1.0974769934806374
5964 1.0886361638612543
5965 1.076597049730251
5966 1.0613578936629482
5967 1.0530209879640986
5968 1.0495071017046353
5969 1.0495844600660966
5970 1.0556138495325325
5971 1.0635527874692632
5972 1.0732293579989887
5973 1.0788450585035265
5974 1.0780961946637742
5975 1.0814215861331085
5976 1.091281297374732
5977 1.0946130848075224
5978 1.1040032158021795
5979 1.117881759080731
5980 1.1275104651158752
5981 1.126463974022999
5982 1.1274245850195777
5983 1.1285364352008915
5984 1.1289398980090362
5985 1.1408813604499666
5986 1.1523511974544003
5987 1.1617679786332755
5988 1.1717719436419007
5989 1.178639359020813
5990 1.1716061206316377
5991 1.164165329862153
5992 1.1565269817868744
5993 1.163130462647333
5994 1.1749155756841327
5995 1.187659089545503
5996 1.19927215428373
5997 1.2238013577415987
5998 1.2462710411605173
5999 1.2665073521297852
