#frame I
5000 2.33477323464506
5001 2.3245669908479627
5002 2.2937472881405734
5003 2.281093111059073
5004 2.283752648008933
5005 2.2811693628442504
5006 2.275083531101399
5007 2.270989040362539
5008 2.2589267216730557
5009 2.183213593220494
5010 2.127914351689484
5011 2.0690864343994435
5012 2.002564727065902
5013 1.9290306410615192
5014 1.8908205102761393
5015 1.8567367971664728
5016 1.820480116919753
5017 1.7661557035687436
5018 1.7064977158010095
5019 1.6709458572316884
5020 1.6491821962447901
5021 1.6440121503788443
5022 1.6543910003188775
5023 1.6625351609029562
5024 1.6751977555650222
5025 1.6941401140408283
5026 1.7089086912632712
5027 1.7254856462146866
5028 1.7462675528280154
5029 1.768515739845646
5030 1.795669439695989
5031 1.7962622161535726
5032 1.7942987528381158
5033 1.7893900226946602
5034 1.7754302867187899
5035 1.7731847548321757
5036 1.7910342739428244
5037 1.8140885024034248
5038 1.8423450415547389
5039 1.8753795195562697
5040 1.8806078127004806
5041 1.8657658922254798
5042 1.8307375175801517
5043 1.7916347949372562
5044 1.76067020821241
5045 1.7497658332785884
5046 1.7579270773705715
5047 1.7548723392649916
5048 1.7481795536837508
5049 1.7397905283656523
5050 1.721223111657236
5051 1.6986123389213517
5052 1.67106139347392
5053 1.6356827000202532
5054 1.5988720612239298
5055 1.57226738859188
5056 1.5551766816020394
5057 1.5323426079456626
5058 1.5043172070434572
5059 1.4728272139126228
5060 1.4536735876798452
5061 1.4416128537860702
5062 1.433641007816235
5063 1.424664346862504
5064 1.4139992305328053
5065 1.40456132590526
5066 1.3849519564482173
5067 1.3603080575289381
5068 1.347404042565482
5069 1.3447175528501516
5070 1.3402322972126315
5071 1.3369233312890803
5072 1.3440888870967937
5073 1.349344148023222
5074 1.3551700833277394
5075 1.3778729822220042
5076 1.4080226047404605
5077 1.4398575322340763
5078 1.4622208619537407
5079 1.4879273310406653
5080 1.509222079598531
5081 1.5428228189895212
5082 1.5705095472095185
5083 1.5964597373890677
5084 1.6337309746256934
5085 1.676990068914881
5086 1.7187353955332283
5087 1.7674193174219661
5088 1.829733315958844
5089 1.8815079758355255
5090 1.9159712113320349
5091 1.9565415067879008
5092 2.0133297911581485
5093 2.0712055165129484
5094 2.116458171126397
5095 2.155454436280733
5096 2.201778166252646
5097 2.2487754275049507
5098 2.2812337813528765
5099 2.2933482096172293
5100 2.2951662436680413
5101 2.27160039561234
5102 2.225074577288991
5103 2.189503555732648
5104 2.188154266486015
5105 2.2216744942615922
5106 2.273367490184517
5107 2.315496564988651
5108 2.3534791756260596
5109 2.376927473343681
5110 2.3866991996944886
5111 2.3860256865696097
5112 2.4011293995440854
5113 2.4391122519164776
5114 2.490466119632394
5115 2.532203913451598
5116 2.5612546119241326
5117 2.5751210119045767
5118 2.5917122185656423
5119 2.5961160389029674
5120 2.5953190581750722
5121 2.604145230613825
5122 2.6146426975623878
5123 2.6288284081352438
5124 2.621604042411404
5125 2.6014475192202937
5126 2.5708721341554956
5127 2.5290487844667027
5128 2.459191832021374
5129 2.367834404494116
5130 2.306808499450738
5131 2.2634542411326297
5132 2.244230628190006
5133 2.2572736444431265
5134 2.2893752435842636
5135 2.3099556802259062
5136 2.339695266822947
5137 2.3784785875093384
5138 2.3937139891392296
5139 2.405069214700164
5140 2.4270843678768244
5141 2.4673080805224763
5142 2.497513598718529
5143 2.496340442435219
5144 2.4949298701978373
5145 2.4996702086316462
5146 2.5112043771084442
5147 2.5067900130702934
5148 2.5042608847116394
5149 2.509896047330074
5150 2.4993853928169614
5151 2.474373154529877
5152 2.441401535031125
5153 2.412688924425529
5154 2.3884294119304856
5155 2.3463470842677534
5156 2.2714774322560594
5157 2.216323119951925
5158 2.177301593850753
5159 2.165380299421481
5160 2.1684054091886993
5161 2.1697405633187516
5162 2.1613336038661566
5163 2.1487948179844825
5164 2.1498216616533177
5165 2.1608584749546638
5166 2.1707494014799025
5167 2.184209038295225
5168 2.2052561843472622
5169 2.2462693163714067
5170 2.339781967093389
5171 2.462287557943087
5172 2.564693568761073
5173 2.659619258849475
5174 2.7639911569436784
5175 2.8584920995500465
5176 2.9191820268403683
5177 2.9819289814445384
5178 3.0255136448719866
5179 3.055539422028068
5180 3.0881031592683414
5181 3.1222184660122023
5182 3.146081406904829
5183 3.174433194746822
5184 3.1717607269387935
5185 3.170040340967811
5186 3.175392358437124
5187 3.189399190781259
5188 3.1988952893927656
5189 3.1865955335860185
5190 3.1840784904889956
5191 3.2076558403000854
5192 3.2331193910725617
5193 3.2511639709660036
5194 3.2592207325050646
5195 3.2685660883103647
5196 3.2927596016513405
5197 3.2996901155874414
5198 3.296312769210593
5199 3.2948086707834205
5200 3.2790202461199285
5201 3.2661739867955717
5202 3.28797908889349
5203 3.336011141211359
5204 3.3736108961432985
5205 3.4119243049519206
5206 3.434572249561586
5207 3.440379469479806
5208 3.433263663207345
5209 3.421728648987842
5210 3.4261108949033505
5211 3.432747449762026
5212 3.3972800996111068
5213 3.3499346793454046
5214 3.3151708837944445
5215 3.2647079299924364
5216 3.2399681693113935
5217 3.2470699670611887
5218 3.2420414942743534
5219 3.2214891748872754
5220 3.2167369780687225
5221 3.201965247288095
5222 3.197783729335544
5223 3.178863942330512
5224 3.1611543364222423
5225 3.1401507633217225
5226 3.1226325718331154
5227 3.1116606720431506
5228 3.109425723393548
5229 3.1132120680635
5230 3.111131139125505
5231 3.1163246568223193
5232 3.136773089142854
5233 3.1296776967610977
5234 3.104351232689173
5235 3.069544290535337
5236 3.0329299718629303
5237 2.9708788332222147
5238 2.931406351157537
5239 2.9439822052975964
5240 2.966471719339993
5241 2.9788623556572187
5242 3.028167209674126
5243 3.068504312129839
5244 3.0833276767041884
5245 3.1152111773351425
5246 3.136220272088106
5247 3.133029250800566
5248 3.135726347070402
5249 3.1310026148641312
5250 3.1038694897325705
5251 3.0634986872283556
5252 3.040165678883661
5253 3.0165901427488615
5254 3.001637051854419
5255 2.9952674850186396
5256 3.0393322014704793
5257 3.0760311057013388
5258 3.095391189993601
5259 3.1133943174786105
5260 3.1427160743678675
5261 3.093608005504004
5262 3.09941823786799
5263 3.122883186646891
5264 3.176959921854185
5265 3.2139188218501675
5266 3.2014458201515925
5267 3.183569671407387
5268 3.1718715619355042
5269 3.1372584920677844
5270 3.084148551513238
5271 3.0487149702636587
5272 3.008007942199709
5273 2.9676179335477513
5274 2.947664992063377
5275 2.9415507156962177
5276 2.993654452321267
5277 3.0312374008235325
5278 3.045402413344184
5279 2.9999321875349234
5280 2.9326842077849853
5281 2.8353248853405844
5282 2.7881248524232882
5283 2.8000757633001507
5284 2.791164155070938
5285 2.796368457854734
5286 2.7900127406435846
5287 2.782761113539031
5288 2.7716428714549757
5289 2.751337649202807
5290 2.7554558403831417
5291 2.7497496185957018
5292 2.736896481245585
5293 2.7271524444083277
5294 2.7165704229024055
5295 2.6990284810498784
5296 2.680317579005465
5297 2.656503498753638
5298 2.6726264759212732
5299 2.7057695010989335
5300 2.7628357835668074
5301 2.8144474266596995
5302 2.84383602023645
5303 2.846912532116036
5304 2.8303901654775427
5305 2.825655058154954
5306 2.818437590323418
5307 2.806687930791278
5308 2.8190038290574404
5309 2.8095661114579307
5310 2.8038694256646655
5311 2.7914284724748812
5312 2.7707439971577212
5313 2.7499978012196706
5314 2.776570740518753
5315 2.826776045621114
5316 2.874853962700892
5317 2.893680966289946
5318 2.88354955100319
5319 2.8862904733135992
5320 2.883569031260388
5321 2.8850987905704284
5322 2.897292435929497
5323 2.9022251944590045
5324 2.895765474324904
5325 2.877316887490865
5326 2.8696707543224567
5327 2.817677431375992
5328 2.7823946674500477
5329 2.7742593649883758
5330 2.7462862378842328
5331 2.6972288864471756
5332 2.659009240254661
5333 2.648787969124546
5334 2.661130848300318
5335 2.6722584370510707
5336 2.6957576435320147
5337 2.719652283986111
5338 2.7474870860412763
5339 2.7549917282383194
5340 2.7584033563875447
5341 2.7784514314575226
5342 2.812582348243351
5343 2.8096942403127763
5344 2.7718111537531427
5345 2.7118363306643585
5346 2.654862230075746
5347 2.63007572248632
5348 2.5770805947996576
5349 2.5043949057371964
5350 2.489117744032094
5351 2.479734076579272
5352 2.4578838358867845
5353 2.4639484447862654
5354 2.477239092493902
5355 2.4664502847214265
5356 2.4497806712290866
5357 2.454457306521174
5358 2.473901289713161
5359 2.498653910081369
5360 2.527608386171716
5361 2.559275174157997
5362 2.5826790534138326
5363 2.610086944577865
5364 2.6334072814164533
5365 2.659048027879335
5366 2.683690794529246
5367 2.7602462027852623
5368 2.8607826510537215
5369 2.9638911259781477
5370 3.064324073550844
5371 3.158620841942094
5372 3.2015584967677606
5373 3.1921865356673367
5374 3.1645458340566384
5375 3.1263450943940816
5376 3.0741421568796636
5377 3.016698873507004
5378 2.951865079938262
5379 2.8822553063693808
5380 2.8665145643459855
5381 2.8585594428466248
5382 2.8692840054984052
5383 2.8809604301249445
5384 2.887048854030918
5385 2.856750806402527
5386 2.8040187744763165
5387 2.7520134873691027
5388 2.6948390364846184
5389 2.6334193400831527
5390 2.5997814229129195
5391 2.5778484277108547
5392 2.548480502256926
5393 2.510658001205444
5394 2.506683736344559
5395 2.4971249517992544
5396 2.4708907826627375
5397 2.441813551600141
5398 2.3957509270354014
5399 2.3668927973172385
5400 2.3471450941049854
5401 2.3446427508947507
5402 2.352601954462344
5403 2.364573911674344
5404 2.395091739322365
5405 2.4175850219362243
5406 2.4200137094442136
5407 2.3854963830018607
5408 2.354431868888259
5409 2.329736814886132
5410 2.3183006421582584
5411 2.2951452312152756
5412 2.256884754631986
5413 2.241033963182809
5414 2.2260644637021327
5415 2.2023156678781635
5416 2.182384941574951
5417 2.190643140431125
5418 2.192374543002226
5419 2.168947896055835
5420 2.162825719825001
5421 2.1818439565168393
5422 2.1969668833334657
5423 2.204589668013724
5424 2.230975982759745
5425 2.243858461297959
5426 2.236345414899563
5427 2.2457382129650685
5428 2.2839459081294007
5429 2.2899185922779766
5430 2.285168107326292
5431 2.288544576275759
5432 2.327705217412026
5433 2.3213199704603413
5434 2.284032765546422
5435 2.2520984001261164
5436 2.248990368612148
5437 2.2362945371535017
5438 2.2268334813311923
5439 2.2345267542767395
5440 2.2688549926880563
5441 2.315996163766881
5442 2.3264179653421038
5443 2.3498863013602382
5444 2.3547232795628092
5445 2.3628465628650304
5446 2.37933396123724
5447 2.3912282362997592
5448 2.400834743636651
5449 2.355220204924476
5450 2.325392693459627
5451 2.316514669784467
5452 2.2966136489093767
5453 2.2685120724398704
5454 2.231987180610368
5455 2.211968491348126
5456 2.237566044416143
5457 2.2836054099586196
5458 2.3213904211789664
5459 2.3286653912152877
5460 2.3039564220519635
5461 2.285579541724925
5462 2.284771239632993
5463 2.2683718658391485
5464 2.283092165856868
5465 2.3069056630967464
5466 2.3168495586898374
5467 2.343027476586975
5468 2.4065512701694756
5469 2.4799897353490086
5470 2.487667839343079
5471 2.497311327471296
5472 2.511379615538953
5473 2.511095750818986
5474 2.4765101218742545
5475 2.4310016816654607
5476 2.427591957021702
5477 2.475583223144814
5478 2.5316833724858556
5479 2.550335677127674
5480 2.566760057235284
5481 2.5944620622404098
5482 2.61924186206397
5483 2.605329468326249
5484 2.6052717301073516
5485 2.603596706901704
5486 2.5967299517149325
5487 2.59894248871784
5488 2.607127200469035
5489 2.610052360345521
5490 2.6069080819221653
5491 2.574445641491265
5492 2.531666538396887
5493 2.500497370791566
5494 2.4892910849481003
5495 2.491176025483627
5496 2.4847592683462034
5497 2.4749266176933986
5498 2.48494110386656
5499 2.499973125926327
5500 2.5134687659761354
5501 2.5318509574772325
5502 2.548832021298597
5503 2.516052777759145
5504 2.4946952954136847
5505 2.485873863767466
5506 2.4749455445723956
5507 2.517713669587302
5508 2.539286100258518
5509 2.5570774630975843
5510 2.591976661578782
5511 2.5953017954447537
5512 2.6132992048602035
5513 2.6324635676307344
5514 2.65381884045437
5515 2.6850133337870847
5516 2.679389923038466
5517 2.644309707767898
5518 2.6198936507783075
5519 2.6375866245688324
5520 2.6635231487398854
5521 2.667938293705264
5522 2.681152863226242
5523 2.712766824161892
5524 2.736316954660037
5525 2.7529175440594056
5526 2.7553031642236974
5527 2.758493928913413
5528 2.750180399479956
5529 2.732056803754384
5530 2.683136678602201
5531 2.6192729762659295
5532 2.5753941503476003
5533 2.539101260483277
5534 2.5143459660453686
5535 2.5113716980042593
5536 2.5614245630038024
5537 2.638636626720595
5538 2.710104411259195
5539 2.793904349452072
5540 2.8473383433501946
5541 2.8875748477755074
5542 2.943228597631996
5543 2.9876407365705546
5544 3.03699439460679
5545 3.0504898572094783
5546 3.0449940774901396
5547 3.0297288374489875
5548 2.999753006375967
5549 2.97140594813201
5550 2.967180998089499
5551 2.9894611881074877
5552 2.980532955674723
5553 2.9345176469570933
5554 2.8899681059991487
5555 2.8676489199123854
5556 2.829554476732656
5557 2.783532984543012
5558 2.7571869606121484
5559 2.7567619328646127
5560 2.8057693025466275
5561 2.824562925147856
5562 2.812700070713762
5563 2.7976517649841717
5564 2.751573555929901
5565 2.675854020857145
5566 2.6253389759033317
5567 2.6057828456826067
5568 2.5704567258319417
5569 2.5313076573269875
5570 2.5268218951202326
5571 2.5114999659479094
5572 2.482708935355962
5573 2.4525702587041156
5574 2.4404285918593676
5575 2.4174911978909592
5576 2.405406501962774
5577 2.4035727787309265
5578 2.421321098821062
5579 2.40910778819134
5580 2.419451789417502
5581 2.48628600377795
5582 2.601047936910985
5583 2.731359780153804
5584 2.8143269619634252
5585 2.869618084493214
5586 2.925783998687169
5587 2.951604225335785
5588 2.9299664227886013
5589 2.9014756208767825
5590 2.8737037302139203
5591 2.8873432059314466
5592 2.905501527008048
5593 2.9190682195664395
5594 2.941445264297892
5595 2.9471998343538552
5596 2.9278068700708326
5597 2.881793382157514
5598 2.832606960338695
5599 2.777324907087678
5600 2.692859637898996
5601 2.5998470127265234
5602 2.5101885954921253
5603 2.434240581625192
5604 2.4371315286538793
5605 2.434078026336397
5606 2.4119488053448572
5607 2.4146164518809896
5608 2.4011904584939523
5609 2.3877149284471555
5610 2.3648941066843188
5611 2.3978546795604414
5612 2.421052475386368
5613 2.4314488256780695
5614 2.443821358429625
5615 2.4817265073447343
5616 2.5496307419416393
5617 2.631426797057168
5618 2.7150305968234014
5619 2.804651269556768
5620 2.9034801532584527
5621 3.0056806929930406
5622 3.083804016818879
5623 3.1446371310473165
5624 3.176844792416231
5625 3.14272897227812
5626 3.122032651410833
5627 3.117173340783625
5628 3.0809903048890215
5629 3.013077821277107
5630 2.970428474610867
5631 2.962013293933562
5632 2.977793483628314
5633 2.991034498634619
5634 2.990070621872561
5635 3.008294233869503
5636 3.023359933039021
5637 3.0321430853696727
5638 3.004909861304883
5639 3.018018272422187
5640 3.037368426678189
5641 3.0567535439720253
5642 3.0741740304752287
5643 3.100320829327378
5644 3.0913038335435514
5645 3.0902569997114435
5646 3.1165062740284903
5647 3.1383210921747384
5648 3.112547501780959
5649 3.0367759520959825
5650 3.0148375173952564
5651 3.002568365758013
5652 2.976251758359162
5653 2.9531348400381083
5654 2.917198282981839
5655 2.936551870756922
5656 2.9756537895699022
5657 2.984272732912183
5658 2.996815352388744
5659 2.9862270982668164
5660 2.9652815594458253
5661 2.914606748095268
5662 2.8788640493821624
5663 2.9063510723195085
5664 2.9504195607791694
5665 2.9667514745105494
5666 2.989215727976924
5667 2.981547021796589
5668 2.97673805905003
5669 2.9944226239138785
5670 3.013240749106599
5671 3.0066253338967166
5672 2.9713088862887105
5673 2.918679468512125
5674 2.849341807229361
5675 2.793754260045634
5676 2.734622858433501
5677 2.68425266010525
5678 2.620631571795807
5679 2.5399054640817176
5680 2.4631080678014206
5681 2.381212991130654
5682 2.328768259681718
5683 2.247075484328139
5684 2.158276151516133
5685 2.0616384211937917
5686 2.0061141109025793
5687 1.9481644468729822
5688 1.8999202444883976
5689 1.8522315463391152
5690 1.7877154331837573
5691 1.7420541837274002
5692 1.661877726339489
5693 1.5939683361507684
5694 1.590406865427789
5695 1.5880759081691744
5696 1.5602865128402605
5697 1.5419962628314838
5698 1.5763304266655804
5699 1.6401993879166974
5700 1.7021041767942715
5701 1.7331290644810016
5702 1.748539921520796
5703 1.751763286034824
5704 1.7448717370564304
5705 1.7491906333685068
5706 1.7604918426802012
5707 1.7547029150839273
5708 1.7616394034505058
5709 1.786606441322476
5710 1.8007632276533805
5711 1.8621120055558904
5712 1.9516064395709074
5713 2.0256083242116993
5714 2.0787581710575394
5715 2.1262213941157753
5716 2.173358150341262
5717 2.222217529380909
5718 2.265335621470914
5719 2.2974014341577336
5720 2.321590621561924
5721 2.341896075146831
5722 2.3596389191134537
5723 2.3759474456781624
5724 2.4055573643941144
5725 2.424734325156502
5726 2.415362581768016
5727 2.38163417498711
5728 2.3476049861357264
5729 2.3444891784863793
5730 2.346847680493539
5731 2.348364074808031
5732 2.3490819857667593
5733 2.3623359046029613
5734 2.3860783562735985
5735 2.423296537540825
5736 2.4527978040858187
5737 2.46227473605457
5738 2.4489638540010965
5739 2.439110777526799
5740 2.438595470578235
5741 2.4450467700474725
5742 2.4369357765137005
5743 2.402883104118073
5744 2.364616658491736
5745 2.352152454520179
5746 2.318473509989749
5747 2.2836989898434026
5748 2.2702587549011675
5749 2.250791498945696
5750 2.240032364902785
5751 2.2367410639040277
5752 2.2208965465026997
5753 2.203610655374082
5754 2.201968358128546
5755 2.2137285256993597
5756 2.245467822726648
5757 2.2760438062029875
5758 2.3215034119302267
5759 2.3582643076880223
5760 2.3909780435818027
5761 2.43046891059062
5762 2.457665085117386
5763 2.481241112670755
5764 2.4856775994919302
5765 2.4808240236054706
5766 2.5177454212681636
5767 2.557802551302676
5768 2.5970491131526385
5769 2.6123387780698923
5770 2.600360516933636
5771 2.5846979463301425
5772 2.581763503710088
5773 2.594846496450239
5774 2.6229249912922548
5775 2.655425290958478
5776 2.6719271086981617
5777 2.690002037116452
5778 2.708121717909902
5779 2.7019414905018433
5780 2.6694773672271674
5781 2.6272955769568744
5782 2.5847176145466064
5783 2.567699539237611
5784 2.5475681413502693
5785 2.5393472071443686
5786 2.5326376578929963
5787 2.506193965009343
5788 2.4825777562151026
5789 2.4834314633187877
5790 2.503633834030418
5791 2.523938176735415
5792 2.5330132244743853
5793 2.5397998437536984
5794 2.5609322246641826
5795 2.5680077319224974
5796 2.5540749970083954
5797 2.53304636680428
5798 2.5252793648152103
5799 2.5129784820021985
5800 2.5151848242588484
5801 2.5278908330462
5802 2.5576275458673194
5803 2.611593043212869
5804 2.6469047513575603
5805 2.6272027027152935
5806 2.5923446094190137
5807 2.574554695727327
5808 2.5488948249591603
5809 2.487425474770341
5810 2.440498741994178
5811 2.4007077091195193
5812 2.379123594879677
5813 2.3590086387509333
5814 2.357529780956303
5815 2.3609846091389093
5816 2.3501285526830986
5817 2.3552260173072312
5818 2.393896641807147
5819 2.41323684830997
5820 2.435976929604295
5821 2.464265080626634
5822 2.4851178931583466
5823 2.5063822049394875
5824 2.5721131163487962
5825 2.6369377088591537
5826 2.6766539178606807
5827 2.716959198357257
5828 2.7630592741834374
5829 2.791084657835818
5830 2.785924020147604
5831 2.8022866204867687
5832 2.865510657505603
5833 2.963566105530723
5834 3.0339225731028487
5835 3.0827351921324273
5836 3.1431871012682224
5837 3.1803095380221094
5838 3.1882612113752478
5839 3.168955579849184
5840 3.100605252995103
5841 3.0275023745334906
5842 2.9046807836426236
5843 2.7913512887014758
5844 2.719168201760819
5845 2.6205444459037737
5846 2.540979339983887
5847 2.4558093972427293
5848 2.373218829019089
5849 2.326211002368875
5850 2.316462212896486
5851 2.299465918796604
5852 2.263593179625186
5853 2.2256325150479657
5854 2.21891339159184
5855 2.1945226344399473
5856 2.155023474641437
5857 2.1487971963692885
5858 2.130921109476166
5859 2.101663524376398
5860 2.0264055517305612
5861 1.930824994118134
5862 1.8679295396614994
5863 1.852703175031031
5864 1.8871998978274442
5865 1.9133235329153118
5866 1.920983268927357
5867 1.9157872985723434
5868 1.9671069790964297
5869 2.0244397519476185
5870 2.096443058895906
5871 2.1276669461746556
5872 2.1321258757117003
5873 2.1328564797543685
5874 2.1681243523764397
5875 2.211528669983809
5876 2.2125542262145643
5877 2.2255078920638254
5878 2.254010353194175
5879 2.2763964665710157
5880 2.2469043568822165
5881 2.22186519393826
5882 2.1879942859827493
5883 2.1357549699940064
5884 2.0921963276815667
5885 2.0638939590753043
5886 2.0390727469586483
5887 2.030190731843618
5888 2.0114270885927272
5889 1.9745107882280089
5890 1.94539574065905
5891 1.8899940078181234
5892 1.819142910945626
5893 1.7373708012726246
5894 1.6672672775136659
5895 1.6214560556190067
5896 1.5835620360240334
5897 1.5418494972428762
5898 1.5027723378319644
5899 1.4676525779694498
5900 1.4309574747403824
5901 1.4022069580493113
5902 1.3717258034072723
5903 1.3459005124236012
5904 1.3252715462242568
5905 1.3145280010016205
5906 1.3018048143943102
5907 1.2903549200910043
5908 1.299238885301963
5909 1.302390920522571
5910 1.2874487926064955
5911 1.2567684677987037
5912 1.2308487755966577
5913 1.2189401931184154
5914 1.205793501108807
5915 1.2050062750497208
5916 1.1959213438861063
5917 1.1850646634266804
5918 1.1914837503667828
5919 1.1900143707970248
5920 1.180900768941073
5921 1.1772567882656866
5922 1.1745977932179101
5923 1.1613577534646613
5924 1.1569310400718409
5925 1.1523536606247677
5926 1.1549379871336254
5927 1.15719680292445
5928 1.1589557378978004
5929 1.1570748348411017
5930 1.1452609560806488
5931 1.1379034826851286
5932 1.1382537808778532
5933 1.1272563075991406
5934 1.1193010535449666
5935 1.112881235157228
5936 1.1135499861859546
5937 1.1167521059527366
5938 1.1184318485708162
5939 1.1139868663245838
5940 1.1173541505581834
5941 1.1330723287096036
5942 1.1434286030332155
5943 1.1420384738043512
5944 1.1297238588617406
5945 1.1285901789172235
5946 1.1387252844224494
5947 1.1414441704148228
5948 1.1435727273881529
5949 1.1463657501908018
5950 1.157755336218551
5951 1.170672972324723
5952 1.1758345425621284
5953 1.1788711290722103
5954 1.1840838245402194
5955 1.1977845168336665
5956 1.2132684613484008
5957 1.2428534376007965
5958 1.2641651536060219
5959 1.2810241168908418
5960 1.2885388019854058
5961 1.2813833641229961
5962 1.272808631410664
5963 1.2499448055380138
5964 1.233897114255064
5965 1.2262087415388778
5966 1.2104227154942788
5967 1.2027806419272997
5968 1.197233004202511
5969 1.194357644754313
5970 1.197447282466839
5971 1.2019705924035993
5972 1.2077667835596066
5973 1.2039936775068318
5974 1.1864317623281717
5975 1.1874596929129748
5976 1.2083884879512237
5977 1.2273198323965495
5978 1.2368791668367867
5979 1.2402163459859656
5980 1.2384090900963176
5981 1.2363831040984148
5982 1.242208375798015
5983 1.2635001323774682
5984 1.2795125352351526
5985 1.2917078216672366
5986 1.3013290520104097
5987 1.3091913309874634
5988 1.3165729139978115
5989 1.320744328094918
5990 1.3157176529296863
5991 1.3067453566751046
5992 1.284784428155585
5993 1.2803029815273024
5994 1.289678231007921
5995 1.3049868300987604
5996 1.325477446868071
5997 1.347827080178148
5998 1.3588954080627187
5999 1.370115211127821
