#frame I
5000 2.6507727101402265
5001 2.645683370810095
5002 2.5866887833345347
5003 2.558839940761902
5004 2.557090562677284
5005 2.5666301264599727
5006 2.585384939582014
5007 2.6204399761941115
5008 2.6622116849183937
5009 2.6852767027972186
5010 2.6797993121481185
5011 2.646776027252106
5012 2.602955303284206
5013 2.5748332430865526
5014 2.543323322735405
5015 2.50786617346003
5016 2.476309266543807
5017 2.43618055334642
5018 2.3930125339099
5019 2.3662130107876407
5020 2.3416796255162784
5021 2.341350265896656
5022 2.363388223411881
5023 2.4131724200957327
5024 2.433165907586001
5025 2.4460013475928877
5026 2.477435605565493
5027 2.4836149639437943
5028 2.4625187411502814
5029 2.458049998593429
5030 2.4791430731587067
5031 2.502274834192154
5032 2.567963975457646
5033 2.6585440298610283
5034 2.7587916632199163
5035 2.8412878810749986
5036 2.8954237766992508
5037 2.933451865201393
5038 2.9282579185897064
5039 2.9229487492495796
5040 2.933526273979615
5041 2.9352242179177974
5042 2.9240564449224835
5043 2.920490418489739
5044 2.931611729112326
5045 2.937305804573972
5046 2.9607172818118896
5047 2.999301735160998
5048 3.0505788334117834
5049 3.080106399485683
5050 3.0733758582628634
5051 3.0560000319881473
5052 3.0384224608479853
5053 3.002053553590213
5054 2.9852298679483664
5055 2.9768161452207282
5056 2.981927789334114
5057 3.007171819537418
5058 2.997572539245368
5059 2.970489703011645
5060 2.9670245263245425
5061 2.955883424362175
5062 2.944074624402862
5063 2.9184460521529867
5064 2.848505347536548
5065 2.7777881185865057
5066 2.70252289563064
5067 2.6499447764077613
5068 2.6375387699675814
5069 2.660117651478317
5070 2.7067072650210875
5071 2.7729052430283834
5072 2.847145134465101
5073 2.942142477698264
5074 3.008413349731315
5075 3.011523372933703
5076 3.007655218742549
5077 3.0539783982834026
5078 3.1044678387184126
5079 3.1315712064202366
5080 3.1201010406876892
5081 3.0524788245895333
5082 2.9900388251176215
5083 2.9640246750753887
5084 2.948631952745034
5085 2.919373209868042
5086 2.9015945944508803
5087 2.903340374601094
5088 2.9418030849752608
5089 2.9684109780110215
5090 3.0261967122484097
5091 3.1202883208831227
5092 3.2164800341972746
5093 3.2937578096544073
5094 3.3401258560172122
5095 3.306687236519159
5096 3.2362241195904797
5097 3.1319480160837743
5098 3.044119593942651
5099 2.993021132467767
5100 2.9657145231810533
5101 2.8979049256969263
5102 2.785566105570478
5103 2.69629068636666
5104 2.6481708824033476
5105 2.644148234567636
5106 2.641991462566422
5107 2.595935611275114
5108 2.5992158424819602
5109 2.6176845336827075
5110 2.5829751641849854
5111 2.537967195471383
5112 2.499843334924653
5113 2.5057741004425886
5114 2.5339423943804085
5115 2.5795230947277568
5116 2.5980096830640913
5117 2.609683439060988
5118 2.611878300594901
5119 2.6041824636302895
5120 2.5884282677825845
5121 2.5803070719611463
5122 2.6021044260114627
5123 2.601174153844481
5124 2.569545898353941
5125 2.551861190200588
5126 2.5516524045764895
5127 2.5689011598465075
5128 2.586719550419369
5129 2.620881691807048
5130 2.6668336882909425
5131 2.6837348852983216
5132 2.689389314443407
5133 2.6990941916561706
5134 2.708845023250242
5135 2.7189992326045034
5136 2.7464034804581505
5137 2.7653121511136556
5138 2.7897035559885173
5139 2.862423384391371
5140 2.920190500443648
5141 2.9893939301715244
5142 3.015350652960234
5143 3.0211970504105676
5144 3.0002158807103685
5145 3.0005382697752383
5146 2.994956607687646
5147 2.9849530026083806
5148 2.963423579600602
5149 2.967745533117868
5150 2.990087658405579
5151 3.0108631498058513
5152 3.012720134347813
5153 3.0499498630625053
5154 3.1138704361746754
5155 3.18439616602549
5156 3.2435302470045637
5157 3.272719691051721
5158 3.3108182897065404
5159 3.362557847180348
5160 3.421006854320598
5161 3.436733019329877
5162 3.426732822082355
5163 3.418647150428071
5164 3.444766440095648
5165 3.4859235937818744
5166 3.5524562439936465
5167 3.543869451935288
5168 3.4709022168628554
5169 3.4415167073754622
5170 3.3879891088647045
5171 3.3264739464998216
5172 3.286519653872828
5173 3.28359661162891
5174 3.297726303863274
5175 3.2702332233071627
5176 3.2115064434262504
5177 3.144280385006236
5178 3.0878319155552405
5179 3.101725165312888
5180 3.1134034831732973
5181 3.118325929757386
5182 3.038213824800461
5183 2.93567580592814
5184 2.865939703366592
5185 2.7894378587359894
5186 2.7329524306735453
5187 2.6974274394349456
5188 2.6917330101647385
5189 2.6658864472963595
5190 2.629913269651536
5191 2.5954694623295764
5192 2.559768416962895
5193 2.5445177646210113
5194 2.5792567820726275
5195 2.6291165377235863
5196 2.710974830858743
5197 2.7921059235275805
5198 2.823358309230453
5199 2.8231105403877716
5200 2.7994716344264376
5201 2.808408190064383
5202 2.810190615081889
5203 2.8143732116304365
5204 2.8091972667610405
5205 2.805583841584171
5206 2.7930495691517425
5207 2.7614111963697785
5208 2.736391165592915
5209 2.6962199903657447
5210 2.6652283445048677
5211 2.613226966494475
5212 2.589058104423395
5213 2.575439676523703
5214 2.5627871196196965
5215 2.541423564637247
5216 2.523960366719394
5217 2.531771851297268
5218 2.538470191865228
5219 2.550416439945193
5220 2.546495609797639
5221 2.5423501446207952
5222 2.53557834012163
5223 2.563890966492647
5224 2.6072254431823145
5225 2.606447417436633
5226 2.5991089562809644
5227 2.6071838667843727
5228 2.5701867232196283
5229 2.522238026464899
5230 2.4959374082473613
5231 2.48428500547106
5232 2.468319771363754
5233 2.490643610897199
5234 2.530940649608106
5235 2.5867189413464304
5236 2.6483199212324564
5237 2.704271846492371
5238 2.717019751921881
5239 2.681688231437876
5240 2.634935093091451
5241 2.548098640182191
5242 2.495378788997909
5243 2.4850513612457883
5244 2.472885517390128
5245 2.4605064329409765
5246 2.45304752785873
5247 2.481551699620819
5248 2.5324285722600983
5249 2.6195152069843286
5250 2.7213563652911654
5251 2.815132578177813
5252 2.8486388785622387
5253 2.851497545362673
5254 2.8447034879275943
5255 2.863877731792771
5256 2.8777352318196168
5257 2.8895397483940486
5258 2.8765061299893944
5259 2.8544167131667884
5260 2.8089142114093284
5261 2.74169950999185
5262 2.6617539447753007
5263 2.58883870916957
5264 2.518586371516603
5265 2.465503679619072
5266 2.430491654550663
5267 2.4095083851935
5268 2.404334821569849
5269 2.4178250440460123
5270 2.401984104323158
5271 2.3885728432452824
5272 2.386322827400193
5273 2.3591338760423075
5274 2.340688379591616
5275 2.3610001095681343
5276 2.3801214133467106
5277 2.3867084960662575
5278 2.3827779009081396
5279 2.3931450586354406
5280 2.421261245392822
5281 2.441843506470113
5282 2.423923146316288
5283 2.4065194460717256
5284 2.4057814000603246
5285 2.440655873198609
5286 2.4855750626358084
5287 2.5196057190363774
5288 2.526201115245618
5289 2.5251846281719654
5290 2.5190189936042895
5291 2.522012639114893
5292 2.4862631736122482
5293 2.465131906101032
5294 2.439391107727448
5295 2.46224745545404
5296 2.498212882242694
5297 2.5302162367216643
5298 2.5780742397004466
5299 2.587091020209041
5300 2.609146548927634
5301 2.6663990297075233
5302 2.719770332717383
5303 2.734377219182516
5304 2.7348227519563815
5305 2.7379144697421736
5306 2.731778249007775
5307 2.7355570877281337
5308 2.7330362680670603
5309 2.777998256792597
5310 2.8311102227782894
5311 2.825801993236277
5312 2.768148527314635
5313 2.752255594840989
5314 2.7805785742130387
5315 2.7957271532269687
5316 2.8220264518782194
5317 2.866110897522183
5318 2.914149180061198
5319 2.9506665669290593
5320 2.953915490646006
5321 2.9644939757446656
5322 2.9928186456097943
5323 3.0262090802811885
5324 3.051086809368479
5325 3.068905393928375
5326 3.0783092831597303
5327 3.0679285661059343
5328 3.048526349270589
5329 2.99808583548894
5330 2.9399712508018783
5331 2.91627371626943
5332 2.9077619434363884
5333 2.919001790483961
5334 2.9199836989506145
5335 2.899926553191914
5336 2.8841314972138274
5337 2.8816850436891412
5338 2.85870817450186
5339 2.7980795827377967
5340 2.767905735222425
5341 2.7570634131946803
5342 2.743701549131724
5343 2.7306965167005663
5344 2.708187380391513
5345 2.6970033364787835
5346 2.6963304161559676
5347 2.6798385335618033
5348 2.6924120514291294
5349 2.7352901826734595
5350 2.733486264027667
5351 2.6859396108579787
5352 2.6652515926445175
5353 2.6732505894884393
5354 2.692945871125542
5355 2.7157997134204788
5356 2.7516769567344586
5357 2.794889615477183
5358 2.7700528814057113
5359 2.7263344275919623
5360 2.670480204360346
5361 2.6323076149728353
5362 2.638997540361496
5363 2.662803837489477
5364 2.6909897599762034
5365 2.702320823110922
5366 2.7059495638018016
5367 2.6861462245193137
5368 2.6682744485551284
5369 2.678685625859045
5370 2.7116659302156285
5371 2.7465755370168843
5372 2.766344178922995
5373 2.819936149649137
5374 2.875751341842284
5375 2.9088693120667006
5376 2.951272218972225
5377 3.0015835980434677
5378 3.0682325857865513
5379 3.1243111941178983
5380 3.161907059685406
5381 3.169996675197447
5382 3.161515904970121
5383 3.14495638231848
5384 3.12953225598183
5385 3.1141427345135426
5386 3.0769124462138775
5387 3.0415696828619403
5388 3.007579190366109
5389 2.9739416690076195
5390 2.9304839973360735
5391 2.877308770639234
5392 2.826981124387888
5393 2.7708347402727234
5394 2.719190177073287
5395 2.6842463582987293
5396 2.637690191479211
5397 2.60961260074541
5398 2.5756461967100117
5399 2.5706490735472083
5400 2.6142879494082405
5401 2.67936012154642
5402 2.7330873361836714
5403 2.717579879475566
5404 2.7379084977690282
5405 2.7684895392521867
5406 2.783636309664812
5407 2.7736118242984915
5408 2.7352848662085676
5409 2.709967110110843
5410 2.703304055809799
5411 2.697568590719396
5412 2.6834995459904345
5413 2.6700350542449263
5414 2.6308047713278664
5415 2.6023569766568753
5416 2.561921451195225
5417 2.546830962864083
5418 2.5433211628180836
5419 2.5441037124425003
5420 2.5226336343836215
5421 2.4913300458554057
5422 2.4774447615115065
5423 2.4831815496778913
5424 2.4614189369215307
5425 2.4292592359678262
5426 2.4012402319536506
5427 2.3669204651232527
5428 2.3471657124733643
5429 2.3584188879044454
5430 2.4014181823673035
5431 2.425929966748436
5432 2.43197415128986
5433 2.462252297222565
5434 2.49103410118164
5435 2.516729937781197
5436 2.5319857051854453
5437 2.5442405433064557
5438 2.5485924266870605
5439 2.5543206474071916
5440 2.5723485885624364
5441 2.583533298980718
5442 2.6261313230925065
5443 2.674368811633307
5444 2.7101137181087736
5445 2.7483964117660515
5446 2.7987310438062676
5447 2.846711831151962
5448 2.8451312605499406
5449 2.8324704154871796
5450 2.8267035864928527
5451 2.8075708330916407
5452 2.8254994278125474
5453 2.855627720628027
5454 2.848147871994905
5455 2.867421202847942
5456 2.9358156392762194
5457 2.9915913244285997
5458 2.9813467536771463
5459 2.9875061583204703
5460 2.979586215091723
5461 2.9669027741235454
5462 2.9111654159794274
5463 2.9055426382365988
5464 2.9012491339043778
5465 2.9137063171632485
5466 2.93722277027967
5467 2.987431642549011
5468 2.979270304413334
5469 2.9135606939425354
5470 2.8563963075847414
5471 2.822106994821105
5472 2.78537335174578
5473 2.747637491695221
5474 2.7328794131141865
5475 2.720085572814984
5476 2.687688460936162
5477 2.682099452981476
5478 2.683795643397623
5479 2.683780678582997
5480 2.703173411164225
5481 2.716016470145553
5482 2.720825713245085
5483 2.726508292493799
5484 2.7319119188283385
5485 2.7143078961162095
5486 2.6708489031141993
5487 2.6520901100764895
5488 2.608088928114698
5489 2.5701018212171465
5490 2.541303345694066
5491 2.543224254236195
5492 2.568763935835067
5493 2.6038382446771102
5494 2.620304112734187
5495 2.657999735970186
5496 2.71783807363369
5497 2.746800416943806
5498 2.735137823951839
5499 2.6941354955259986
5500 2.707306769498284
5501 2.7207709302711525
5502 2.6883097726908596
5503 2.678939231967616
5504 2.699904505194283
5505 2.6915890061908847
5506 2.660284757270994
5507 2.6434789458927637
5508 2.643336816435868
5509 2.645354688433148
5510 2.64708116742154
5511 2.631839151792601
5512 2.589896282746396
5513 2.582688891879585
5514 2.5743525570468866
5515 2.575065896059921
5516 2.5978129666362273
5517 2.6116406217795776
5518 2.6335732394548192
5519 2.660265541817874
5520 2.649574755461761
5521 2.620757694292594
5522 2.6140899317250783
5523 2.5888913786287153
5524 2.5533857384841165
5525 2.55036729523312
5526 2.552908999992559
5527 2.530907317554264
5528 2.480144965277406
5529 2.4717379972502216
5530 2.511488814008721
5531 2.5586753116631598
5532 2.594649668326228
5533 2.6072865166747903
5534 2.628788874558717
5535 2.6428406326738925
5536 2.591396948436188
5537 2.5211113570078907
5538 2.4894614088610987
5539 2.473749054649499
5540 2.4697879287420585
5541 2.4627752094538935
5542 2.465624034493333
5543 2.491861215815591
5544 2.5086623247705067
5545 2.564080699353852
5546 2.650859026143255
5547 2.689362811305028
5548 2.7154787558900875
5549 2.7397748670455737
5550 2.772159157994708
5551 2.763974382989279
5552 2.7350016052425556
5553 2.7284056364471474
5554 2.749689363485593
5555 2.759593296432784
5556 2.779587107063896
5557 2.808322341843564
5558 2.853230511116712
5559 2.8837273126679905
5560 2.87723734732298
5561 2.8550482024351345
5562 2.7980071462513605
5563 2.742589143444262
5564 2.714597448022855
5565 2.716153889258801
5566 2.7093613354146835
5567 2.7237052991717343
5568 2.7556075819095818
5569 2.7850196101293236
5570 2.8308517780494937
5571 2.8993061925480514
5572 2.9045835109728926
5573 2.911088736309255
5574 2.88237811362642
5575 2.802342996504678
5576 2.733485697525038
5577 2.7169467642750957
5578 2.7112480119000177
5579 2.71343399008139
5580 2.678978685295568
5581 2.6281093755740095
5582 2.598086743883263
5583 2.60113252311314
5584 2.6036786727289445
5585 2.5537259868922018
5586 2.5215431799117054
5587 2.4742736757102115
5588 2.429956462330305
5589 2.4497017628910047
5590 2.456708106325283
5591 2.444265539044133
5592 2.427766540759211
5593 2.4255942577426293
5594 2.4082018566366417
5595 2.3669221260055107
5596 2.3007080599325453
5597 2.2207322797330042
5598 2.176203208044003
5599 2.12619478331454
5600 2.1161865360795296
5601 2.1333112698041465
5602 2.144365029751895
5603 2.1510671767704403
5604 2.142798971377976
5605 2.1938653862146977
5606 2.288258729786307
5607 2.3788250652598077
5608 2.434919362897211
5609 2.463587673504439
5610 2.448464558851302
5611 2.438725886949679
5612 2.3991401717582392
5613 2.351375527851339
5614 2.326118216517926
5615 2.328447419412534
5616 2.3642352280875687
5617 2.308385269378753
5618 2.2419570783903624
5619 2.221148447777314
5620 2.228323917252954
5621 2.2333101278622443
5622 2.2374055234051076
5623 2.241818904596458
5624 2.259191626864495
5625 2.2895085170167335
5626 2.3396964105185916
5627 2.374571243264205
5628 2.380061923362272
5629 2.41320534720157
5630 2.4463657783163795
5631 2.4754192798858226
5632 2.5065205527863657
5633 2.542862112653085
5634 2.5599927792004364
5635 2.516769365102369
5636 2.442843436390251
5637 2.390235051892826
5638 2.3498100394606
5639 2.2997211736961045
5640 2.2625200121838764
5641 2.2559740117324343
5642 2.24558307484579
5643 2.211870121875048
5644 2.1910730664490217
5645 2.1762488138116938
5646 2.1500282610323027
5647 2.1318846300789813
5648 2.125570052311245
5649 2.121118065812484
5650 2.1006254044494788
5651 2.0852803097691273
5652 2.0721297019652636
5653 2.052358359674226
5654 2.0314238994283746
5655 2.0127088476217407
5656 2.010735185433854
5657 1.9714126135682424
5658 1.9287005530609993
5659 1.8919203921153622
5660 1.846605996674258
5661 1.838677001661269
5662 1.8287165539572208
5663 1.837494999008544
5664 1.87616743521729
5665 1.929914745418992
5666 1.9886388949309637
5667 2.0026074640987135
5668 2.000904871288207
5669 1.9843908967055077
5670 2.020991699686106
5671 2.0663345342604535
5672 2.062304740618177
5673 2.044639049549054
5674 2.0218247876359943
5675 1.9899363231791454
5676 1.9818986546863622
5677 2.0125028183697147
5678 2.010017058418148
5679 1.983428236057234
5680 1.9889403366596519
5681 2.0082724613558587
5682 2.01427059353966
5683 2.059613431049585
5684 2.123171777113645
5685 2.1685829395138465
5686 2.1980139178309224
5687 2.232717974757716
5688 2.2899001096536127
5689 2.342328554264823
5690 2.3889040871776026
5691 2.420634818026363
5692 2.422403642867362
5693 2.442205297281751
5694 2.469365284051111
5695 2.500476622069787
5696 2.499672806925072
5697 2.487114324238822
5698 2.4835995019065282
5699 2.435215196617359
5700 2.3665275939612673
5701 2.268438375861891
5702 2.18407091818148
5703 2.0968654685820685
5704 2.0417778337654204
5705 1.981631721622679
5706 1.9445833837213855
5707 1.9411953842297307
5708 1.9619991358587148
5709 1.9793592661912203
5710 1.939096707763793
5711 1.9095094388244511
5712 1.8930654232661202
5713 1.8724081127105259
5714 1.8430534627819326
5715 1.8070282478490973
5716 1.7658699551327477
5717 1.742524318313296
5718 1.739940318630983
5719 1.7351500271384097
5720 1.724423281615754
5721 1.705761817763247
5722 1.679597986459631
5723 1.6494842274062147
5724 1.630646695829278
5725 1.615481869711803
5726 1.6145487848194715
5727 1.6179558602647934
5728 1.5889071911449562
5729 1.542650888519276
5730 1.4999045620908866
5731 1.491895040713283
5732 1.509950978014144
5733 1.5716644303262817
5734 1.6531822493099333
5735 1.7319103900705954
5736 1.8287527077751011
5737 1.854702265433045
5738 1.8600144074348248
5739 1.8726049026418867
5740 1.8837052145274071
5741 1.906247354924441
5742 1.900951801526053
5743 1.8844789283930705
5744 1.8813715576783567
5745 1.9027211170069998
5746 1.9343973094804874
5747 1.9583572909804434
5748 1.9903614812392432
5749 2.020145929152119
5750 1.986362293902867
5751 2.017441194329108
5752 2.0932073250788528
5753 2.0939578012340494
5754 2.049975593136477
5755 2.010854115072707
5756 1.982202148231584
5757 1.9748293562789476
5758 1.985674037701291
5759 2.0008473512751337
5760 1.9988782839109427
5761 1.970074524345347
5762 1.9368242633576995
5763 1.921302564583973
5764 1.9030623678690588
5765 1.877778941909346
5766 1.8640370900333671
5767 1.8505246346279491
5768 1.8270713517811041
5769 1.7981803253024475
5770 1.7798720143050994
5771 1.771695955438729
5772 1.7637271867868372
5773 1.759448579304732
5774 1.7448943838332454
5775 1.7267765478723844
5776 1.698948379620614
5777 1.6867915949728516
5778 1.67377971490045
5779 1.6581307469427489
5780 1.6617363460799537
5781 1.676608877503692
5782 1.682579860301959
5783 1.6870197992529279
5784 1.7003061466989187
5785 1.691754504672182
5786 1.6928300927208522
5787 1.7060477680333583
5788 1.7305993814108789
5789 1.777408484890815
5790 1.7987604122605454
5791 1.8081512563063604
5792 1.8138773965155073
5793 1.8408206626252768
5794 1.8788622763376763
5795 1.8630029372125139
5796 1.826089549314036
5797 1.7900456483292502
5798 1.7392274806539938
5799 1.6807900453199358
5800 1.6440218531669457
5801 1.6283341585954392
5802 1.6329219646386206
5803 1.6344084263514533
5804 1.6357635772266912
5805 1.626200445656068
5806 1.608052905439861
5807 1.6059349527398252
5808 1.5791383652446256
5809 1.5267971501116797
5810 1.518647053346524
5811 1.5417380663053173
5812 1.5813194922579916
5813 1.6225390035646978
5814 1.642028170595809
5815 1.6259428378482377
5816 1.6117657788789959
5817 1.5929860462242633
5818 1.584658120509066
5819 1.5651525553697114
5820 1.5429972258717866
5821 1.527501904103867
5822 1.532708079268255
5823 1.5399914906439818
5824 1.549752103075095
5825 1.580299286652528
5826 1.6009062912049992
5827 1.6075809590560688
5828 1.6016363492551617
5829 1.5898451692871467
5830 1.591317277751606
5831 1.5960196811280734
5832 1.5902448308505261
5833 1.5850127336176671
5834 1.6008103629521924
5835 1.628083216949529
5836 1.6453462227498528
5837 1.6376460246632527
5838 1.6352146238398626
5839 1.6675957347498704
5840 1.7016225426254115
5841 1.7142951249270486
5842 1.7426021661227895
5843 1.760725803514304
5844 1.7582078500149207
5845 1.7641574523106711
5846 1.7673935834567298
5847 1.7984504654408264
5848 1.848176105815514
5849 1.878421583055992
5850 1.889865304812667
5851 1.8812978729643948
5852 1.8646932470851014
5853 1.8441727340404055
5854 1.8292798712056932
5855 1.8159758657525589
5856 1.8231785726222294
5857 1.856126551654242
5858 1.8765900589238078
5859 1.8706467622886953
5860 1.8645907534659962
5861 1.8443760310359698
5862 1.8284803339661146
5863 1.8193857224230308
5864 1.8076229065154945
5865 1.807171966556013
5866 1.816600252087397
5867 1.8159007629948858
5868 1.7959306014944036
5869 1.7795742359733588
5870 1.7657218184926817
5871 1.7521759832721457
5872 1.7467804177863226
5873 1.7400071544538092
5874 1.7379260649881083
5875 1.7418341481467632
5876 1.7509941680050938
5877 1.754728147803739
5878 1.7482516313319527
5879 1.7581443088373954
5880 1.778390940215772
5881 1.8049803595091463
5882 1.82284430028501
5883 1.8157947135517538
5884 1.8070911068355742
5885 1.7818958846521389
5886 1.7621557112025854
5887 1.759847325823612
5888 1.765320623248097
5889 1.7782907124055056
5890 1.8096415234381784
5891 1.8322969669502027
5892 1.813795451391851
5893 1.7915672828618912
5894 1.7696765659538198
5895 1.7445581090743079
5896 1.710219994667711
5897 1.6863648474001613
5898 1.6746404058884508
5899 1.6834664184393224
5900 1.6792564194893589
5901 1.6524908622532648
5902 1.6186979658703886
5903 1.5888734698256508
5904 1.577036501840271
5905 1.590832980399961
5906 1.6211176099724354
5907 1.665435270148527
5908 1.692448625821015
5909 1.7180489128432608
5910 1.7159330918786817
5911 1.7081662913611058
5912 1.765004056146084
5913 1.8135602388389371
5914 1.8092734720983201
5915 1.7761285970310796
5916 1.729781442024775
5917 1.706021918354219
5918 1.704615051857215
5919 1.6798159368756604
5920 1.6775673687556378
5921 1.7508196070438353
5922 1.8381323159678362
5923 1.871853907827799
5924 1.8343979479382457
5925 1.7479897037452146
5926 1.6834354014346473
5927 1.6392251181188826
5928 1.620725092839811
5929 1.6113292091276965
5930 1.5709409288969967
5931 1.551342530387447
5932 1.5403112019312772
5933 1.5368134657158996
5934 1.5358137465352466
5935 1.5692041383140627
5936 1.6162318492798022
5937 1.6427462135322977
5938 1.6440215645813998
5939 1.5870515909369194
5940 1.5598974789105347
5941 1.5479205023730604
5942 1.5339516217333726
5943 1.5125194146351073
5944 1.4907454946140704
5945 1.4889348746746542
5946 1.5044678513545668
5947 1.5473108596662206
5948 1.530968275101828
5949 1.5015657914996752
5950 1.4855339273668113
5951 1.4782582742874586
5952 1.4870938245227123
5953 1.5173612259146168
5954 1.5299650500374182
5955 1.5137255745661593
5956 1.490457493929654
5957 1.4662998821085227
5958 1.4696341650190299
5959 1.486720190007973
5960 1.5099581770313582
5961 1.5500143411481615
5962 1.5827864729113705
5963 1.5980512420858108
5964 1.636977796154271
5965 1.669192311654627
5966 1.7020643011803933
5967 1.7222177481165784
5968 1.7841700149912079
5969 1.8437701905017325
5970 1.8648660875342116
5971 1.9005574430042529
5972 1.9692504559826465
5973 2.041529131066529
5974 2.068224883102128
5975 2.0846459834615843
5976 2.129674119071623
5977 2.17089170500177
5978 2.1446708061902173
5979 2.101065417455391
5980 2.070556272174722
5981 2.022174950392947
5982 1.9895105023676185
5983 1.946099519972466
5984 1.9233874573202625
5985 1.926404374645438
5986 1.9528454157709385
5987 1.9822796200783972
5988 1.9697581573495102
5989 1.9283574585886942
5990 1.912726295226017
5991 1.8867750330572512
5992 1.8747440871149486
5993 1.8636387121449387
5994 1.827925280057198
5995 1.7992512905410476
5996 1.791897094719737
5997 1.7887195508271134
5998 1.7831805176268356
5999 1.7740027798407525
