#frame I
5000 2.605116538402898
5001 2.5932329422336937
5002 2.529264036576944
5003 2.499178435631418
5004 2.5216971593229633
5005 2.5570501634197904
5006 2.601075116774127
5007 2.650103374304732
5008 2.6955705192893062
5009 2.725998503779413
5010 2.7265858188187155
5011 2.700776713421858
5012 2.6696956787471837
5013 2.6481434445629817
5014 2.6115009559876134
5015 2.568815576161723
5016 2.5293936196814513
5017 2.478253223487486
5018 2.4352704805804115
5019 2.4108725765135874
5020 2.3889186100537416
5021 2.38268219038981
5022 2.3903732023511015
5023 2.4155873311846223
5024 2.4404720158645623
5025 2.4610142580131638
5026 2.4862998897221744
5027 2.493353479841848
5028 2.4784687312392517
5029 2.4762773111446426
5030 2.4873992716452027
5031 2.5045055649137944
5032 2.5483256635557923
5033 2.6077854517884447
5034 2.6708636959778773
5035 2.741663373100204
5036 2.797432240183037
5037 2.8562351493957183
5038 2.8897302803554603
5039 2.9059225610399264
5040 2.922375382725761
5041 2.919413116762671
5042 2.917786326815221
5043 2.924747407686307
5044 2.930961020568306
5045 2.9355948265391913
5046 2.949554922341169
5047 2.981252427611273
5048 3.038889617624699
5049 3.0767023367102624
5050 3.072837378263533
5051 3.0534951477878605
5052 3.0353475863096215
5053 2.9973363548444087
5054 2.972133943095321
5055 2.956363905251369
5056 2.9490005291027614
5057 2.9580347856598164
5058 2.9515303609375647
5059 2.9438950187299566
5060 2.9424609056665494
5061 2.9271715407492627
5062 2.897771643654959
5063 2.8583845755296386
5064 2.8039506777978676
5065 2.7616590851812535
5066 2.7018015939921454
5067 2.646730725133012
5068 2.627467250805499
5069 2.6360312450249412
5070 2.658891596497014
5071 2.7023542378465213
5072 2.7546076724484068
5073 2.820846401285328
5074 2.87860039659653
5075 2.9013943941847407
5076 2.9140083435562647
5077 2.9451945694278465
5078 2.974264562456475
5079 2.9913212927584243
5080 2.9849479292387935
5081 2.9454959884705816
5082 2.9067695501017785
5083 2.8993356702415505
5084 2.90992487587522
5085 2.9055870800468906
5086 2.897159619218991
5087 2.8960926982107082
5088 2.911122238461678
5089 2.9302126160350648
5090 2.9774487639244795
5091 3.04662822409064
5092 3.112516115263215
5093 3.1715135630964157
5094 3.2111451430511253
5095 3.2246863323523556
5096 3.211484940091331
5097 3.170135445210639
5098 3.1168904514292883
5099 3.0862376060123764
5100 3.0552382494785366
5101 2.9946002823354876
5102 2.9009083290120623
5103 2.811880946787328
5104 2.748721047444772
5105 2.720102015408554
5106 2.699713389506614
5107 2.6599343901601014
5108 2.6440669838127437
5109 2.636751264113381
5110 2.618290088652931
5111 2.6065767769761665
5112 2.593577344687851
5113 2.6032231775690247
5114 2.619746362725758
5115 2.6275155320567416
5116 2.6175074686582795
5117 2.6015032311975186
5118 2.5864067057231392
5119 2.573508305733002
5120 2.554687887846587
5121 2.542808567066019
5122 2.539515379555444
5123 2.5283338803555946
5124 2.531872551279538
5125 2.549476650327136
5126 2.567241392402966
5127 2.5847536662327215
5128 2.59708250448728
5129 2.6176382387925976
5130 2.653398355442526
5131 2.671777506584949
5132 2.6912850848617857
5133 2.715005126129368
5134 2.733770721352537
5135 2.758150673045227
5136 2.804162784247859
5137 2.8410289984270527
5138 2.8804840716138758
5139 2.9572253091176552
5140 3.003664063758766
5141 3.0423149062635506
5142 3.066455504397799
5143 3.0746063772498085
5144 3.050375018634501
5145 3.0399793311090266
5146 3.0245724823891154
5147 3.005232347391378
5148 2.961774387739989
5149 2.9257563657947507
5150 2.917325949624133
5151 2.920176921200292
5152 2.9189590427059335
5153 2.924285999086348
5154 2.946662266539376
5155 2.999981010900797
5156 3.0626091799200656
5157 3.096947530966298
5158 3.123573938690462
5159 3.1596110947626106
5160 3.201359082239104
5161 3.2186339734463534
5162 3.2151448512672984
5163 3.222365034474249
5164 3.2467274021484607
5165 3.2734250157837312
5166 3.3245507527225384
5167 3.346614576027788
5168 3.3259556997196578
5169 3.3141498197129997
5170 3.3124631921222347
5171 3.3079788309397364
5172 3.3201571630279574
5173 3.349710704155049
5174 3.391623704867416
5175 3.3875750141138328
5176 3.345533206044349
5177 3.2893329417930657
5178 3.240781044832039
5179 3.2316080928477926
5180 3.2120578572887517
5181 3.187495126935396
5182 3.111036995063171
5183 3.005165796159947
5184 2.92299303758329
5185 2.8401335294406156
5186 2.7623780991204523
5187 2.70590826252325
5188 2.6763217247260784
5189 2.6376775618117745
5190 2.6155676974492468
5191 2.6034043616726055
5192 2.5929254086226443
5193 2.5940079140639023
5194 2.610968812974147
5195 2.6307185088684126
5196 2.658098586138224
5197 2.686115205442291
5198 2.6988217104834256
5199 2.6874239281942045
5200 2.644639898364571
5201 2.6374873270983907
5202 2.635146750699864
5203 2.617078015321789
5204 2.603300189276834
5205 2.6176550884907948
5206 2.625048587194149
5207 2.61319587396117
5208 2.598286163646907
5209 2.5818263234360685
5210 2.566226150144335
5211 2.535540187501863
5212 2.521597158912068
5213 2.505684765256192
5214 2.492638477858974
5215 2.481340608152994
5216 2.4705696054305015
5217 2.47977779191191
5218 2.486919376738574
5219 2.491760834303063
5220 2.4783581098382506
5221 2.4646737597048447
5222 2.449884062370827
5223 2.4617378395645977
5224 2.481816093445936
5225 2.4642269896903612
5226 2.451437772772001
5227 2.4486638595834065
5228 2.430642899398546
5229 2.4011530429145718
5230 2.398486814506157
5231 2.4069203766585425
5232 2.4005596158693163
5233 2.4220467325041297
5234 2.455730470612395
5235 2.4938096203855573
5236 2.542771158905972
5237 2.583051528016636
5238 2.591530341628585
5239 2.567341768112946
5240 2.525224752633159
5241 2.479026206433588
5242 2.452899216559553
5243 2.432396249281517
5244 2.402749728003488
5245 2.387520345064034
5246 2.3848415462388908
5247 2.408298994552105
5248 2.4529833344220364
5249 2.5199561207861896
5250 2.5909464515534477
5251 2.666284001100508
5252 2.732703650609406
5253 2.796772013681596
5254 2.8518194126877945
5255 2.9237822429491263
5256 2.9816201264959434
5257 3.012479845220144
5258 2.9899804199797493
5259 2.933933210019108
5260 2.8636839949941115
5261 2.7943510953078095
5262 2.724400468074389
5263 2.670342841993958
5264 2.609651391975269
5265 2.56224165661495
5266 2.531430090909728
5267 2.5124100246965404
5268 2.495746664583064
5269 2.4874193067775043
5270 2.4603509927170255
5271 2.4286144735506614
5272 2.405537161630145
5273 2.3763299167946013
5274 2.3605277733436347
5275 2.365197066824874
5276 2.3730482718247257
5277 2.378924161311756
5278 2.3702661044517255
5279 2.3646087308598047
5280 2.3827493491721805
5281 2.398544540241542
5282 2.3836051708033943
5283 2.3650490321294897
5284 2.3495746095389998
5285 2.36385035369306
5286 2.384706184801755
5287 2.3870713922219293
5288 2.383071224096431
5289 2.378735569071452
5290 2.371972378696659
5291 2.3736967567257783
5292 2.3602039899668172
5293 2.362878118977506
5294 2.3663761333611726
5295 2.388401642458323
5296 2.412896662985273
5297 2.449965800970993
5298 2.4910033804507634
5299 2.507971126383753
5300 2.5361848958410724
5301 2.591693266902946
5302 2.651602311034166
5303 2.6762407137331232
5304 2.70103193040212
5305 2.73395019127709
5306 2.740320557890218
5307 2.7455810000062786
5308 2.743666875537832
5309 2.773874145305441
5310 2.8138240321998067
5311 2.8236125664501097
5312 2.8050459922338917
5313 2.8077793791696473
5314 2.8197774401924867
5315 2.816574455946602
5316 2.8283653321815083
5317 2.8553119122924695
5318 2.8849682127322955
5319 2.8967751553001966
5320 2.889403298075487
5321 2.8913866751872246
5322 2.902044915672665
5323 2.9279336032541274
5324 2.9596392566444405
5325 2.9941193278782903
5326 3.0160077937396936
5327 3.0315129323945533
5328 3.0315867598747013
5329 3.011183553066708
5330 2.975602127244027
5331 2.95990118877932
5332 2.9570776925396767
5333 2.948015333706473
5334 2.931103022805768
5335 2.8962846614443833
5336 2.867664242811067
5337 2.855253998581881
5338 2.8248926610149567
5339 2.766766346453723
5340 2.7270555547718565
5341 2.709136892228542
5342 2.6909680159060554
5343 2.684211135688706
5344 2.6614345252080054
5345 2.656780348313978
5346 2.670960765150434
5347 2.6703286522364755
5348 2.691872372316158
5349 2.7277982326690786
5350 2.7274591657551404
5351 2.7001813964426487
5352 2.6879533883557514
5353 2.694041239140466
5354 2.6906214393137127
5355 2.677848534309887
5356 2.690797031351392
5357 2.7068260020875385
5358 2.700880920966247
5359 2.668729711732611
5360 2.625172539685062
5361 2.600562361846794
5362 2.6181192261079222
5363 2.6412162092387277
5364 2.6571654453159805
5365 2.6678730446688554
5366 2.6765089372380237
5367 2.6739332861369234
5368 2.6735944243196
5369 2.6886459379040115
5370 2.724325838521422
5371 2.752383514717631
5372 2.770528015098618
5373 2.820867843126994
5374 2.8739044702279135
5375 2.9041082512345864
5376 2.927285093638723
5377 2.956921582883084
5378 3.004692652943232
5379 3.0501994251287026
5380 3.0776225465720004
5381 3.0864339845477873
5382 3.0907381449977698
5383 3.101837043321209
5384 3.114833707943948
5385 3.1225904329886407
5386 3.1111755155912793
5387 3.0977051070319552
5388 3.075406683977903
5389 3.050591897907147
5390 3.0241339865853543
5391 2.9812671675014055
5392 2.924605754032965
5393 2.8534400981016583
5394 2.790579504084027
5395 2.745518209919724
5396 2.695188489149032
5397 2.656912141882608
5398 2.608117436247764
5399 2.5733616524537166
5400 2.5698175664595286
5401 2.583783290686708
5402 2.595159663907429
5403 2.579557803068343
5404 2.603343672293003
5405 2.6481651767685888
5406 2.6830774858586564
5407 2.696314877104574
5408 2.688321279985843
5409 2.6813494533389237
5410 2.6818996691121177
5411 2.6759394096905362
5412 2.6483319730126373
5413 2.61694641503783
5414 2.5730506802908217
5415 2.531211245805752
5416 2.4812595473837766
5417 2.456273399408592
5418 2.450005053229409
5419 2.449839939113643
5420 2.4441521676661
5421 2.4309017179439953
5422 2.42704225001375
5423 2.432990345227035
5424 2.4199491139249116
5425 2.398741619005219
5426 2.3821697529146624
5427 2.3597315461902584
5428 2.351811803307129
5429 2.3637412870629646
5430 2.3997834753062977
5431 2.4226656204614105
5432 2.433579994378518
5433 2.444956680831054
5434 2.4508651433757827
5435 2.4743908428817405
5436 2.492129727072148
5437 2.507344146700851
5438 2.5210725793240134
5439 2.5302017465408664
5440 2.541513703511136
5441 2.552796858065196
5442 2.595952124741079
5443 2.6479386954089774
5444 2.678416793017968
5445 2.700929194092691
5446 2.747256234571206
5447 2.8000965286364936
5448 2.7997752957046105
5449 2.7916329076190523
5450 2.786052061812536
5451 2.756457025709181
5452 2.763953564859724
5453 2.7748096640220417
5454 2.7519087531737623
5455 2.736252866815846
5456 2.7592020031781095
5457 2.79933863873243
5458 2.8199751355004676
5459 2.8480212031827796
5460 2.8617536438659643
5461 2.864880723671226
5462 2.838157505504689
5463 2.853946859129863
5464 2.8713013569049095
5465 2.9009692003415335
5466 2.916717155449652
5467 2.9391757127150053
5468 2.9451983822523986
5469 2.919777924101959
5470 2.879193507615522
5471 2.8352370224725054
5472 2.7905208119410454
5473 2.7634579868060203
5474 2.7542287335491036
5475 2.7353724148691425
5476 2.7072875150250826
5477 2.695684788038559
5478 2.6857454385064035
5479 2.674384480385623
5480 2.6821139806063927
5481 2.6943664577495445
5482 2.6998978031551624
5483 2.709478565701968
5484 2.7026749279021978
5485 2.6700578725367783
5486 2.6247036304547042
5487 2.602576741096133
5488 2.5603212422952164
5489 2.511241013169009
5490 2.4826599310705246
5491 2.4734274532772793
5492 2.4776715347165563
5493 2.479774433511075
5494 2.476243583338643
5495 2.497343811738159
5496 2.531913765953562
5497 2.560567409523954
5498 2.565241665159887
5499 2.5468193829292023
5500 2.5484733101169286
5501 2.5389383367218983
5502 2.5188165240958567
5503 2.5359800393256866
5504 2.5848164373813876
5505 2.618628588321591
5506 2.630538783541429
5507 2.638546411048422
5508 2.6496930586480643
5509 2.6626463088161416
5510 2.6679715025979758
5511 2.6499123059603034
5512 2.6248262236033093
5513 2.6194292451363634
5514 2.597502469640214
5515 2.592679261787409
5516 2.61025967042408
5517 2.6084475654318604
5518 2.600635205719147
5519 2.6031144819923346
5520 2.59999810949976
5521 2.5996931511218393
5522 2.610300815741494
5523 2.599877562735108
5524 2.566864651879729
5525 2.5477240413091318
5526 2.534170731998151
5527 2.498595955920448
5528 2.4444444323546963
5529 2.420362688349611
5530 2.438747904367706
5531 2.4683372450709724
5532 2.5016988740889303
5533 2.5209539956643705
5534 2.5374044964050615
5535 2.549461213468477
5536 2.5285201254010774
5537 2.495405218310467
5538 2.4640739597213384
5539 2.448994637151527
5540 2.4498004677867677
5541 2.4460863389360745
5542 2.4496034493150365
5543 2.4588336928188763
5544 2.464301315901775
5545 2.4975225823673877
5546 2.547157852033684
5547 2.582351296600013
5548 2.642262433006197
5549 2.695997211262626
5550 2.7323719444007772
5551 2.731651041448404
5552 2.714758232226491
5553 2.7156831626127502
5554 2.733818961164459
5555 2.736373657219399
5556 2.7468386435272905
5557 2.7697225440281374
5558 2.813938574612966
5559 2.8575642330921514
5560 2.867395811813539
5561 2.8486789669062897
5562 2.8131612996548228
5563 2.7667630332528863
5564 2.7340213349018443
5565 2.7423562609005163
5566 2.7512906041369645
5567 2.768237091486373
5568 2.781447921980809
5569 2.7878786456754203
5570 2.8051222877197612
5571 2.8350211093054924
5572 2.827428177542716
5573 2.8332917717142294
5574 2.8197721779287153
5575 2.7722888592739814
5576 2.7203158313557974
5577 2.6871902691664484
5578 2.6485990224540368
5579 2.610146151181436
5580 2.550748570311142
5581 2.5094921860173103
5582 2.481555348135804
5583 2.4617271394563662
5584 2.4367142241481847
5585 2.433281235809163
5586 2.459893311603789
5587 2.4782348271665673
5588 2.474087619076816
5589 2.499033645952879
5590 2.4993466188514484
5591 2.4896646262062463
5592 2.459312778099167
5593 2.434477917994097
5594 2.393214595821825
5595 2.338238092909898
5596 2.288066451754768
5597 2.252006159229509
5598 2.218044124652678
5599 2.185418710694431
5600 2.16459638419938
5601 2.1600508999347428
5602 2.151976375911929
5603 2.1600495389447514
5604 2.164697466694614
5605 2.205983566865622
5606 2.2633160239411483
5607 2.2927784791913095
5608 2.2954491742154235
5609 2.3090311200749576
5610 2.308613804540187
5611 2.3159478940569787
5612 2.2935860104967967
5613 2.2496239691563495
5614 2.219480596721577
5615 2.2161110628565517
5616 2.2323728400486464
5617 2.2056476169555217
5618 2.173758982900065
5619 2.171130499866066
5620 2.193973945446008
5621 2.2130143247862
5622 2.207941208709903
5623 2.204975055374563
5624 2.2214137916473007
5625 2.2621867556605992
5626 2.3117766128713004
5627 2.3467132869930287
5628 2.3803868359423657
5629 2.421492522168859
5630 2.4456118381349796
5631 2.4648153336861607
5632 2.5049225127358743
5633 2.5514609039471168
5634 2.565579523210599
5635 2.53367038881005
5636 2.4821197676701687
5637 2.434546346336985
5638 2.394725313242882
5639 2.347455285219236
5640 2.3079414176858264
5641 2.2865212888600817
5642 2.2578497496701004
5643 2.209524705399879
5644 2.1734582571822463
5645 2.1459822304888734
5646 2.1202723585397125
5647 2.098445305655572
5648 2.0860558027008875
5649 2.0768478871581735
5650 2.0614627878418195
5651 2.048912863049481
5652 2.034863857391094
5653 2.0098293334313633
5654 1.98050785057255
5655 1.9486181499263517
5656 1.9361624594028681
5657 1.9084352690798785
5658 1.8807639491702963
5659 1.8490229194585517
5660 1.8156459764801092
5661 1.8155195926682712
5662 1.8206638907197747
5663 1.8294627078903123
5664 1.864107294111981
5665 1.9104672474905815
5666 1.9591910682420952
5667 1.9804299093066622
5668 1.9988088161642565
5669 2.010453803092973
5670 2.035968819631762
5671 2.0488180311002213
5672 2.045945355280056
5673 2.0313467485946473
5674 2.0367623620949424
5675 2.038442110985626
5676 2.0387675401365755
5677 2.0413082472635358
5678 2.0427556114060756
5679 2.050570682058731
5680 2.057831555639948
5681 2.071245067517388
5682 2.0958142479339963
5683 2.1445738893272024
5684 2.201362809602896
5685 2.239082143411915
5686 2.2795902759009037
5687 2.312568013240862
5688 2.321776605377038
5689 2.323796286716866
5690 2.3405449493054262
5691 2.3743666812390045
5692 2.407978493516116
5693 2.4404706215028
5694 2.4553751582352628
5695 2.458853899855587
5696 2.4293407800537277
5697 2.397774105777634
5698 2.3903677546170377
5699 2.350132129186148
5700 2.2944720771159646
5701 2.2062183557100568
5702 2.111250721992495
5703 2.020018911506767
5704 1.955462386081008
5705 1.8859569348759844
5706 1.837333914224581
5707 1.8168773806423604
5708 1.8147841254536414
5709 1.8182425817938426
5710 1.7778083192368173
5711 1.7449865633080148
5712 1.728704760565936
5713 1.710728312575514
5714 1.682050748740305
5715 1.64694316797664
5716 1.6164651405463912
5717 1.6003577982399975
5718 1.5997749527294751
5719 1.601908740447055
5720 1.6032355592427192
5721 1.6006596136660014
5722 1.5886064581554502
5723 1.5686476868064934
5724 1.5534503008412694
5725 1.5427067147404876
5726 1.5388856053870303
5727 1.5422164068534552
5728 1.541734734713025
5729 1.5427144662137846
5730 1.5448071796267577
5731 1.5503817103909034
5732 1.564411874073979
5733 1.5910385615456426
5734 1.6392780570660483
5735 1.6977839799564374
5736 1.7793010916898122
5737 1.850598726249488
5738 1.8789877119487777
5739 1.893268243277187
5740 1.902137090304104
5741 1.91233289982395
5742 1.9177881798254253
5743 1.919072015211832
5744 1.9189074291403745
5745 1.9318184507227227
5746 1.9454770000147095
5747 1.9571403034315917
5748 1.974239090394393
5749 1.9944496279167594
5750 1.9824175178941765
5751 1.9801309496193158
5752 1.9724150368778786
5753 1.9640610774405645
5754 1.961211481985429
5755 1.9616618732292228
5756 1.943649876503597
5757 1.9157173751733387
5758 1.885443111784899
5759 1.8616428243945888
5760 1.8435126536099444
5761 1.8323231753612441
5762 1.8249558138951116
5763 1.8208971420566822
5764 1.8240825530593359
5765 1.8253791282692966
5766 1.8283195239643992
5767 1.831546654389521
5768 1.8288749027222142
5769 1.8244854220484856
5770 1.8254549160093976
5771 1.8303084050149994
5772 1.8274527567355918
5773 1.8293371977603063
5774 1.8161441712698188
5775 1.7758485031906694
5776 1.727533876020429
5777 1.6976927892568197
5778 1.6756266352463922
5779 1.6602422640491772
5780 1.6598376960388006
5781 1.6680019472620913
5782 1.682726907286691
5783 1.6884412641922169
5784 1.6952841934234582
5785 1.6872189451037325
5786 1.6862754502847637
5787 1.6938323131985724
5788 1.7051804374349746
5789 1.7297456586777649
5790 1.7489503305086456
5791 1.7580225308583843
5792 1.756959105293389
5793 1.7660625173068678
5794 1.7791607417559512
5795 1.787616567345008
5796 1.7808082070154976
5797 1.754463251164167
5798 1.711700625839722
5799 1.6637698321005077
5800 1.6379563300643216
5801 1.6196972247841375
5802 1.615498712679792
5803 1.6245333419876922
5804 1.6217884411057157
5805 1.6171666565645821
5806 1.6008118680586791
5807 1.5722092286547162
5808 1.5300595789737814
5809 1.4910616326668098
5810 1.479505808075878
5811 1.4935659665241472
5812 1.5297778024784572
5813 1.5413421898814768
5814 1.5532032024174462
5815 1.5513474656167165
5816 1.548537788395871
5817 1.5359036006449316
5818 1.5228142204819768
5819 1.5192850811825651
5820 1.512295645792115
5821 1.494569583697858
5822 1.4870123374262314
5823 1.4836614034002191
5824 1.4821711400299105
5825 1.4845757781557132
5826 1.4864188621471883
5827 1.4871354780068495
5828 1.4897543950911307
5829 1.4892894540270532
5830 1.488781700446195
5831 1.4866349129803824
5832 1.4786078630104624
5833 1.4732581899075172
5834 1.4822748808953012
5835 1.4970846076707531
5836 1.5115154859651019
5837 1.5198183093955566
5838 1.5232182207377865
5839 1.534170724526239
5840 1.5505761049740892
5841 1.5792032819455013
5842 1.6192895404254155
5843 1.6383455612773608
5844 1.6391467500644963
5845 1.6552506148390616
5846 1.6792452225776018
5847 1.7016056701468474
5848 1.7401760034301863
5849 1.758234358678055
5850 1.7564870954880392
5851 1.7735887968905206
5852 1.790883020448307
5853 1.7960006490987008
5854 1.800392186486751
5855 1.7982284839355251
5856 1.798518870818119
5857 1.8078989911662096
5858 1.8136635939793186
5859 1.8034004334695837
5860 1.7871567467500202
5861 1.7723290791757107
5862 1.7629326220777086
5863 1.7486364156668521
5864 1.7312680937146712
5865 1.7137395643650044
5866 1.7016476562916079
5867 1.70591248462467
5868 1.7013235920215608
5869 1.707270374448019
5870 1.7233332836474162
5871 1.7358053718366262
5872 1.7536595493300862
5873 1.7692188964407727
5874 1.7836283705233729
5875 1.7973748824199587
5876 1.7952619666754763
5877 1.7954378790054726
5878 1.813930564232011
5879 1.8405403859287568
5880 1.8671693156619074
5881 1.8886274486734689
5882 1.8976901071666668
5883 1.8957598653779448
5884 1.9025790818235422
5885 1.8968268859557962
5886 1.888616652152295
5887 1.8736604494638809
5888 1.862889541156844
5889 1.8603010935696085
5890 1.8786897674525633
5891 1.897371597983654
5892 1.8933135520898083
5893 1.8764147333625745
5894 1.8562559190118475
5895 1.836127209431597
5896 1.813547833510643
5897 1.793767636769048
5898 1.7717321359332034
5899 1.7540202329389334
5900 1.7304910009024161
5901 1.6936783868266663
5902 1.660969694823307
5903 1.6372372151406762
5904 1.629079432086816
5905 1.6358315875998841
5906 1.6415761637422785
5907 1.6549069915026093
5908 1.6692314370072836
5909 1.6790191995733295
5910 1.6772277991735882
5911 1.6789909357356747
5912 1.711532103440473
5913 1.7378192933636702
5914 1.7412126728591808
5915 1.7298405965899704
5916 1.721534576893332
5917 1.7141496350156915
5918 1.7188757248258124
5919 1.7094585689933786
5920 1.7026842485429243
5921 1.7219950387377003
5922 1.752800684715771
5923 1.771290662413953
5924 1.774188234913846
5925 1.756759366524306
5926 1.727066936732475
5927 1.687281835971312
5928 1.6448844000115677
5929 1.6124411123304843
5930 1.5731432852733414
5931 1.5616999510452612
5932 1.560038572148152
5933 1.5690667376946292
5934 1.5750888090745476
5935 1.6016913900181446
5936 1.6375464263456676
5937 1.6447665685384567
5938 1.649647461093067
5939 1.6283160929670966
5940 1.6028169708980393
5941 1.5854255019700412
5942 1.5753544021152508
5943 1.554853029260193
5944 1.539152820139246
5945 1.528118637709406
5946 1.5256520731139716
5947 1.53556234381744
5948 1.5362632436509476
5949 1.532554393561249
5950 1.540588130408094
5951 1.550104166684132
5952 1.5743279503220673
5953 1.609587635385042
5954 1.6337096268739952
5955 1.641856978764708
5956 1.651708179157258
5957 1.6484465010310216
5958 1.6435433233433596
5959 1.6528257550869987
5960 1.666804442257272
5961 1.6794582480045206
5962 1.7017112032345485
5963 1.7167425574229949
5964 1.7333761502256835
5965 1.746827524633325
5966 1.7634158411371912
5967 1.7804404602051707
5968 1.8170010001031234
5969 1.8550997189509686
5970 1.8797058295717393
5971 1.8942852677224093
5972 1.9435318832305377
5973 1.9950804236533137
5974 2.0360248789891013
5975 2.076806776547777
5976 2.1260449752502213
5977 2.162305232119099
5978 2.1569735865752064
5979 2.1458474913682513
5980 2.140385254003314
5981 2.115933129154109
5982 2.096705949817936
5983 2.0770432925963345
5984 2.060427630339821
5985 2.038102198783055
5986 2.027245844974988
5987 2.016351704350705
5988 2.0042976663398018
5989 1.9794233169006155
5990 1.9725130439133631
5991 1.9453427421785185
5992 1.916034988301696
5993 1.8995088908341549
5994 1.8772773166353103
5995 1.8576520869469066
5996 1.8448242202563438
5997 1.8297430880666803
5998 1.8152214313532324
5999 1.801283759519967
