#frame I
5000 2.513566320450933
5001 2.511634016976631
5002 2.499732585578663
5003 2.5098375949484444
5004 2.5203186804013633
5005 2.5565997793191455
5006 2.6212684111290105
5007 2.6894814389012813
5008 2.716256744703433
5009 2.7516762032124613
5010 2.7813255239465686
5011 2.813988999046237
5012 2.8252712432637823
5013 2.8471068221855425
5014 2.8351002664156644
5015 2.8194338058745405
5016 2.765578284402921
5017 2.732219040988116
5018 2.7182837152900308
5019 2.6868837542502844
5020 2.6712562877551047
5021 2.6589423986158716
5022 2.6289790039692233
5023 2.58397987894954
5024 2.535316837769653
5025 2.546293640625532
5026 2.5941783448212403
5027 2.6443298360234824
5028 2.6891075761484307
5029 2.7465622756225523
5030 2.816984116528995
5031 2.8487297789253305
5032 2.770314974035413
5033 2.7375027021627014
5034 2.6977315760962886
5035 2.6760611967010313
5036 2.7045044523648585
5037 2.733977742034184
5038 2.8051715722352872
5039 2.903673233817596
5040 2.9333894865667194
5041 2.992528730156723
5042 3.0538940265108407
5043 3.06815597713657
5044 3.0837233963157913
5045 3.0683383673820392
5046 3.028226632493716
5047 3.0183111078575227
5048 3.015637414226847
5049 3.0677715044499854
5050 3.0964425218748164
5051 3.110021793566227
5052 3.120279242250409
5053 3.1313541827126987
5054 3.159497482156242
5055 3.21065580395231
5056 3.2008107593793187
5057 3.0441796967051977
5058 2.9030895401531116
5059 2.84158741893842
5060 2.8394653476068847
5061 2.8442025991929936
5062 2.807206689751288
5063 2.75593918173871
5064 2.7302874975566715
5065 2.678688656175591
5066 2.651990649343441
5067 2.6137698615273375
5068 2.561163498987689
5069 2.4235291435662143
5070 2.2707985618872137
5071 2.1966385475857835
5072 2.07932073144157
5073 2.024423227111999
5074 1.9801416737011213
5075 1.923154867780955
5076 1.840087464679175
5077 1.768670274724461
5078 1.6947718371577525
5079 1.6319481600980341
5080 1.6133304179665455
5081 1.6200604259477047
5082 1.623841572040172
5083 1.6059377817872835
5084 1.608013829925185
5085 1.6480952609137967
5086 1.7128480683951528
5087 1.812854886668947
5088 1.9046345272985779
5089 2.06379050450011
5090 2.208377423053846
5091 2.263236023764927
5092 2.266468587238264
5093 2.2805580209367644
5094 2.2361901221679337
5095 2.189569337657888
5096 2.218166759058697
5097 2.2242675482243035
5098 2.2083638757557247
5099 2.1978220279402114
5100 2.184892851637003
5101 2.1478092337693204
5102 2.121434448387367
5103 2.1120757191031796
5104 2.101500787508917
5105 2.1036798367394334
5106 2.0987656246250532
5107 2.110236543426918
5108 2.1315103210706194
5109 2.1758055338142213
5110 2.234938055147378
5111 2.27060744990324
5112 2.2822336145964743
5113 2.324360537047894
5114 2.383106069748208
5115 2.4229401306298524
5116 2.4957441297695966
5117 2.5691883060008225
5118 2.5983640331009057
5119 2.556448347032283
5120 2.5147296484620605
5121 2.4620534863813135
5122 2.454597912782567
5123 2.431514315341706
5124 2.4082948327391818
5125 2.421671518359694
5126 2.44084617965548
5127 2.4492096445212597
5128 2.4775661498402224
5129 2.5452993234247283
5130 2.6075377661557426
5131 2.632964198338588
5132 2.6131110761922867
5133 2.5319765873169158
5134 2.468977755499615
5135 2.4237517870286025
5136 2.4275909782134555
5137 2.4819153222832853
5138 2.5483639214486584
5139 2.623734424369759
5140 2.676551408348843
5141 2.731106021147595
5142 2.792566383485858
5143 2.876864467199804
5144 2.936849865031611
5145 2.927298653850135
5146 2.98470236825764
5147 3.026544337643773
5148 3.0617340057896496
5149 3.133138629901118
5150 3.21317097140939
5151 3.2649519983484576
5152 3.26583597368069
5153 3.252458267625274
5154 3.2552126948706275
5155 3.2469452535398076
5156 3.1607174636253106
5157 3.050097648680818
5158 2.9560385104769082
5159 2.888644822495639
5160 2.869817321635078
5161 2.8926590373575447
5162 2.885468970815914
5163 2.9010016787730697
5164 2.9326080120829587
5165 2.931655530236723
5166 2.940821645321138
5167 2.9202152398247323
5168 2.8808634338187873
5169 2.867691189092839
5170 2.876278204283001
5171 2.9200408378462295
5172 2.9194934090097404
5173 2.90736281686914
5174 2.9003339904616166
5175 2.8413710738569398
5176 2.7763123749530987
5177 2.7386442452998434
5178 2.705603012794039
5179 2.6943050958903494
5180 2.693975543797178
5181 2.6628214913779487
5182 2.6470659530397453
5183 2.6128961656103504
5184 2.626675306986527
5185 2.66632165764894
5186 2.7097947075838493
5187 2.766972907534349
5188 2.8512477288863596
5189 2.909094323332507
5190 2.9373855082262077
5191 2.966661191865418
5192 3.071727187120491
5193 3.163703028052039
5194 3.266380418909054
5195 3.3062504864146747
5196 3.3147677234854855
5197 3.3462026956190773
5198 3.368555521031489
5199 3.3455928537980246
5200 3.317117217929782
5201 3.2666650805422597
5202 3.2431892601706496
5203 3.2388943763032247
5204 3.2376060383074994
5205 3.1905811416611605
5206 3.1545457556416783
5207 3.0863178507599827
5208 2.972250188392636
5209 2.861395773020486
5210 2.7773396158050745
5211 2.704249984380313
5212 2.6015354329645164
5213 2.474908911352849
5214 2.3445136228428423
5215 2.259355217694202
5216 2.1917024984542337
5217 2.140297331063594
5218 2.0972816206193454
5219 2.0497142294923645
5220 2.0229685774137827
5221 2.032098301015027
5222 2.060143232316701
5223 2.1014021335166326
5224 2.1149065664306232
5225 2.1322648613694954
5226 2.1879768380493854
5227 2.3507411201287027
5228 2.5202630735439158
5229 2.691187488438924
5230 2.720532259125753
5231 2.702770678258034
5232 2.663511967069545
5233 2.669367232808479
5234 2.726703972135295
5235 2.747679761504684
5236 2.8200455791609524
5237 2.9527734631212934
5238 3.047633035280553
5239 3.0874995585278726
5240 3.072070582851187
5241 3.068983226075079
5242 3.03813875226542
5243 3.00826019822262
5244 3.0260988512407154
5245 3.027740297775436
5246 2.9872002733458665
5247 2.956164861226341
5248 2.8948826926084736
5249 2.862900200711794
5250 2.833686685815402
5251 2.8203202692060727
5252 2.7956885394802335
5253 2.7725509540034485
5254 2.7461318958959153
5255 2.7583265385454867
5256 2.789988096815348
5257 2.8301643313749105
5258 2.8877403068041203
5259 2.9632782565633167
5260 3.015054164516858
5261 3.0605100699324628
5262 2.9837472076573115
5263 2.8617422199347926
5264 2.7187342214310983
5265 2.6013200179988005
5266 2.503847092436472
5267 2.38771215166045
5268 2.281995284876351
5269 2.1911644362369977
5270 2.135030306609557
5271 2.1443958781936114
5272 2.1892633343705032
5273 2.2076313184171887
5274 2.1986998842801286
5275 2.243300556578712
5276 2.3641603221044303
5277 2.5606212342578174
5278 2.778791565442559
5279 2.949818564116563
5280 3.053865413560768
5281 3.0905246516784115
5282 3.072939317373613
5283 3.0761740199178607
5284 3.092602945915657
5285 3.0984627416970882
5286 3.0889460630906393
5287 3.0995628797198167
5288 3.1194279644398675
5289 3.1123412843371576
5290 3.0643917275658
5291 3.0680724425052275
5292 3.1086376442161767
5293 3.1139186770194978
5294 3.1421332790291316
5295 3.1403861467304472
5296 3.121951178458108
5297 3.0683313112621127
5298 2.988983652836503
5299 2.9390453436504766
5300 2.9201249440683488
5301 2.8898066024838505
5302 2.91023523631575
5303 2.979358265104369
5304 3.0400715825663727
5305 3.106803688552261
5306 3.1244719273449446
5307 3.0898764422839715
5308 3.074817365609565
5309 3.0618651717480887
5310 3.0569588909468863
5311 3.076980491352984
5312 3.0947777891970243
5313 3.1091827066532094
5314 3.109861215947237
5315 3.0759552669324344
5316 3.028478468497172
5317 3.0203750766549473
5318 3.0302944584015217
5319 3.055540425722105
5320 3.036473445226823
5321 2.9828740658693884
5322 2.960944122087761
5323 2.977991161298593
5324 2.9824163045065886
5325 2.9401460466363822
5326 2.880843632290169
5327 2.8127057798849586
5328 2.7761735089817843
5329 2.7606633300623984
5330 2.7582188666713168
5331 2.7608284010694852
5332 2.774124358854201
5333 2.7419364345551687
5334 2.7229409460674106
5335 2.6881876433474052
5336 2.6373524091973053
5337 2.582981286202947
5338 2.5643359223460838
5339 2.571072520167863
5340 2.5852799435139486
5341 2.565165861743139
5342 2.5206346843600977
5343 2.452760775804228
5344 2.3899302186947295
5345 2.3168849282107993
5346 2.25652768718976
5347 2.254805889675464
5348 2.262232883042989
5349 2.282191651140545
5350 2.2880661431844573
5351 2.274148129579919
5352 2.3142037089681096
5353 2.407038775435876
5354 2.51664562582736
5355 2.5473692871162723
5356 2.5622570462587415
5357 2.5646736221159663
5358 2.565846406200751
5359 2.568930480867372
5360 2.5754075878270375
5361 2.5782526535146726
5362 2.5529298927968376
5363 2.5848296871179763
5364 2.6074757421317503
5365 2.582368710575746
5366 2.5586373065977446
5367 2.552172619212029
5368 2.546592615570359
5369 2.5550362359798853
5370 2.5446287868967308
5371 2.4987008700674025
5372 2.4341720574759194
5373 2.37644869741134
5374 2.3615228901087013
5375 2.4045222347091406
5376 2.436486510619441
5377 2.4793672073927717
5378 2.5221256449147855
5379 2.5400602654579716
5380 2.5462948484358607
5381 2.5448941087883417
5382 2.522436745272702
5383 2.4774831259485577
5384 2.4749180359407337
5385 2.477730038842957
5386 2.5070073755976625
5387 2.5536314737065675
5388 2.618934626857437
5389 2.6248913174522994
5390 2.576195399950363
5391 2.5704148037171923
5392 2.6058833564449735
5393 2.6160857249351435
5394 2.5679055599538603
5395 2.5526413195680187
5396 2.5019340593746078
5397 2.4668000145760285
5398 2.4064207018295987
5399 2.404927206704991
5400 2.430222613036972
5401 2.393013086889023
5402 2.4068444982355066
5403 2.4354249821610154
5404 2.441736078157311
5405 2.44059775079268
5406 2.4929188829881106
5407 2.5300006247778026
5408 2.491623987162076
5409 2.399652340701053
5410 2.2906568642942156
5411 2.20661571376063
5412 2.174187833284579
5413 2.1158595595956577
5414 2.078095853741194
5415 2.0490407356391978
5416 2.0412413471901396
5417 2.1374897125180037
5418 2.2864974774079996
5419 2.500856068349137
5420 2.729894453343118
5421 2.876861564956376
5422 2.9774755114031985
5423 3.050335880964561
5424 3.0758036102514277
5425 3.1063216033324683
5426 3.115142993087932
5427 3.127280971473579
5428 3.1367857704744253
5429 3.116712372968565
5430 3.1099027302800284
5431 3.1069578376412053
5432 3.0968485226124294
5433 3.092931925558445
5434 3.082429779815321
5435 3.0531619638078022
5436 3.007035869593656
5437 2.9666528643055132
5438 2.8930333878458776
5439 2.8191712840402423
5440 2.7884322407216175
5441 2.7751254565619896
5442 2.766277462960439
5443 2.7391792287431524
5444 2.7142187870209753
5445 2.6980123788335697
5446 2.703030281352165
5447 2.71791863557273
5448 2.73854791276858
5449 2.71749411395278
5450 2.7417091422304147
5451 2.7798100715668013
5452 2.8079707245144436
5453 2.8737029282292483
5454 2.899492742157864
5455 2.912514862448482
5456 2.8992126576640023
5457 2.861541203521281
5458 2.829811921452333
5459 2.802235154554149
5460 2.7485516837086807
5461 2.7015038374738785
5462 2.650362087335002
5463 2.603680657603916
5464 2.586352004079985
5465 2.575573940332908
5466 2.599158701017163
5467 2.654569401513004
5468 2.6930130094437144
5469 2.7066585000033516
5470 2.690165720206034
5471 2.693722477026822
5472 2.713749474684635
5473 2.708186976923503
5474 2.69866464302145
5475 2.7276424576972675
5476 2.759038518535338
5477 2.7655402018733675
5478 2.7744517090091803
5479 2.7848886980561516
5480 2.792321866259042
5481 2.7940787815940493
5482 2.815587020347561
5483 2.8307587815219843
5484 2.848301244712171
5485 2.8384210158112486
5486 2.8329453798434505
5487 2.8135554536315377
5488 2.794051351564995
5489 2.755697892925477
5490 2.746497168382544
5491 2.7531442385818843
5492 2.742136202339081
5493 2.7198034827844
5494 2.6853575825736047
5495 2.646922108533988
5496 2.613236254869925
5497 2.568740984413508
5498 2.516074521177106
5499 2.465798698522458
5500 2.435009800634814
5501 2.469768421354142
5502 2.542145747608082
5503 2.5161477110217465
5504 2.5262235473170556
5505 2.4584627275909883
5506 2.4127058041586675
5507 2.405956220960547
5508 2.4427471491343957
5509 2.5388299864139374
5510 2.5803874024292
5511 2.617405219228119
5512 2.634910014223055
5513 2.640903409076018
5514 2.6622365027886157
5515 2.684854892072172
5516 2.752360200807707
5517 2.8361685631945264
5518 2.9094856082895078
5519 2.9189107703609816
5520 2.8742409192070975
5521 2.895020193330957
5522 2.8920253836382477
5523 2.8736802244737234
5524 2.8658157233538093
5525 2.873616558341916
5526 2.9023808718594704
5527 2.965523871295832
5528 2.98563642548585
5529 3.0215759627843584
5530 3.0807762319731467
5531 3.1618100407288305
5532 3.1730713680957745
5533 3.182176147039536
5534 3.187441086621474
5535 3.1416324980481876
5536 3.0991668641124566
5537 3.053913857005668
5538 2.9799315558384425
5539 2.9207943843932935
5540 2.8876186746134236
5541 2.9017531786819997
5542 2.904498180106001
5543 2.8515453190459334
5544 2.80779288417999
5545 2.7725184857709007
5546 2.7261541382392194
5547 2.6645215683858137
5548 2.6324854216572953
5549 2.641245541586873
5550 2.6533144185755746
5551 2.6490825726656397
5552 2.6577220059843474
5553 2.6468595850577854
5554 2.6504749638417264
5555 2.684791525574808
5556 2.75143749028082
5557 2.7499498749187268
5558 2.7439556151852287
5559 2.7693933223593508
5560 2.761293972542252
5561 2.7939663055317774
5562 2.842892155015475
5563 2.8797170874108455
5564 2.8672557635989353
5565 2.878063181891487
5566 2.927719079331623
5567 2.9363219873829913
5568 2.9587529371889416
5569 2.989713443693963
5570 2.9681472503563673
5571 2.9260845268896185
5572 2.903770561999967
5573 2.816287915966779
5574 2.826320855117175
5575 2.877741447486953
5576 2.892501192035272
5577 2.9660158254364206
5578 3.004100100587103
5579 2.990189080701256
5580 2.9281900125107074
5581 2.8845988650262546
5582 2.8548368100408146
5583 2.8046222677473183
5584 2.780765894524222
5585 2.7445139030000183
5586 2.6711966772371016
5587 2.6275939502308607
5588 2.554590554406851
5589 2.474746673965827
5590 2.3966440292452944
5591 2.3520662771988805
5592 2.3090879466112813
5593 2.26312908334378
5594 2.198664547123997
5595 2.131753486067466
5596 2.053941460333159
5597 1.943984531663601
5598 1.8834939360917846
5599 1.8443905934063891
5600 1.8364393911102972
5601 1.8563489514254707
5602 1.8355638357998203
5603 1.8359379170971497
5604 1.8325357661092392
5605 1.8216836225734259
5606 1.8156111783225193
5607 1.8232242966302996
5608 1.854549288912006
5609 1.8853587402166812
5610 1.8796311189993797
5611 1.9006138694226533
5612 1.9515797842574296
5613 2.0160175653138
5614 2.031831612631915
5615 2.042115505711153
5616 2.0159226848732965
5617 1.9951398040965735
5618 1.9857029597384204
5619 1.9759036646925534
5620 1.9533362553294924
5621 1.9413416504338923
5622 1.9357450293582354
5623 1.9163465118189478
5624 1.8870692202844488
5625 1.868959761789733
5626 1.8725450122295626
5627 1.8476634537029222
5628 1.819788691871685
5629 1.8221999278741972
5630 1.853988839310964
5631 1.895580969825668
5632 1.946823029968485
5633 1.9931093523633234
5634 2.015398580751095
5635 2.0296411528431793
5636 2.0691552105447006
5637 2.079168269681
5638 2.103743981491174
5639 2.11291147448291
5640 2.1317211752177188
5641 2.1460322350064955
5642 2.1554762074470926
5643 2.1305272868634293
5644 2.110496070222491
5645 2.0721118292820733
5646 2.0215174518819876
5647 1.988743707774166
5648 1.9557751195618125
5649 1.9217444957089493
5650 1.9122707994530268
5651 1.9058828467156965
5652 1.9058555432176216
5653 1.9102200574006385
5654 1.9549649399457112
5655 2.001373280052715
5656 2.0554992656550968
5657 2.1415891028219987
5658 2.217820048062515
5659 2.276310326203085
5660 2.3048353122640948
5661 2.2734868130030783
5662 2.2828558001679915
5663 2.326242333601512
5664 2.353975633464877
5665 2.3431101838057247
5666 2.34982501326237
5667 2.354569746887505
5668 2.369448021143301
5669 2.3487818919883594
5670 2.3400927452312517
5671 2.3985936592127843
5672 2.4694595120986613
5673 2.543029084161534
5674 2.632430193898295
5675 2.743670684575009
5676 2.8253947575820515
5677 2.7909447285338955
5678 2.682527953964452
5679 2.605829948345835
5680 2.577565778980839
5681 2.592069706607647
5682 2.5967704488226833
5683 2.5941799099830036
5684 2.587029910967888
5685 2.564244153478982
5686 2.495178524099017
5687 2.412520724328532
5688 2.3571708113575025
5689 2.344688535153634
5690 2.329707582390466
5691 2.291964244142636
5692 2.2662484963978
5693 2.193418149432243
5694 2.0941774682469765
5695 2.0280426145364556
5696 1.9551436708405963
5697 1.8766707795917468
5698 1.8103643520424775
5699 1.7581932653853785
5700 1.7245087680121132
5701 1.704870786591024
5702 1.6911961523477028
5703 1.6728204328085232
5704 1.6480111340878028
5705 1.6368940343107983
5706 1.6324712908749937
5707 1.6266651803767274
5708 1.6595486184095103
5709 1.706751622063634
5710 1.7754582119055424
5711 1.7747943897106886
5712 1.7719671329914979
5713 1.8064989568724896
5714 1.8395446666819752
5715 1.8311485174437727
5716 1.8486051468609423
5717 1.9130242254838121
5718 1.9650445147688111
5719 2.0108767287114593
5720 2.0247883182040933
5721 2.0243458377452734
5722 2.0316383213126072
5723 2.0484847955184144
5724 2.041143304184596
5725 2.03412879907184
5726 2.03867098007067
5727 2.0788978567506002
5728 2.1075304205404812
5729 2.104982875098334
5730 2.106762422055258
5731 2.100082334633724
5732 2.096447961828808
5733 2.1076754968607663
5734 2.1494425159010953
5735 2.1560065146402243
5736 2.153718950398539
5737 2.143605941429095
5738 2.112990833461389
5739 2.1056330152184106
5740 2.118079840236515
5741 2.1521880438567833
5742 2.189568593893081
5743 2.2051513754065986
5744 2.1855538030104604
5745 2.1362732607577954
5746 2.116525058604101
5747 2.098059791257569
5748 2.0471738868170894
5749 2.024743479004749
5750 2.017624735997785
5751 2.0420506590266307
5752 2.070638798362526
5753 2.1355320350610922
5754 2.2318089437558024
5755 2.3159623811902184
5756 2.358041052072185
5757 2.4108316323143337
5758 2.431081264945796
5759 2.4203405604075954
5760 2.4271146024936914
5761 2.4098248761216894
5762 2.3452004783477847
5763 2.286529191972687
5764 2.247563284125064
5765 2.191330509230487
5766 2.1439588400144514
5767 2.1264121366531272
5768 2.125631678292019
5769 2.1375239697335737
5770 2.1101704502952168
5771 2.0870301722303815
5772 2.067732592498097
5773 2.038298298452369
5774 2.0151580705401373
5775 1.9789354979780258
5776 1.9515941177955227
5777 1.961332137792055
5778 1.9719348731550828
5779 1.9964185690070324
5780 2.04542127941381
5781 2.032918200442214
5782 2.0144013251271295
5783 1.9966466190802805
5784 1.936539922520051
5785 1.8887549894167888
5786 1.8558223614784948
5787 1.7925679353377897
5788 1.7501472572077241
5789 1.7600285078357498
5790 1.760488343359595
5791 1.7730547400292682
5792 1.7631812199725663
5793 1.7726544063530056
5794 1.754743577678657
5795 1.7590006218920786
5796 1.762015884290194
5797 1.7413047217131183
5798 1.7272478097825366
5799 1.7213172274823745
5800 1.7238681491133592
5801 1.805627314730888
5802 1.8973301367825488
5803 1.9173145845651982
5804 1.9304023559530163
5805 1.9330822572863193
5806 1.9259017446382867
5807 1.9347131829843354
5808 1.9747807735750151
5809 2.037504898394924
5810 2.133413076475571
5811 2.235999336679548
5812 2.3264512465541483
5813 2.363439097600368
5814 2.3570760816665515
5815 2.3457321933730526
5816 2.3141913985209177
5817 2.2716370593576265
5818 2.1997520064411056
5819 2.140808392709059
5820 2.093697889247087
5821 2.055020855858913
5822 2.018441702611744
5823 1.966372198272741
5824 1.8863526924466545
5825 1.7810335202146808
5826 1.683153517641046
5827 1.60348504685993
5828 1.5416045437539865
5829 1.5121699764053889
5830 1.5076484469721947
5831 1.4996762743372187
5832 1.4837491678529735
5833 1.4832888380595168
5834 1.5003938624169786
5835 1.4988475095954898
5836 1.4803023419156789
5837 1.4850411792518303
5838 1.5021588087597675
5839 1.5314057970883401
5840 1.5736082582680586
5841 1.6272728908081135
5842 1.645528486291364
5843 1.6138959143678482
5844 1.6534588989673724
5845 1.7092820335411316
5846 1.78456550529509
5847 1.8891468241556715
5848 2.066285281885392
5849 1.9816452927836024
5850 1.806646373258359
5851 1.70975806759398
5852 1.6502228555014764
5853 1.5925989188943048
5854 1.5806526412088924
5855 1.520299662820149
5856 1.4386866861028973
5857 1.4241478567051842
5858 1.3496740338213333
5859 1.3123837627561759
5860 1.2682857692197815
5861 1.2334582624981318
5862 1.2188898586060632
5863 1.2211864523264868
5864 1.2512661351437067
5865 1.3089720844517727
5866 1.3493985105652777
5867 1.358062784156076
5868 1.3163011733086005
5869 1.2692359114502234
5870 1.2599320787609827
5871 1.2980591776481334
5872 1.3389609199117716
5873 1.3788905870710908
5874 1.4432169600437739
5875 1.4852717061530947
5876 1.5457112229844652
5877 1.6175372629250164
5878 1.673464992410695
5879 1.6955933348497885
5880 1.685568315791537
5881 1.6603086678188983
5882 1.6282743619159212
5883 1.5959895757505114
5884 1.5790972138750217
5885 1.5744916996092098
5886 1.5837770625759269
5887 1.605639604400956
5888 1.6089298649503712
5889 1.6166191346841443
5890 1.619251253547597
5891 1.632323366081055
5892 1.6694476532162923
5893 1.675713977970459
5894 1.652321723657435
5895 1.6266373548805901
5896 1.6121587812582343
5897 1.6021068743395432
5898 1.6020704566900137
5899 1.6301338472962918
5900 1.6730674916659807
5901 1.7033447655596772
5902 1.7160343150797979
5903 1.742537112306961
5904 1.7605681449544748
5905 1.778315672077838
5906 1.7880378900518843
5907 1.7985046051294067
5908 1.8360773208460506
5909 1.8711990340335736
5910 1.8898114879713144
5911 1.9447870768315094
5912 1.993489724150384
5913 2.005498163110769
5914 2.036663404073088
5915 2.0639058411046705
5916 2.050789684053893
5917 2.042378244097586
5918 2.0792431921350634
5919 2.102843455562296
5920 2.1221546608486146
5921 2.153959680722571
5922 2.2022361219150812
5923 2.2538931961740625
5924 2.3289407038830627
5925 2.4127974696880186
5926 2.4743258797749985
5927 2.5195608810810635
5928 2.6082365591084455
5929 2.72792229304271
5930 2.8274328064173124
5931 2.932152048507001
5932 3.0411196722201694
5933 3.166384003979092
5934 3.2464424505282112
5935 3.2820384705692485
5936 3.288906217629724
5937 3.263289715159902
5938 3.1900783389553724
5939 3.1116448082222536
5940 3.062401092355933
5941 3.0668371940996755
5942 3.0378417083219866
5943 2.969175661689178
5944 2.9386071489615184
5945 2.9498122339020894
5946 2.9677891998968353
5947 2.9777934103347827
5948 2.9867717823227404
5949 3.005832842665678
5950 2.978039823928223
5951 2.9515406382519545
5952 2.945396701068428
5953 2.9432850341111467
5954 2.9250840432474114
5955 2.9126645831792093
5956 2.8721134450821117
5957 2.818003909058699
5958 2.7970873589872247
5959 2.7818673545958266
5960 2.727906151837991
5961 2.657268423373397
5962 2.59140949844389
5963 2.5299531989769317
5964 2.5152182377631873
5965 2.467107249107407
5966 2.3773290017829587
5967 2.2669446047229402
5968 2.2016586709763666
5969 2.1715339705463883
5970 2.1562379809349785
5971 2.171313615595706
5972 2.1434963583622113
5973 2.1184249651918834
5974 2.092937101853275
5975 2.0820510761122204
5976 2.0846644941610117
5977 2.078741943405061
5978 2.042426906046651
5979 1.9801777673002814
5980 1.952082304595897
5981 1.901098098717045
5982 1.8751809189967266
5983 1.8698733477591314
5984 1.8559882556939622
5985 1.8373640559792594
5986 1.8222140976012542
5987 1.8385641529783028
5988 1.8409096049510805
5989 1.8527632102849627
5990 1.8645174136425735
5991 1.896046708469802
5992 1.9303842356322234
5993 2.000905920664937
5994 2.0561120393815537
5995 2.033333304001079
5996 1.9801826155183506
5997 1.8929098116993008
5998 1.8191329267768976
5999 1.7812642058626866
