#frame I
5000 2.7732231439230057
5001 2.801435492784686
5002 2.807032803003328
5003 2.801681282846623
5004 2.772171079721399
5005 2.77258482322477
5006 2.7978272148136156
5007 2.8197819962784445
5008 2.8429711221510305
5009 2.8552561923282282
5010 2.8529362024333844
5011 2.8234116006246213
5012 2.7806861600879174
5013 2.752657497286302
5014 2.743813408221789
5015 2.7334419974803827
5016 2.7009989003541945
5017 2.676973646122773
5018 2.6563922898386987
5019 2.6479046818812546
5020 2.6679475046740997
5021 2.6840775441703584
5022 2.7018780764585606
5023 2.724447357035958
5024 2.751217065825974
5025 2.758892021359506
5026 2.759182371522746
5027 2.7642051293069696
5028 2.7641444486691933
5029 2.7496018115715355
5030 2.7293827604329786
5031 2.7031759389618815
5032 2.6629412761587408
5033 2.677935391494334
5034 2.7124210970303553
5035 2.7450218565307023
5036 2.7639036220920326
5037 2.789720628977957
5038 2.848831348373976
5039 2.922449734642607
5040 2.9666246811683585
5041 3.014750971907665
5042 3.0908246776482895
5043 3.1242895103457897
5044 3.1717219870484636
5045 3.21085973300552
5046 3.285455777251104
5047 3.3800571562362385
5048 3.4207813493664414
5049 3.4107946406605296
5050 3.434665332981799
5051 3.4694733384780316
5052 3.4700597263453927
5053 3.4643693952136716
5054 3.459117381221514
5055 3.4033328008350794
5056 3.3352165089536245
5057 3.2504277407099904
5058 3.1356512624479316
5059 3.030504286872453
5060 2.945167285866607
5061 2.876119751222052
5062 2.8146324898725825
5063 2.7808390048773384
5064 2.7674326978019286
5065 2.765679622469655
5066 2.745550112763328
5067 2.744900010764741
5068 2.741485336096901
5069 2.724068896483177
5070 2.690149343633963
5071 2.6525588196112673
5072 2.6176493922953683
5073 2.5288823982968283
5074 2.431240690862878
5075 2.333419378382125
5076 2.2531843029154976
5077 2.195953638130339
5078 2.1516918282619706
5079 2.123854137913121
5080 2.1121231454853735
5081 2.122268744390927
5082 2.1382931110139607
5083 2.1537656787903408
5084 2.170535483579677
5085 2.1838877144449667
5086 2.1940191979128625
5087 2.2166731832555104
5088 2.2548481317532065
5089 2.319442395155492
5090 2.3582498881024843
5091 2.3940545980454506
5092 2.422670123149172
5093 2.446331189610769
5094 2.465497035973463
5095 2.4896924485899308
5096 2.503063424702475
5097 2.5275375463016174
5098 2.5502661545304908
5099 2.60245946481837
5100 2.655712079136752
5101 2.673475087615831
5102 2.6860315043630716
5103 2.6679065460266584
5104 2.6275334739720737
5105 2.596501812521067
5106 2.584305438734203
5107 2.577145103356417
5108 2.58523612208485
5109 2.5944027600900657
5110 2.598990897198928
5111 2.5968751605313414
5112 2.5835002525834825
5113 2.5614817601818745
5114 2.5374843186496148
5115 2.5327172593031384
5116 2.544652280467869
5117 2.563551465307455
5118 2.573279265082117
5119 2.5723034068371544
5120 2.590114635286164
5121 2.643166123566425
5122 2.695340115095298
5123 2.7148317316455537
5124 2.7056316136828316
5125 2.7058687834397124
5126 2.7060387969230844
5127 2.7042339072757606
5128 2.703615519595296
5129 2.709499929161268
5130 2.6988512107617364
5131 2.6696684442656236
5132 2.636772538914334
5133 2.608643987802481
5134 2.581283156095517
5135 2.579981963776238
5136 2.5607131596063084
5137 2.5790974629003096
5138 2.6089158478587042
5139 2.6518557310835478
5140 2.70498240048232
5141 2.7529393893620844
5142 2.8265941137871633
5143 2.911587506625909
5144 2.944896782291105
5145 2.944226218761357
5146 2.9242657522317757
5147 2.922107061340457
5148 2.93545717960252
5149 2.9335328655624378
5150 2.9263649874123057
5151 2.9291073615615293
5152 2.9314791741220887
5153 2.9283994357242973
5154 2.9366740160105436
5155 2.9637198115374552
5156 2.998601671527875
5157 3.0216469185167636
5158 3.041239774492954
5159 3.0625869567281745
5160 3.106580532567902
5161 3.1526440081210216
5162 3.19300271917243
5163 3.2376089441408062
5164 3.2770854537903267
5165 3.3019833629530346
5166 3.3141029230386416
5167 3.301503352421765
5168 3.275144413527113
5169 3.26100327855685
5170 3.285705399505334
5171 3.304503132286607
5172 3.282737088763265
5173 3.241055200877164
5174 3.226336956344765
5175 3.1912040874531913
5176 3.141160664693712
5177 3.1252806859086633
5178 3.1133152629089453
5179 3.1105112172601856
5180 3.10683440339274
5181 3.1015989997982687
5182 3.1011469993994676
5183 3.080304504573373
5184 3.026147553904383
5185 2.9689585672375647
5186 2.9111493414334224
5187 2.889227374622344
5188 2.8943604444129427
5189 2.9119361489874764
5190 2.9655251994427636
5191 3.021172504965078
5192 3.0780927882284965
5193 3.132238034050783
5194 3.1766635307201034
5195 3.1929924092789927
5196 3.1892772215808027
5197 3.2048691483837715
5198 3.2301156051308193
5199 3.253890514724707
5200 3.244949159110863
5201 3.2341703222471643
5202 3.2168312408056843
5203 3.2165786256504547
5204 3.2208592177772504
5205 3.195391488749
5206 3.138321833788089
5207 3.0627161621678476
5208 2.9892097762986585
5209 2.946543659432524
5210 2.931626839855657
5211 2.910101012204824
5212 2.8747533299905004
5213 2.8242797113719806
5214 2.760804072379885
5215 2.6976991556048175
5216 2.660380461961488
5217 2.6179232577184433
5218 2.5529993406567106
5219 2.485065846035874
5220 2.43879159692183
5221 2.4128306094910927
5222 2.395219174452588
5223 2.3668364313180166
5224 2.337866830180542
5225 2.323771925373268
5226 2.35550245003242
5227 2.4268628955279743
5228 2.4660738202285177
5229 2.5173133550736333
5230 2.607771919891936
5231 2.688438129306146
5232 2.702061629432074
5233 2.6815875116368613
5234 2.681150798627657
5235 2.692465572587714
5236 2.723360043590284
5237 2.7553595872423364
5238 2.7990186589992865
5239 2.767193082319831
5240 2.704501433052993
5241 2.695444202494093
5242 2.683059340320869
5243 2.643117528930838
5244 2.632222773269355
5245 2.639413083633716
5246 2.6443405453407998
5247 2.6406285943115786
5248 2.622846157726514
5249 2.611658532991545
5250 2.6098827116525602
5251 2.6105432154830326
5252 2.62344611181033
5253 2.636080619085129
5254 2.6437166437452486
5255 2.674449458807431
5256 2.7209504733126617
5257 2.7502000510406637
5258 2.749990666036885
5259 2.7568058337904726
5260 2.7438659321009937
5261 2.724372737640295
5262 2.7196675382386366
5263 2.6978599741073475
5264 2.6607869892719616
5265 2.620749763147219
5266 2.5587599473358402
5267 2.486241006475803
5268 2.417921051700786
5269 2.34514723392157
5270 2.2968916629370284
5271 2.27016469492879
5272 2.248314350378528
5273 2.2300429906882933
5274 2.224750989490574
5275 2.2549957718730975
5276 2.294722198455442
5277 2.3212841404493605
5278 2.349401551081754
5279 2.3838256251961325
5280 2.417459867537351
5281 2.4604806087862663
5282 2.5247487276631
5283 2.573045230148566
5284 2.6025981679632877
5285 2.623764123674017
5286 2.6430619321335085
5287 2.659256061635931
5288 2.6798397817278263
5289 2.707753237561397
5290 2.743845564077198
5291 2.7711889885938903
5292 2.811752417595595
5293 2.847521562348923
5294 2.876415796466211
5295 2.9097460308698535
5296 2.9403574139626976
5297 2.959435712398686
5298 2.989066470677702
5299 3.0273786193260213
5300 3.047307034967528
5301 3.0562709018507994
5302 3.05016466065053
5303 3.035488507788879
5304 3.0230465808418323
5305 3.0177999527312234
5306 3.0130500080035594
5307 3.0280559371277613
5308 3.0750551291659343
5309 3.1376990967474248
5310 3.221893827306836
5311 3.309902432989223
5312 3.3648451490484246
5313 3.3819886305961973
5314 3.3844356356889795
5315 3.380353878948423
5316 3.371952441514152
5317 3.3380224470842883
5318 3.292402437398566
5319 3.2604297697597464
5320 3.2356900352992093
5321 3.2110824574822385
5322 3.1825184058267215
5323 3.125924427700824
5324 3.054007725160886
5325 2.987838412846365
5326 2.9362295770148075
5327 2.9102010896169515
5328 2.8988482776524016
5329 2.891287546903167
5330 2.9050358354487744
5331 2.9023076294446173
5332 2.8742776571490376
5333 2.8511264852546905
5334 2.84772485793471
5335 2.849253236508219
5336 2.856415100248297
5337 2.8781838881343735
5338 2.8992114786498315
5339 2.900926731259273
5340 2.8891972001907815
5341 2.8755798242969033
5342 2.856783515440225
5343 2.834850224149621
5344 2.803694420529127
5345 2.784201570253409
5346 2.7738683446889723
5347 2.76526323170886
5348 2.7586474540822286
5349 2.7393833870385533
5350 2.711735845194019
5351 2.6920448451809893
5352 2.6983274792344942
5353 2.7278588257116607
5354 2.761763362412901
5355 2.776484024995809
5356 2.793780609792774
5357 2.7920022122770334
5358 2.781215167296461
5359 2.762204458501591
5360 2.753883444249725
5361 2.7706532330330873
5362 2.7797772987734413
5363 2.77521989219149
5364 2.766589672147524
5365 2.7726221599083245
5366 2.777961877796037
5367 2.782039136713532
5368 2.7934690382819913
5369 2.808537398160537
5370 2.8266844912327165
5371 2.8452386605374027
5372 2.8594133635303915
5373 2.865018962332724
5374 2.870267876053884
5375 2.86960313219536
5376 2.871198903492325
5377 2.8715137737260608
5378 2.883067335432019
5379 2.9126052704191605
5380 2.943197170437381
5381 2.953418624486807
5382 2.9404275146265806
5383 2.9276442983282345
5384 2.9369952946691713
5385 2.9559045924653704
5386 2.983216039456037
5387 2.996595030468424
5388 3.003396539408175
5389 2.9932655646008057
5390 2.9746742626216554
5391 2.9569904620820764
5392 2.9596712331808073
5393 2.946826773853823
5394 2.9122965386652133
5395 2.8808088995558254
5396 2.8225672220667084
5397 2.77016828362415
5398 2.7213045596111534
5399 2.677161747845831
5400 2.656741540382632
5401 2.6495666292248075
5402 2.6377183945381493
5403 2.6364679263162163
5404 2.63704366325791
5405 2.6346358909993057
5406 2.6173529185819095
5407 2.6100220630059003
5408 2.5911914486431673
5409 2.5890849094785353
5410 2.5939868271416797
5411 2.618873086739431
5412 2.6498891673192917
5413 2.667703104392693
5414 2.699223569208564
5415 2.724158720385234
5416 2.782129848754782
5417 2.883718145503533
5418 2.974760778627251
5419 3.0087139458032603
5420 3.031802481441053
5421 3.0370959950865304
5422 3.028568410521455
5423 2.997472666838679
5424 2.972822229887904
5425 2.9964255970623888
5426 3.043101637930089
5427 3.0796469083303806
5428 3.1157197866758755
5429 3.1714495434189622
5430 3.2367652915506575
5431 3.2778822050148917
5432 3.284721216133861
5433 3.2797930593833886
5434 3.27296627376846
5435 3.281167391796673
5436 3.2995331312568092
5437 3.3150641672486545
5438 3.3146340511507937
5439 3.306560171333735
5440 3.321557600057386
5441 3.3494418072516816
5442 3.356493762045499
5443 3.3417452358754063
5444 3.3276905052720416
5445 3.3043730382518977
5446 3.2842586762304458
5447 3.259937652757182
5448 3.213700368433267
5449 3.160253591985522
5450 3.118872841425449
5451 3.0755774638067344
5452 3.0371570315657475
5453 2.997275294852411
5454 2.94808325961288
5455 2.924410873660217
5456 2.924840998430284
5457 2.9347494572524218
5458 2.958135441997732
5459 2.9679806335494456
5460 2.9541972411305353
5461 2.9465144560361964
5462 2.941741647258042
5463 2.952084241768687
5464 2.9676896915198006
5465 2.9542495766280252
5466 2.942699307374329
5467 2.94176731679566
5468 2.9263312984807492
5469 2.9116650196548823
5470 2.872850712092245
5471 2.8327034844099033
5472 2.808272793290836
5473 2.7837814057769816
5474 2.753420239377715
5475 2.7361967454626424
5476 2.730840190609297
5477 2.7287186235135814
5478 2.7210261016968857
5479 2.7176554782773574
5480 2.7252857376036808
5481 2.7317604877154897
5482 2.730914646922125
5483 2.7212964697431645
5484 2.6994404630831186
5485 2.6630498721138007
5486 2.626869046065276
5487 2.5876868721439874
5488 2.5598818688063703
5489 2.535050522656474
5490 2.52664016407024
5491 2.520813060520557
5492 2.5158037620622795
5493 2.5120491431343126
5494 2.5030149339831995
5495 2.488860771872333
5496 2.463186902897076
5497 2.446323830813295
5498 2.4421137796229964
5499 2.4411492656387113
5500 2.435155394095453
5501 2.42250924390375
5502 2.3684883152964504
5503 2.3311724511163114
5504 2.3298386340546315
5505 2.3102419524400424
5506 2.3213443127591327
5507 2.3460692046048197
5508 2.3570498972009815
5509 2.3583224945973758
5510 2.3731711292212685
5511 2.385272598551288
5512 2.386718423646786
5513 2.379367903000452
5514 2.375339966956695
5515 2.3742332607283316
5516 2.3973957764355576
5517 2.427994275604552
5518 2.444139701286447
5519 2.4476186896863648
5520 2.450414378299952
5521 2.472903733552688
5522 2.5353836763208224
5523 2.598103361925754
5524 2.639983281512959
5525 2.641522240771489
5526 2.640636051443761
5527 2.653522126963277
5528 2.6845397415450547
5529 2.732139472201523
5530 2.7802187501777627
5531 2.816139723533362
5532 2.831665216706817
5533 2.8513753589859423
5534 2.890435699508471
5535 2.932467862256959
5536 2.9482801408396604
5537 2.9631394956552275
5538 2.971885950678715
5539 2.9830833105367214
5540 3.018308106806126
5541 3.0661610794685763
5542 3.1116239379169657
5543 3.128045716305694
5544 3.1261337527524136
5545 3.0889244766082546
5546 3.023518235582391
5547 2.970344356657067
5548 2.9513035016438716
5549 2.9538279538174663
5550 2.958930890368487
5551 2.964343449737052
5552 2.9682833362138568
5553 2.930617227162382
5554 2.90027919885755
5555 2.8478568123679664
5556 2.789814123831698
5557 2.737615697810746
5558 2.6931482704771548
5559 2.65810639302557
5560 2.610469009531348
5561 2.5645665530861836
5562 2.5383837156914115
5563 2.495758711986085
5564 2.4638843093007927
5565 2.42844836784926
5566 2.3924691790731383
5567 2.3634006321328256
5568 2.362896671572167
5569 2.382072824003256
5570 2.3802329563030007
5571 2.3440138877278187
5572 2.2934491198939355
5573 2.2826408254055512
5574 2.2900330218344678
5575 2.3008369409931655
5576 2.3156748746739764
5577 2.3469931473105574
5578 2.348640656718423
5579 2.3196861001321345
5580 2.2992165463105745
5581 2.316067192134792
5582 2.346178853625399
5583 2.35915888132353
5584 2.365443197316778
5585 2.383310987302295
5586 2.3855083459052366
5587 2.376864996679541
5588 2.332821598231371
5589 2.313964561948864
5590 2.2670107416107226
5591 2.2180309180237208
5592 2.1940553991925875
5593 2.172217220222324
5594 2.165429227419935
5595 2.1646467093949098
5596 2.1117807312160886
5597 2.0533839333546084
5598 2.0213935048953697
5599 1.9950749420563727
5600 1.9840066315997502
5601 1.9815378250171818
5602 1.983629478150852
5603 1.9772979568541786
5604 1.9558576545457724
5605 1.9393645408793667
5606 1.9445283488562715
5607 1.9590700376010803
5608 1.9699564196578017
5609 1.962333019888375
5610 1.9509799470006468
5611 1.9651797084270353
5612 1.9876460508921352
5613 2.01485740345579
5614 1.9968005311727823
5615 1.9535060522732555
5616 1.9084306752005253
5617 1.8970849507380725
5618 1.8947726377148062
5619 1.8889705703931874
5620 1.8858980998867878
5621 1.8874185150740368
5622 1.8854061514732632
5623 1.894307117178002
5624 1.9020591523179673
5625 1.923379924247154
5626 1.9356841790793604
5627 1.9369361387383306
5628 1.9238979260361222
5629 1.9100575653917329
5630 1.9210684438713335
5631 1.9331460416132287
5632 1.9331677841177937
5633 1.9292276417255068
5634 1.9244546373964229
5635 1.928666417239299
5636 1.942269486485574
5637 1.9611380152209763
5638 1.9988916319087275
5639 2.0316257909203683
5640 2.0613009323447633
5641 2.0651232075915833
5642 2.0756343772139236
5643 2.0615131302993897
5644 2.0521847951529875
5645 2.0446579566401692
5646 2.035435756075919
5647 2.02203045912594
5648 2.020281943836537
5649 2.0249770967424907
5650 2.0271079218108157
5651 2.019553779432212
5652 2.0118148238654383
5653 2.0007534164896845
5654 1.9809218464126894
5655 1.966096476187064
5656 1.9460693123589805
5657 1.9248976644659077
5658 1.905720092505326
5659 1.8677133958297536
5660 1.8489935549978633
5661 1.810064508386559
5662 1.810235924189481
5663 1.7815511208134667
5664 1.7586447898138238
5665 1.7160906826725688
5666 1.676566069683167
5667 1.6494180636922773
5668 1.6334872021553077
5669 1.6196019469559477
5670 1.6314950217320547
5671 1.6725345420362314
5672 1.7010721961477764
5673 1.736196730186019
5674 1.7606283394042639
5675 1.7779274603183188
5676 1.7780524166311937
5677 1.7298353436187353
5678 1.6913911805629716
5679 1.6914639439158607
5680 1.7347638278045594
5681 1.7719815369765748
5682 1.783303094556173
5683 1.7845201898457983
5684 1.763455573952646
5685 1.7524924155475452
5686 1.7278803710652157
5687 1.706127915470934
5688 1.6882045604749671
5689 1.6829121833759615
5690 1.649661017879571
5691 1.602376684761523
5692 1.5550913523158874
5693 1.4972978121637628
5694 1.4414418120350645
5695 1.4092788970661476
5696 1.3720965746002132
5697 1.3302412848044636
5698 1.2936543188855332
5699 1.2617828584701702
5700 1.235424981979715
5701 1.2251286810706434
5702 1.2123292656991922
5703 1.1938596060441993
5704 1.1702627915797739
5705 1.1573683070584173
5706 1.16179639686541
5707 1.17491819214914
5708 1.2052069194750397
5709 1.2363540909090425
5710 1.2464727989558837
5711 1.2253565095931662
5712 1.2364954596105555
5713 1.25832036321557
5714 1.2639556443057236
5715 1.2729105311279545
5716 1.289704200579859
5717 1.3330191816449528
5718 1.396108148590117
5719 1.458511135412997
5720 1.5110687005457955
5721 1.5599341080984757
5722 1.6138850254557242
5723 1.6871707165395267
5724 1.787425989307909
5725 1.8839742186921196
5726 1.9349301608638103
5727 1.9523409480472242
5728 1.9388051848137087
5729 1.9109275580835865
5730 1.8830749865601912
5731 1.8620514185503543
5732 1.8476931927543172
5733 1.8454278509899968
5734 1.8608066611249992
5735 1.8716907477108764
5736 1.88824367964538
5737 1.9087768614798561
5738 1.9090939033599614
5739 1.9030078984667962
5740 1.8897545484895508
5741 1.8788667600139712
5742 1.886763863772181
5743 1.8956390015113083
5744 1.8991605124608144
5745 1.9073101213753565
5746 1.9189567850577929
5747 1.9073530026782946
5748 1.8666142612630598
5749 1.8604709175440877
5750 1.8785925938571157
5751 1.9055349830996553
5752 1.930677056356785
5753 1.9752254523036343
5754 2.004255623802282
5755 2.0375993931300287
5756 2.0668061171738827
5757 2.090222538714961
5758 2.111974925787934
5759 2.1384666243320134
5760 2.1689570892712386
5761 2.163555984714774
5762 2.154417542290182
5763 2.15412520623025
5764 2.176604436168134
5765 2.193185261813705
5766 2.2045670133221775
5767 2.215047907905884
5768 2.231102082861222
5769 2.2438865152439806
5770 2.256662213380874
5771 2.2403249221821877
5772 2.2085381711591654
5773 2.182354500767762
5774 2.146806281495019
5775 2.131039806844339
5776 2.143852884288785
5777 2.165714041405282
5778 2.1892331989442497
5779 2.2053870229214634
5780 2.2087630512608083
5781 2.1800958083940776
5782 2.1374181513826978
5783 2.100133420593535
5784 2.056826603238182
5785 2.012048484326314
5786 1.9626119719430102
5787 1.9054651094053683
5788 1.8589373745267486
5789 1.8270403017621413
5790 1.7948560072357649
5791 1.7515394755216716
5792 1.707494265991101
5793 1.679966597126519
5794 1.6571457593050603
5795 1.6315944202493113
5796 1.6163348951195622
5797 1.6267759669282846
5798 1.6500969082788963
5799 1.641409038872491
5800 1.6152224797592751
5801 1.611095115943842
5802 1.6060239313497444
5803 1.5750797403750227
5804 1.5429448653346014
5805 1.5404687833872366
5806 1.535953221458939
5807 1.5335451174880894
5808 1.5538959145649716
5809 1.5734850898197077
5810 1.6046683723130388
5811 1.6293707286728596
5812 1.6567995482866378
5813 1.6794616457805742
5814 1.6910415536198344
5815 1.6958507545060355
5816 1.7066153760625937
5817 1.715337629921155
5818 1.725149016788864
5819 1.7315675486926125
5820 1.7111124306345353
5821 1.6664821033510806
5822 1.6221727718801568
5823 1.5783894166796284
5824 1.5489238155274967
5825 1.5239607666743835
5826 1.492081096388495
5827 1.4621379544880715
5828 1.411136861887289
5829 1.3783479631427566
5830 1.3736504085668146
5831 1.3533719833285278
5832 1.3244473582627183
5833 1.3109308069354912
5834 1.3085963799441267
5835 1.3522651305352418
5836 1.2987437437387022
5837 1.2458628589224165
5838 1.227436491986053
5839 1.2290861987777875
5840 1.2460917210932962
5841 1.2531666966156612
5842 1.2729367804141831
5843 1.2752204034254884
5844 1.292686522954202
5845 1.3414643272084608
5846 1.3682352482474076
5847 1.4206732914655216
5848 1.5313849645501914
5849 1.5451786684849875
5850 1.4560174685545617
5851 1.3840572038653551
5852 1.321192905843509
5853 1.2522690432995713
5854 1.2053532916643908
5855 1.1454339583382802
5856 1.074835782475813
5857 1.051229123360659
5858 0.9995097928891236
5859 0.9718510807133749
5860 0.9424057096953613
5861 0.9022797831805124
5862 0.8714188225691402
5863 0.8530576629201861
5864 0.8559752833561944
5865 0.8976956255429227
5866 0.9368484260365596
5867 0.9528501526410699
5868 0.9525050144351063
5869 0.9679975454994842
5870 0.9990626986102008
5871 1.0313721883560691
5872 1.073736745906931
5873 1.0974420380425045
5874 1.1358002640003155
5875 1.1646375504712618
5876 1.1916107277869294
5877 1.2048499285470582
5878 1.22337823246484
5879 1.2309765957473373
5880 1.2266017726531064
5881 1.2151731510023318
5882 1.1975369785221681
5883 1.1741758511741198
5884 1.1561080701706834
5885 1.1516993628231782
5886 1.1555247308567551
5887 1.169738154817212
5888 1.1841077986700084
5889 1.1986984241880272
5890 1.21600400740023
5891 1.230655248930464
5892 1.2606689889654088
5893 1.280483909781501
5894 1.2911530118116434
5895 1.317382977030235
5896 1.3497194076675885
5897 1.3861371544879844
5898 1.4153785028360888
5899 1.4523442874412713
5900 1.4873633461369467
5901 1.5273054106606962
5902 1.5784164641628105
5903 1.6215766456784866
5904 1.6546472773233407
5905 1.6697739987797866
5906 1.6763868007941818
5907 1.6844955638803736
5908 1.6864053370890644
5909 1.6899110723305784
5910 1.6843099104212875
5911 1.698811979879441
5912 1.7353296427726332
5913 1.790607093222705
5914 1.8385728311763765
5915 1.884933622280787
5916 1.9337891792782345
5917 1.9961570783426725
5918 2.0627037165437647
5919 2.1325660263907262
5920 2.190316082232725
5921 2.235491309918366
5922 2.2790941507293208
5923 2.343320741515811
5924 2.427064963444492
5925 2.519192659503852
5926 2.6164507346669357
5927 2.7073189672004774
5928 2.7827985985876165
5929 2.8501591201446006
5930 2.904620226585835
5931 2.9525208546078203
5932 3.001876254210909
5933 3.053754545268446
5934 3.1108873261737613
5935 3.1594764701115756
5936 3.18506753712208
5937 3.223707330932058
5938 3.2725426299280076
5939 3.323734507597036
5940 3.3539182651006967
5941 3.3621700120590066
5942 3.344424678822171
5943 3.3411220788933385
5944 3.345573827269232
5945 3.323693700973803
5946 3.2848998334244177
5947 3.2339671301709614
5948 3.192819866184674
5949 3.1695045803065858
5950 3.1270153843542423
5951 3.045314016919733
5952 2.9713195250412006
5953 2.9104951582489433
5954 2.8631925192413297
5955 2.8257249951522865
5956 2.7846242560643875
5957 2.740041722291459
5958 2.692229921836574
5959 2.62549797773412
5960 2.56042205952397
5961 2.522978826064477
5962 2.480128735861489
5963 2.463393490597527
5964 2.4522348235165192
5965 2.435093476268866
5966 2.401659354291536
5967 2.372763978625212
5968 2.3337363159400355
5969 2.2853226040110064
5970 2.237444187238132
5971 2.2131269217211305
5972 2.193330999590349
5973 2.177287627419257
5974 2.184419920053671
5975 2.1983989762609006
5976 2.2109353753734773
5977 2.2229913173039724
5978 2.216601840646868
5979 2.1772613186039935
5980 2.1522819925116727
5981 2.1430234478376686
5982 2.1396924576479073
5983 2.1168485280668485
5984 2.082764610417789
5985 2.0512132186093863
5986 2.0247647992250526
5987 2.0281464138305587
5988 2.0499804523265412
5989 2.073768082157524
5990 2.080618779124438
5991 2.0704736582883374
5992 2.0947768865697673
5993 2.1203628888470183
5994 2.1363230373102464
5995 2.1333686684484223
5996 2.1317406890065342
5997 2.129151944470957
5998 2.1032645480092538
5999 2.0845159212434763
