#frame I
5000 2.9645327689449275
5001 2.9341599155803686
5002 2.90493813663616
5003 2.85362323839913
5004 2.8411820247838966
5005 2.8544901929881727
5006 2.881984041979882
5007 2.888647432097816
5008 2.875950955835365
5009 2.8449488459044816
5010 2.8059822823695795
5011 2.779208383752192
5012 2.753803628283279
5013 2.7288614316476485
5014 2.710038859466951
5015 2.7002206981831067
5016 2.7012549692279184
5017 2.7099205807697406
5018 2.68595984940902
5019 2.6882203653971417
5020 2.7126568784035148
5021 2.7384155801732253
5022 2.7637748778477595
5023 2.775938616629024
5024 2.7933692538630703
5025 2.8114205809445623
5026 2.845611156390103
5027 2.870115081873997
5028 2.8869201060408662
5029 2.906870890114176
5030 2.959972441671944
5031 3.043600643222591
5032 3.1316493132247865
5033 3.2277882164142317
5034 3.2984691588328197
5035 3.340965887168123
5036 3.332516712226835
5037 3.3566769652912116
5038 3.402027560716491
5039 3.4386874580695745
5040 3.483005163653475
5041 3.516403438777108
5042 3.5286890698075806
5043 3.533528823290359
5044 3.5492571444997565
5045 3.565168082448011
5046 3.585760589118501
5047 3.579995515932504
5048 3.5454087476439677
5049 3.5293937431433924
5050 3.522749118188576
5051 3.521776783346361
5052 3.5304342647692186
5053 3.5468372276684934
5054 3.5791852608386616
5055 3.610235036113814
5056 3.6570004281716337
5057 3.7090317078791073
5058 3.731703785469678
5059 3.7189214692074604
5060 3.725557768815699
5061 3.7317583896381774
5062 3.733043754221786
5063 3.7118518040449175
5064 3.6821143814817163
5065 3.62293670068368
5066 3.5456416125559795
5067 3.4722544135153286
5068 3.389497935961698
5069 3.3128676921092244
5070 3.2516485496438885
5071 3.22702783678795
5072 3.216258164067448
5073 3.2158127983786517
5074 3.2098965743522316
5075 3.1911490888853384
5076 3.174181349632901
5077 3.2003857171041616
5078 3.2271772835819252
5079 3.2609860148417322
5080 3.300711950790264
5081 3.3433145270281583
5082 3.3670366262319695
5083 3.392385248404795
5084 3.423647602445807
5085 3.4458162019900738
5086 3.490218360291737
5087 3.5574045923866473
5088 3.625038819050585
5089 3.664108311312988
5090 3.7109965631393456
5091 3.773290955379233
5092 3.866322945955918
5093 3.91531574832025
5094 3.8932797161270094
5095 3.858625829955632
5096 3.823531380313733
5097 3.7835318007980407
5098 3.725451239335375
5099 3.679453228770001
5100 3.6555528846845626
5101 3.623803266009
5102 3.572934925325818
5103 3.5244820602783595
5104 3.498612257436963
5105 3.4866048946960966
5106 3.4388372435073062
5107 3.3481310397175887
5108 3.2602570640992656
5109 3.195090321196417
5110 3.1180349616983674
5111 3.031501605949197
5112 2.9725375782783137
5113 2.9478806964841286
5114 2.9156784969482312
5115 2.921801379351841
5116 2.9160116819574786
5117 2.8809419047688736
5118 2.8714734911196067
5119 2.8629942121079677
5120 2.8497199955471717
5121 2.872583275341127
5122 2.905665341735232
5123 2.902805771096045
5124 2.902222982369757
5125 2.922339112735516
5126 2.9392987797106893
5127 2.964874193132254
5128 2.9821298553743114
5129 3.011341406108094
5130 3.0613208063835002
5131 3.1020626767309065
5132 3.144193072767925
5133 3.20498754405302
5134 3.277838186348739
5135 3.370657729439414
5136 3.456208942324317
5137 3.505393431700821
5138 3.5416452230685618
5139 3.604563256815064
5140 3.6350794621328335
5141 3.695261498428518
5142 3.7037937169312136
5143 3.704371087995862
5144 3.6852862238931023
5145 3.7157358511111753
5146 3.7237880360763724
5147 3.6975649645431963
5148 3.685287488373647
5149 3.6893755973425995
5150 3.7210164079401786
5151 3.7517006498586887
5152 3.692895926400882
5153 3.6778798097690175
5154 3.7038505306482654
5155 3.722452312818236
5156 3.716606350880545
5157 3.7021379828398504
5158 3.6960377999415366
5159 3.6973329801959496
5160 3.709444844160187
5161 3.7130612298072005
5162 3.713208413864385
5163 3.7159293831274725
5164 3.763057536753036
5165 3.82040194393487
5166 3.869469514771436
5167 3.864755472657616
5168 3.8229061591307496
5169 3.7722227777346014
5170 3.737201104877559
5171 3.7051319518864867
5172 3.707029520540105
5173 3.719904654583009
5174 3.678849453754408
5175 3.6060491480173593
5176 3.5481055716911056
5177 3.5015146891197686
5178 3.4342181767379882
5179 3.4247828224372636
5180 3.414914184128825
5181 3.3934912415777485
5182 3.3235939691167973
5183 3.2618602756984214
5184 3.1681093004686462
5185 3.1175992084223507
5186 3.082010026976775
5187 3.0604537558262486
5188 3.0082747603213145
5189 2.9643882350726227
5190 2.930240190344489
5191 2.87650666566718
5192 2.8292042516538767
5193 2.8086793036112665
5194 2.811733974190335
5195 2.8350498913658746
5196 2.8773062730334713
5197 2.9238034646659004
5198 2.9253275674545205
5199 2.898289734687886
5200 2.8560584687437442
5201 2.8907862637159534
5202 2.9349187899708666
5203 2.9599095913442164
5204 2.980310084265845
5205 3.002992258016293
5206 3.0204474265413737
5207 3.010706807556255
5208 3.015415697364398
5209 2.9921332670068113
5210 2.9407554260327906
5211 2.8926022046878503
5212 2.8320093432605002
5213 2.7851121007882895
5214 2.7734653524244086
5215 2.7756955695134735
5216 2.784125347187368
5217 2.808687150771803
5218 2.795587575754915
5219 2.7761045535642928
5220 2.738169802348463
5221 2.6966773708583953
5222 2.637388436015491
5223 2.602419082786258
5224 2.585129624066637
5225 2.560228322534119
5226 2.5605836496965098
5227 2.5823608697426272
5228 2.5815221226520837
5229 2.5702113222512573
5230 2.593274401735952
5231 2.64112059171381
5232 2.6877376180998858
5233 2.7532393409103135
5234 2.788571178755252
5235 2.850064415439763
5236 2.8741178118226536
5237 2.8529508854669587
5238 2.8073287793966153
5239 2.712861709482865
5240 2.6096648435179652
5241 2.535968709903504
5242 2.544783194495994
5243 2.601719708586083
5244 2.6439412503062103
5245 2.672380192677719
5246 2.718443895408588
5247 2.791202524247543
5248 2.892967295654235
5249 3.0076557552296355
5250 3.0965435937234735
5251 3.2182860778073956
5252 3.291936002291445
5253 3.2849415105056567
5254 3.2411546836487792
5255 3.204529584040696
5256 3.1945921263482435
5257 3.190226648681046
5258 3.138527322851394
5259 3.110407669263581
5260 3.0685226232241023
5261 3.0239783127639153
5262 2.9546455448694076
5263 2.8617579645478637
5264 2.783885059798784
5265 2.7303403332756937
5266 2.695004350351633
5267 2.6787598684359426
5268 2.660298242456886
5269 2.6528081503651433
5270 2.612266922602717
5271 2.5839152487629122
5272 2.5698209996623715
5273 2.570749840712048
5274 2.5725965224489227
5275 2.598297508135226
5276 2.6125918565516146
5277 2.614318573324871
5278 2.631806548168799
5279 2.6842270951572478
5280 2.752786608304783
5281 2.77144778057614
5282 2.740467730031567
5283 2.696116239631382
5284 2.682737751911495
5285 2.6819111814479837
5286 2.6913958107958695
5287 2.6928351212727404
5288 2.704551833359976
5289 2.7304998083217504
5290 2.7311387250341213
5291 2.7052189586412667
5292 2.6583692019344785
5293 2.639767707763103
5294 2.6229677173140105
5295 2.663775978793696
5296 2.68747818180469
5297 2.6983101580360347
5298 2.7312421649835463
5299 2.76109059040569
5300 2.7961238452204595
5301 2.843915590346297
5302 2.897974157316095
5303 2.9258672844895552
5304 2.934973312969983
5305 2.931334537825825
5306 2.918224548393732
5307 2.907223800739679
5308 2.9202662996817206
5309 2.9313269532797133
5310 2.9601161976253243
5311 2.9946375686506466
5312 2.9937770842815254
5313 2.9801355114622434
5314 2.982447061356537
5315 2.979468288018901
5316 2.9878174615967974
5317 3.0106168658869943
5318 3.0290289921758475
5319 3.0080886291339026
5320 2.9794678552158174
5321 2.9796216983036636
5322 2.988648262427166
5323 2.9865072027850075
5324 2.973565626028963
5325 2.9675822816386375
5326 2.9516365541663636
5327 2.9234141052911244
5328 2.8902409435394016
5329 2.8236948848267054
5330 2.740393651883199
5331 2.6740255579959324
5332 2.6262465986813606
5333 2.6008760172657635
5334 2.5542537913223344
5335 2.5179847545656036
5336 2.492640384721343
5337 2.4887074167750307
5338 2.4925163059857844
5339 2.501890006170416
5340 2.5454945643257894
5341 2.5461774324439976
5342 2.5516969264554406
5343 2.520575309163563
5344 2.47255044899151
5345 2.435772646243911
5346 2.4384640957541746
5347 2.437359154673016
5348 2.4589420209615884
5349 2.4930227661996267
5350 2.4738782374238744
5351 2.4332015455141747
5352 2.417296509741601
5353 2.428163142620834
5354 2.4200573354652866
5355 2.3783614428508777
5356 2.393871459377428
5357 2.423408581723017
5358 2.3965480661419662
5359 2.3682835201287435
5360 2.307610608842779
5361 2.2922909251131967
5362 2.312709438055481
5363 2.3452813784701827
5364 2.4087672426592963
5365 2.4684149090673686
5366 2.4819773863637993
5367 2.501844473477522
5368 2.558683503369341
5369 2.6391526814511512
5370 2.72557295570971
5371 2.7836954564703897
5372 2.8240777190952575
5373 2.9063828060944186
5374 2.9866146015681205
5375 3.052644503334628
5376 3.1532232106298768
5377 3.2422306733285287
5378 3.3082015475546847
5379 3.3591963570748846
5380 3.3867501677669036
5381 3.3885200483542506
5382 3.407709093261237
5383 3.4120473496025503
5384 3.3913678806249488
5385 3.351890656768301
5386 3.295043742380169
5387 3.2468200835456567
5388 3.19614610461517
5389 3.147854137149145
5390 3.102399022070237
5391 3.0655703979163733
5392 3.038852230480454
5393 3.007863366253209
5394 2.953648226620591
5395 2.918149072936262
5396 2.885263212411549
5397 2.8689038987860114
5398 2.854952700398104
5399 2.8518247233437335
5400 2.875400704207381
5401 2.923484275600526
5402 2.9478832450239647
5403 2.8332205753973074
5404 2.77983344446941
5405 2.7579234687095573
5406 2.7287563304531863
5407 2.708766048926076
5408 2.6722007322521404
5409 2.6206990851032055
5410 2.595402165956368
5411 2.55314254367669
5412 2.520183376344202
5413 2.5073842895284453
5414 2.470431774953974
5415 2.4389214140900743
5416 2.4033310644468946
5417 2.3866383495683254
5418 2.399031044327592
5419 2.422712681024171
5420 2.4346398793544077
5421 2.430508279650937
5422 2.4401212410457824
5423 2.4754877732225857
5424 2.490607263128201
5425 2.474680484258628
5426 2.450928719846901
5427 2.425235251859352
5428 2.383302877216018
5429 2.358378994340856
5430 2.3702683542122434
5431 2.3776090211126917
5432 2.372522635032986
5433 2.394997041732162
5434 2.423573553723378
5435 2.447349148643927
5436 2.4572969888533844
5437 2.468430102075964
5438 2.4685188612990867
5439 2.4645624539634774
5440 2.4702539917616226
5441 2.4744189534150527
5442 2.512555653877093
5443 2.5490453602908882
5444 2.564143286095591
5445 2.567399368172767
5446 2.5680657352795078
5447 2.56484367428635
5448 2.555744416683022
5449 2.5729657603452027
5450 2.5912906625478325
5451 2.5735334632695848
5452 2.5867307615645556
5453 2.5854496915549485
5454 2.5853795956869714
5455 2.6397891119087205
5456 2.7329684320409844
5457 2.8024216419672237
5458 2.8217136214991965
5459 2.864407477879757
5460 2.885463108416631
5461 2.87452618097562
5462 2.8397633351153373
5463 2.855237794650815
5464 2.8865421561408313
5465 2.927667474893667
5466 2.9823148488536133
5467 3.0523705376668353
5468 3.071822402875858
5469 3.0365404448305884
5470 3.0286808424876352
5471 3.039198481405847
5472 3.030548652035174
5473 3.0015671775884694
5474 2.9761225258072104
5475 2.9337657265586237
5476 2.8538536167231876
5477 2.762838054237467
5478 2.6980265594414083
5479 2.661012364033065
5480 2.64298663068652
5481 2.6375211394141918
5482 2.6400176188245985
5483 2.6412631169630973
5484 2.642425134433475
5485 2.630823636299752
5486 2.5888973635400108
5487 2.568498206268867
5488 2.5266539231386695
5489 2.4740328409954344
5490 2.4191528287010238
5491 2.3799731573021243
5492 2.384697548287868
5493 2.4058488427201263
5494 2.426184571070855
5495 2.4853362488722053
5496 2.5517805222880185
5497 2.6039300872356597
5498 2.6165095375943768
5499 2.5868128914451565
5500 2.618576778601174
5501 2.703675865774498
5502 2.746604560409975
5503 2.7712503522627703
5504 2.7722032010565743
5505 2.729245295059434
5506 2.633709624043761
5507 2.538058024668047
5508 2.47690185005573
5509 2.4230565581981685
5510 2.366597596467487
5511 2.3139828813905554
5512 2.266540953392286
5513 2.240933310680745
5514 2.229439735875298
5515 2.2216362502026312
5516 2.2204864646907296
5517 2.225487696979613
5518 2.2258551657809194
5519 2.2381304451889594
5520 2.247696037847242
5521 2.255392344847239
5522 2.268775967600945
5523 2.2641076094402477
5524 2.2403502363189314
5525 2.2459629065933218
5526 2.2681531563779918
5527 2.2627955463398775
5528 2.2325015579385386
5529 2.234942238628309
5530 2.262033482530852
5531 2.291376694346462
5532 2.2929867337500713
5533 2.274164285247855
5534 2.2828251589822117
5535 2.2999056992948943
5536 2.297211022494175
5537 2.2666050486441756
5538 2.2493669502815536
5539 2.242863422384405
5540 2.2471177587960276
5541 2.2558030194422325
5542 2.267049793624553
5543 2.3004131186521497
5544 2.324799201666648
5545 2.3735591665357942
5546 2.447187775625255
5547 2.4800536039621175
5548 2.503509751593877
5549 2.5299592550170997
5550 2.5676704498807164
5551 2.5655450331427994
5552 2.537980379566546
5553 2.541263203506625
5554 2.608513433314052
5555 2.6510538199052407
5556 2.663849791239943
5557 2.6776272411385045
5558 2.715634437128317
5559 2.7400136368910246
5560 2.7398308835430534
5561 2.7511096057420854
5562 2.721281200842363
5563 2.677786060266954
5564 2.6468589145382952
5565 2.6367432591605526
5566 2.6272677219989755
5567 2.620856522558897
5568 2.616457467583453
5569 2.598410100722681
5570 2.576302744080794
5571 2.5651636258540673
5572 2.5345212762141354
5573 2.54082418378383
5574 2.523910416006893
5575 2.4707795334947757
5576 2.4371802060991286
5577 2.441916740746375
5578 2.454357928968573
5579 2.4521998687446835
5580 2.450017444559134
5581 2.462071130181535
5582 2.481663593307661
5583 2.5114090122015833
5584 2.537767984034387
5585 2.544437479449792
5586 2.5082696798431487
5587 2.4643825426161072
5588 2.417056383843253
5589 2.41053526050033
5590 2.3734117447239247
5591 2.350348261292213
5592 2.34829296169972
5593 2.366832886525274
5594 2.39040511522204
5595 2.4396968402844315
5596 2.4969902301046747
5597 2.42376075777082
5598 2.3479247766882754
5599 2.3074293085395
5600 2.282257233578161
5601 2.2820067519995377
5602 2.28264427143867
5603 2.2667467274016775
5604 2.2626273300289057
5605 2.290142299754343
5606 2.3407183511924474
5607 2.361036623878493
5608 2.3682881866094747
5609 2.3764072091532533
5610 2.3265967150286206
5611 2.2799511136127686
5612 2.2391893759270083
5613 2.2253287666545423
5614 2.219030627680458
5615 2.206922927606883
5616 2.1538411734218768
5617 2.065658778311295
5618 2.017877419139522
5619 2.003431244727597
5620 1.995884029729859
5621 1.9870097175776946
5622 2.009313382672112
5623 2.0678640567857194
5624 2.1328592104709956
5625 2.211149505002297
5626 2.2844109793592744
5627 2.3243528896675443
5628 2.3738714046438423
5629 2.449445224221784
5630 2.5160734682891213
5631 2.551795644614006
5632 2.5665758463056374
5633 2.560050033103435
5634 2.537308391977867
5635 2.484811590625498
5636 2.413300870669399
5637 2.3568802548836194
5638 2.324336563561332
5639 2.3043365261551454
5640 2.2935624975438427
5641 2.268229655464912
5642 2.232440869611569
5643 2.1945079715327775
5644 2.1809249048650563
5645 2.170923746127213
5646 2.1386036102545485
5647 2.0950709372155525
5648 2.047163840288543
5649 2.0026603622957193
5650 1.9751729027708937
5651 1.9757390566978135
5652 1.9951699603711743
5653 2.0169723463844926
5654 2.031458530558698
5655 2.034485527224345
5656 2.049958887202768
5657 2.0515342771624523
5658 2.0671813334160007
5659 2.0726641647178257
5660 2.0336415490512114
5661 2.0360495015259152
5662 2.030915965114144
5663 2.027922084016189
5664 2.0406843528930283
5665 2.0573064361091564
5666 2.0580040592723488
5667 2.0119106318409137
5668 1.9698898656304944
5669 1.9417614627594129
5670 1.9371114911963079
5671 1.9234284007732005
5672 1.8898712293336437
5673 1.8872452089806515
5674 1.8900438284409664
5675 1.8933857913021408
5676 1.9071360500618588
5677 1.935264792625522
5678 1.9456711147025565
5679 1.9706953121160649
5680 2.0305514889400036
5681 2.078098136376637
5682 2.103401030546398
5683 2.1564564676373457
5684 2.2439397704265107
5685 2.3408095506665414
5686 2.4311287002216555
5687 2.4619733737594376
5688 2.5064392519936356
5689 2.5931388872408965
5690 2.7080178813443014
5691 2.775908802154295
5692 2.7713272305593097
5693 2.7670641596909515
5694 2.788481663748659
5695 2.8260888220670854
5696 2.8496480032534572
5697 2.8368553422261207
5698 2.8109255525297323
5699 2.7763428999015574
5700 2.746234348124703
5701 2.644698608636317
5702 2.5476381919187956
5703 2.4428265477837625
5704 2.347545074239741
5705 2.280112819546045
5706 2.205221318574549
5707 2.152105129772418
5708 2.113414034027999
5709 2.030531358544674
5710 1.9241709300756984
5711 1.8669281693905098
5712 1.814224130588383
5713 1.7526550510367065
5714 1.6912514197077806
5715 1.6211425244346285
5716 1.5491546087788468
5717 1.5044731397899
5718 1.4743788451151894
5719 1.4481327836392641
5720 1.4257022088197124
5721 1.410523449145848
5722 1.4000666782898636
5723 1.3970235342584905
5724 1.390450600020865
5725 1.3795022299926094
5726 1.384361686066881
5727 1.3865825933838027
5728 1.3713263919021141
5729 1.370249692014689
5730 1.3947453870923214
5731 1.4393310390085228
5732 1.503317296714459
5733 1.5945230097036804
5734 1.7196622005895572
5735 1.8309748142328077
5736 1.884881526669713
5737 1.883123594803332
5738 1.8912501164315698
5739 1.9404692872428477
5740 1.9740158497059497
5741 2.005026474926147
5742 1.999880138524247
5743 1.9597311214995856
5744 1.9344883323680289
5745 1.9441314137814196
5746 1.9643240471403605
5747 1.9915895238229966
5748 2.0272783740675875
5749 2.0521840260894644
5750 2.0167584202741504
5751 1.9546454304142709
5752 1.9039163738000786
5753 1.825016464956893
5754 1.7524100806827763
5755 1.7108172244548538
5756 1.6741415945243556
5757 1.6415090551085871
5758 1.6171741210112514
5759 1.6027709785975945
5760 1.5894439352180327
5761 1.5715571432926252
5762 1.5757475652276354
5763 1.5964858003363493
5764 1.603820147603953
5765 1.5937313672358757
5766 1.587793295285101
5767 1.586616717227443
5768 1.5793892339879452
5769 1.5615655297316051
5770 1.5547467931640773
5771 1.560951337714815
5772 1.5653225241593751
5773 1.56943574086526
5774 1.5645381069473265
5775 1.5509176026001663
5776 1.5360861969981738
5777 1.5295299540253458
5778 1.5180034887344451
5779 1.4894753125085836
5780 1.4631315869826835
5781 1.4490044027086384
5782 1.4267974113278568
5783 1.4212998542689463
5784 1.4422081394083541
5785 1.4688271659180558
5786 1.4948362630783167
5787 1.519776705180357
5788 1.5426748455810577
5789 1.5824698397153658
5790 1.62350987412272
5791 1.655717112214828
5792 1.6794901384280452
5793 1.6965381430861999
5794 1.7093989473207878
5795 1.6970406587977749
5796 1.680421812412365
5797 1.6736334329619145
5798 1.6734908579090086
5799 1.6804800219673701
5800 1.7000660806944947
5801 1.7223044215695578
5802 1.7320624689477866
5803 1.7148029661845445
5804 1.6751823952055973
5805 1.6410916163549596
5806 1.6076528268707118
5807 1.6054669709268854
5808 1.603374764034705
5809 1.5887435431903814
5810 1.5887598028880385
5811 1.5698859024467937
5812 1.548651864206643
5813 1.5511093149201052
5814 1.5425377125823656
5815 1.4830115129076231
5816 1.4106307087038914
5817 1.376397105792581
5818 1.3642730825063911
5819 1.3423782449289474
5820 1.3247086215440087
5821 1.3137598835806028
5822 1.3114576680077317
5823 1.3123149564627472
5824 1.3163833533433251
5825 1.3336390889670566
5826 1.3437098665910328
5827 1.3399376682352895
5828 1.3426787831359321
5829 1.3414907779495098
5830 1.3532182648535445
5831 1.3533995520990048
5832 1.3586170328131906
5833 1.375788953208662
5834 1.4014735296006873
5835 1.420752743564345
5836 1.4402018717709377
5837 1.4541287172795767
5838 1.4658271066769817
5839 1.490976872834086
5840 1.5140350262901547
5841 1.5227984520834148
5842 1.5337258463012813
5843 1.5441865097260303
5844 1.5418325988538812
5845 1.5463934965506076
5846 1.558563173747419
5847 1.5902772540000591
5848 1.6333096396129134
5849 1.6723012734787028
5850 1.7044456399980858
5851 1.6965460725252552
5852 1.6700748594064105
5853 1.6568733922525505
5854 1.6523618961025626
5855 1.6414308220219866
5856 1.643663045210226
5857 1.6617030725536355
5858 1.6650423167261519
5859 1.6653394582704315
5860 1.6602972324593634
5861 1.6287908650855867
5862 1.5873660720100269
5863 1.5621638990507274
5864 1.5718395422414768
5865 1.572825391081571
5866 1.5801070855846893
5867 1.6199581534676264
5868 1.6425311107209477
5869 1.6760981800334422
5870 1.6829699969845218
5871 1.6813195343179803
5872 1.700271007910493
5873 1.7221472129561104
5874 1.7276715382685432
5875 1.741880363037365
5876 1.76786430550248
5877 1.7827957685388334
5878 1.7756419454534413
5879 1.799115403776302
5880 1.822983253838133
5881 1.8392233175089772
5882 1.8382971324738508
5883 1.8212571492932375
5884 1.8132065731421878
5885 1.8081622727172866
5886 1.7933901770607175
5887 1.789485122658447
5888 1.781777310051165
5889 1.7408267737388354
5890 1.7092968615886224
5891 1.6929419480124916
5892 1.6585332661395922
5893 1.646388244364924
5894 1.617415488472444
5895 1.5836078201415889
5896 1.5563577657613161
5897 1.541121107951902
5898 1.532150582524173
5899 1.54145021121833
5900 1.544594919203219
5901 1.5307385347239408
5902 1.506303880755105
5903 1.4840248846718243
5904 1.4616024119244622
5905 1.4559866804761694
5906 1.4750392996917547
5907 1.5144436469608904
5908 1.5526099907048168
5909 1.596172365920762
5910 1.6131416477127953
5911 1.6187608715024957
5912 1.663035393235725
5913 1.6853863069420618
5914 1.6831720286096463
5915 1.6751752694152664
5916 1.661528356414378
5917 1.6849576486789355
5918 1.7060252804015006
5919 1.6950899715293977
5920 1.707730238364917
5921 1.7565803972707508
5922 1.7932163220970563
5923 1.8086983465435693
5924 1.7711393441773058
5925 1.6933422050893963
5926 1.6336791410678768
5927 1.6074924754924946
5928 1.590490794174929
5929 1.566453238372263
5930 1.5257280090823846
5931 1.4943146649937384
5932 1.4839287991344992
5933 1.4846595555922248
5934 1.477461831654339
5935 1.4998136483416142
5936 1.529547224514292
5937 1.5657024601853995
5938 1.5814638924163642
5939 1.5340476213261496
5940 1.5068967706253742
5941 1.495726998395694
5942 1.4758178271253646
5943 1.4493981928543984
5944 1.421711487777444
5945 1.4146837585179668
5946 1.4468062006383253
5947 1.5109934146756976
5948 1.5073390060130794
5949 1.4982967919236132
5950 1.470760387421501
5951 1.4503430986425179
5952 1.451105507178173
5953 1.4734935978538093
5954 1.5000859140642553
5955 1.5092225270616944
5956 1.5082804554927542
5957 1.5157019461040462
5958 1.5406134878127837
5959 1.5810910130930016
5960 1.6369472823305982
5961 1.7018930714627647
5962 1.7618236757960124
5963 1.7735951803817993
5964 1.7815579492264009
5965 1.8081515359650127
5966 1.8253470703820749
5967 1.8487096934962255
5968 1.894408890688712
5969 1.9328590806181638
5970 1.8823288275362153
5971 1.8397305893842406
5972 1.8704653150342319
5973 1.9129374416049811
5974 1.935085035013858
5975 1.9506094544457226
5976 1.9777425954174463
5977 2.0131295454693476
5978 2.047762043010757
5979 2.086304937904297
5980 2.142213832301498
5981 2.1798264594688685
5982 2.1943189202578086
5983 2.147117855307322
5984 2.087835057776359
5985 2.0596325048435724
5986 2.0867264452273218
5987 2.13169382532374
5988 2.105088922853433
5989 2.066018708374751
5990 2.051175707642171
5991 2.0363379262734136
5992 2.0251620472081022
5993 2.0183869551666493
5994 2.0136129242669862
5995 2.0007684388494456
5996 1.988668152050251
5997 1.964946556312023
5998 1.9474849836429382
5999 1.9298493892887125
