#frame I
5000 2.3339157146070617
5001 2.337139601935047
5002 2.3587413583974253
5003 2.3713630380350885
5004 2.3542653749690943
5005 2.382797252368462
5006 2.4284308492385334
5007 2.4551110556628313
5008 2.4927494948514495
5009 2.5502475206005095
5010 2.599702869296103
5011 2.6087469462582997
5012 2.5784515754089377
5013 2.547371644764415
5014 2.5361932486380656
5015 2.5171139685240234
5016 2.474493264671154
5017 2.447986288409181
5018 2.4194472769615136
5019 2.396623455473968
5020 2.383588651602958
5021 2.3758055013490615
5022 2.3987981247421426
5023 2.441889727993243
5024 2.499179930701484
5025 2.5326133950704954
5026 2.5561894811420256
5027 2.588517773906154
5028 2.6187458652737035
5029 2.6468683068390715
5030 2.6457815758412395
5031 2.6164068365535886
5032 2.5726283318424175
5033 2.560218021790596
5034 2.564014501765041
5035 2.5776955226463403
5036 2.583760965987132
5037 2.6003868478609493
5038 2.6416405290333445
5039 2.6927660028609415
5040 2.7210668212053166
5041 2.7556462536872552
5042 2.8039705221193105
5043 2.807836600515665
5044 2.8260858678390246
5045 2.83354579925719
5046 2.879756179466977
5047 2.957380204689965
5048 3.041538321850211
5049 3.0950352790647595
5050 3.1437225713778676
5051 3.189059687026258
5052 3.1877939807241042
5053 3.1675253032843664
5054 3.154201393745362
5055 3.115173511121732
5056 3.047888618454157
5057 2.9599638662850207
5058 2.8726653645448352
5059 2.805351705643696
5060 2.7438641882294013
5061 2.6764944234451638
5062 2.6090999589277404
5063 2.5589224356963864
5064 2.538986369901673
5065 2.5361032399085928
5066 2.5066445164288216
5067 2.486749383654632
5068 2.4746263976165217
5069 2.423737496815973
5070 2.3364436877631367
5071 2.253718862151963
5072 2.1724916252558066
5073 2.1081825290458274
5074 2.0401233349847177
5075 1.975517023540748
5076 1.9087140667227138
5077 1.857973758833741
5078 1.833674445904966
5079 1.829593525805993
5080 1.8357574855659868
5081 1.841423214894899
5082 1.856027351956031
5083 1.8756371349867642
5084 1.8976137395527968
5085 1.9154194467434178
5086 1.9206647382367747
5087 1.9322017471231892
5088 1.9611448365781303
5089 2.0317252492193743
5090 2.0722330620701883
5091 2.100597178529749
5092 2.120640714419949
5093 2.1387933212331824
5094 2.1557602921932357
5095 2.16845148498658
5096 2.1843587735533565
5097 2.2094087762214634
5098 2.236500005463234
5099 2.292315480201115
5100 2.3694996326204945
5101 2.396270434220787
5102 2.3951518267481307
5103 2.379931112472711
5104 2.343893671761874
5105 2.3078587188684736
5106 2.298142553970149
5107 2.3010158771012286
5108 2.309670122039454
5109 2.321679528474753
5110 2.3375013213693294
5111 2.35210660775114
5112 2.368187486046515
5113 2.380485026803358
5114 2.374316682575424
5115 2.3727999216158806
5116 2.3979747234507345
5117 2.4137712956634796
5118 2.416668482188904
5119 2.3978097930632267
5120 2.384348405370303
5121 2.3994027339075448
5122 2.4288801680994014
5123 2.4561072076058204
5124 2.4656042972103487
5125 2.4895162171316665
5126 2.506953222543899
5127 2.52711021050811
5128 2.560141591521696
5129 2.591776461323827
5130 2.5858754299678077
5131 2.554195618809768
5132 2.521421719782773
5133 2.47120232769181
5134 2.4363621181607447
5135 2.4337146041712634
5136 2.41395689442954
5137 2.4500281183798482
5138 2.4857315954703387
5139 2.521820692471916
5140 2.568972827098555
5141 2.6381162843145085
5142 2.711104669140105
5143 2.7915094625606804
5144 2.848405351252775
5145 2.8852510073068363
5146 2.9146440288105815
5147 2.947654506893681
5148 2.986583637998651
5149 3.0241803002489536
5150 3.0409923187345327
5151 3.035445733697785
5152 3.0191402016947606
5153 3.0049135238148543
5154 3.004937917681331
5155 3.0293755843859804
5156 3.04219711947327
5157 3.031976249514085
5158 3.0132002946783385
5159 2.9930107114665367
5160 2.997414090704284
5161 3.0210936688576706
5162 3.047789251252884
5163 3.0841068952628956
5164 3.114034552679879
5165 3.1240215865093512
5166 3.114672703284012
5167 3.1123387002743876
5168 3.128037052741945
5169 3.142847365295727
5170 3.191190529855521
5171 3.2301386592102097
5172 3.229274062427906
5173 3.1982082421454625
5174 3.1869864909142307
5175 3.162238474554541
5176 3.1443342054716537
5177 3.1541808097820994
5178 3.170058168388187
5179 3.18269389966995
5180 3.1926582677268303
5181 3.1871774942168742
5182 3.183923516139622
5183 3.1666498096072693
5184 3.1204837483151633
5185 3.0863291027816633
5186 3.0627635878445085
5187 3.0665735146821516
5188 3.087786668650424
5189 3.1011686099064026
5190 3.1339163473192877
5191 3.1703221072442687
5192 3.2100327903457075
5193 3.253947776774108
5194 3.3000826696123666
5195 3.338119788319653
5196 3.3725966557430707
5197 3.4069463933417885
5198 3.4269064955725037
5199 3.4411705508450146
5200 3.4395152079800817
5201 3.437437509039605
5202 3.459093140942337
5203 3.4878268971984756
5204 3.491701234137527
5205 3.4489338287444724
5206 3.38815194957601
5207 3.3175492422669364
5208 3.245753719513825
5209 3.1644906418163647
5210 3.101190659636998
5211 3.0605536748151243
5212 2.9970391367270763
5213 2.9064732300629545
5214 2.795950059665818
5215 2.692630805562735
5216 2.5992484587865947
5217 2.52903745698261
5218 2.451180473277574
5219 2.36477454862248
5220 2.3158792768929857
5221 2.3017745148019566
5222 2.3129927822835756
5223 2.311244460798773
5224 2.3174967843317233
5225 2.3326156021734072
5226 2.3613397660955386
5227 2.4240215895914194
5228 2.4843194325986517
5229 2.529046571742172
5230 2.5943577861309515
5231 2.6457088742335038
5232 2.6277030247864253
5233 2.607202722711571
5234 2.6008582404726637
5235 2.6124876971489455
5236 2.6508380917147365
5237 2.7183138733090226
5238 2.782210669695856
5239 2.7131657463283503
5240 2.647524512023121
5241 2.647520285455647
5242 2.643882969731743
5243 2.5939552543522724
5244 2.5515614179516013
5245 2.506766399576938
5246 2.4591265611433575
5247 2.424934859195791
5248 2.3894637229631925
5249 2.3743064662315034
5250 2.350876955731686
5251 2.3371604121481533
5252 2.347908237549324
5253 2.367099393177279
5254 2.390586926154517
5255 2.4433552297659253
5256 2.501587551102878
5257 2.54903793329496
5258 2.556751483232787
5259 2.5500181254583016
5260 2.5209993336712655
5261 2.481694659568813
5262 2.4349699898268797
5263 2.3867750691875917
5264 2.3485940796699327
5265 2.3177426511599934
5266 2.2844573587833517
5267 2.206316792599002
5268 2.126075221658784
5269 2.046538105004829
5270 1.992343234938982
5271 1.9626359397892046
5272 1.9500458890671912
5273 1.9462654556390373
5274 1.959587095911759
5275 2.004073874466971
5276 2.071562429835095
5277 2.139367036925746
5278 2.198063852009101
5279 2.24922670339174
5280 2.294224704287005
5281 2.3201009203489633
5282 2.361438357267926
5283 2.4060495290388295
5284 2.443240732600283
5285 2.47188708829208
5286 2.5014002735334424
5287 2.5211987092887678
5288 2.530835228058243
5289 2.5418050549020057
5290 2.575486353963436
5291 2.612211675776319
5292 2.6419163172083526
5293 2.676470666874424
5294 2.712378548431109
5295 2.749706727493954
5296 2.7810862814202917
5297 2.7870105492507227
5298 2.7918505124324255
5299 2.820803770665606
5300 2.8492879679013043
5301 2.8818004587642045
5302 2.9083953839288963
5303 2.920479877588736
5304 2.9106608875575044
5305 2.9029850763539
5306 2.902386325694169
5307 2.902947028642326
5308 2.920019644230849
5309 2.926832197797558
5310 2.9578396236172484
5311 3.011349233085968
5312 3.0697594120814173
5313 3.1103397400330217
5314 3.1326051510919783
5315 3.1356323827726422
5316 3.112785184572958
5317 3.1047700866212367
5318 3.104486799496776
5319 3.1146767874560872
5320 3.118797712608868
5321 3.115632126313644
5322 3.118316509170141
5323 3.1043832695442934
5324 3.064486540760297
5325 3.0135857789097527
5326 2.9691461581950196
5327 2.9517506597577587
5328 2.942956897404837
5329 2.9350916063451225
5330 2.9320249129415656
5331 2.9140164639363246
5332 2.869910116728261
5333 2.7979242917763982
5334 2.756877727522255
5335 2.725946970998363
5336 2.7019053513345814
5337 2.6897588258423433
5338 2.683696082550111
5339 2.6695683977933484
5340 2.6571284124259402
5341 2.632372469603428
5342 2.587088788471607
5343 2.516302579739026
5344 2.4345285727756987
5345 2.3830441666356967
5346 2.343210855694347
5347 2.3150125208505936
5348 2.2886448431667805
5349 2.276429706440876
5350 2.2847320061294574
5351 2.2961034899224684
5352 2.3277641564787093
5353 2.3840186729356505
5354 2.424422172551008
5355 2.4341742650417286
5356 2.4382312665968042
5357 2.4200121582244813
5358 2.3936211381544545
5359 2.3741920792426727
5360 2.360308928175911
5361 2.3562621869844804
5362 2.3455735927843198
5363 2.334559861042527
5364 2.312805425079829
5365 2.293822661465116
5366 2.2800944145978104
5367 2.270826416595089
5368 2.2719550603116256
5369 2.2810874178534366
5370 2.286741593727402
5371 2.291626532953692
5372 2.2981967126265093
5373 2.2923211472970113
5374 2.308067996876644
5375 2.3349580898467814
5376 2.3556053153921512
5377 2.376552151050074
5378 2.397928479592822
5379 2.4296070282191096
5380 2.4743151456684513
5381 2.5202043463600985
5382 2.5485803802536813
5383 2.5664088764029778
5384 2.5966754420095577
5385 2.6351333733641535
5386 2.6819947200615375
5387 2.7275708525493125
5388 2.7721233718952365
5389 2.789636083179408
5390 2.79467280304755
5391 2.804709314837927
5392 2.822460085896226
5393 2.817417545095419
5394 2.7954856674838924
5395 2.782272896272156
5396 2.7433983748025264
5397 2.7033213618580674
5398 2.6673608335012378
5399 2.63394105306603
5400 2.60710730839215
5401 2.5916700967328916
5402 2.5675096241410063
5403 2.539903366068064
5404 2.5205353862159945
5405 2.5139842502025087
5406 2.4989615942416297
5407 2.479357359560853
5408 2.443714983917277
5409 2.4218138601721964
5410 2.4137131694102147
5411 2.418500532801712
5412 2.4235415825944657
5413 2.4225135853077933
5414 2.4570731056210344
5415 2.5282262035114202
5416 2.6156127125619433
5417 2.7208683366765705
5418 2.8366588678606117
5419 2.92396444562954
5420 2.9954304099060827
5421 3.0305976490475453
5422 3.0302785868660727
5423 3.005750120648144
5424 2.9878426233064355
5425 2.9902943012597705
5426 3.007121530048901
5427 3.0331568706842518
5428 3.056032224151316
5429 3.0885337624687663
5430 3.137816506721554
5431 3.179275223228657
5432 3.188604668974736
5433 3.2049245499342374
5434 3.2161341306226063
5435 3.230407754817752
5436 3.244787512919724
5437 3.258322338820734
5438 3.2723668868726876
5439 3.276051186844575
5440 3.2811710267898495
5441 3.301189135961546
5442 3.331910815173063
5443 3.3592712308205326
5444 3.3951986996238275
5445 3.43110218160459
5446 3.4243255567453357
5447 3.4264388245632724
5448 3.4273419985957587
5449 3.3947859271806653
5450 3.381732033892228
5451 3.3641495718997234
5452 3.351318804375735
5453 3.327379808634166
5454 3.295352949807774
5455 3.2812964272098144
5456 3.2663660792311844
5457 3.235892069866171
5458 3.214417370436277
5459 3.216378108014285
5460 3.2119781779353844
5461 3.219678013431685
5462 3.2149515816636454
5463 3.2024310151606494
5464 3.1816454225091673
5465 3.1513758379608747
5466 3.135407824164251
5467 3.124280651012959
5468 3.1252270036642695
5469 3.1319090316726617
5470 3.1072851558787513
5471 3.068551229976685
5472 3.049447340991788
5473 3.0298982649827355
5474 2.993968498713808
5475 2.9692968772213937
5476 2.967187773568256
5477 2.969708112896614
5478 2.965890145243238
5479 2.955712295127592
5480 2.9673525785078754
5481 2.972381211864143
5482 2.9687044162361675
5483 2.9612966494382316
5484 2.9397461502321107
5485 2.9143105399402245
5486 2.882502992955939
5487 2.84187380440966
5488 2.804713913782875
5489 2.778647032350853
5490 2.772441647056311
5491 2.770600466039625
5492 2.769209411786181
5493 2.777148306197725
5494 2.787291392717485
5495 2.801862030901706
5496 2.8058698495766796
5497 2.81857835833328
5498 2.8410612298182967
5499 2.8515102003541615
5500 2.8502276671245625
5501 2.8599314654479473
5502 2.8189950310215286
5503 2.766929784180545
5504 2.7219883743898414
5505 2.6552464430803164
5506 2.6378018464075077
5507 2.623978281562601
5508 2.626098197609927
5509 2.6307754660046703
5510 2.634957134568105
5511 2.6483068582261797
5512 2.6558157826303286
5513 2.6513285909961035
5514 2.6336061018714236
5515 2.61428464156805
5516 2.6170239655539254
5517 2.611322029527141
5518 2.60098821549763
5519 2.578879407524138
5520 2.552613081004146
5521 2.543225509787602
5522 2.5658901898466726
5523 2.592169849205787
5524 2.6037369040833998
5525 2.597120802772533
5526 2.597755735872505
5527 2.607040751867676
5528 2.628877247852308
5529 2.659286447507187
5530 2.6850732147404255
5531 2.705832302347857
5532 2.707931340489746
5533 2.725956818010343
5534 2.7611793099942825
5535 2.7963184241199635
5536 2.813763005338531
5537 2.8333432794309736
5538 2.8440803211044265
5539 2.8423048488881557
5540 2.8464485263078725
5541 2.8655531579335936
5542 2.8803729379852796
5543 2.892405879387117
5544 2.908722668598209
5545 2.916325367970166
5546 2.888376974979959
5547 2.845834781244531
5548 2.8330183186359954
5549 2.8299734750366694
5550 2.8289976610842085
5551 2.841388424972024
5552 2.864586719038834
5553 2.8575994099615816
5554 2.8656093959632964
5555 2.8696712245473597
5556 2.8562635040826367
5557 2.8164902619641707
5558 2.7819354451581058
5559 2.7780921860036667
5560 2.775502938571479
5561 2.775721671990492
5562 2.7866159219514968
5563 2.760766586431934
5564 2.7331479093343374
5565 2.705613700208451
5566 2.681374048553825
5567 2.665769663610255
5568 2.672557345533532
5569 2.6622497425607072
5570 2.6182244762922453
5571 2.5539152676841317
5572 2.482594869331798
5573 2.469444176921426
5574 2.4927946386704747
5575 2.5100870050486024
5576 2.515193911436479
5577 2.532881153509533
5578 2.529233203609071
5579 2.476926364468439
5580 2.4384113439539754
5581 2.419769247537067
5582 2.40898624161161
5583 2.415441655406918
5584 2.415540712438855
5585 2.4187612038490514
5586 2.411893321009784
5587 2.411174030088914
5588 2.389711521035633
5589 2.3747279484322434
5590 2.3320730799364013
5591 2.2917884397591495
5592 2.2622899846339
5593 2.2210670913539143
5594 2.1980878536081545
5595 2.164869586367847
5596 2.084705233015124
5597 2.0150315387688664
5598 1.9675463498185608
5599 1.9421010308143305
5600 1.9467765961830426
5601 1.9509771362386719
5602 1.9600791890525713
5603 1.9688310820981016
5604 1.9573675264326165
5605 1.955348598635907
5606 1.9791317207758081
5607 2.013009397699624
5608 2.045371061012643
5609 2.052677316003917
5610 2.028784085223625
5611 2.0111929037683822
5612 1.9966885975790445
5613 1.9851522113278421
5614 1.9624901543146143
5615 1.94648716233288
5616 1.9252212638105006
5617 1.9358461654351242
5618 1.9534519179217655
5619 1.952617645251711
5620 1.950947087243536
5621 1.953957269762887
5622 1.9502449134460755
5623 1.9564589690401295
5624 1.969071022293334
5625 1.9725023520962277
5626 1.9751327312464655
5627 1.9699971770605378
5628 1.9665658086888478
5629 1.963371859691077
5630 1.9737658618775482
5631 1.9789632622928925
5632 1.97519939874176
5633 1.9567397977837795
5634 1.9308019616456633
5635 1.9135695598617217
5636 1.910952071538193
5637 1.9141315578077513
5638 1.925103671298279
5639 1.940349150820441
5640 1.984167835804115
5641 2.022248968470059
5642 2.059204978896022
5643 2.0559785489001707
5644 2.0483368947314893
5645 2.035907514262121
5646 2.0242301603668755
5647 2.020898861561167
5648 2.0342318888967252
5649 2.05006957391285
5650 2.0718239179521216
5651 2.0891284275790523
5652 2.096432382565544
5653 2.096673344783698
5654 2.114663329158059
5655 2.1410537125118747
5656 2.15595027744581
5657 2.170160612332738
5658 2.1391966569346597
5659 2.0947454804125236
5660 2.0871765526187303
5661 2.075232862353582
5662 2.0853858063328574
5663 2.054578703717832
5664 2.0146223314763003
5665 1.9602050655111525
5666 1.922093220620453
5667 1.890346242708432
5668 1.8761776526831542
5669 1.868467471225733
5670 1.875503536276834
5671 1.8981773081666917
5672 1.935020962331333
5673 1.9512115477272665
5674 1.945185423820659
5675 1.940821168202327
5676 1.921401145008291
5677 1.8675259344060562
5678 1.819304892210304
5679 1.7964327559716327
5680 1.8075927923063972
5681 1.8301744803353628
5682 1.835666802736595
5683 1.8264759237374937
5684 1.8075387616079004
5685 1.7908520667859167
5686 1.7559281098802275
5687 1.7147727204302186
5688 1.698524400112726
5689 1.696715631917192
5690 1.6584201298651082
5691 1.612286685910617
5692 1.5667398343619416
5693 1.4914083932526438
5694 1.413142037337664
5695 1.3687143211212933
5696 1.3364254627061916
5697 1.296104804037161
5698 1.2591814664674161
5699 1.239021328224836
5700 1.2274678695277006
5701 1.233300226093775
5702 1.233868033194064
5703 1.2286889467163704
5704 1.2181083616705957
5705 1.2134809520186423
5706 1.215305310468382
5707 1.2250207087935558
5708 1.247698045465409
5709 1.2706135175939979
5710 1.2982348742354173
5711 1.2894547554926188
5712 1.2910806014790082
5713 1.3111444518431565
5714 1.3222671865768303
5715 1.3316333991482472
5716 1.3508487013188588
5717 1.3911151856886113
5718 1.4362608096178173
5719 1.4759553799874288
5720 1.506528429775702
5721 1.5375348650214928
5722 1.570714566369259
5723 1.6099870548993278
5724 1.658652055754264
5725 1.7201521203848398
5726 1.7762777708724065
5727 1.8250432778004784
5728 1.8408527551607692
5729 1.8275370861075475
5730 1.8130312167550195
5731 1.8036080158085757
5732 1.8123470360707168
5733 1.8443913230106066
5734 1.8793327691848445
5735 1.9049863573255545
5736 1.9185259861496475
5737 1.942176757589181
5738 1.9611428340466086
5739 1.987569735818164
5740 2.0170426865905653
5741 2.0301738144576884
5742 2.043476856338757
5743 2.0349557790592456
5744 2.017768636744678
5745 2.003824649735231
5746 1.9855176681346935
5747 1.95903879243954
5748 1.920463121475863
5749 1.911018691533627
5750 1.908300305005661
5751 1.9088426775446274
5752 1.9334007626961862
5753 1.9876721068654823
5754 2.0374064592355654
5755 2.0688021141089896
5756 2.10005684429411
5757 2.1224433175769066
5758 2.1285192423931356
5759 2.1317977323838906
5760 2.158831698736928
5761 2.1653961989415165
5762 2.164490372530319
5763 2.1631436733760867
5764 2.1882685235222707
5765 2.209282231557749
5766 2.224640787246769
5767 2.2335089685109413
5768 2.2613832824421256
5769 2.2955007891834627
5770 2.314747093461103
5771 2.3133782207537656
5772 2.3096029069879522
5773 2.287706567029443
5774 2.267177920031992
5775 2.231561849987958
5776 2.2091449463699173
5777 2.204682095788331
5778 2.205716888431229
5779 2.1981387357511717
5780 2.1718021238720038
5781 2.1283364518006374
5782 2.0766628773748512
5783 2.0317811698664054
5784 1.9626288005659862
5785 1.8995447159383938
5786 1.848980907213769
5787 1.805632393174556
5788 1.7836442097624612
5789 1.7834364231657671
5790 1.7792436304433332
5791 1.7564585959025147
5792 1.7352628579986584
5793 1.7142168531190554
5794 1.6959379847124785
5795 1.6743056789838096
5796 1.6611589179512591
5797 1.6731340444033966
5798 1.6948833814884232
5799 1.7017694124594858
5800 1.7016826834246666
5801 1.7050518715727412
5802 1.685777354116526
5803 1.6538179644216855
5804 1.6304770641627506
5805 1.6260666504484913
5806 1.637931248648673
5807 1.6664076287428713
5808 1.6999911121719593
5809 1.7206420217219531
5810 1.7514212516748602
5811 1.778272436209217
5812 1.8125512519800087
5813 1.8460984738682056
5814 1.8539635200786924
5815 1.848810445641121
5816 1.8420542351438116
5817 1.8214636783051152
5818 1.809897480548936
5819 1.801801040758346
5820 1.7839801408743061
5821 1.7541314251071911
5822 1.724055129943297
5823 1.6880576195536208
5824 1.67036726640625
5825 1.6525934826185698
5826 1.628735994643537
5827 1.6022422956895719
5828 1.5719310310561645
5829 1.5660291753303472
5830 1.5658609487156763
5831 1.5430391775277654
5832 1.5128899114616863
5833 1.4851505402482448
5834 1.4640685412756245
5835 1.4911478702517684
5836 1.438754030284721
5837 1.3990168291891765
5838 1.3942215291771667
5839 1.391104549101051
5840 1.3879423239492457
5841 1.3714451025817511
5842 1.354996572549079
5843 1.3282643725209438
5844 1.3253519046810105
5845 1.3326360982808267
5846 1.3345208029599234
5847 1.394771187573208
5848 1.44704626445034
5849 1.4068121527804391
5850 1.363876618888281
5851 1.3292233788978622
5852 1.2891179027770594
5853 1.2479797666780947
5854 1.2332252552432958
5855 1.1926327382299393
5856 1.1394052710560985
5857 1.1065354792612045
5858 1.0651359311311148
5859 1.040499684498919
5860 1.0140737641833506
5861 0.9731380644759267
5862 0.9255372087616787
5863 0.8897453469540295
5864 0.8723273628853063
5865 0.8732054089780573
5866 0.8818598138792108
5867 0.8827375650205775
5868 0.8837209025682246
5869 0.9040243529126989
5870 0.9244821349977164
5871 0.9448035690714163
5872 0.9610271008175274
5873 0.9647759683981102
5874 0.9894328144245289
5875 1.0209115671359543
5876 1.0625258400886857
5877 1.0902969247644458
5878 1.0983277603312485
5879 1.0942095030536663
5880 1.082785963110988
5881 1.0622531036580107
5882 1.0393804257209103
5883 1.0126553947448493
5884 0.9951564954140779
5885 0.9898569283278735
5886 0.9926883729642935
5887 1.0107447918490136
5888 1.0307525900258419
5889 1.053705916610137
5890 1.0736886888288641
5891 1.084495957609818
5892 1.0997229288689905
5893 1.1100183995518016
5894 1.1102278417749105
5895 1.1278353555120082
5896 1.1412757186481042
5897 1.1528590439163444
5898 1.1820756350890216
5899 1.2260867947753515
5900 1.2565583323493252
5901 1.285702286040421
5902 1.3152377898783079
5903 1.3470550465336308
5904 1.37239403746928
5905 1.3990757674651053
5906 1.42309958698789
5907 1.440525490152771
5908 1.4548722210768965
5909 1.4648338172380515
5910 1.4546753267330323
5911 1.4544167280967681
5912 1.4762263840108207
5913 1.5099787265666367
5914 1.529085641300809
5915 1.5516268246726779
5916 1.5717838763416925
5917 1.6032480320052234
5918 1.6392578281970691
5919 1.6897109930773073
5920 1.739147463560107
5921 1.7733211521501122
5922 1.8095991402617075
5923 1.8585830200321287
5924 1.9330019205444575
5925 2.002526104541664
5926 2.068908534396641
5927 2.1468549257301386
5928 2.2308676042708053
5929 2.3278279496051346
5930 2.434987813591861
5931 2.5192895664398094
5932 2.590807844019707
5933 2.659094245598799
5934 2.7158139482364234
5935 2.7506254139158246
5936 2.7640654583457858
5937 2.7825605545077314
5938 2.805422939587662
5939 2.830946429355399
5940 2.8426006513749615
5941 2.844192246478403
5942 2.8255204211222926
5943 2.828297903362578
5944 2.862857515918717
5945 2.8848993740923015
5946 2.8952266332378693
5947 2.9081485812817496
5948 2.904804947784749
5949 2.9076074249213226
5950 2.884159836250244
5951 2.8596723392373553
5952 2.8600495500686938
5953 2.858314542482761
5954 2.8699950069329265
5955 2.875330890642306
5956 2.857289639718968
5957 2.8317189064458708
5958 2.8024477420557057
5959 2.7509139430624825
5960 2.6964563370712367
5961 2.6489928926763047
5962 2.5935214053806526
5963 2.553876276849117
5964 2.5140824693956367
5965 2.4467638277054906
5966 2.358932517258994
5967 2.281172333131877
5968 2.2214136839965097
5969 2.154321709761973
5970 2.0897658047054386
5971 2.0299807386583777
5972 1.9738472994024552
5973 1.9262076245256612
5974 1.8931761279981072
5975 1.8824996272244692
5976 1.8728419709376216
5977 1.8645912576733945
5978 1.8311474701817183
5979 1.787057030417931
5980 1.7530914696765638
5981 1.727347035236305
5982 1.7162951465100162
5983 1.7147794882466898
5984 1.6998639530947213
5985 1.6792733278472332
5986 1.6622213757669
5987 1.6597004945455704
5988 1.6679544800915196
5989 1.683365587709804
5990 1.6847242976025383
5991 1.675920841559488
5992 1.689693551706801
5993 1.6902324865009042
5994 1.6857018314521321
5995 1.668274464888965
5996 1.662271840621014
5997 1.6591221373384635
5998 1.6504391331716757
5999 1.6487325102181267
