#frame I
5000 2.7485374943273113
5001 2.7432409788738705
5002 2.706824858907394
5003 2.702283628322183
5004 2.6856732714468445
5005 2.713813546811481
5006 2.769100773200702
5007 2.7951809589882393
5008 2.817792229347894
5009 2.85258504440895
5010 2.8836922141935935
5011 2.8976948093248804
5012 2.890359160267995
5013 2.893000907241663
5014 2.9001122771580525
5015 2.885943623633718
5016 2.8242582321816463
5017 2.776234167078283
5018 2.7427713935391145
5019 2.7047560634144383
5020 2.6946150570326166
5021 2.6870190737042945
5022 2.676047036070904
5023 2.6818397155617864
5024 2.714373113103159
5025 2.7352346127626292
5026 2.757720149963265
5027 2.783827751992567
5028 2.8130154188579013
5029 2.847245571784558
5030 2.907456917473538
5031 2.9300366881938325
5032 2.856322356091123
5033 2.8297198353796547
5034 2.805085375086041
5035 2.8005518967998153
5036 2.8192902886198015
5037 2.829208202430405
5038 2.8945208306617114
5039 2.9954886888752092
5040 3.038023378184998
5041 3.0932020936698192
5042 3.152470016701889
5043 3.1413315851992256
5044 3.1498792375785367
5045 3.143176278487857
5046 3.160330234214701
5047 3.2011799341197538
5048 3.2105861182230897
5049 3.221945114458081
5050 3.241929069732065
5051 3.2827141349586992
5052 3.2857837386509576
5053 3.2748202859185414
5054 3.305285447009048
5055 3.2909442990998286
5056 3.2295404605007656
5057 3.1035469229486794
5058 2.978944366100038
5059 2.9026234847009458
5060 2.881263843575077
5061 2.8386914177604528
5062 2.799513502868955
5063 2.761678504943243
5064 2.7520879432219894
5065 2.7474959544505393
5066 2.742142120584042
5067 2.7723272687915665
5068 2.7819894434606667
5069 2.7039358283879436
5070 2.6001058005556024
5071 2.5294116962342326
5072 2.4472108502171066
5073 2.363542476180634
5074 2.2476462370868817
5075 2.14250329453149
5076 2.0426604437011946
5077 1.9683624255025745
5078 1.9041949901073585
5079 1.8489294124116795
5080 1.8225962969775227
5081 1.8295259377559092
5082 1.83386097270382
5083 1.8354214818910222
5084 1.8424814664102953
5085 1.8730648222166868
5086 1.9120620950103582
5087 1.9939968386136495
5088 2.0979702380494625
5089 2.2491652364597394
5090 2.368350447124284
5091 2.4281190517457727
5092 2.415544891951893
5093 2.3929874310938786
5094 2.361389730042272
5095 2.367892444115816
5096 2.435160766665823
5097 2.454741844500176
5098 2.443495393582987
5099 2.464936165097571
5100 2.49830853521622
5101 2.4756938484937634
5102 2.4409158674910203
5103 2.423154427693356
5104 2.390810188100222
5105 2.3385255239882032
5106 2.2899351383809634
5107 2.267964979690171
5108 2.2740579664001226
5109 2.3117115694546153
5110 2.345926455398617
5111 2.373400679024015
5112 2.379504278467016
5113 2.3885614536568487
5114 2.4191855320192457
5115 2.4654523479574717
5116 2.5301998221660758
5117 2.5888617416947923
5118 2.6362059643460016
5119 2.618171778890926
5120 2.6056720703571066
5121 2.589134960378225
5122 2.5913215172692974
5123 2.586525622721821
5124 2.5507260603151884
5125 2.5459422723711254
5126 2.5707179360861665
5127 2.578328590433915
5128 2.5936421203808346
5129 2.630513905422263
5130 2.652573727514567
5131 2.6325941774016757
5132 2.611256464123647
5133 2.5420363781900615
5134 2.4704310105702247
5135 2.4484364239558376
5136 2.4538576426129004
5137 2.513515974643004
5138 2.592488880172602
5139 2.6849442683151783
5140 2.7412133305284674
5141 2.7832632720850463
5142 2.8701795459118085
5143 2.995672576393049
5144 3.09096574220077
5145 3.123093868268148
5146 3.1732787323763434
5147 3.1830830076382393
5148 3.2099511829421945
5149 3.243918794494776
5150 3.27667392492458
5151 3.307902305395727
5152 3.298929009661792
5153 3.2747126809766702
5154 3.2987416267573715
5155 3.3242931614348756
5156 3.2851306706566206
5157 3.20639789959403
5158 3.1583578558689465
5159 3.100437208540094
5160 3.0884105514332085
5161 3.127098607253272
5162 3.1428111707811817
5163 3.1832264024151407
5164 3.2056303415468665
5165 3.1896538137779564
5166 3.191401106605915
5167 3.207585411399798
5168 3.201677467617113
5169 3.18686301747203
5170 3.2040083496938854
5171 3.2275638479842703
5172 3.192314438494003
5173 3.164266091553085
5174 3.1520331311782583
5175 3.100035116011297
5176 3.0385438617527463
5177 3.0048659724310376
5178 2.975038345980957
5179 2.94948809423394
5180 2.950188772632258
5181 2.9246742709247973
5182 2.919901890044849
5183 2.8954235438791165
5184 2.8846062872166254
5185 2.8579953324041796
5186 2.849085600352166
5187 2.8694694741169195
5188 2.929003925329463
5189 2.9997015063077193
5190 3.0860595694674076
5191 3.1666811270514224
5192 3.280096222200839
5193 3.4117506110676543
5194 3.515421924446073
5195 3.5186463413177558
5196 3.5073271789994265
5197 3.492421158615063
5198 3.4885700919835205
5199 3.4571467479350186
5200 3.4096456934924007
5201 3.353755290079648
5202 3.3198748920537593
5203 3.310777098285865
5204 3.3217163200642887
5205 3.2888617216735865
5206 3.228539950862827
5207 3.12478962663514
5208 3.0189109245063017
5209 2.9294705274706136
5210 2.876130839264999
5211 2.8285033738811385
5212 2.76203347946549
5213 2.6650490011188745
5214 2.561345851239207
5215 2.4799797267228785
5216 2.4110345438921885
5217 2.358452921098042
5218 2.2938353322980567
5219 2.239875748702764
5220 2.202353884501004
5221 2.1890424754944227
5222 2.189035105599745
5223 2.1968040859719067
5224 2.197547249119399
5225 2.18100890726836
5226 2.224830319913503
5227 2.4291934860464517
5228 2.6011956396367175
5229 2.7953905538240504
5230 2.860295756111894
5231 2.861775795450595
5232 2.7715495405639334
5233 2.7465443244745322
5234 2.785276940805736
5235 2.801223601293237
5236 2.8540867223908726
5237 2.972186107341541
5238 3.0759850307281136
5239 3.1003608427771265
5240 3.077628616861227
5241 3.0757707885322914
5242 3.0582033485072437
5243 3.0499941952588294
5244 3.073735328794281
5245 3.0895997176351173
5246 3.073302145527668
5247 3.0608777629719652
5248 2.998293766758849
5249 2.956392566291043
5250 2.9342435267477014
5251 2.913751270679199
5252 2.899299715016144
5253 2.897387910456483
5254 2.9009541938785257
5255 2.930428990985752
5256 2.9907170684709814
5257 3.0400028302344526
5258 3.04586826632899
5259 3.070193562001558
5260 3.0837748190688155
5261 3.1138527725553753
5262 3.0712738392031116
5263 2.9566766706040695
5264 2.817966034033607
5265 2.712005069895993
5266 2.627242347521255
5267 2.5289761406956575
5268 2.4516526959590865
5269 2.3543258818817714
5270 2.2735295810953575
5271 2.246927152978641
5272 2.253640463760648
5273 2.2497601825576643
5274 2.257540156665555
5275 2.319879567598217
5276 2.446002545894702
5277 2.633190221554547
5278 2.7742425422808736
5279 2.87299541108959
5280 2.925678525168589
5281 2.952560732338925
5282 2.9963377387296757
5283 3.046591964394691
5284 3.0541950242252374
5285 3.029734152535382
5286 3.017879935357672
5287 3.020228359943739
5288 3.034002813879067
5289 3.0696352146010293
5290 3.1154787268804527
5291 3.177432280813678
5292 3.2279844626925858
5293 3.2460472976188344
5294 3.2598017851125314
5295 3.255090720351739
5296 3.2367262740843348
5297 3.1882085196045993
5298 3.1510139143067932
5299 3.169374635786072
5300 3.2060255370793267
5301 3.2291774590401965
5302 3.271009434474195
5303 3.3389874487280906
5304 3.3641982727890603
5305 3.3816462398284046
5306 3.377709707794577
5307 3.3681101963109232
5308 3.4001829029587776
5309 3.425866456431433
5310 3.4777942195437297
5311 3.5182677380399254
5312 3.5365840968362963
5313 3.5237108172833853
5314 3.487847599668934
5315 3.4168585703039427
5316 3.3214995858632523
5317 3.2385938335237268
5318 3.2069291239527797
5319 3.193655787964754
5320 3.1649382691548658
5321 3.1181711271386217
5322 3.0972805642943326
5323 3.079825468290014
5324 3.0273757539721333
5325 2.9609317226227194
5326 2.8919010034661294
5327 2.837821526361256
5328 2.815260912762833
5329 2.792635152685228
5330 2.7817323998509376
5331 2.8088654318926514
5332 2.8072572411736916
5333 2.7397029986533665
5334 2.7135832117786074
5335 2.6680816053554053
5336 2.6217937600618644
5337 2.588040542386917
5338 2.586038507963665
5339 2.594366963859688
5340 2.5969858153115046
5341 2.576081557633673
5342 2.536882705695824
5343 2.491041827539343
5344 2.4288928719409935
5345 2.3659253325678375
5346 2.322806198983057
5347 2.327030256854516
5348 2.3147137463327336
5349 2.2979375213412103
5350 2.270179349169126
5351 2.2570773577581504
5352 2.303701209294057
5353 2.3935409064461277
5354 2.4865623084288697
5355 2.5031842699840596
5356 2.5133391250676786
5357 2.5266339556144546
5358 2.5438816329268903
5359 2.5611691833332624
5360 2.5662725894180607
5361 2.570507520097733
5362 2.572320188973428
5363 2.6101307822843065
5364 2.611540823362829
5365 2.5771557966408567
5366 2.5755967657284042
5367 2.5982044645150384
5368 2.650471898239565
5369 2.6999098960864836
5370 2.7042394220008537
5371 2.680473367478461
5372 2.642912463067737
5373 2.5986563358737267
5374 2.5731470078910315
5375 2.578675229138045
5376 2.580757944075254
5377 2.5928795127879343
5378 2.6261651335947906
5379 2.6653036858743446
5380 2.7084156925777485
5381 2.7107934553519173
5382 2.67403204944852
5383 2.6507672248698273
5384 2.657023745392158
5385 2.676170662405071
5386 2.702219792544022
5387 2.7331051417521905
5388 2.780493991875877
5389 2.778400030297257
5390 2.73393863747542
5391 2.712921940562487
5392 2.7332382527843406
5393 2.7242148046172963
5394 2.65919537785234
5395 2.63952166640642
5396 2.5886395418933104
5397 2.5596483345026835
5398 2.502681103918342
5399 2.4731909135732795
5400 2.46887100042759
5401 2.457275113426321
5402 2.4464423888797135
5403 2.4511466433862594
5404 2.4391709481734227
5405 2.4289604044701947
5406 2.4339083913751782
5407 2.4364666001229525
5408 2.401472677622927
5409 2.350007661689751
5410 2.2755150952688914
5411 2.229557875898195
5412 2.2230600682523898
5413 2.1840707697350963
5414 2.169320281742023
5415 2.16188697391815
5416 2.193400311709697
5417 2.323385371065189
5418 2.522449410482044
5419 2.7437274685318083
5420 2.920779326767829
5421 3.004450281883871
5422 3.0778704856807146
5423 3.126072807672501
5424 3.1283350351739334
5425 3.1840389093786077
5426 3.2276416941956314
5427 3.250236874074153
5428 3.2768846810632972
5429 3.290828227428459
5430 3.3307285260153354
5431 3.353759870814953
5432 3.341330194522945
5433 3.325422608308939
5434 3.30741332119269
5435 3.2907679732136033
5436 3.261292802041856
5437 3.252231270942628
5438 3.2028777749159905
5439 3.1578304234964096
5440 3.1582852975609867
5441 3.180173998335702
5442 3.1718729820011253
5443 3.141821757042921
5444 3.1277008378224997
5445 3.1203215674631966
5446 3.113659665862289
5447 3.1393688216352915
5448 3.135573446418625
5449 3.0901311178821596
5450 3.0735393335719827
5451 3.065150195872526
5452 3.0602382999781286
5453 3.059845497830943
5454 3.0422711067144417
5455 3.017370266969086
5456 2.98811816871079
5457 2.958633345805822
5458 2.949453652196248
5459 2.9366445820438734
5460 2.8918563192923656
5461 2.84798482911882
5462 2.7916104928345655
5463 2.7490630225748585
5464 2.7549991557481
5465 2.744048436673536
5466 2.7637655070010156
5467 2.80792058300279
5468 2.8292572228371964
5469 2.8316861646996463
5470 2.807665257656905
5471 2.78701631218402
5472 2.7819618978112626
5473 2.7661706376194948
5474 2.739986812466773
5475 2.740789439381556
5476 2.7563595144826154
5477 2.759001662427602
5478 2.76613933452143
5479 2.7723768212227364
5480 2.7923784473400723
5481 2.821431702973107
5482 2.8696418627578044
5483 2.8947499226201314
5484 2.90044521987969
5485 2.8886817890059797
5486 2.876352870689165
5487 2.842110122525983
5488 2.8166407645355522
5489 2.7932157988407114
5490 2.7831704092999003
5491 2.782420454080888
5492 2.7621706156416317
5493 2.734789906801208
5494 2.702622578345222
5495 2.671283171502831
5496 2.6394296503282413
5497 2.6142813211488845
5498 2.5892287385643318
5499 2.5766273539449474
5500 2.5769231208339676
5501 2.653836827446961
5502 2.6632393583147187
5503 2.6098853873516314
5504 2.6347033130342314
5505 2.5943256997519986
5506 2.571962548506112
5507 2.6022893572506534
5508 2.6335306742249034
5509 2.7053864608745775
5510 2.735679807165891
5511 2.7836062905919974
5512 2.808990540323918
5513 2.7690558448167737
5514 2.7601667384093433
5515 2.761429742394597
5516 2.8509864541041736
5517 2.935573125252677
5518 2.939122659031066
5519 2.9027647645753527
5520 2.8447469178965465
5521 2.8650509058429208
5522 2.906180776656861
5523 2.943783865568623
5524 2.9890380089978077
5525 2.9976115303407473
5526 2.9862449034609635
5527 3.010657325699194
5528 3.0447080817223173
5529 3.1033252946377403
5530 3.1853765951560042
5531 3.2522673232456922
5532 3.2685963570434518
5533 3.2985539464794678
5534 3.3214580149561974
5535 3.292966118111788
5536 3.25609815237736
5537 3.2216572959963705
5538 3.182472379085771
5539 3.1687889103258815
5540 3.166448642739865
5541 3.1946862046447246
5542 3.2091152261037514
5543 3.157182261892954
5544 3.101605566405685
5545 3.0526721900622875
5546 2.9838840807124516
5547 2.9053301823121473
5548 2.8702214757989237
5549 2.8768659902656375
5550 2.8729571011152117
5551 2.8476716062716534
5552 2.847371081728438
5553 2.8288826034667176
5554 2.817482873223634
5555 2.8084469840805166
5556 2.8135408902980132
5557 2.7662586120646124
5558 2.714017333302919
5559 2.6881204558875975
5560 2.6359036079221303
5561 2.6111308419789196
5562 2.6403710967529364
5563 2.6389729541009723
5564 2.6216765467254333
5565 2.6164225744956826
5566 2.6067228391907324
5567 2.5829813790577902
5568 2.624076893787199
5569 2.6728020860318518
5570 2.6558081578263546
5571 2.60850111067177
5572 2.5547895255270427
5573 2.5189068374615387
5574 2.553258607932486
5575 2.5838773668626445
5576 2.589911179662898
5577 2.6488305546123256
5578 2.683112559524918
5579 2.6692555647316536
5580 2.616954917851367
5581 2.6207647014465563
5582 2.6473001275059493
5583 2.608853835991812
5584 2.5900805560858626
5585 2.596913071473558
5586 2.5608993914686744
5587 2.543084385963211
5588 2.4959404748350607
5589 2.446329336950868
5590 2.3574217829975743
5591 2.2963525512868497
5592 2.279005960801936
5593 2.2532987067903147
5594 2.1906599545788756
5595 2.152802435658645
5596 2.0956086534360354
5597 1.9879332928598792
5598 1.916988316206782
5599 1.8743240588354886
5600 1.8752720348067073
5601 1.8957713707286314
5602 1.8872895031504724
5603 1.871723090625914
5604 1.8480956114313882
5605 1.8307234471028309
5606 1.839562559064999
5607 1.8558946439443726
5608 1.871976685265717
5609 1.8782681127531833
5610 1.8644592373172852
5611 1.8891237414983724
5612 1.9336261997493749
5613 1.9802990495296828
5614 1.968886516390267
5615 1.9622069167253604
5616 1.9335765456827034
5617 1.9205072927417897
5618 1.915934027560285
5619 1.907565801636157
5620 1.8881045234250737
5621 1.8836707305070133
5622 1.876257109050312
5623 1.8755846556970046
5624 1.8819222049172966
5625 1.9175604598638234
5626 1.9613296410147287
5627 1.9648777741748513
5628 1.9403495319427362
5629 1.9296890811579586
5630 1.9554941881739467
5631 1.98722234108819
5632 2.0201746087601253
5633 2.0428175158383923
5634 2.0566675396305834
5635 2.0617056211580493
5636 2.0889666311694306
5637 2.104617627171682
5638 2.1503869685019974
5639 2.20021840494622
5640 2.2508696130550296
5641 2.260235797236152
5642 2.2501383679759623
5643 2.1995723260850175
5644 2.152856738110781
5645 2.0972260732626475
5646 2.051553761371592
5647 2.0197101905438037
5648 2.0092918754350255
5649 2.0049365636070178
5650 2.0102894345973374
5651 2.0077852957110545
5652 2.02627322269265
5653 2.0525944017933577
5654 2.072757768328547
5655 2.0811452948959053
5656 2.081838785777399
5657 2.107942761689323
5658 2.1429269596866503
5659 2.165388630236329
5660 2.2158915623508633
5661 2.22188268137056
5662 2.252663666632041
5663 2.2382444715934855
5664 2.229352921353418
5665 2.187043678414339
5666 2.158799288126528
5667 2.13977732205359
5668 2.1371332559336285
5669 2.1047140887603115
5670 2.089849952174814
5671 2.1368370442915605
5672 2.217522221369977
5673 2.3023595557300482
5674 2.3973243110251765
5675 2.476491173633201
5676 2.505587971013094
5677 2.4362745425685337
5678 2.344722594579559
5679 2.2938753628303665
5680 2.296419000916728
5681 2.307140571212817
5682 2.3109775551130984
5683 2.3029865450359575
5684 2.276098069346854
5685 2.2462731230889355
5686 2.186681055254112
5687 2.123424012380739
5688 2.0922467192307406
5689 2.088423094542592
5690 2.071596493902314
5691 2.0262001816466473
5692 1.9803340568064005
5693 1.9094917913495317
5694 1.831121126196216
5695 1.7778838670678219
5696 1.7271899668179678
5697 1.6782227160140992
5698 1.637367316915774
5699 1.5995805306316337
5700 1.5706418432621578
5701 1.5554619149996207
5702 1.5397718581795294
5703 1.516383133257625
5704 1.4923486729537108
5705 1.4831715892090638
5706 1.4871468783576254
5707 1.501789184193698
5708 1.5590203592877059
5709 1.6316902468407093
5710 1.7157194298104301
5711 1.682070068094955
5712 1.6744377489701556
5713 1.689280942351905
5714 1.6841237503541324
5715 1.6862712805571047
5716 1.6988244870292089
5717 1.7420691440956713
5718 1.803504302940821
5719 1.8569971525927749
5720 1.886769357275911
5721 1.893865358838945
5722 1.9121655842265404
5723 1.9685224162941741
5724 2.0546508632403633
5725 2.125204568840588
5726 2.157132277443046
5727 2.171580851541876
5728 2.1413459396862424
5729 2.097785523294675
5730 2.0552161845469423
5731 2.0215552046998067
5732 1.9972242677670493
5733 1.9906681145436818
5734 2.0213655678246503
5735 2.040696513823629
5736 2.043808476885533
5737 2.0523260326139328
5738 2.0450133606644867
5739 2.0447557552866527
5740 2.047718822043647
5741 2.0616587029695927
5742 2.080978482602424
5743 2.092731375589584
5744 2.0784108211836783
5745 2.0510471828089814
5746 2.0369812529166706
5747 2.027977025147045
5748 1.9777857348663839
5749 1.9529531901322157
5750 1.9592863319240574
5751 1.9949296747784944
5752 2.0293214671110804
5753 2.104846266828247
5754 2.1710964362556706
5755 2.2527305344620214
5756 2.3132746999021125
5757 2.354455487042591
5758 2.3554232354013775
5759 2.360757402115595
5760 2.4219848806466766
5761 2.4322756311421916
5762 2.379077257946686
5763 2.336680040282047
5764 2.3238201352455654
5765 2.2968724921261
5766 2.2759361183898967
5767 2.271913941742942
5768 2.2758490291385614
5769 2.263845592741595
5770 2.220186921568125
5771 2.1914816645688897
5772 2.1621438211410133
5773 2.1258159928132243
5774 2.0827695247687323
5775 2.040954886625587
5776 2.031194299043743
5777 2.064867605061426
5778 2.088853853677191
5779 2.1298763399325535
5780 2.1860056701723645
5781 2.170826804359511
5782 2.130430416946484
5783 2.09002914910735
5784 2.0072038454066026
5785 1.9375274725089584
5786 1.91331185027097
5787 1.821325125517497
5788 1.7573316223885378
5789 1.7356496082327995
5790 1.707787461540346
5791 1.69011875939264
5792 1.6708033910168922
5793 1.6470067392568237
5794 1.6245323359060138
5795 1.6171662917897038
5796 1.6177763390075437
5797 1.6319601450904135
5798 1.667092089437821
5799 1.6683371595605594
5800 1.6571164650193266
5801 1.708453322368204
5802 1.7597919393313808
5803 1.7651708053697142
5804 1.7468624719300618
5805 1.7321214554260613
5806 1.7136345054974975
5807 1.705854305242515
5808 1.738385049542326
5809 1.786910714001882
5810 1.8691498526366386
5811 1.9536297673243181
5812 2.0342302254004108
5813 2.0813917970415567
5814 2.0963131640602874
5815 2.094275296189634
5816 2.0869030204708907
5817 2.065059022988104
5818 2.030428962457585
5819 2.011115356908483
5820 1.9742407863204015
5821 1.9197468352334317
5822 1.8688947619075917
5823 1.8157264887270443
5824 1.7563441694536195
5825 1.674313542760562
5826 1.5973822705461234
5827 1.545648558773977
5828 1.4859598335649724
5829 1.4556493319925439
5830 1.4484342250462847
5831 1.4295066604248376
5832 1.4128140494535328
5833 1.413115012758311
5834 1.4233713721525594
5835 1.4348579833494073
5836 1.380129134323156
5837 1.3570909308566173
5838 1.3613528047918597
5839 1.3863638501765778
5840 1.4388877639170008
5841 1.4873081380463342
5842 1.5124316801294526
5843 1.4807309820505032
5844 1.5112499987872674
5845 1.5750822592539315
5846 1.6299107572083753
5847 1.7159517870891798
5848 1.8742728886362308
5849 1.8193885336236617
5850 1.6518965151274294
5851 1.5316244594118584
5852 1.4582224668388295
5853 1.3939253983525814
5854 1.3706446696304304
5855 1.3126250773808221
5856 1.2430021886212315
5857 1.2224199838348204
5858 1.1571475992458724
5859 1.12828120086105
5860 1.093247742997112
5861 1.0635011902988982
5862 1.0507568649583425
5863 1.0676409032270298
5864 1.1161925374421853
5865 1.18513892437432
5866 1.21828163738967
5867 1.2182806571527347
5868 1.1779204288058691
5869 1.1502823254817494
5870 1.1530608679226786
5871 1.2048793128106325
5872 1.2686444289567278
5873 1.3017931569540446
5874 1.3506073975819155
5875 1.3875654413774905
5876 1.4451634571771763
5877 1.4868699491328488
5878 1.5049765604563867
5879 1.4999858110245106
5880 1.4871776203531015
5881 1.453051580493244
5882 1.4163625974613399
5883 1.3883947926692224
5884 1.3683999115659886
5885 1.3575552163607978
5886 1.3637786067086128
5887 1.3884343457443566
5888 1.4029466927496839
5889 1.417780081339462
5890 1.4266076012833184
5891 1.4456269766615084
5892 1.4867219939978369
5893 1.5045102410668192
5894 1.5023210662112838
5895 1.5028949236908407
5896 1.5158642232339754
5897 1.5436640241948512
5898 1.553918540361543
5899 1.5754199999643743
5900 1.60948747459673
5901 1.6554200671322583
5902 1.7035253700691715
5903 1.7462677565316267
5904 1.7873259399419337
5905 1.8146426040540664
5906 1.8205687060665336
5907 1.8185855228455068
5908 1.8363396880285645
5909 1.8472832587480552
5910 1.8411886310967382
5911 1.8829751008839382
5912 1.939120838832426
5913 1.9890955286779917
5914 2.047380575701942
5915 2.082341009448504
5916 2.0854494898752143
5917 2.112848713250731
5918 2.170634556170559
5919 2.247993251462199
5920 2.3224974264483453
5921 2.392608279637313
5922 2.457452463546457
5923 2.5286905632869168
5924 2.6216325205707833
5925 2.7124870948017503
5926 2.793439652867575
5927 2.865980641862374
5928 2.943966586421418
5929 3.0461520449661403
5930 3.1513473066675703
5931 3.2574895028085216
5932 3.3555791974400053
5933 3.446592502265819
5934 3.4969801125794118
5935 3.5044802052042825
5936 3.4895103858970433
5937 3.4736327950848698
5938 3.4364941238794806
5939 3.413162064302351
5940 3.405134127052947
5941 3.4182501218944275
5942 3.3958055349857124
5943 3.347989496516018
5944 3.361118934995449
5945 3.3792695419355057
5946 3.3713082723914707
5947 3.323385998578041
5948 3.2860670747915335
5949 3.272464011236873
5950 3.205472412185677
5951 3.1247257967461493
5952 3.0738769423109424
5953 3.0252661599626993
5954 2.9820819946570483
5955 2.9486416517989507
5956 2.9012063287948298
5957 2.8236373241615786
5958 2.766194527083642
5959 2.716206343050773
5960 2.6370905853062094
5961 2.5827394712828062
5962 2.523132456093911
5963 2.4908424620696317
5964 2.48884313400498
5965 2.4586941734551155
5966 2.3889576513065847
5967 2.3152167265770487
5968 2.2612540378841883
5969 2.199234104665853
5970 2.1833322056918854
5971 2.193742645619624
5972 2.146494826277511
5973 2.131351763293802
5974 2.1342970840935815
5975 2.1492001888438153
5976 2.167676340848174
5977 2.170822702908198
5978 2.137446101637065
5979 2.0580016467865003
5980 2.027430119426436
5981 1.994565188290247
5982 1.9800982521322028
5983 1.9571584652719507
5984 1.9102339200650233
5985 1.8812362535487148
5986 1.863238923536209
5987 1.8822608489509243
5988 1.9123767383949994
5989 1.9407440541149032
5990 1.9660866419687733
5991 1.988040259182809
5992 2.0344995760800297
5993 2.1039101027831397
5994 2.1547666459940356
5995 2.1346643049967957
5996 2.0705193711653567
5997 1.9913207426335207
5998 1.923898174921046
5999 1.8768187381959867
