#frame I
5000 2.5751435355940733
5001 2.589369498484423
5002 2.5992037187377215
5003 2.6234718528350194
5004 2.614350284862851
5005 2.6477318840352893
5006 2.694380243258164
5007 2.7184589686993608
5008 2.747853410514903
5009 2.7857522653840068
5010 2.821716997668316
5011 2.822351177943383
5012 2.7882315066008
5013 2.7682608311393264
5014 2.7639362417453586
5015 2.757225361534066
5016 2.7145388450556767
5017 2.6880470325490426
5018 2.659386763028301
5019 2.6337940988841186
5020 2.6285500125050794
5021 2.613631127923436
5022 2.612108049714676
5023 2.6338460574831775
5024 2.6829748398412128
5025 2.7134405435610156
5026 2.72837037311402
5027 2.7381131502003218
5028 2.752687163773384
5029 2.7736496217471562
5030 2.7891948593000997
5031 2.780360980863732
5032 2.7260766431757135
5033 2.704606859582285
5034 2.6969775131663147
5035 2.7123825699313953
5036 2.737529452794206
5037 2.764666563634913
5038 2.829262014034474
5039 2.9064633970868488
5040 2.960518272196882
5041 3.0136143508895623
5042 3.082163942898961
5043 3.090981367548032
5044 3.109430149465958
5045 3.105211772710507
5046 3.126599439537316
5047 3.18433658949816
5048 3.2167736024692997
5049 3.2192025340289305
5050 3.2305778863752552
5051 3.259580119194042
5052 3.2635866081137603
5053 3.249822775214587
5054 3.261899751072957
5055 3.2151898700183144
5056 3.14415483469871
5057 3.0457499814679445
5058 2.9356800355220924
5059 2.844416082664499
5060 2.7927415827406388
5061 2.750287705603453
5062 2.714992311908533
5063 2.684480985249019
5064 2.6725581888820504
5065 2.6713327983689332
5066 2.6511555838936145
5067 2.6400427795773274
5068 2.643861424167852
5069 2.6038007692602343
5070 2.5184500334288633
5071 2.430180461084893
5072 2.3356253615827383
5073 2.250303534805921
5074 2.1520393961399633
5075 2.0582296657198467
5076 1.9681133036299399
5077 1.9034598950187689
5078 1.8525403041263189
5079 1.8192642645246748
5080 1.8023879599255554
5081 1.8069948279636592
5082 1.8175719738259708
5083 1.8180198791375584
5084 1.827757150829512
5085 1.8491448543690456
5086 1.8680191839822902
5087 1.9076723705486878
5088 1.962872951732023
5089 2.066206562999164
5090 2.1475976939431525
5091 2.19739420309393
5092 2.223883564487464
5093 2.2392721460773526
5094 2.2440276336173577
5095 2.2634404529622927
5096 2.3062331838427514
5097 2.3554244546051137
5098 2.3727790596064136
5099 2.430159528506454
5100 2.495783142307243
5101 2.510651727013936
5102 2.5021923752396664
5103 2.4799042652093406
5104 2.4353464658078146
5105 2.38330150895452
5106 2.3502144533939835
5107 2.3256282530143837
5108 2.323937487610957
5109 2.3336925447716426
5110 2.3565872203153866
5111 2.3801987274666683
5112 2.3967318907527977
5113 2.400857374276194
5114 2.39791206370801
5115 2.412774489440453
5116 2.4567104647757105
5117 2.4903245729123364
5118 2.506464026685808
5119 2.492459488440993
5120 2.477492354290783
5121 2.493245330435432
5122 2.5224201732919025
5123 2.5433115061223446
5124 2.548397929471476
5125 2.565177319291883
5126 2.582824554611517
5127 2.5979881981219783
5128 2.618314299681113
5129 2.6407568163600748
5130 2.6356728633164828
5131 2.607799830442784
5132 2.577206542385886
5133 2.527541078921737
5134 2.4811560600203153
5135 2.468851535744683
5136 2.447471066411538
5137 2.4827350920264015
5138 2.5316855125094806
5139 2.5814577317751946
5140 2.640874957853084
5141 2.711469227004171
5142 2.800875162853811
5143 2.9128353938176277
5144 3.0119750683283164
5145 3.0647266554446673
5146 3.1054648174208266
5147 3.137468805802437
5148 3.184624373263566
5149 3.2167553733867904
5150 3.2286765420391945
5151 3.2332145803091707
5152 3.2243666279688346
5153 3.206484536876399
5154 3.206610189171452
5155 3.2346491850443213
5156 3.2370496634713586
5157 3.2039131316213614
5158 3.1778759353005923
5159 3.1473951758759764
5160 3.1499541483099187
5161 3.184589365555809
5162 3.220694833024843
5163 3.2604488644437732
5164 3.2842211661670113
5165 3.28725107170622
5166 3.286335935262971
5167 3.2882658437685235
5168 3.2922273032888834
5169 3.282981457344271
5170 3.3106902613814664
5171 3.337428141677995
5172 3.3180577258222157
5173 3.284668482879361
5174 3.266653645589898
5175 3.22888106674835
5176 3.186566275452402
5177 3.1735243718939152
5178 3.161562959088806
5179 3.143091538498608
5180 3.1318336122203303
5181 3.1015476969250337
5182 3.0843644564778696
5183 3.052525932393163
5184 3.001888658179329
5185 2.9547509493864763
5186 2.919380235737335
5187 2.918956440743131
5188 2.958670053383465
5189 3.0103812994616144
5190 3.086508174171038
5191 3.1675059080867807
5192 3.2536208322886293
5193 3.33314741655354
5194 3.4069078466720315
5195 3.453112047224016
5196 3.4752952114719644
5197 3.4986938670670353
5198 3.517219789789163
5199 3.522032997816073
5200 3.4941254343074695
5201 3.4741059002503145
5202 3.4606910461480673
5203 3.466454685216505
5204 3.4715244700177594
5205 3.43193078188622
5206 3.3621516809046716
5207 3.2740871600362484
5208 3.1796987354986186
5209 3.095779403947445
5210 3.038370062204212
5211 2.9843366733723853
5212 2.9167454285954966
5213 2.822715702005036
5214 2.7194255548700488
5215 2.628911494062461
5216 2.5486560462076118
5217 2.478889981555701
5218 2.3955749440995064
5219 2.322672443600344
5220 2.286718394487935
5221 2.2773185117944355
5222 2.280240591588522
5223 2.2710560202981935
5224 2.264033777598144
5225 2.25175027594722
5226 2.269981772993283
5227 2.356523411891512
5228 2.4352397008164095
5229 2.4904813357395224
5230 2.5717548637417083
5231 2.6514266804228757
5232 2.621540847949697
5233 2.6084956379522426
5234 2.643449836404832
5235 2.7038300237258417
5236 2.7885751334055566
5237 2.9048683555990538
5238 3.0115052808524885
5239 2.968430820274938
5240 2.922290660072418
5241 2.9494465463674118
5242 2.9646920670499903
5243 2.944897603816165
5244 2.961551157203988
5245 2.9697342773275808
5246 2.956782378044393
5247 2.959990386559373
5248 2.9399363036530666
5249 2.926542821969444
5250 2.909304325215712
5251 2.895203970647337
5252 2.8983615687074282
5253 2.9066587069907177
5254 2.9153025167665327
5255 2.9492322146634202
5256 2.9993377176604095
5257 3.039507008687277
5258 3.037484096790704
5259 3.0265476142473005
5260 2.996867312612111
5261 2.960442296657861
5262 2.9106126131107724
5263 2.8486647134644816
5264 2.7776281303460846
5265 2.7058272983956595
5266 2.621792676819387
5267 2.515383313717959
5268 2.4227087271375116
5269 2.3223129075377087
5270 2.2381113901550913
5271 2.187848117049199
5272 2.162896815772482
5273 2.141135707452537
5274 2.1355032411369756
5275 2.1783367024566767
5276 2.261368402611513
5277 2.35682282740222
5278 2.438324470988599
5279 2.507230639901503
5280 2.561741354766002
5281 2.6008302161044163
5282 2.66816577872312
5283 2.7328175418072633
5284 2.7692421978613577
5285 2.7905573144671383
5286 2.8131549385940486
5287 2.8282221363126334
5288 2.8361463131268314
5289 2.8542970365765608
5290 2.9017698195988015
5291 2.948796153833722
5292 2.991333830793156
5293 3.031937451367077
5294 3.0728291704824557
5295 3.1080208362224777
5296 3.135903646696643
5297 3.1283868577771035
5298 3.120070066942503
5299 3.145658359525869
5300 3.179666334863099
5301 3.2167292690178164
5302 3.2490062659526213
5303 3.2806645718791425
5304 3.2811138366957646
5305 3.2800537953376003
5306 3.276122142461046
5307 3.277602444942618
5308 3.313713390534244
5309 3.3504872410715656
5310 3.4245296207680744
5311 3.5052430841388165
5312 3.5694140486641386
5313 3.5975067668336465
5314 3.5940933073153056
5315 3.5621785574826794
5316 3.5076347685043263
5317 3.4464326228569004
5318 3.405377332011523
5319 3.3881847414146145
5320 3.3530905819542256
5321 3.311157813372093
5322 3.287844239434054
5323 3.2581363448542304
5324 3.197903364305821
5325 3.125270312600461
5326 3.0554366587434423
5327 3.0079080367096425
5328 2.969836530914946
5329 2.933488176458206
5330 2.9135182859655546
5331 2.9071605810427297
5332 2.869238149367653
5333 2.8026534582511076
5334 2.770123165745471
5335 2.7418805747248705
5336 2.7239674366546076
5337 2.725821146358272
5338 2.738555043137446
5339 2.7312228798933345
5340 2.717124024589773
5341 2.6889315492315977
5342 2.639509632649504
5343 2.5754272290639837
5344 2.4969743780995572
5345 2.446584221435659
5346 2.4084188749213147
5347 2.386713961472602
5348 2.3537435253733126
5349 2.337573587794275
5350 2.323587522503939
5351 2.311900326836186
5352 2.3393048488341575
5353 2.406364315851793
5354 2.4681594486282545
5355 2.487880708658523
5356 2.4965881649158255
5357 2.4976647300524837
5358 2.4968337378083727
5359 2.4996199456901325
5360 2.4984266394067842
5361 2.5069438307895884
5362 2.5069544297130983
5363 2.520343356582369
5364 2.5194082994845033
5365 2.506450420854946
5366 2.5073387269622502
5367 2.5241169146162146
5368 2.557997313907206
5369 2.5945958473594923
5370 2.6125492700596364
5371 2.620673005227625
5372 2.6269054299294927
5373 2.618619908942459
5374 2.623336737205665
5375 2.642099665998074
5376 2.648654643301612
5377 2.6574543902466177
5378 2.667028677187014
5379 2.681892860369287
5380 2.7199649009410063
5381 2.7556423419654363
5382 2.7593170166915697
5383 2.7511490870108486
5384 2.7571678073869474
5385 2.7684549661704607
5386 2.7941253518525353
5387 2.8217671168749656
5388 2.8592174299949136
5389 2.8628084116525194
5390 2.8369550696248966
5391 2.8085261908303023
5392 2.8091867187083928
5393 2.8014663747597823
5394 2.769564466062967
5395 2.758995909326147
5396 2.7243916843644516
5397 2.6959238638460903
5398 2.659812741110987
5399 2.6345973186287184
5400 2.628638547649843
5401 2.62875122210199
5402 2.6090630938194623
5403 2.5881227651739582
5404 2.570284231521835
5405 2.5560874734443106
5406 2.5331878680602014
5407 2.514028987693904
5408 2.4650456275224633
5409 2.420755322850205
5410 2.380408604803215
5411 2.349687028000672
5412 2.3396505429337275
5413 2.317061761746825
5414 2.317310447609304
5415 2.3434088340093115
5416 2.395910611608852
5417 2.4996678381798576
5418 2.652366046743209
5419 2.7993227738445423
5420 2.9210256855852803
5421 2.9963485057775983
5422 3.0595581613934626
5423 3.0763466754694155
5424 3.0778156476431118
5425 3.1132442770537474
5426 3.1602566718584586
5427 3.2044181539758165
5428 3.2431507848158097
5429 3.2792737404415626
5430 3.33040324791218
5431 3.369349804409657
5432 3.366570947879901
5433 3.3605117163701843
5434 3.3519723143920763
5435 3.3448105542536877
5436 3.3371473169161856
5437 3.3374062693486963
5438 3.3308165151809046
5439 3.319171443313903
5440 3.328060139026583
5441 3.3520964529389716
5442 3.3618528120625992
5443 3.3589144234911426
5444 3.3657780370796675
5445 3.377302139870385
5446 3.3624517847766318
5447 3.3693650614529096
5448 3.358036477543201
5449 3.3202305396773677
5450 3.303757465487688
5451 3.28308576803519
5452 3.268875299199137
5453 3.2481188471742173
5454 3.2075497695269446
5455 3.172424421438579
5456 3.143252528733285
5457 3.1065384276111967
5458 3.08571345495737
5459 3.076721892314876
5460 3.047564396520681
5461 3.0298165114605777
5462 2.9985574074067776
5463 2.9674239775581146
5464 2.9554870815690073
5465 2.9380968222144976
5466 2.9419648284710727
5467 2.960991633351597
5468 2.9756644974155986
5469 2.9832267652124975
5470 2.9673776014039537
5471 2.9431225507248655
5472 2.937615884389062
5473 2.929148160059608
5474 2.9120992626128874
5475 2.908982892165811
5476 2.925918146571116
5477 2.9374491797914506
5478 2.9472030606017263
5479 2.957142908887142
5480 2.9794785267006696
5481 3.00004320525051
5482 3.0227678821589805
5483 3.0339425999068177
5484 3.025407965536218
5485 3.000674512142338
5486 2.9693087365773496
5487 2.921455783965831
5488 2.8893805195424513
5489 2.861650896188457
5490 2.8516773564030173
5491 2.8502013311259145
5492 2.841519508488535
5493 2.833156520305165
5494 2.8224808381229662
5495 2.8074331343446133
5496 2.787710737178935
5497 2.772374704207621
5498 2.7627283360930033
5499 2.7549179958584817
5500 2.7441877549633538
5501 2.7478464295285416
5502 2.7019394743560223
5503 2.6633905281257593
5504 2.6493099984459207
5505 2.6046148397791256
5506 2.5913827252857007
5507 2.587919033120688
5508 2.603733103539857
5509 2.6248759246077316
5510 2.661200232772605
5511 2.7028821482208336
5512 2.721737641095579
5513 2.7276799921090156
5514 2.7231059366496417
5515 2.7204070478498195
5516 2.766353624360792
5517 2.8075619393499003
5518 2.8194273033120982
5519 2.8009657743882994
5520 2.7773763279057646
5521 2.77601241539229
5522 2.8079742836107076
5523 2.85568569861444
5524 2.890083936412523
5525 2.8916527322757557
5526 2.8878185499347784
5527 2.8887007912882545
5528 2.906067024600523
5529 2.9343193625879374
5530 2.9734178948273984
5531 3.010415832445903
5532 3.0196600888606717
5533 3.0366975012785438
5534 3.0678618365042674
5535 3.093877139744139
5536 3.0979709153737462
5537 3.1064688270448526
5538 3.1089954772086728
5539 3.1087255891578907
5540 3.120834491480362
5541 3.136634797097477
5542 3.1484115227421627
5543 3.1492123043060585
5544 3.14133620642557
5545 3.1105261102388786
5546 3.0596752475747873
5547 3.0118254995860507
5548 2.9875573702128113
5549 2.982374458852832
5550 2.9780263762749812
5551 2.959583330577863
5552 2.966822322100336
5553 2.9551642208028452
5554 2.955724180942428
5555 2.9461370009950705
5556 2.93798955468911
5557 2.9005562894161505
5558 2.8540235611586957
5559 2.825674888074726
5560 2.7918102101405444
5561 2.7724413834725627
5562 2.7795397281498815
5563 2.7568235123024714
5564 2.726639137268913
5565 2.701526601097095
5566 2.674477883655111
5567 2.6322765768629943
5568 2.626522336112184
5569 2.625701258221421
5570 2.606717533600902
5571 2.564588588123187
5572 2.504450760412612
5573 2.482083283404681
5574 2.5117140891807783
5575 2.545850114157501
5576 2.5706942634174244
5577 2.6182732217133107
5578 2.6263038779396335
5579 2.5802425912750593
5580 2.536905368045028
5581 2.5401974523133832
5582 2.5595659473476093
5583 2.5681946688269095
5584 2.5786103913246956
5585 2.609943541032349
5586 2.6144930787103533
5587 2.6158352765133266
5588 2.5737872375808846
5589 2.5391032822113613
5590 2.464317337007922
5591 2.399071752580103
5592 2.3668079110519993
5593 2.3274412392876
5594 2.2880812106666175
5595 2.253666395765919
5596 2.1767999105281812
5597 2.0899268972556917
5598 2.028383093130527
5599 1.98155125076974
5600 1.9738600231889694
5601 1.9862477347357752
5602 1.994531720381497
5603 1.992044243855367
5604 1.9750163397336982
5605 1.969907809382174
5606 1.9854861409193572
5607 2.006932562516091
5608 2.023180562440622
5609 2.0219706709147345
5610 2.0034737465800125
5611 2.0011183184271615
5612 2.004647812118948
5613 2.015154315604
5614 1.9958701363209685
5615 1.9776048500294228
5616 1.9491812720999728
5617 1.9458694661970306
5618 1.9556903358402964
5619 1.9595997006029595
5620 1.9546945908766038
5621 1.9546892157642344
5622 1.943785439683187
5623 1.9456829024624374
5624 1.9504663593676983
5625 1.9595458041858986
5626 1.971084119381707
5627 1.9663450976444599
5628 1.9446129894402056
5629 1.9263876855623503
5630 1.9374614605930651
5631 1.947281320445228
5632 1.9529124206313697
5633 1.9446592874657247
5634 1.929880775192397
5635 1.9249747573463256
5636 1.9343766771536706
5637 1.9476302486256862
5638 1.9822687674143176
5639 2.0230601644223536
5640 2.0852168325752785
5641 2.122359383743682
5642 2.1506992739818234
5643 2.1417527304221258
5644 2.1266359397358294
5645 2.1013062238549316
5646 2.072837157565219
5647 2.0543639251480017
5648 2.0542569838144598
5649 2.0560637384762552
5650 2.064084568845254
5651 2.0674716567141673
5652 2.0798793177879116
5653 2.086119233304907
5654 2.094096661390611
5655 2.1022531818211965
5656 2.0919073374728034
5657 2.0891686712231814
5658 2.0708813175896945
5659 2.042431942215348
5660 2.0498651379223216
5661 2.0457399748494485
5662 2.062853527396953
5663 2.045391991278875
5664 2.023636567381966
5665 2.001248970457713
5666 1.9831315254645048
5667 1.980030641524769
5668 2.0033293785894264
5669 2.0064242315508984
5670 2.0232949478044766
5671 2.065694229584665
5672 2.11001853812468
5673 2.145027460156058
5674 2.16789760083988
5675 2.18997831808354
5676 2.1903141731692215
5677 2.133520427560808
5678 2.073409562900305
5679 2.0497345774747777
5680 2.075110013969959
5681 2.109663673270528
5682 2.128252440296514
5683 2.1379503034224183
5684 2.1234318588690786
5685 2.1121305919860136
5686 2.072436314423852
5687 2.0258535272654865
5688 2.008659213323581
5689 2.0084013712599593
5690 1.9798328359136514
5691 1.9318967323832825
5692 1.8803126087706286
5693 1.809306167342297
5694 1.740061197618853
5695 1.7014683312501075
5696 1.659721183220124
5697 1.6092180084103551
5698 1.560114978789642
5699 1.5262022297443718
5700 1.4969017714019246
5701 1.4810821695243073
5702 1.4660638483038444
5703 1.4443851958998593
5704 1.4165849177285486
5705 1.400484039718618
5706 1.3952927011553642
5707 1.4007434939641366
5708 1.4264554153574316
5709 1.4595362785715245
5710 1.488598304529534
5711 1.4771971275822262
5712 1.4738443951510936
5713 1.4961692311057346
5714 1.4945961534134315
5715 1.4890977286981573
5716 1.509885343668644
5717 1.5682308584135767
5718 1.6373062583144968
5719 1.6943066013315484
5720 1.741036275605375
5721 1.781617556602184
5722 1.8171806670807615
5723 1.8634186212867137
5724 1.9311863971762615
5725 1.9998975642659844
5726 2.0405906339929905
5727 2.0758042681455717
5728 2.07494257297327
5729 2.0465700883384708
5730 2.006432235240898
5731 1.9738805531573453
5732 1.9599296868958962
5733 1.963425365901357
5734 1.9800745189659672
5735 1.9959302464167177
5736 2.0037305802715384
5737 2.0220111518279493
5738 2.0226981201900207
5739 2.0236920353501104
5740 2.0358476379878585
5741 2.042846302886609
5742 2.0514180788207765
5743 2.0530935492406734
5744 2.043911941559468
5745 2.030628468424499
5746 2.0256089970631845
5747 2.013163472416054
5748 1.9699804442347086
5749 1.9593772563892067
5750 1.9646714343521678
5751 1.9813269679540422
5752 1.9993681865261919
5753 2.053416853602444
5754 2.1052905010115412
5755 2.1588025217453954
5756 2.218317265247528
5757 2.2638066382146307
5758 2.285124556079656
5759 2.294079676235725
5760 2.3368338018848136
5761 2.347055434987332
5762 2.3332203672647895
5763 2.320621953747653
5764 2.328067653980396
5765 2.3181488249203737
5766 2.304676222072895
5767 2.2929095644882156
5768 2.300474385693984
5769 2.3063415614187126
5770 2.2954370017177426
5771 2.2795459636192543
5772 2.257254369926996
5773 2.2271415083053454
5774 2.1883876191269533
5775 2.1401617592287656
5776 2.122175543482512
5777 2.13132221010036
5778 2.1505804411855234
5779 2.173245880465465
5780 2.1808918638082946
5781 2.162179543396442
5782 2.1253487848336907
5783 2.0887186186261144
5784 2.025465154828532
5785 1.961578976145106
5786 1.9186942915866096
5787 1.8599179277997078
5788 1.8186752823955736
5789 1.797905605579103
5790 1.7732742720265418
5791 1.7383687745613206
5792 1.7136072824077426
5793 1.6982523084597554
5794 1.6785103368260808
5795 1.6574316408132352
5796 1.6424980479725
5797 1.652281471280878
5798 1.6779591767927777
5799 1.683611713697058
5800 1.6648932739715783
5801 1.6725394386924528
5802 1.6784898535289046
5803 1.6619988131654273
5804 1.6497359866388857
5805 1.6525423585014645
5806 1.6525437147188473
5807 1.6547921238516066
5808 1.6838893388338083
5809 1.7128662823979084
5810 1.7644832599758515
5811 1.8158699107820855
5812 1.8758767703942605
5813 1.9298116150376579
5814 1.9692139128726511
5815 1.9893111178461684
5816 2.0096439679455376
5817 2.013308510229561
5818 2.0093898374930954
5819 2.0025165965851897
5820 1.9881162616517412
5821 1.956068538206279
5822 1.913019256092998
5823 1.8682065764443903
5824 1.828252651147098
5825 1.782846879808635
5826 1.7210768107932675
5827 1.66286421437647
5828 1.5928456948781502
5829 1.5485148091004055
5830 1.5272557859060072
5831 1.4883116508933907
5832 1.453711424937139
5833 1.4351520550334589
5834 1.4362630521868942
5835 1.460970502527373
5836 1.4062149697219908
5837 1.3699215356592898
5838 1.3722683591301457
5839 1.3898660066431419
5840 1.423494906150758
5841 1.4457563710461643
5842 1.4740364625662108
5843 1.4658064644473794
5844 1.491212191802456
5845 1.535598382602952
5846 1.5744249956292091
5847 1.6523031985936343
5848 1.7791911483468095
5849 1.7377245808327142
5850 1.6098605042893883
5851 1.5295540710579245
5852 1.4702891101965863
5853 1.4085594964132737
5854 1.3810078068537481
5855 1.3275415914148865
5856 1.2645743634839048
5857 1.2376895291957752
5858 1.1831756137710732
5859 1.1529315117358643
5860 1.1177993527718617
5861 1.0720836314698123
5862 1.0236435079861916
5863 0.9932595056034401
5864 0.9823086168285231
5865 1.0089498220998718
5866 1.0330712978418612
5867 1.0350662994752926
5868 1.0197884808102664
5869 1.0251977758627406
5870 1.0416438574827998
5871 1.078234430539723
5872 1.1182855004426357
5873 1.1332975785004293
5874 1.1772969383518421
5875 1.2182452778073873
5876 1.2708882404396515
5877 1.3085527043658625
5878 1.3277107662955985
5879 1.3296959133309696
5880 1.3276580966929754
5881 1.3122927946489753
5882 1.2855788852915884
5883 1.2525249837636312
5884 1.2322269102502197
5885 1.2288798878986642
5886 1.2410723617359043
5887 1.2645344998017756
5888 1.2853147651918746
5889 1.3028986216651584
5890 1.315971509044503
5891 1.3229126592586278
5892 1.3422816688661974
5893 1.3583053349951848
5894 1.3623042756033805
5895 1.3833133670433915
5896 1.4038794715970038
5897 1.4296020690362863
5898 1.4578589855466135
5899 1.4935136244813247
5900 1.52146307412566
5901 1.5561994408533029
5902 1.5955914060978689
5903 1.6319933207729147
5904 1.66387311609373
5905 1.6882646377391983
5906 1.7034808271322497
5907 1.713195373352424
5908 1.7248569047749367
5909 1.7316012784971901
5910 1.7202191372674667
5911 1.729042892684474
5912 1.7647147574054762
5913 1.809165341097167
5914 1.846953994780269
5915 1.8797819482824876
5916 1.889117694694639
5917 1.918640887167484
5918 1.9619678794563198
5919 2.0289351784749052
5920 2.0997087009897792
5921 2.16491439036847
5922 2.229244365178482
5923 2.3055846992763303
5924 2.398686158576856
5925 2.488266450279195
5926 2.5765313424288645
5927 2.659577683916046
5928 2.747953784297189
5929 2.8517854586020093
5930 2.9644910244051323
5931 3.073042654591127
5932 3.166601838175683
5933 3.244477461975977
5934 3.302737083584041
5935 3.3350841622508964
5936 3.35133914557079
5937 3.3629277454766724
5938 3.3575566437983477
5939 3.3730486541912503
5940 3.3837821859454653
5941 3.3891952004846275
5942 3.356168691356821
5943 3.339013974790638
5944 3.366824515332812
5945 3.38602968629178
5946 3.3862964120356946
5947 3.367167861141931
5948 3.3317175799856944
5949 3.3155233216939877
5950 3.2735159813338757
5951 3.2073134320227124
5952 3.1757701766535527
5953 3.1322070585816535
5954 3.1050661629113527
5955 3.080136218396288
5956 3.0356585839042687
5957 2.9955216942248217
5958 2.948230334572462
5959 2.870750552095737
5960 2.783647599178404
5961 2.72128918228182
5962 2.646108791416236
5963 2.5912086249806303
5964 2.5444659753970735
5965 2.4820121069210486
5966 2.3885530008670743
5967 2.316651004552631
5968 2.2733070109371747
5969 2.219636707080216
5970 2.1706308376933645
5971 2.126158962268631
5972 2.073755519948963
5973 2.0370872074815454
5974 2.0324084519396286
5975 2.0418090205112507
5976 2.0483301338972026
5977 2.0622307421555486
5978 2.039320149389165
5979 1.9885081030320162
5980 1.9548392705718007
5981 1.9306292467885684
5982 1.910141392958434
5983 1.8867706332865646
5984 1.846812908289534
5985 1.8116528100524367
5986 1.7857816607361066
5987 1.7901151756825229
5988 1.808239639103785
5989 1.8430867990835926
5990 1.8647465632086684
5991 1.86594932708239
5992 1.8990486149185701
5993 1.9233295441564704
5994 1.9451139385992626
5995 1.9450645170695775
5996 1.9278310089335138
5997 1.911384387744904
5998 1.8830992824278903
5999 1.8729856553331596
