#frame I
5000 2.349380771658683
5001 2.3598981078458583
5002 2.385960730336585
5003 2.4334152561273736
5004 2.445769231714229
5005 2.468409953572012
5006 2.516362698744996
5007 2.5647969696053288
5008 2.6004182642225557
5009 2.635023879872631
5010 2.6714452036448986
5011 2.693454698133115
5012 2.687916283331568
5013 2.6901070923877857
5014 2.687419095593955
5015 2.6892368532362556
5016 2.665415817064871
5017 2.649992970368536
5018 2.6361110660793003
5019 2.622419096521841
5020 2.599976005185317
5021 2.578285490728519
5022 2.5526625188416667
5023 2.53341057454709
5024 2.529965669714691
5025 2.5586543862771465
5026 2.5883281104482196
5027 2.6062093852029733
5028 2.6339123431708202
5029 2.6766808030373452
5030 2.7187088132329142
5031 2.7460409338438803
5032 2.70446469343093
5033 2.6860892750014
5034 2.669484354306534
5035 2.6654191600509494
5036 2.694361559531186
5037 2.7292855448041378
5038 2.788871817411738
5039 2.8562054721012995
5040 2.9069908773994384
5041 2.970804584790399
5042 3.0296138640425747
5043 3.0353107439526803
5044 3.0407883224820327
5045 3.0231303538391536
5046 3.007883305522216
5047 3.000421809786329
5048 3.008083867695984
5049 3.0346279736903163
5050 3.044182025274582
5051 3.051627893153567
5052 3.0599361678630443
5053 3.076218526491169
5054 3.0975364976528477
5055 3.099388143933496
5056 3.0827535570752924
5057 2.9741308639892754
5058 2.8355078320721265
5059 2.7649126856859985
5060 2.7545258889338884
5061 2.756868050321206
5062 2.7310922007966636
5063 2.6991776033895336
5064 2.6862574835502833
5065 2.6524943237409007
5066 2.6207222931935217
5067 2.5733275376126383
5068 2.5167159757060324
5069 2.4043740942112937
5070 2.2633638435860646
5071 2.166413422035477
5072 2.03924643595757
5073 1.9651473126925485
5074 1.9241672620816705
5075 1.8707383755012483
5076 1.789904642923526
5077 1.7287694851524662
5078 1.6658862955874567
5079 1.612987693890527
5080 1.5868127547622772
5081 1.5972306576150823
5082 1.608294197001415
5083 1.598977408572642
5084 1.6040578520135431
5085 1.6331602786030215
5086 1.6745772998179356
5087 1.730961266926012
5088 1.8009110828284627
5089 1.9197424952171276
5090 2.012356962479802
5091 2.0554500293108604
5092 2.095548358810429
5093 2.1245398807458673
5094 2.120212404443135
5095 2.1133246670531256
5096 2.1364579728472166
5097 2.1622501975059842
5098 2.158118997790636
5099 2.177709005724315
5100 2.2009942754819942
5101 2.2050719372084453
5102 2.208157474026357
5103 2.1906243048025815
5104 2.165518279189308
5105 2.152617869695791
5106 2.1501062213941657
5107 2.145052963236344
5108 2.146436845572135
5109 2.1582450405661624
5110 2.1812511320669716
5111 2.2043105496506823
5112 2.226758477087327
5113 2.2562837835696654
5114 2.2827037495023723
5115 2.3040047587503474
5116 2.366045983750991
5117 2.42284592626722
5118 2.4422424401343474
5119 2.418721434105373
5120 2.374206335479892
5121 2.357426729723104
5122 2.3701694872649792
5123 2.3875973558668524
5124 2.3986833717872686
5125 2.4206709090753833
5126 2.439292583583485
5127 2.4468193583223394
5128 2.4630266074581937
5129 2.504534706409732
5130 2.542019781626346
5131 2.5631648040559067
5132 2.5528294245882592
5133 2.5024111042035737
5134 2.4459671613935123
5135 2.4002629411069067
5136 2.375921487381556
5137 2.3985471940758103
5138 2.4353049198987082
5139 2.4825650281273552
5140 2.5435209612218124
5141 2.614590549167759
5142 2.6730958336561548
5143 2.745599865090324
5144 2.826058369998883
5145 2.8883176615909143
5146 2.9613526394400695
5147 3.03553260586145
5148 3.111806147247068
5149 3.187982199186676
5150 3.2348729167974315
5151 3.260794132653803
5152 3.255238433550527
5153 3.2303894764807555
5154 3.208410641894088
5155 3.2112453531923237
5156 3.1617289800204356
5157 3.1077809941400654
5158 3.0572791180651153
5159 3.0155702832610007
5160 2.992203006438197
5161 3.007606476475451
5162 3.0205521121300447
5163 3.031376252313765
5164 3.049242292886266
5165 3.059207175343595
5166 3.0688148224001495
5167 3.0440520141108376
5168 3.0289544626964005
5169 3.0188726251220834
5170 3.0219210379057087
5171 3.042420784652558
5172 3.039015995375851
5173 3.0183450858282033
5174 3.002879568357474
5175 2.9629139714040384
5176 2.9150981752946823
5177 2.8799052795728968
5178 2.8427092824053832
5179 2.809892016530775
5180 2.7958874082311485
5181 2.761301961668181
5182 2.741807654136681
5183 2.704468604979104
5184 2.6912314570900797
5185 2.704796213574563
5186 2.717449141160989
5187 2.752649227410268
5188 2.820726428902276
5189 2.8819406735454463
5190 2.941725784511397
5191 2.999833507365264
5192 3.0823265074114086
5193 3.15329541978277
5194 3.219377803402362
5195 3.271837567313306
5196 3.300425312298543
5197 3.3406306490755378
5198 3.373499004728775
5199 3.3841392781048354
5200 3.3706711201527346
5201 3.347387667146624
5202 3.3368995284953953
5203 3.354102530274783
5204 3.357485552739638
5205 3.3142154690431513
5206 3.272038309040086
5207 3.2023176985244213
5208 3.094165150673762
5209 2.9846155700648036
5210 2.8955201773869956
5211 2.8180970244154766
5212 2.717677919123071
5213 2.5822823167959266
5214 2.436242497755848
5215 2.330465155998645
5216 2.2470726369166627
5217 2.182058159797764
5218 2.1279768317754106
5219 2.07732224766115
5220 2.0657626996340532
5221 2.0847590365346407
5222 2.1212300724731
5223 2.1427916861857983
5224 2.1487902024146615
5225 2.1556522776433202
5226 2.1870935207259268
5227 2.2748517303614464
5228 2.3729807626861437
5229 2.400867255908559
5230 2.454044631621781
5231 2.466811834242948
5232 2.418334151013928
5233 2.4155727082380407
5234 2.470698366793805
5235 2.55576857402259
5236 2.6753455372863924
5237 2.8187581542713778
5238 2.9406816721987923
5239 2.9330955461527
5240 2.9220508059693637
5241 2.9390295305927543
5242 2.93658823727241
5243 2.914244290035765
5244 2.9432695140241205
5245 2.9518768469883025
5246 2.9266692217063786
5247 2.9234450635389533
5248 2.902532256895618
5249 2.8872328366551008
5250 2.854535324036945
5251 2.8432783149807435
5252 2.8288328832450604
5253 2.817461972102817
5254 2.8025005223282795
5255 2.8127656631834506
5256 2.834091235297458
5257 2.8535635518450095
5258 2.8721263466984914
5259 2.8748174693918
5260 2.844588503237591
5261 2.8072432654687907
5262 2.7460154089232898
5263 2.6807210447725938
5264 2.6042714096945514
5265 2.5185835685453206
5266 2.420882833992664
5267 2.318005373388097
5268 2.201548850610621
5269 2.0951151979408267
5270 2.018539417513316
5271 1.9986337497897944
5272 2.0087759662206532
5273 2.0161411528444346
5274 2.0150878378210355
5275 2.063951238464141
5276 2.1587738808869763
5277 2.2927085481666616
5278 2.4259911946620853
5279 2.5420735833649757
5280 2.63087299518032
5281 2.6834470338997076
5282 2.715096428282194
5283 2.748397389213372
5284 2.783066913343603
5285 2.8106644363977615
5286 2.8403935308536092
5287 2.8708539157247754
5288 2.8969798000281184
5289 2.8873330068776557
5290 2.8752855176579737
5291 2.884281030216084
5292 2.9136985476375465
5293 2.9378256756856542
5294 2.985370366336562
5295 3.0089302788552112
5296 3.0175780562545436
5297 2.991155526023707
5298 2.9317973903999213
5299 2.8876776895124268
5300 2.860642104640266
5301 2.8436874086879014
5302 2.8673747754809877
5303 2.933621929167959
5304 2.983026713337542
5305 3.0225096810147325
5306 3.0525488041086577
5307 3.0405779147423577
5308 3.0359387445463346
5309 3.0458744695003173
5310 3.0660373099061
5311 3.1070456216342266
5312 3.1704265238778664
5313 3.2192190234689013
5314 3.2430238252682346
5315 3.2333021074888197
5316 3.1994165676833686
5317 3.181801086721909
5318 3.1751558966823157
5319 3.1918788946303818
5320 3.163879806731276
5321 3.116065613544006
5322 3.098228143500795
5323 3.107739032434664
5324 3.105153057487559
5325 3.0667091083252855
5326 3.00985600693486
5327 2.956045902095462
5328 2.903347157106719
5329 2.8620285549197133
5330 2.8439361877711846
5331 2.8316488937211792
5332 2.8288753118747367
5333 2.7871014402433985
5334 2.7574991677244727
5335 2.723634064735844
5336 2.691036076557895
5337 2.6731960042367837
5338 2.6711922758940445
5339 2.6534609007947623
5340 2.6321009894055667
5341 2.60450270941827
5342 2.5598876703048883
5343 2.4940109853580847
5344 2.418420639982314
5345 2.3579936811150226
5346 2.302069701314419
5347 2.26584134234565
5348 2.242876771782967
5349 2.2536472357252046
5350 2.2480364019394408
5351 2.226144537874501
5352 2.2577912548173544
5353 2.3455966745332892
5354 2.444867867502768
5355 2.4962781050326477
5356 2.500271775077814
5357 2.4934143184200606
5358 2.473134126782539
5359 2.4586506864823
5360 2.4499299367277834
5361 2.4461890977034018
5362 2.439759938434898
5363 2.4663247607975523
5364 2.500594032813088
5365 2.515747447813694
5366 2.518559153167153
5367 2.534821975504979
5368 2.5375378713547616
5369 2.5489703457080592
5370 2.556253273763311
5371 2.552583534746918
5372 2.5336620986795846
5373 2.488751242482683
5374 2.459205282289388
5375 2.462104091064081
5376 2.485203424935539
5377 2.521619563764284
5378 2.563770404026513
5379 2.5702863670446745
5380 2.5830331804126265
5381 2.6154745856986183
5382 2.6269138019181053
5383 2.6000642458028715
5384 2.575179618043563
5385 2.557211376977895
5386 2.5563558618525537
5387 2.5735782031043573
5388 2.622414340934863
5389 2.649253310715159
5390 2.628663314660886
5391 2.6010253755462616
5392 2.6065456700814926
5393 2.609850463019229
5394 2.5964482298700555
5395 2.603792804291629
5396 2.578510669970593
5397 2.559942106657615
5398 2.5298194920530994
5399 2.529798055824118
5400 2.5563782485902853
5401 2.5464794134488278
5402 2.5430746981702526
5403 2.5345541152546796
5404 2.5251242482442393
5405 2.504357857480722
5406 2.5131368396648974
5407 2.512670121508633
5408 2.458830784584262
5409 2.402235354775279
5410 2.3432416394342193
5411 2.2832530776994586
5412 2.2458789937704884
5413 2.19618910692657
5414 2.163167583191137
5415 2.164043024498165
5416 2.1836161906168936
5417 2.269878241896286
5418 2.41205214272852
5419 2.5829036535146535
5420 2.763964258744126
5421 2.88503422807394
5422 2.9818810571761083
5423 3.0391471268459345
5424 3.064034429825083
5425 3.088588201253448
5426 3.112854319641254
5427 3.1432138381707455
5428 3.1701284595539323
5429 3.1737019417100254
5430 3.171050243770635
5431 3.159028144576033
5432 3.138408675621262
5433 3.1276912956736043
5434 3.107726347572107
5435 3.0773308074775665
5436 3.0426087352101634
5437 3.0157647701683
5438 2.9804635789600042
5439 2.9318097706864643
5440 2.924289574511778
5441 2.9160790541939923
5442 2.9088254804107767
5443 2.8918134311847656
5444 2.8819157363185757
5445 2.8806915963567783
5446 2.8805518023080325
5447 2.8844656155679904
5448 2.89885635531921
5449 2.882965462849402
5450 2.896909684916903
5451 2.9137344010281017
5452 2.9296289102007624
5453 2.970356295333582
5454 2.9719410453593404
5455 2.972463065693417
5456 2.9607717895888497
5457 2.911848766228605
5458 2.8699804385695304
5459 2.846955583134096
5460 2.8056129566045196
5461 2.77826612123221
5462 2.7385100032204686
5463 2.697055410047876
5464 2.671415790286765
5465 2.6635026194184834
5466 2.6779122454329762
5467 2.717470999674855
5468 2.758385119589043
5469 2.7758160403600516
5470 2.7652611209952473
5471 2.7605880690393394
5472 2.7780993497201036
5473 2.7864504171115843
5474 2.791464001949176
5475 2.8145141530215665
5476 2.8485794247223843
5477 2.8640394045592585
5478 2.8888439739521803
5479 2.909706356637956
5480 2.9238474157793632
5481 2.9187142111702307
5482 2.9229030161108907
5483 2.921515268462659
5484 2.9227394452825766
5485 2.9009730528901074
5486 2.8725804133406205
5487 2.8346120748336325
5488 2.810839719293371
5489 2.769616634601824
5490 2.757876607895806
5491 2.7693346679699515
5492 2.7736338152991395
5493 2.7715856950515034
5494 2.7595988180861286
5495 2.7365290794486143
5496 2.7115463275828815
5497 2.689146490916288
5498 2.6571413640313915
5499 2.619646935258604
5500 2.583980558505873
5501 2.564391210034651
5502 2.52782117819539
5503 2.4894808888110775
5504 2.4593834121660287
5505 2.3942472660383034
5506 2.3514405946898838
5507 2.32432385083411
5508 2.335212571708773
5509 2.3884921474268452
5510 2.448263926906689
5511 2.4976806130389737
5512 2.5307417246784873
5513 2.5670923342520946
5514 2.5884746474950404
5515 2.614836256694109
5516 2.689273140282774
5517 2.758533640023211
5518 2.8323296099124047
5519 2.847760351285367
5520 2.840878647810701
5521 2.8339810869159807
5522 2.8159552512949135
5523 2.82032575857229
5524 2.81875153022326
5525 2.8084980458702717
5526 2.821209206728165
5527 2.844003559683925
5528 2.8612421912331203
5529 2.8901517182393723
5530 2.924338494898556
5531 2.9645834663072446
5532 2.96545991202527
5533 2.9610668694101707
5534 2.982637266157244
5535 2.984229872527366
5536 2.9697619755746247
5537 2.956757221021482
5538 2.930211008234663
5539 2.902969313083766
5540 2.8772785264573852
5541 2.8459581066506847
5542 2.8041382953169705
5543 2.778646867749442
5544 2.760633103686903
5545 2.7364751335737005
5546 2.7139896717838674
5547 2.6786576415402994
5548 2.6686281160923397
5549 2.6848176522211555
5550 2.705507325243393
5551 2.714148007763266
5552 2.736667372324059
5553 2.7561195171027197
5554 2.782216282621406
5555 2.8135765608341416
5556 2.8641226625242577
5557 2.8702092359749627
5558 2.8684576711413996
5559 2.87871904502303
5560 2.88109409026156
5561 2.911631368301536
5562 2.9574467792650605
5563 2.9906809059082877
5564 2.9785002641350227
5565 2.9690628378831194
5566 2.9794704386510573
5567 2.9481301732212546
5568 2.922262677938366
5569 2.905435607657117
5570 2.8841050967034785
5571 2.854194504497294
5572 2.833196500963681
5573 2.7734808543757627
5574 2.776826304903704
5575 2.813870690619269
5576 2.8454340325932446
5577 2.9152355336542137
5578 2.9350782696682036
5579 2.9073827248854505
5580 2.854323424373464
5581 2.8156395694220118
5582 2.800191256208771
5583 2.799626889372815
5584 2.8139165553739667
5585 2.822009815749972
5586 2.7966211916243364
5587 2.7763111174048554
5588 2.7089025476254376
5589 2.641643244333911
5590 2.5680147938663334
5591 2.510311759774364
5592 2.4678790031900273
5593 2.4214630017549337
5594 2.368223497685892
5595 2.299140055414569
5596 2.1884569908587688
5597 2.079337498477979
5598 2.011828936430627
5599 1.9485368616977088
5600 1.9247187660871332
5601 1.9317609446186925
5602 1.924318276953278
5603 1.9291263954508449
5604 1.9393878655840382
5605 1.9388641742601074
5606 1.9481944630930241
5607 1.9703615642800945
5608 2.001011481662441
5609 2.0194333943979896
5610 2.0079594463259722
5611 2.004554729300661
5612 2.0189133168155386
5613 2.0284741482115485
5614 2.023799966987854
5615 2.0072511871139778
5616 1.9801621022765377
5617 1.9690537632775595
5618 1.9824893268601087
5619 1.992012763767401
5620 1.990658919188326
5621 1.9818438065536916
5622 1.960625188643183
5623 1.9495432930218959
5624 1.9340669076939663
5625 1.9001647511744877
5626 1.8822781411710063
5627 1.8542599796231138
5628 1.8200118017244844
5629 1.8010134714873731
5630 1.8079330946278147
5631 1.8251054702935734
5632 1.8570199934833875
5633 1.8710684798364896
5634 1.8730467226226284
5635 1.8809757139792764
5636 1.901790933098678
5637 1.9125940575152274
5638 1.9319352100609797
5639 1.9436497070162733
5640 1.9855567725625127
5641 2.0339068263353255
5642 2.071877786640065
5643 2.0687613442666883
5644 2.067030198192852
5645 2.0477955466520306
5646 2.0090077116417415
5647 1.981515424776563
5648 1.9573241531893388
5649 1.92849808219423
5650 1.9203987769188662
5651 1.9232887267912417
5652 1.9347976591685505
5653 1.927689410090878
5654 1.9585693422898003
5655 2.0010391786419555
5656 2.04234829262372
5657 2.0895126497928516
5658 2.106160012430434
5659 2.092037965241744
5660 2.0807873632223743
5661 2.0497410319304343
5662 2.0624074038815063
5663 2.098705346567553
5664 2.1119512621415573
5665 2.117835055619098
5666 2.1302365672902606
5667 2.14047510892225
5668 2.1871452112301184
5669 2.209936008764813
5670 2.2365226419405477
5671 2.2821857072368013
5672 2.3233638145253943
5673 2.352647149582652
5674 2.3814559059040663
5675 2.4405182309854734
5676 2.4892397310076713
5677 2.4641622222879818
5678 2.3984169623646063
5679 2.3609616091387884
5680 2.353598346492173
5681 2.376500586794687
5682 2.387514054100437
5683 2.3974926205898606
5684 2.396915363893704
5685 2.3886762010659894
5686 2.3439061892612996
5687 2.2765837872271537
5688 2.238795787855562
5689 2.238037395273614
5690 2.208985408571967
5691 2.16442028038539
5692 2.1231205297009668
5693 2.0455037074657727
5694 1.9664607488715802
5695 1.9217881832850459
5696 1.860043055196769
5697 1.782922229624375
5698 1.7133050727613446
5699 1.6646525856054717
5700 1.63032603238469
5701 1.6096933009685286
5702 1.5965917401781218
5703 1.5821581968883474
5704 1.554552864525612
5705 1.5383801565919382
5706 1.5289407932188592
5707 1.5202061627477126
5708 1.5292819913809712
5709 1.5523871129011693
5710 1.5809012145913024
5711 1.5935402376330545
5712 1.5899788437674838
5713 1.6250100967968806
5714 1.6553452669134552
5715 1.6527389060585467
5716 1.6736498431784836
5717 1.731050820843021
5718 1.7945914364258237
5719 1.8534451594544339
5720 1.8909638516401384
5721 1.9139125832427193
5722 1.9328319386320314
5723 1.9464575860611715
5724 1.9485021783822993
5725 1.9437582082339038
5726 1.936765550216679
5727 1.9734370306566698
5728 2.0180817890770335
5729 2.0343900410976308
5730 2.0315541998451954
5731 2.022258224168978
5732 2.033759746472585
5733 2.062114049129092
5734 2.099278041482277
5735 2.1077325017457333
5736 2.1095743545248133
5737 2.1058117772337717
5738 2.0834690092155266
5739 2.074796470570904
5740 2.0932813916247732
5741 2.1220328325220863
5742 2.156404247457939
5743 2.171482414039902
5744 2.16280335578354
5745 2.1228839044612995
5746 2.095996303344853
5747 2.0616361816630997
5748 2.0080742256066983
5749 1.9946469758159788
5750 1.9850948108200153
5751 1.9895435295781942
5752 2.0024087788170783
5753 2.0349539821546445
5754 2.0935575308367413
5755 2.1510597349961094
5756 2.217099287700443
5757 2.295241881427719
5758 2.337794834894714
5759 2.3421952551697203
5760 2.3679135363881465
5761 2.3727382724506754
5762 2.3502828666781723
5763 2.327611262234546
5764 2.2940819891536495
5765 2.245258499094559
5766 2.2117241259694196
5767 2.1790929619084807
5768 2.1785969815542185
5769 2.197646974872549
5770 2.178525126657567
5771 2.1658566449362793
5772 2.1583175404734147
5773 2.139094656194319
5774 2.1146934778724416
5775 2.074552038078333
5776 2.042935379758252
5777 2.029319659921317
5778 2.030477146092896
5779 2.045905620941949
5780 2.0590851258018557
5781 2.0465144982440195
5782 2.020540999102294
5783 1.9922561865604873
5784 1.937941753804521
5785 1.888957103730927
5786 1.8502518258261085
5787 1.8164069300792964
5788 1.805644569829093
5789 1.8183649618913151
5790 1.8106627240972608
5791 1.8010405101857967
5792 1.7846338278749485
5793 1.7864608613223087
5794 1.7764849625180275
5795 1.7644082767220823
5796 1.7525395123216074
5797 1.7280715499018122
5798 1.7155264294025372
5799 1.7196398121040763
5800 1.720774978242986
5801 1.758428503799687
5802 1.7966620018901007
5803 1.7912543675460844
5804 1.8112022811748807
5805 1.8318890826740764
5806 1.8406038589365612
5807 1.8521596393831423
5808 1.8796730530762535
5809 1.916831795282345
5810 1.9762252427549087
5811 2.045169675597471
5812 2.116694659201506
5813 2.178469711050634
5814 2.2242612081427016
5815 2.2497995173735568
5816 2.259790630601716
5817 2.253745456789423
5818 2.2165591328889263
5819 2.178848911640491
5820 2.1469851235293187
5821 2.1216534233778814
5822 2.086328279244772
5823 2.0387869755619255
5824 1.978644977654359
5825 1.9075315493928455
5826 1.8200171570942436
5827 1.7320062161922596
5828 1.6524875242055024
5829 1.6028847820250527
5830 1.5660531589894549
5831 1.5348410291092098
5832 1.5107023492743168
5833 1.4955244456480286
5834 1.503661680444304
5835 1.5103803599868102
5836 1.4973023137390713
5837 1.4918856553142186
5838 1.506191275093745
5839 1.5335972896758008
5840 1.5644800152197158
5841 1.598311734478819
5842 1.6252317525176068
5843 1.6074690449999058
5844 1.6184899321782409
5845 1.6506658379980137
5846 1.7037767717558256
5847 1.7720273287622101
5848 1.9030740617867705
5849 1.8453245022336284
5850 1.7488209111879942
5851 1.6979580512225505
5852 1.6469025532467396
5853 1.5869506684911454
5854 1.5594585409942416
5855 1.4981893684677037
5856 1.432098814299863
5857 1.4009691826061401
5858 1.3392006371080496
5859 1.304255669827046
5860 1.25967992734548
5861 1.2081518410180816
5862 1.1609679851935766
5863 1.124156913690435
5864 1.1010468011161065
5865 1.1188626285554961
5866 1.1387458698604076
5867 1.144822967347484
5868 1.1337757765083933
5869 1.1306202014401536
5870 1.1397888491392993
5871 1.1626882608174347
5872 1.1875686191652666
5873 1.211145119997887
5874 1.2619928367093827
5875 1.3066374597506845
5876 1.3630920126565442
5877 1.4341421085642359
5878 1.478592563481945
5879 1.502550687936063
5880 1.5078724312888094
5881 1.4965796006737906
5882 1.4676438005275572
5883 1.4297726840742262
5884 1.4078211288626126
5885 1.41004153935764
5886 1.4274312464833587
5887 1.4471058890363229
5888 1.4570698121634975
5889 1.468060928137408
5890 1.4693307742484372
5891 1.472884130945935
5892 1.4868577887045753
5893 1.491891754613031
5894 1.4883697488553735
5895 1.4914931988235998
5896 1.4860404648787282
5897 1.4851912601645498
5898 1.4998890928405513
5899 1.5398111527231217
5900 1.5746426737652988
5901 1.6053181037292392
5902 1.6249585319097848
5903 1.643033167021856
5904 1.6502792492342906
5905 1.6701572446069992
5906 1.7014867440890902
5907 1.7161658159123265
5908 1.740322129843071
5909 1.7627358481209165
5910 1.7704472455129783
5911 1.786477716016582
5912 1.8125750756533354
5913 1.8321470173349526
5914 1.8599416576836316
5915 1.890975232379023
5916 1.8797030661355494
5917 1.8754219069245461
5918 1.892446132132353
5919 1.9139786803956484
5920 1.947529750808355
5921 1.98550380509324
5922 2.0339879030577523
5923 2.083394159023575
5924 2.160845143704398
5925 2.2434965048550795
5926 2.307401986622148
5927 2.3584877027206503
5928 2.4509878831792618
5929 2.5741474351209868
5930 2.6902907728839707
5931 2.8032801034545543
5932 2.9202666437228353
5933 3.0348538621592365
5934 3.1283162481178235
5935 3.1873186649770933
5936 3.2145883471157886
5937 3.2070923663535056
5938 3.1629948773806795
5939 3.1226066219615713
5940 3.0815249662050004
5941 3.069907784088841
5942 3.0197957752183724
5943 2.962154623887071
5944 2.9428715689935414
5945 2.96099568319549
5946 2.9856030655328616
5947 3.0052037652679524
5948 3.0163696068724457
5949 3.030304973670491
5950 3.022227034183218
5951 3.0046394406359176
5952 3.023164769857502
5953 3.014681309532473
5954 3.0071942587565603
5955 3.0108340649887904
5956 2.969694223037839
5957 2.9426616023256664
5958 2.9186076766660904
5959 2.884878653216024
5960 2.830032045766481
5961 2.7529334226324287
5962 2.6671819952049254
5963 2.583093230020264
5964 2.5216937370850716
5965 2.4375353140519698
5966 2.324943276726662
5967 2.220107884859251
5968 2.1838983645511325
5969 2.1630875957199107
5970 2.1297377800852137
5971 2.0996085750187534
5972 2.054409389779033
5973 2.003853800155067
5974 1.9755224241097862
5975 1.9620205676457008
5976 1.9595457316931566
5977 1.9746287846778645
5978 1.94938135127212
5979 1.90396434507902
5980 1.861446075125904
5981 1.8298102827955607
5982 1.8109127430184537
5983 1.8025551277062941
5984 1.7751935441301123
5985 1.7447970471610812
5986 1.7216404986690617
5987 1.7226062322277462
5988 1.7192244593169432
5989 1.7402317144111157
5990 1.7503313284437592
5991 1.7544195457297067
5992 1.7728339417737617
5993 1.7966333301858273
5994 1.8284599894904967
5995 1.8371759493551865
5996 1.8137552506607124
5997 1.7934299517875887
5998 1.7717099603901145
5999 1.7749667185309415
