#frame I
5000 2.6323683241002453
5001 2.6064713531745496
5002 2.5501136232853003
5003 2.4975470543965725
5004 2.4863548156675384
5005 2.492287324447291
5006 2.504292109340363
5007 2.5218938126234
5008 2.5362029001664608
5009 2.5271024424168984
5010 2.4989087609391265
5011 2.47451592720911
5012 2.4459446852148345
5013 2.4174864872276705
5014 2.3902787693708643
5015 2.3777838103273896
5016 2.365969643579124
5017 2.3704441832250334
5018 2.3632531232454164
5019 2.372671640500119
5020 2.3909867686004906
5021 2.4042377436748854
5022 2.426076967217033
5023 2.454726595936238
5024 2.4731786810105647
5025 2.485565818634593
5026 2.5295793484210436
5027 2.545125626899354
5028 2.528520619867464
5029 2.5253215427662954
5030 2.5551478514241097
5031 2.618351565921543
5032 2.7077408210281373
5033 2.8321650728233134
5034 2.9422849292747166
5035 3.0149972750674157
5036 3.0329566850740792
5037 3.0690969638634193
5038 3.1029488748112213
5039 3.125868135396435
5040 3.163225279674308
5041 3.1835119494923028
5042 3.1825350677290394
5043 3.1711772381913206
5044 3.1861175809930335
5045 3.21304577802387
5046 3.252007308195067
5047 3.283741465034492
5048 3.2998873136693807
5049 3.2979937077999426
5050 3.2781014283442262
5051 3.2645511494194968
5052 3.2587513881698547
5053 3.2426480739351473
5054 3.245528739887267
5055 3.2584342243710847
5056 3.293677219706971
5057 3.338650556910794
5058 3.3504788603898974
5059 3.3339704304477773
5060 3.3266876489182664
5061 3.3092558572802884
5062 3.289682287609384
5063 3.244317044142441
5064 3.1690079986563298
5065 3.0934862398030085
5066 3.02228481946309
5067 2.9814519528872405
5068 2.9576974630717143
5069 2.9383900325902745
5070 2.952074641341565
5071 2.993560438883416
5072 3.051198242826707
5073 3.1139441390891296
5074 3.14461186004903
5075 3.1390115570359147
5076 3.1282399662584193
5077 3.165948200062794
5078 3.2021839402189642
5079 3.2302898498794863
5080 3.2454317394946237
5081 3.241824981702401
5082 3.235046427548993
5083 3.2447880823274824
5084 3.2638606780728723
5085 3.2661750653801116
5086 3.2903936565771454
5087 3.338578761294095
5088 3.3982559292562575
5089 3.420122731376657
5090 3.466485916831717
5091 3.547692068357647
5092 3.6346180169375826
5093 3.705697622470371
5094 3.712144201390059
5095 3.6737845883824516
5096 3.6053533045028585
5097 3.5291613187619775
5098 3.4468286174292952
5099 3.3807716532400063
5100 3.3431788209627773
5101 3.2707067746337044
5102 3.154786857946116
5103 3.053761699660094
5104 2.9898031392343447
5105 2.9688576780713762
5106 2.935062078865952
5107 2.8773237312968676
5108 2.8413530517065713
5109 2.7977811645646913
5110 2.719571253286945
5111 2.651360057864223
5112 2.6005673968379073
5113 2.611156934547498
5114 2.5981751083289586
5115 2.603069827268476
5116 2.5920153020342886
5117 2.5759347894805646
5118 2.5735739269837756
5119 2.5598442091242535
5120 2.552407936346595
5121 2.579468021395519
5122 2.609320994130275
5123 2.6094999779508345
5124 2.6116995452674425
5125 2.6420204119121022
5126 2.6868735471204572
5127 2.747780075651646
5128 2.7974711758828423
5129 2.844917395310431
5130 2.89967046978895
5131 2.953738260563617
5132 3.0024070524440805
5133 3.0502212401794413
5134 3.088805126572884
5135 3.1386750815078215
5136 3.2070896998530407
5137 3.247246030728714
5138 3.268218143797208
5139 3.3126055367801093
5140 3.313338060247876
5141 3.339886998986017
5142 3.3322558950435077
5143 3.3247141539165286
5144 3.29397396917222
5145 3.3031510522993424
5146 3.3162239341775863
5147 3.301298233016901
5148 3.287158871059402
5149 3.287170259691578
5150 3.3161734711837374
5151 3.3596507166470286
5152 3.3366314466169573
5153 3.350430078815436
5154 3.398192488029674
5155 3.4435216329691185
5156 3.4605966236701606
5157 3.464202786962025
5158 3.4766654642895247
5159 3.511122903775907
5160 3.562500505285866
5161 3.572498893061895
5162 3.570309339980076
5163 3.571294778701002
5164 3.6188599951473366
5165 3.691012657023143
5166 3.7773463477474
5167 3.7720864522902375
5168 3.6890894693011873
5169 3.6405107969845116
5170 3.6089990223715955
5171 3.566383220509183
5172 3.553899833158731
5173 3.5823132910332505
5174 3.5994645897099202
5175 3.5474964856950573
5176 3.482199055855806
5177 3.42176602691765
5178 3.3224820272955307
5179 3.2923152592191496
5180 3.2452032462329665
5181 3.1894653682394543
5182 3.0766634785721765
5183 2.978387503792532
5184 2.883699490425173
5185 2.828716768466286
5186 2.801573688494456
5187 2.7865844306026286
5188 2.7701733768827395
5189 2.740587499801628
5190 2.721223411064653
5191 2.6903772350841817
5192 2.6497715101900376
5193 2.6407408672519326
5194 2.675959704587528
5195 2.7219693544229604
5196 2.789364965753154
5197 2.8600853182093027
5198 2.871102005986266
5199 2.874507018192675
5200 2.8190191404170117
5201 2.845957719828725
5202 2.879233335934928
5203 2.9006590009093083
5204 2.9200261707547424
5205 2.9249661915122496
5206 2.9224589166502697
5207 2.8939652806439202
5208 2.8922817535186938
5209 2.8634368602283984
5210 2.8079881395747655
5211 2.762342584531412
5212 2.7007008798865084
5213 2.6458444814112583
5214 2.6125696210210383
5215 2.5951957144856546
5216 2.585025056905336
5217 2.5977583505962167
5218 2.579630649798508
5219 2.573359818410371
5220 2.563530614264538
5221 2.5522882071337065
5222 2.528823445674607
5223 2.5349394776723564
5224 2.551621314509968
5225 2.5382625477935044
5226 2.535351887234883
5227 2.551484698374233
5228 2.5421086660594336
5229 2.518329793324019
5230 2.5153867068329103
5231 2.5356586504787653
5232 2.5474040202524066
5233 2.5824414899799772
5234 2.5896721541951053
5235 2.6245826132881334
5236 2.661346721970547
5237 2.6774283362107765
5238 2.659464610109676
5239 2.5744303807686237
5240 2.48374947926834
5241 2.3993243934045245
5242 2.3676048061991084
5243 2.3834449991262923
5244 2.3891237753238306
5245 2.3991844550856163
5246 2.418299501778686
5247 2.470870317082647
5248 2.550010567952709
5249 2.6734668630095
5250 2.8039906247438586
5251 2.9284598856846857
5252 3.015957422918905
5253 3.0622342749198093
5254 3.0514102275297335
5255 3.051489927969953
5256 3.0483086411384988
5257 3.0319313255309788
5258 2.9740096712164
5259 2.9400445310282772
5260 2.8861687112285472
5261 2.8234463966003505
5262 2.7343922479571656
5263 2.642300341659104
5264 2.5623604151758363
5265 2.5053596153609456
5266 2.458961160365855
5267 2.422425513811038
5268 2.4010245898778986
5269 2.4041382911200855
5270 2.369907817382015
5271 2.3421509696603926
5272 2.332935194155919
5273 2.3226998901531344
5274 2.313630208740298
5275 2.3401450864987843
5276 2.3575597993948265
5277 2.3500605282603595
5278 2.351089588893649
5279 2.391983667463164
5280 2.462641245890934
5281 2.5040297885570353
5282 2.49430279946144
5283 2.4716906445736417
5284 2.457884143518663
5285 2.475372717890837
5286 2.5073384279950064
5287 2.524082438262792
5288 2.5438318823180226
5289 2.578599891494827
5290 2.5870240841070387
5291 2.569132014254661
5292 2.521658777887398
5293 2.490390604783331
5294 2.4643367769583318
5295 2.505903123475543
5296 2.5380297277195245
5297 2.564977887096464
5298 2.615437574471552
5299 2.638168088832074
5300 2.673502481741858
5301 2.728766246508333
5302 2.788699260129508
5303 2.8222942739712917
5304 2.8444200787354657
5305 2.8546713270015336
5306 2.84775733685304
5307 2.840131838604497
5308 2.8451526359554835
5309 2.8612939586200627
5310 2.8992075444903653
5311 2.9173205683248713
5312 2.8840841274721103
5313 2.8547570115352277
5314 2.8631254556972725
5315 2.853760721797441
5316 2.8687512716721697
5317 2.912576990104525
5318 2.9659559587892983
5319 2.98392308792044
5320 2.9760216172699288
5321 2.9788995924939905
5322 3.0030610018765396
5323 3.037891395914107
5324 3.0706073863443204
5325 3.099458483797485
5326 3.110253158441268
5327 3.093237270882175
5328 3.0564189249403984
5329 2.9815371109489424
5330 2.8968233455393517
5331 2.838229265585115
5332 2.7952427764706855
5333 2.7849641521443607
5334 2.7499224151583124
5335 2.708927500912068
5336 2.6647914441261036
5337 2.6475177492115343
5338 2.6318782361178488
5339 2.5983358773701832
5340 2.60687786454522
5341 2.6039239542312234
5342 2.612511055786157
5343 2.589762740936287
5344 2.5493216298915615
5345 2.5227482337006926
5346 2.532057823221354
5347 2.529525145931295
5348 2.5618674112991164
5349 2.6247492154629333
5350 2.6170685596504057
5351 2.5706991434059248
5352 2.5605657707608955
5353 2.580050971533797
5354 2.5870938953068143
5355 2.566960445794046
5356 2.5949742205733317
5357 2.640153009392027
5358 2.610915974756951
5359 2.5711343151363355
5360 2.4949711282431983
5361 2.4543068771462315
5362 2.4671694482662327
5363 2.499321734176433
5364 2.548254867046543
5365 2.576351170130495
5366 2.573896149489875
5367 2.5723032041840472
5368 2.603040857350585
5369 2.6580361650855737
5370 2.737337756233016
5371 2.7992433246847965
5372 2.833895540720827
5373 2.900948730821413
5374 2.968691757238615
5375 3.0201072875697688
5376 3.0986501806661066
5377 3.1759738530921617
5378 3.251775755163062
5379 3.3139124795496016
5380 3.3514826325890055
5381 3.3483865441455927
5382 3.3516139565482193
5383 3.342043138142283
5384 3.3158897198840855
5385 3.2856402591629648
5386 3.2374423809571655
5387 3.1981813399247647
5388 3.159179320223953
5389 3.1206887226745956
5390 3.076653018372285
5391 3.0326361355280276
5392 2.9956387066473713
5393 2.9475776703958827
5394 2.8838912783994997
5395 2.8425462441448217
5396 2.795099779348064
5397 2.7694799869016973
5398 2.741618979350319
5399 2.7304984543109208
5400 2.766977189973997
5401 2.824599938778684
5402 2.869640293971971
5403 2.7799580738556444
5404 2.7534500040422323
5405 2.7526799738343706
5406 2.734076324815012
5407 2.705169970927607
5408 2.65636766646096
5409 2.6141899092107996
5410 2.593952899243344
5411 2.565597904486225
5412 2.520389768409462
5413 2.511489482631235
5414 2.4867078906442464
5415 2.4628447933396735
5416 2.4238962404232365
5417 2.402812481742276
5418 2.4098770441867643
5419 2.417098133531613
5420 2.4058714375617045
5421 2.396666802442358
5422 2.4142878200784343
5423 2.4447573233336795
5424 2.448509317376636
5425 2.409829305076537
5426 2.369593953723834
5427 2.330545610980915
5428 2.2958494668218346
5429 2.2864057820955095
5430 2.30624293348325
5431 2.3160202901102926
5432 2.317241285659471
5433 2.347273902151693
5434 2.378354724890058
5435 2.4086189943335454
5436 2.429076604975901
5437 2.4526952309113073
5438 2.4708473276046394
5439 2.488481363093179
5440 2.5127293979589242
5441 2.53263733963334
5442 2.5843677084566035
5443 2.640154412899796
5444 2.679407084855535
5445 2.70419335182925
5446 2.7211788866392177
5447 2.7306398372028755
5448 2.722024696981263
5449 2.732992194939463
5450 2.7499613712433773
5451 2.7429091917978305
5452 2.7796749489133448
5453 2.7951792303015983
5454 2.7911080623377758
5455 2.831299780764876
5456 2.9222106162243273
5457 2.9945630135520416
5458 3.005892192874283
5459 3.0403068794437385
5460 3.0632120122787785
5461 3.0563927954282772
5462 2.9983303652246693
5463 3.0105172756984
5464 3.0439240803419443
5465 3.0822812406248623
5466 3.1233647672809473
5467 3.1871450469664038
5468 3.188312359985761
5469 3.1254590935096633
5470 3.074650089959547
5471 3.040927374347236
5472 2.9945273003490724
5473 2.9366340930936317
5474 2.9004219778345823
5475 2.858940792337223
5476 2.7866311454628447
5477 2.7342009613698486
5478 2.6995186897673937
5479 2.6831846478084764
5480 2.6925906488419646
5481 2.7050342993742373
5482 2.7052116041145537
5483 2.707024376494025
5484 2.7190723573181144
5485 2.7037915040960536
5486 2.6598511150056234
5487 2.6397672418019873
5488 2.5811718838127433
5489 2.5165318491758906
5490 2.4618287683749926
5491 2.4171593326371186
5492 2.4286890994350916
5493 2.46419425450521
5494 2.476880288382012
5495 2.518814032876414
5496 2.593009132475251
5497 2.6587354771037974
5498 2.6768292756067424
5499 2.632923306479677
5500 2.6390493673784325
5501 2.680257741531699
5502 2.658830635909803
5503 2.636569098954513
5504 2.6568331393275915
5505 2.64099576676179
5506 2.5811485382816537
5507 2.532525475056611
5508 2.5060112860274844
5509 2.476074140578711
5510 2.44627403708249
5511 2.4160592881454104
5512 2.370948656269958
5513 2.3528785239823957
5514 2.337766060612234
5515 2.32552289026884
5516 2.340540354794664
5517 2.3610736376332064
5518 2.3899315154730854
5519 2.420144604424215
5520 2.4288923182284727
5521 2.4291506022606963
5522 2.4338424879635334
5523 2.421007005803617
5524 2.381785043062416
5525 2.381283247546968
5526 2.3924561420477235
5527 2.3685819066201343
5528 2.3114838528335024
5529 2.311543038266651
5530 2.3597833703926807
5531 2.405098867177789
5532 2.4229622913710993
5533 2.4210153624764037
5534 2.441054044093627
5535 2.4549003130528115
5536 2.420721855195141
5537 2.3639459712948008
5538 2.339267904732784
5539 2.3309165291118723
5540 2.33197570319015
5541 2.337589513940358
5542 2.3454563726429236
5543 2.3825322755148943
5544 2.412830344899756
5545 2.4857824667791046
5546 2.588906512736679
5547 2.6282182907606053
5548 2.6442388432734796
5549 2.6627801438894894
5550 2.691693188815295
5551 2.6811192993777784
5552 2.651295255216482
5553 2.6525204367097266
5554 2.707094256031552
5555 2.72505030479138
5556 2.7202598244470693
5557 2.7283594931430617
5558 2.766200069714267
5559 2.7919467808153517
5560 2.7816605374192673
5561 2.7822979927208467
5562 2.7576009277404854
5563 2.724591351868942
5564 2.7092196867437437
5565 2.721293330958216
5566 2.728770309208534
5567 2.741349726772998
5568 2.7572391697137766
5569 2.7643626087535935
5570 2.7849698783783956
5571 2.82074595604628
5572 2.8003254542993363
5573 2.809732536801817
5574 2.79830826471889
5575 2.736175128643464
5576 2.6897898537423592
5577 2.6871020780693975
5578 2.677362856770019
5579 2.6572412297109245
5580 2.632286352521857
5581 2.6196612661775176
5582 2.6213904765763427
5583 2.6563591103916293
5584 2.6808569589391418
5585 2.656852459121758
5586 2.605843891187509
5587 2.5413217126153533
5588 2.4878510402111327
5589 2.511662025644962
5590 2.5062817991145137
5591 2.494450189800793
5592 2.486038746781349
5593 2.505709732443273
5594 2.529149644110772
5595 2.549449869339053
5596 2.5698686055954165
5597 2.4790138588199007
5598 2.3914766864953734
5599 2.336286880386013
5600 2.3012931410868087
5601 2.2984911206896856
5602 2.307204383596242
5603 2.307132702060411
5604 2.30585362487704
5605 2.3468970865898506
5606 2.4233557707577162
5607 2.479765147933086
5608 2.519576640780236
5609 2.5368202532516806
5610 2.499404757533234
5611 2.4820166924881324
5612 2.4417863936896094
5613 2.4109599800583865
5614 2.393630016036363
5615 2.376283187487296
5616 2.334191967727437
5617 2.2244226369839297
5618 2.167372305000005
5619 2.148876512862502
5620 2.148463261352974
5621 2.133996965896462
5622 2.136633257681236
5623 2.1593910546982635
5624 2.194372353992732
5625 2.262922810495258
5626 2.3292554239836036
5627 2.3582034560495315
5628 2.3907433861417853
5629 2.450963647771175
5630 2.506324091857466
5631 2.556414071731476
5632 2.595326366003932
5633 2.6076646243399795
5634 2.6021238304994077
5635 2.554974512101415
5636 2.4837238194214564
5637 2.432593813123688
5638 2.393175326237336
5639 2.3556069334809666
5640 2.3434900598914847
5641 2.332999757788468
5642 2.308609837264254
5643 2.272266374801522
5644 2.2538884553645
5645 2.237086334437355
5646 2.200498599790749
5647 2.1645702936485502
5648 2.1343476454697528
5649 2.1113044226125344
5650 2.0893419830332705
5651 2.081888829905094
5652 2.08740005139611
5653 2.0948210937344296
5654 2.09878077881782
5655 2.0922084734456643
5656 2.1071784821287163
5657 2.0866281226022942
5658 2.0784431440383857
5659 2.0706687681632436
5660 2.0091646450341067
5661 2.0115480203862686
5662 2.005627006507372
5663 2.020350149407817
5664 2.068743698571721
5665 2.1135502938482627
5666 2.1458368811182513
5667 2.1105133094788715
5668 2.0737717625783083
5669 2.0336930093104937
5670 2.036749407928808
5671 2.0444668645414437
5672 2.0230764927310023
5673 2.0147518667826256
5674 2.0073512264782005
5675 1.9967472717901573
5676 1.9999912295743583
5677 2.024741201180898
5678 2.0231039182825
5679 2.0155521750121554
5680 2.0506115756871237
5681 2.0995801862519072
5682 2.130624330560092
5683 2.190271890045194
5684 2.2663257711415787
5685 2.340746783468005
5686 2.4133531771365817
5687 2.460747259801382
5688 2.5196716336057805
5689 2.6109803006670784
5690 2.7068146588237614
5691 2.7442980874922065
5692 2.70262606431285
5693 2.681527183091588
5694 2.705643766570884
5695 2.7320136881492076
5696 2.7378240606552917
5697 2.7391401646503994
5698 2.739036969027695
5699 2.6957550329640454
5700 2.6275913119574885
5701 2.508136975158212
5702 2.412839330765391
5703 2.290841214306313
5704 2.204728400591463
5705 2.1507044099843973
5706 2.094152761046302
5707 2.0637259771359044
5708 2.0555619038847657
5709 2.025576726644023
5710 1.9414868199866662
5711 1.8896273619626436
5712 1.8575303130321539
5713 1.8271676529348473
5714 1.788875448605923
5715 1.7378260344403502
5716 1.6830818153349079
5717 1.6492438467705963
5718 1.6346453337874645
5719 1.619678406109894
5720 1.6058254660258364
5721 1.5946617081643761
5722 1.5814288618422847
5723 1.5680574540710788
5724 1.555417642063968
5725 1.5329712609374713
5726 1.5305090484047785
5727 1.5267506455812996
5728 1.4964260825776012
5729 1.468864589841218
5730 1.458740371768551
5731 1.4686285200105509
5732 1.4990403372213883
5733 1.5736675162358462
5734 1.6892348238967383
5735 1.799226224019688
5736 1.8728108420575327
5737 1.8693868737562074
5738 1.8529569214713066
5739 1.878295117660866
5740 1.9015878321471222
5741 1.9406451056647327
5742 1.9528981697957624
5743 1.93065784286898
5744 1.9227913667915857
5745 1.9439726751081399
5746 1.9755392743022813
5747 2.015516570704201
5748 2.0533124395125357
5749 2.085642420534598
5750 2.0475190775295307
5751 2.0246953469724627
5752 2.0262953109544415
5753 1.9642286996355232
5754 1.9164249005490825
5755 1.8812476051144158
5756 1.8319849951072076
5757 1.7973031766341447
5758 1.7800970591658594
5759 1.7750539013843425
5760 1.764515366860764
5761 1.73376295003351
5762 1.7172520235629394
5763 1.728843705493655
5764 1.7280404146683241
5765 1.710482731997592
5766 1.701457803552318
5767 1.694822416546104
5768 1.6803722156949263
5769 1.6607030915407852
5770 1.6469044235150683
5771 1.6485769593916169
5772 1.6425233949710447
5773 1.6378732114674397
5774 1.6235634828161967
5775 1.6068289664212883
5776 1.5882783142865087
5777 1.5826651913571803
5778 1.5721702972813438
5779 1.5461014921620113
5780 1.5280982657400315
5781 1.5236518091824918
5782 1.5104857716584084
5783 1.5142018947006488
5784 1.5364455949998221
5785 1.5516611495846153
5786 1.5612525454740158
5787 1.5827213612027524
5788 1.6112601971994867
5789 1.6668417617738671
5790 1.711730970703274
5791 1.7497375970372318
5792 1.7800527418332792
5793 1.8103694677674609
5794 1.8359493388160755
5795 1.8223663705191235
5796 1.792448911163043
5797 1.7615201524903081
5798 1.7332140898819515
5799 1.7181563685658952
5800 1.7300705553162945
5801 1.7634747345771715
5802 1.7897397817362284
5803 1.7862124604288698
5804 1.7556042072144493
5805 1.7231825845929523
5806 1.669891236790392
5807 1.6449635883592084
5808 1.6107412994714791
5809 1.5615668046609563
5810 1.558283320392731
5811 1.565871001025638
5812 1.5719110259404148
5813 1.5901142672246185
5814 1.5907219634044352
5815 1.5489642510191184
5816 1.5041787688722958
5817 1.4719054598547978
5818 1.4602387923311535
5819 1.43952839375722
5820 1.4234333712750824
5821 1.4108664400023267
5822 1.4064956343887502
5823 1.4107805356917966
5824 1.4103741756156831
5825 1.4230611727089482
5826 1.4323298666381117
5827 1.4354356534496064
5828 1.4374291121471254
5829 1.4349965721589293
5830 1.451359916040336
5831 1.4537523221192628
5832 1.458248748884056
5833 1.4667843747416853
5834 1.4787736874154591
5835 1.4884653703466537
5836 1.4964882789019984
5837 1.4875835021799018
5838 1.4926319151707577
5839 1.5292412691291626
5840 1.5673354752208486
5841 1.584690692911578
5842 1.6065579213138867
5843 1.6182192624180247
5844 1.6006138079941634
5845 1.587649571835808
5846 1.5904055507039094
5847 1.6151897436378293
5848 1.653719114415788
5849 1.6868509424900142
5850 1.7122170944095065
5851 1.713766998768641
5852 1.6998021562037102
5853 1.6921527060635644
5854 1.6883718183726864
5855 1.6689104019117915
5856 1.6623239284709048
5857 1.6824588138763552
5858 1.6902850677254084
5859 1.692795955133025
5860 1.6864331727865347
5861 1.6533251607955588
5862 1.6225604725499123
5863 1.610080037814146
5864 1.6173599677135182
5865 1.6301157181749948
5866 1.6471085168844373
5867 1.6727985972852613
5868 1.678357546242081
5869 1.6866008061210258
5870 1.66235403419225
5871 1.6494630186708161
5872 1.6559622487474386
5873 1.6626247655677489
5874 1.6664566593199734
5875 1.6771191453949923
5876 1.6885066559891606
5877 1.6899828188286699
5878 1.6724081223485339
5879 1.6763042143518674
5880 1.7002412049671656
5881 1.734296004603115
5882 1.7430384746464445
5883 1.7261115113573222
5884 1.7202237231387147
5885 1.7080957371936503
5886 1.68968985690106
5887 1.70031784633133
5888 1.7144590301912634
5889 1.7053189301491707
5890 1.6987663920075633
5891 1.699173248429479
5892 1.6710000121782922
5893 1.6590410306022085
5894 1.6407634961487458
5895 1.6113423181745123
5896 1.5760532986527118
5897 1.5550542598409582
5898 1.5438912848743813
5899 1.5550720557794604
5900 1.5513403493249207
5901 1.527935332032522
5902 1.5048061162830284
5903 1.4886187806026745
5904 1.480145526642968
5905 1.487171993337645
5906 1.5099900113155846
5907 1.5432916800623382
5908 1.5673524337760474
5909 1.6023187968829646
5910 1.6157590507322073
5911 1.6061592151630566
5912 1.6497495345412554
5913 1.6812286838095558
5914 1.6784050641383792
5915 1.6618257061206643
5916 1.6489650856553255
5917 1.660867363349987
5918 1.673537667258082
5919 1.6603466081635005
5920 1.6757378928872924
5921 1.75262637548718
5922 1.8235306110281897
5923 1.8653176170743626
5924 1.8218018968087195
5925 1.7246288654856101
5926 1.6456444764626317
5927 1.601962407673855
5928 1.5795779915949402
5929 1.5531671878004452
5930 1.5177416953509373
5931 1.5002967970873613
5932 1.499416324743315
5933 1.5063380342260255
5934 1.50197473443584
5935 1.5249001507496054
5936 1.5566099985620891
5937 1.592145284241198
5938 1.6118346948479472
5939 1.558452178989926
5940 1.526945765104662
5941 1.512099344158282
5942 1.4941846641469454
5943 1.4702139561444658
5944 1.4426026914000514
5945 1.4357983486816155
5946 1.4578836388362557
5947 1.5096844993344394
5948 1.4933848646121588
5949 1.4702103577909367
5950 1.4380138504873046
5951 1.417542079541127
5952 1.4207506650599009
5953 1.4472654107417922
5954 1.4612083428587237
5955 1.4466530071683108
5956 1.4363785399657794
5957 1.4336322182003178
5958 1.4528936134578834
5959 1.4879843532500023
5960 1.5304553235004448
5961 1.5878441677526365
5962 1.6339270964460246
5963 1.6354266478741435
5964 1.6531210202049749
5965 1.6853742885840037
5966 1.7080222882970264
5967 1.7314589286638773
5968 1.782392916108152
5969 1.8277442995486537
5970 1.8096726059744914
5971 1.8025301855255047
5972 1.8633982402145368
5973 1.9228480306927473
5974 1.9464858290183844
5975 1.9622078438800772
5976 1.9872824256552466
5977 2.024832523963459
5978 2.0312448544960464
5979 2.020542792844544
5980 2.031750101848038
5981 2.0294574995393155
5982 2.0219240836819634
5983 1.9788826938654052
5984 1.942983165912567
5985 1.9343568004595328
5986 1.9598423684925432
5987 2.0049020289506556
5988 1.9857759576106564
5989 1.938121036653948
5990 1.9094944596824486
5991 1.8816202886408135
5992 1.8697835457255834
5993 1.862531433157272
5994 1.841341116711064
5995 1.8280266980733269
5996 1.8312073596537148
5997 1.8192050814075578
5998 1.800682426198549
5999 1.7721788776945944
