#frame I
5000 2.705201115468555
5001 2.7099780600964505
5002 2.7050903608822123
5003 2.691888929301802
5004 2.7078703395245363
5005 2.7344562919020454
5006 2.765092325303707
5007 2.7871087189889274
5008 2.790250415050918
5009 2.767151526338988
5010 2.72581657891443
5011 2.700315693142866
5012 2.6847976187640574
5013 2.6606569866781764
5014 2.6373910083029646
5015 2.6360832084358257
5016 2.6395161318661886
5017 2.6331925492833865
5018 2.6186192620969346
5019 2.618397639458853
5020 2.624836164658079
5021 2.630101127468818
5022 2.635231241198176
5023 2.632571622716471
5024 2.653759952698614
5025 2.6881000416035654
5026 2.7152501474241264
5027 2.7280690285804945
5028 2.7372096825849628
5029 2.7482628262280313
5030 2.7771420403371394
5031 2.8239241560212274
5032 2.8653817063369607
5033 2.906533046585661
5034 2.9580212364579794
5035 3.0069834800386457
5036 3.043065597713753
5037 3.0964776604915922
5038 3.16115977394247
5039 3.2166658149211584
5040 3.260329868063513
5041 3.297994454894934
5042 3.3324880959529724
5043 3.3584392602801723
5044 3.378174547192982
5045 3.392587052136888
5046 3.404474631359936
5047 3.4135598781924
5048 3.410923908596868
5049 3.4079253554525017
5050 3.397390412798853
5051 3.3801102669218257
5052 3.3832687096544865
5053 3.4094303340266006
5054 3.439845553412313
5055 3.4616441938177367
5056 3.47485835072255
5057 3.479457439585121
5058 3.4803812142529913
5059 3.475695131155866
5060 3.4957010162862945
5061 3.5171795068517495
5062 3.529839578664099
5063 3.5239335469073367
5064 3.525899213722971
5065 3.5245202786800984
5066 3.512909020156236
5067 3.479618843796488
5068 3.434617110211325
5069 3.3800629242046685
5070 3.3175084871817804
5071 3.274469156828217
5072 3.2378611269817807
5073 3.2099654052467335
5074 3.1902963621515936
5075 3.1661071606359235
5076 3.1479488347797986
5077 3.1480826002731463
5078 3.14722255453111
5079 3.1524725246348853
5080 3.1630952991369923
5081 3.1864343554445655
5082 3.2167528192970805
5083 3.2506557246424177
5084 3.2911452014525655
5085 3.3186284181766257
5086 3.3450799300992533
5087 3.391911126867423
5088 3.433978359539304
5089 3.456326312075878
5090 3.4855240243050516
5091 3.4981193443865135
5092 3.5106095246430145
5093 3.5159519821724556
5094 3.498718382667669
5095 3.4843453617438014
5096 3.4868446415078744
5097 3.4898720300354755
5098 3.466743599679371
5099 3.4560392691598762
5100 3.4432131636042187
5101 3.418551736908695
5102 3.3850302907598793
5103 3.359180645035637
5104 3.345456527791157
5105 3.342891390096959
5106 3.3206084130454543
5107 3.2822115640460368
5108 3.235546822384299
5109 3.1976780112976453
5110 3.158783218640684
5111 3.1218546271684153
5112 3.091753860387985
5113 3.055225718366893
5114 3.017703191594472
5115 2.986825659032972
5116 2.950052558384545
5117 2.913881145661453
5118 2.8916107503603175
5119 2.8751780876600277
5120 2.849102187213381
5121 2.8453351035620416
5122 2.829700617507251
5123 2.796837027618942
5124 2.764508048042318
5125 2.7595513837846952
5126 2.758287662539923
5127 2.7606224948568983
5128 2.7615317319622035
5129 2.778455281080017
5130 2.8092471542541952
5131 2.8527059840516893
5132 2.9090859957109814
5133 2.978409959100259
5134 3.044714767781334
5135 3.1204119397720174
5136 3.1920091492395666
5137 3.233916631650042
5138 3.27477470041757
5139 3.3312233910949463
5140 3.3575433751524333
5141 3.392740411224085
5142 3.428941615135881
5143 3.4653034915453804
5144 3.4851922855083375
5145 3.548269145841652
5146 3.5962966941490846
5147 3.603121289566104
5148 3.5938346887119232
5149 3.587469047273466
5150 3.6106329342332093
5151 3.6343950041609894
5152 3.640980070225998
5153 3.65669088998947
5154 3.684133273574099
5155 3.7094555337661648
5156 3.7272426691895717
5157 3.741188493857239
5158 3.7568440086040122
5159 3.7706462627159456
5160 3.7880411597679604
5161 3.7839631050995024
5162 3.7731160013785567
5163 3.775890157756621
5164 3.8127838711065767
5165 3.834429380513637
5166 3.831083862934147
5167 3.813818106796122
5168 3.7948870373468786
5169 3.788864527083161
5170 3.769298974960237
5171 3.722829757163273
5172 3.709962035843742
5173 3.6924468000947295
5174 3.64807662581101
5175 3.587602168892495
5176 3.5053690434974105
5177 3.4317322260136516
5178 3.3838645694245257
5179 3.360693719817869
5180 3.3233974481108217
5181 3.2679777671425287
5182 3.184220215182282
5183 3.096961605051368
5184 3.021496640769391
5185 2.967765210783819
5186 2.921409686910988
5187 2.8876034367930585
5188 2.848452806651286
5189 2.8254664644856016
5190 2.8244039268572383
5191 2.809079491664988
5192 2.7961271667925867
5193 2.7871186995944
5194 2.7794594038455185
5195 2.7808990975695567
5196 2.7967795942505913
5197 2.8165195260473186
5198 2.8084174219133264
5199 2.7807546087398585
5200 2.748232248732909
5201 2.7615350820331486
5202 2.782194622582325
5203 2.783934109918797
5204 2.7933279505934125
5205 2.823461035944206
5206 2.834927172124702
5207 2.8367844904091135
5208 2.8495863188785933
5209 2.8567128883250397
5210 2.842724234226873
5211 2.8284147444341454
5212 2.8063515899063773
5213 2.785414500007549
5214 2.7879187838567616
5215 2.799302248033199
5216 2.8091978021984327
5217 2.8344642816608907
5218 2.8370183850529944
5219 2.83292797587817
5220 2.8220933439503986
5221 2.8063367922956157
5222 2.751143957323511
5223 2.709390612956761
5224 2.678592838955546
5225 2.6471619368980757
5226 2.6370083233318256
5227 2.635271785489271
5228 2.6360419278264837
5229 2.6159058944973377
5230 2.6257620099263526
5231 2.645074884927759
5232 2.6505881238450546
5233 2.663812093595117
5234 2.6594756926449707
5235 2.664121515771675
5236 2.656566001861809
5237 2.6233414396033616
5238 2.576716198454698
5239 2.513449992579569
5240 2.465357171421622
5241 2.430392914038005
5242 2.4370759580006975
5243 2.464294574625133
5244 2.495985401678493
5245 2.534727973212406
5246 2.5674019010580325
5247 2.61877484012276
5248 2.692314363589767
5249 2.7541214375513787
5250 2.806863322522988
5251 2.848979840443491
5252 2.881267024022103
5253 2.8759775092217867
5254 2.868251260900774
5255 2.851684301998117
5256 2.8336647255669076
5257 2.8302355011360305
5258 2.80347512131779
5259 2.7675437062154433
5260 2.723098655542931
5261 2.6794158508341845
5262 2.645315622752438
5263 2.6185899106483728
5264 2.59038445965956
5265 2.577658202896264
5266 2.5766518766866646
5267 2.5761041278492156
5268 2.5626971627497674
5269 2.5575802458180776
5270 2.5405071733905453
5271 2.5154525667242074
5272 2.4998721746892087
5273 2.4993877210765336
5274 2.5134798786365624
5275 2.524040099540945
5276 2.535168217256491
5277 2.549172447354867
5278 2.5656944899399865
5279 2.594678754235352
5280 2.641320785758566
5281 2.671342475841643
5282 2.674277438203598
5283 2.662563253781693
5284 2.663026836875331
5285 2.6698493783158552
5286 2.68211253633925
5287 2.6844042754198276
5288 2.6977545811815427
5289 2.724586738359857
5290 2.74547764909711
5291 2.7574861671111544
5292 2.7621865009816204
5293 2.7645017088259403
5294 2.7565985875352186
5295 2.746283126894796
5296 2.7344579911844327
5297 2.75765175041413
5298 2.798569290329858
5299 2.8294592224175363
5300 2.8520828390199533
5301 2.8926840812457386
5302 2.9309554268313778
5303 2.937282681919362
5304 2.9449243896122663
5305 2.943278371704217
5306 2.913042452564145
5307 2.8853660175903584
5308 2.88067228244371
5309 2.8710796369189056
5310 2.8673235697450057
5311 2.864494690331715
5312 2.8614233805307627
5313 2.8427772140470036
5314 2.821681626358524
5315 2.8076892166390017
5316 2.8024732923818614
5317 2.7904650352889013
5318 2.7872282067940333
5319 2.7760307419545454
5320 2.761517896759238
5321 2.7596011027163323
5322 2.758952609695488
5323 2.735665527832751
5324 2.7208069214804915
5325 2.7156470508102175
5326 2.7087066689144152
5327 2.72038978786179
5328 2.726975915142675
5329 2.714216222234958
5330 2.668526737804576
5331 2.6272946041523566
5332 2.5967085933818974
5333 2.5634112144218135
5334 2.5387071656763935
5335 2.5374271496711667
5336 2.5396463232367914
5337 2.548325463969884
5338 2.564672814565848
5339 2.581081352119432
5340 2.6040158727328544
5341 2.6066092179834106
5342 2.616448333309517
5343 2.5927721494715144
5344 2.5517052398440505
5345 2.5205689606679855
5346 2.528484740467147
5347 2.545253342872554
5348 2.574388504748126
5349 2.6034673877075862
5350 2.5884903790468345
5351 2.575755692320116
5352 2.5723077218416464
5353 2.5902255534881915
5354 2.5646245721287637
5355 2.5047460253393794
5356 2.505100076809938
5357 2.519147426075416
5358 2.5245086088076625
5359 2.5301903348955874
5360 2.4868262968926507
5361 2.4824785481765037
5362 2.5067586907736152
5363 2.5396624364569718
5364 2.591393819744192
5365 2.6325769596967143
5366 2.673452448486761
5367 2.7030731758666238
5368 2.7411569948398524
5369 2.792341756623257
5370 2.853908471029473
5371 2.8915167137279734
5372 2.914664264690948
5373 2.962073148994255
5374 3.0242290253528497
5375 3.0868227518708107
5376 3.1626454377519595
5377 3.214946005892818
5378 3.2395650544317705
5379 3.2576214069359
5380 3.2646748671325234
5381 3.272328244064548
5382 3.29403507113617
5383 3.3017777340843866
5384 3.2985672734770835
5385 3.2912263644421103
5386 3.278792156698228
5387 3.272555492406639
5388 3.271051643295159
5389 3.2685546916516697
5390 3.2659590704954735
5391 3.256970144420108
5392 3.2406285270770825
5393 3.210310729070978
5394 3.1752581561674487
5395 3.1591968474062897
5396 3.142295119404169
5397 3.1297831163383023
5398 3.096763733691563
5399 3.0532357655242617
5400 3.0061420479139316
5401 2.963870113826176
5402 2.9151447973211373
5403 2.8300515361632743
5404 2.779619532783807
5405 2.7596934108254985
5406 2.7474410027154073
5407 2.7451384104396443
5408 2.7305423818338883
5409 2.707802942765968
5410 2.6937718863895848
5411 2.6630789799404995
5412 2.6269593406914282
5413 2.586160760418478
5414 2.549177294539288
5415 2.5102720222971753
5416 2.482608678274087
5417 2.4573560495676445
5418 2.457787413107095
5419 2.466398346663003
5420 2.4614070492145466
5421 2.457056232072403
5422 2.4535023947314256
5423 2.4596669386423073
5424 2.454835442656895
5425 2.426301011952574
5426 2.4027032347875554
5427 2.391294361736595
5428 2.3949624776958416
5429 2.399879995894509
5430 2.410118309008445
5431 2.4179839185389924
5432 2.43638783952742
5433 2.451391546634679
5434 2.4555803742626985
5435 2.4662627081960498
5436 2.4804060575306717
5437 2.5049466845331314
5438 2.523449436418971
5439 2.5343375895494478
5440 2.5473197940174215
5441 2.5639842347685637
5442 2.604261454769417
5443 2.6460755144953745
5444 2.6686708526068514
5445 2.6776003934482757
5446 2.6953430497994395
5447 2.6967547795908264
5448 2.6756462445624902
5449 2.6608125444911934
5450 2.6572465000133527
5451 2.634938297143315
5452 2.6385431504252668
5453 2.636800735959381
5454 2.621944557789175
5455 2.620487319273857
5456 2.6446543744736717
5457 2.681975916711351
5458 2.705697964068351
5459 2.742272918929733
5460 2.766727573009246
5461 2.7747634214198
5462 2.778758271392329
5463 2.829426200543262
5464 2.890123245513214
5465 2.9504514969627227
5466 3.0082882672901023
5467 3.070074932747617
5468 3.1036663560692452
5469 3.106572282571019
5470 3.1134146576902606
5471 3.1184695733313057
5472 3.1208621931965865
5473 3.1241236429189576
5474 3.1177935051446326
5475 3.084885044879126
5476 3.03063552128356
5477 2.9700953698793833
5478 2.918463083638501
5479 2.875094694082843
5480 2.8422524676641086
5481 2.827346051122958
5482 2.8225324235783487
5483 2.8139692983915396
5484 2.784831696602961
5485 2.757281759876566
5486 2.73446307155577
5487 2.7310958960249225
5488 2.7022043725555114
5489 2.6569943643092455
5490 2.6124093192206423
5491 2.5683764665681124
5492 2.5310753903944705
5493 2.5032112274493747
5494 2.4874906514189004
5495 2.490983486063267
5496 2.4961768645438887
5497 2.4995104068705185
5498 2.4894148224766286
5499 2.454938288230238
5500 2.4502017442204163
5501 2.4791621678443336
5502 2.514045046208998
5503 2.545392170734794
5504 2.5444749231645893
5505 2.522601493408486
5506 2.4995298869841296
5507 2.4771621844142544
5508 2.4556680723033066
5509 2.438121366174755
5510 2.41437029418156
5511 2.374206834785153
5512 2.345871906966445
5513 2.331100617265536
5514 2.336948802005045
5515 2.341221317236095
5516 2.344598182273183
5517 2.343596051263064
5518 2.3440871348698873
5519 2.3561637410247656
5520 2.3726017608851935
5521 2.3852534395305325
5522 2.399185276222208
5523 2.4033542440106386
5524 2.393569496134491
5525 2.385418032281501
5526 2.3902061095102867
5527 2.37517908022023
5528 2.3458246500449094
5529 2.3358699996723873
5530 2.340753634314083
5531 2.345664832967449
5532 2.34016618809078
5533 2.333997566674048
5534 2.3539987582973323
5535 2.3899148717139043
5536 2.42294182198813
5537 2.4332796850361604
5538 2.4204428323796923
5539 2.4101018493007613
5540 2.421149830478299
5541 2.438621366736032
5542 2.4485159780565415
5543 2.4485067093312014
5544 2.4329569855301707
5545 2.4396445219763825
5546 2.457391709035863
5547 2.4677334643025852
5548 2.4883776326982248
5549 2.5062576175332154
5550 2.521547409863943
5551 2.523695963845403
5552 2.526639154558751
5553 2.5372632898568908
5554 2.5761712379960806
5555 2.602515034731003
5556 2.615548067802697
5557 2.627856142667666
5558 2.637631156438442
5559 2.650971884227606
5560 2.651443322481827
5561 2.6555604864247173
5562 2.6422458950145327
5563 2.6133487492553966
5564 2.580915061132786
5565 2.5625225660529187
5566 2.5536309960369836
5567 2.5428532278334957
5568 2.5288211258941837
5569 2.5008202100220225
5570 2.479338549178198
5571 2.4770515048171946
5572 2.464090007299206
5573 2.477990602632543
5574 2.4820604942526496
5575 2.464375886499793
5576 2.447392316571455
5577 2.4366353310898927
5578 2.4194166751117008
5579 2.398274118396215
5580 2.373533730690123
5581 2.365580894769141
5582 2.367657737720744
5583 2.3706028526739455
5584 2.3580226288993664
5585 2.360780851370161
5586 2.3672020486669667
5587 2.3771366207400475
5588 2.387846464367201
5589 2.412214053921323
5590 2.4002634026250194
5591 2.4067216396972397
5592 2.4116508730246866
5593 2.4074443161354675
5594 2.40292949521506
5595 2.414919507947622
5596 2.40618359090216
5597 2.350266791085818
5598 2.305454739906465
5599 2.2892355060750584
5600 2.2763043242129974
5601 2.2683146648136017
5602 2.2634275432990516
5603 2.2663729557443553
5604 2.2802841687650566
5605 2.312235117731028
5606 2.3499026478051204
5607 2.335691778416194
5608 2.306105456129652
5609 2.314384706655697
5610 2.3090349120394316
5611 2.3129938714922718
5612 2.3170685739034473
5613 2.3157272224793366
5614 2.303962088375809
5615 2.273305738372606
5616 2.20620781313132
5617 2.136025598190389
5618 2.1137757970876154
5619 2.1056261743459985
5620 2.1017667411166268
5621 2.096361462208837
5622 2.097477563300611
5623 2.1152518132384306
5624 2.1331846207629495
5625 2.175175728341225
5626 2.2135799280633788
5627 2.232753976106344
5628 2.2643699490578704
5629 2.287177834371721
5630 2.299360206372463
5631 2.2952806729963853
5632 2.2885326234234316
5633 2.285239852955148
5634 2.275032175889672
5635 2.2555563945045343
5636 2.228915868498464
5637 2.2041832510349266
5638 2.185036018325834
5639 2.1723719483187733
5640 2.16423453250849
5641 2.1441153665205723
5642 2.1204195033929776
5643 2.1096800019369053
5644 2.108253816456719
5645 2.1079787242727717
5646 2.0914250932364533
5647 2.068679193861525
5648 2.0532494016357137
5649 2.040032742979234
5650 2.0341385224582496
5651 2.0329126010816188
5652 2.047525579081146
5653 2.0572461547420255
5654 2.0540343487134494
5655 2.030746863411224
5656 2.007449130476265
5657 1.9848295028411067
5658 1.9807868598168754
5659 1.9660990145875104
5660 1.9415669796313308
5661 1.941971727063796
5662 1.9414831702060458
5663 1.9410770687211076
5664 1.9472622376138038
5665 1.9531930829684243
5666 1.944558580473796
5667 1.9038494346345067
5668 1.8822639353332427
5669 1.8818687451655114
5670 1.8851853345838774
5671 1.8811536155832993
5672 1.885617432894605
5673 1.915826858396186
5674 1.943365254892001
5675 1.9698032964061152
5676 1.9931666376475932
5677 2.011221337073827
5678 2.031356670244722
5679 2.0588351431691003
5680 2.081249105584746
5681 2.100175917942031
5682 2.1184208614603097
5683 2.1413146205003044
5684 2.172007082927846
5685 2.1986844804174637
5686 2.2231099044570546
5687 2.22431846960756
5688 2.215629988580116
5689 2.2153651594161374
5690 2.235435937987025
5691 2.259038144700867
5692 2.273611587213036
5693 2.2954928177583924
5694 2.331661448081964
5695 2.3666714608927455
5696 2.375781563085718
5697 2.3789381715023343
5698 2.381152236148068
5699 2.379606162402165
5700 2.368601186938484
5701 2.3060072411545014
5702 2.2182095067524394
5703 2.114624420021012
5704 2.023345199519521
5705 1.9498984245569997
5706 1.8851749618910854
5707 1.8175397460697904
5708 1.7450185086441672
5709 1.6702325161863514
5710 1.5867202813450085
5711 1.5225435355257202
5712 1.4663035064971646
5713 1.411389849667326
5714 1.359343533755923
5715 1.3048745645176638
5716 1.2572488758041591
5717 1.2267253081894616
5718 1.2053328718001841
5719 1.1913314235489492
5720 1.1808726208827378
5721 1.1766799032526278
5722 1.1754327549527122
5723 1.1734552036366872
5724 1.1706048608371185
5725 1.169663377650457
5726 1.1705176894880684
5727 1.1726873366655246
5728 1.1829729425287476
5729 1.2057676420684817
5730 1.2362616552680863
5731 1.2641812228829001
5732 1.2944076573904475
5733 1.331816060205575
5734 1.3789600761589234
5735 1.4250029553871562
5736 1.4476958770900787
5737 1.454707111210628
5738 1.4538647738483053
5739 1.461206203144131
5740 1.4715059088473674
5741 1.4901487510252622
5742 1.5012764429928365
5743 1.494207542676795
5744 1.4882570865087714
5745 1.4931270505416931
5746 1.5041799440119137
5747 1.5116154850830867
5748 1.5171508310066322
5749 1.5243464881282944
5750 1.518260794632635
5751 1.5004687366803215
5752 1.486853200404076
5753 1.4726318402441987
5754 1.4487205805623482
5755 1.426382674057098
5756 1.4081871755739133
5757 1.3840582875938845
5758 1.3611054803692502
5759 1.3388407515378267
5760 1.3242189439812289
5761 1.3163124942659026
5762 1.3155186714296059
5763 1.3213855648358428
5764 1.3247210764820965
5765 1.3301384663848852
5766 1.3411385089768804
5767 1.3512052899540674
5768 1.3516536976935243
5769 1.3448263677327599
5770 1.3398788989017194
5771 1.3418225273505564
5772 1.3461990300690851
5773 1.354895569549655
5774 1.365144866041234
5775 1.368749314141595
5776 1.3607037048764945
5777 1.3504931402764448
5778 1.3399238466149432
5779 1.3225401747800594
5780 1.3133943526205614
5781 1.311210132580682
5782 1.309261908638491
5783 1.3073801220159915
5784 1.3058683914447402
5785 1.3107915720074934
5786 1.3251098723106876
5787 1.3418975416829093
5788 1.357419828774774
5789 1.3793871707200691
5790 1.4035014248812565
5791 1.4238428996477073
5792 1.435144050179186
5793 1.440796777163118
5794 1.4423510838517124
5795 1.4428442036275524
5796 1.445919353521194
5797 1.4510605017110616
5798 1.4600548644758835
5799 1.4711648525323022
5800 1.4797242645355269
5801 1.4758629281851088
5802 1.4652626362824892
5803 1.4531495944536925
5804 1.4370596958857258
5805 1.4203694500640283
5806 1.3989798751931193
5807 1.3806551499625013
5808 1.3621179182329364
5809 1.3422447402855227
5810 1.3265127008192188
5811 1.310766373785419
5812 1.2906762290331262
5813 1.257219772180324
5814 1.2279186006823484
5815 1.1979668050963583
5816 1.1756684462388658
5817 1.16307393688503
5818 1.153693773687627
5819 1.1478863199569063
5820 1.1439927082470345
5821 1.1345312505957454
5822 1.1224114319186973
5823 1.1138781755220981
5824 1.111936586954828
5825 1.11346690384736
5826 1.1129060736693257
5827 1.1059348188232896
5828 1.1032891317803586
5829 1.100374313975189
5830 1.1009472784166607
5831 1.0991754079761507
5832 1.101266930848393
5833 1.1114109263215568
5834 1.1243116110499716
5835 1.1345243993299117
5836 1.144385516241176
5837 1.1562680958896856
5838 1.1664873404291036
5839 1.1776213817132177
5840 1.190109883417408
5841 1.208169343372913
5842 1.2289370861442042
5843 1.2435982078706247
5844 1.2480833541797829
5845 1.262720127258772
5846 1.281649247613106
5847 1.2968993926011323
5848 1.3189496489802093
5849 1.3400605101763752
5850 1.3540268814826442
5851 1.351466484860703
5852 1.340105381736324
5853 1.328400952244149
5854 1.3183554786928207
5855 1.307795634483387
5856 1.302436969206442
5857 1.304463031588824
5858 1.3059145323131924
5859 1.3114819863318041
5860 1.3123925332233004
5861 1.3094100840353926
5862 1.3025893813922738
5863 1.2917204074243542
5864 1.2823497599759661
5865 1.2588164487552367
5866 1.2410078427587148
5867 1.2449567742974075
5868 1.2515349401441433
5869 1.2605529283618218
5870 1.268262635978587
5871 1.2828591534442157
5872 1.3086908715906658
5873 1.3331014682201368
5874 1.3458003071610938
5875 1.367466050607235
5876 1.3878691142485282
5877 1.4138702771713003
5878 1.4489371045498565
5879 1.4854161960754821
5880 1.5014683731074596
5881 1.5004610203010875
5882 1.4941581812169482
5883 1.492445887551694
5884 1.4981162031515713
5885 1.5027400919924943
5886 1.5031519520608843
5887 1.5100972804592971
5888 1.5049400859005588
5889 1.4882029005241209
5890 1.4722607238187304
5891 1.4580382998434385
5892 1.4412176161051302
5893 1.4362476758010407
5894 1.4260181099833626
5895 1.4159043850932966
5896 1.4087458465692841
5897 1.4046015995814098
5898 1.3993416080915027
5899 1.39492930493348
5900 1.388205436181601
5901 1.3776837456151774
5902 1.3677561529876243
5903 1.3585590424637228
5904 1.3504368011948198
5905 1.3526756862841645
5906 1.36031218803186
5907 1.3684515300463285
5908 1.3782890276399662
5909 1.391452404353498
5910 1.3981359117894936
5911 1.3898423420053287
5912 1.4000910502719166
5913 1.4053706883689678
5914 1.4061504241099623
5915 1.4115181004378068
5916 1.4294560250265314
5917 1.4604678675100795
5918 1.4815394132218687
5919 1.48094456905527
5920 1.4776445655903623
5921 1.4781906845947135
5922 1.4759213051184596
5923 1.4694557296608246
5924 1.4627267508670347
5925 1.4547254536850645
5926 1.4508582212805536
5927 1.4530081859442507
5928 1.4448575111251194
5929 1.4300719723727968
5930 1.413171825434535
5931 1.3990329956314784
5932 1.3876344308535866
5933 1.3779739629978167
5934 1.3638853874216756
5935 1.3724955796843024
5936 1.3884288971327665
5937 1.3995702455645607
5938 1.4101870445556501
5939 1.4048616496282036
5940 1.395118800882894
5941 1.392195920265629
5942 1.3844148410748287
5943 1.3727965748707647
5944 1.3587241883241847
5945 1.3440048377680798
5946 1.3436765985391488
5947 1.352157113899063
5948 1.3535709848771689
5949 1.3534184247694339
5950 1.347052429648099
5951 1.3399220646658483
5952 1.335916908232639
5953 1.3389632519247774
5954 1.3465332956651737
5955 1.3488160832604104
5956 1.361728322842067
5957 1.3867415453051004
5958 1.4128512731355503
5959 1.4473697555539835
5960 1.4790796426995092
5961 1.5125770943339387
5962 1.5497061216623798
5963 1.5824527779305395
5964 1.6106288475058859
5965 1.6439322934267497
5966 1.6685189337322306
5967 1.6931813301621124
5968 1.7241417470553564
5969 1.7495057643980416
5970 1.7453096236048202
5971 1.7333919624773273
5972 1.7550245632856913
5973 1.77904547707242
5974 1.79040993767559
5975 1.798096950939965
5976 1.8225259014850452
5977 1.850665081063654
5978 1.8828332183943048
5979 1.9143512745202094
5980 1.9559304817700767
5981 1.9855221580713656
5982 1.9932297059918824
5983 1.9873696534798344
5984 1.9774597735321693
5985 1.9597159099604695
5986 1.9584335522605414
5987 1.962202360913912
5988 1.9402709239748008
5989 1.9162086617517222
5990 1.904045139964022
5991 1.894223560666824
5992 1.876860585737755
5993 1.8666371314725068
5994 1.8586859530090125
5995 1.839834872787484
5996 1.8113365246006123
5997 1.7850242723409175
5998 1.7610237952730727
5999 1.7358493597083264
