#frame I
5000 2.1468580743391654
5001 2.1240716684274585
5002 2.0927006585188637
5003 2.082057807380122
5004 2.0728914448833877
5005 2.043091748508635
5006 2.0163030147888064
5007 2.009937599758541
5008 2.0113807036871973
5009 2.0106787848430243
5010 2.0079927285030044
5011 2.002056321304601
5012 1.9923598707590768
5013 1.9895472653763968
5014 1.9932701578305505
5015 2.0095091335467403
5016 2.019355696410377
5017 2.0214326660282502
5018 2.0251817590420353
5019 2.06173637984871
5020 2.1303734151983837
5021 2.2061678871746024
5022 2.272933203331207
5023 2.330642585812341
5024 2.3684081624943727
5025 2.3707710837086764
5026 2.36129806288848
5027 2.337190103440508
5028 2.349754658950804
5029 2.3894112181489118
5030 2.4286306746532498
5031 2.4539294579840276
5032 2.465597538127141
5033 2.4587208178027584
5034 2.44215340765042
5035 2.4245574584827994
5036 2.439578523222154
5037 2.4327440035403485
5038 2.3982410706006063
5039 2.33427182357234
5040 2.2468063277104986
5041 2.1828885759871874
5042 2.1168137880904485
5043 2.06291070623968
5044 2.058064121170129
5045 2.093022506334988
5046 2.134508126829395
5047 2.1335075605344263
5048 2.0754055950212287
5049 2.02580163509787
5050 2.0426711251293765
5051 2.080090415727993
5052 2.1027114009359087
5053 2.111088401778108
5054 2.10511549147142
5055 2.1003284604970527
5056 2.1126101082950095
5057 2.1277888886576446
5058 2.14388332649525
5059 2.1541239238442293
5060 2.167407631138573
5061 2.171992229613202
5062 2.1233058782271006
5063 2.0485477233073275
5064 2.0030788251543092
5065 1.9921330825935748
5066 1.993211925598712
5067 1.9927082514107688
5068 1.9829652044445423
5069 1.9633708023946774
5070 1.9375530074334817
5071 1.9034680237360166
5072 1.8648696592375122
5073 1.8271789944560892
5074 1.7995965466111103
5075 1.784396120992525
5076 1.7803608238734154
5077 1.802324523083229
5078 1.8695303784680757
5079 1.9655873751228525
5080 2.0616043975990377
5081 2.13611684579076
5082 2.1655122039122947
5083 2.190372368502531
5084 2.2501809351840905
5085 2.3061857187409287
5086 2.3621271049095625
5087 2.4233585031109413
5088 2.460551557060418
5089 2.465647283637098
5090 2.453795909014491
5091 2.4378527189943884
5092 2.416070704719301
5093 2.401833571812297
5094 2.3963437033004733
5095 2.421694850530552
5096 2.4582837285734183
5097 2.485483343655586
5098 2.513075747906985
5099 2.540493703373317
5100 2.5907002274335733
5101 2.671038137002492
5102 2.7343257725971624
5103 2.7805032460445793
5104 2.8361094145214354
5105 2.8931351449963016
5106 2.9272826582268836
5107 2.9279716234865805
5108 2.9138362326633973
5109 2.899748227055167
5110 2.894354588145684
5111 2.878100438588176
5112 2.8568999709631355
5113 2.832033342835971
5114 2.7974507390445846
5115 2.7646063920808377
5116 2.726922199705036
5117 2.675738390729455
5118 2.6317686680252197
5119 2.576310159409879
5120 2.531630791761929
5121 2.50564578611444
5122 2.4826543284590596
5123 2.486880656149024
5124 2.4898621683127224
5125 2.463238618519827
5126 2.4316677800148505
5127 2.4023379937768667
5128 2.398048597101099
5129 2.4269798448842166
5130 2.4480914780446423
5131 2.475186512507415
5132 2.5204424986204
5133 2.570425913535885
5134 2.5986897705783973
5135 2.625672285080356
5136 2.626434456685731
5137 2.6148025641375146
5138 2.6504393927720717
5139 2.698669475012937
5140 2.7577309412379885
5141 2.8144320512140446
5142 2.8535218754123353
5143 2.853005137474302
5144 2.8124827316850145
5145 2.7673158776106064
5146 2.734251596720055
5147 2.7186275512171503
5148 2.7231006173816446
5149 2.7424396970224754
5150 2.764004279166757
5151 2.7744440411641618
5152 2.7725769916311114
5153 2.7819972712443684
5154 2.8152065507675053
5155 2.840806283105603
5156 2.863742434481612
5157 2.9097232024765693
5158 2.9586122630862177
5159 2.966473672693276
5160 2.934014117199313
5161 2.906881147805343
5162 2.8991898503110263
5163 2.9198309595739436
5164 2.9580066044548703
5165 3.0041925316875946
5166 3.0302566948536014
5167 3.0160540739854054
5168 2.9745128193048003
5169 2.9593695491064036
5170 2.946927152378886
5171 2.9256879090097576
5172 2.9207820486119638
5173 2.9025273776829836
5174 2.863289364239556
5175 2.8344446602924
5176 2.8518132277976553
5177 2.939322472780648
5178 3.011912986748603
5179 3.034962055454718
5180 3.0093630481935496
5181 2.970937882144995
5182 2.9134067035705935
5183 2.8490155157464594
5184 2.7989599017135585
5185 2.7702030814664065
5186 2.7412874746940283
5187 2.701193753315889
5188 2.6699630450636196
5189 2.6511812859558828
5190 2.6241980134799014
5191 2.563255645634685
5192 2.5226614674233003
5193 2.5009732871461647
5194 2.4524308538555504
5195 2.402444182749913
5196 2.3773870961504593
5197 2.363144221756579
5198 2.3343391416937274
5199 2.3357586372527934
5200 2.365096915128505
5201 2.383577948040543
5202 2.391197914797439
5203 2.400880920934283
5204 2.3981298100663677
5205 2.3813337518929303
5206 2.4091164397609384
5207 2.4480333108022188
5208 2.4856982779136936
5209 2.4997486474819537
5210 2.5049107260840686
5211 2.506549902227816
5212 2.468179937538727
5213 2.429335069696371
5214 2.3710575410796677
5215 2.3086251609646258
5216 2.2407712650448204
5217 2.2192766400303126
5218 2.24582491101588
5219 2.2986374092014485
5220 2.34756545058957
5221 2.398708710863269
5222 2.4311757606326894
5223 2.434508428873348
5224 2.436008656418251
5225 2.4493551779742693
5226 2.4474972228492238
5227 2.4234418056249125
5228 2.387140037288013
5229 2.34524649777564
5230 2.280243881623427
5231 2.2537000453455813
5232 2.2502326100719805
5233 2.278997855541121
5234 2.298173444828096
5235 2.2725710120198195
5236 2.2214041509871154
5237 2.172841457857939
5238 2.1581035910292874
5239 2.163519823368629
5240 2.185457448288699
5241 2.18393776028077
5242 2.1979794306147915
5243 2.2476590046708793
5244 2.280480187527797
5245 2.2777695825304902
5246 2.2497619566555285
5247 2.2276668147901515
5248 2.250918982572852
5249 2.2805982053224656
5250 2.275054523944072
5251 2.260002884556889
5252 2.2571755483445406
5253 2.2652046290738013
5254 2.2849794543887922
5255 2.3218147247973224
5256 2.378560849927517
5257 2.453240483695887
5258 2.5297680681864962
5259 2.6014245721967764
5260 2.6645475527371922
5261 2.6988969424630347
5262 2.718996201732566
5263 2.6999681502558617
5264 2.671745033722955
5265 2.618018866868883
5266 2.5665134184301173
5267 2.5589663445006683
5268 2.542314613610802
5269 2.5051185723629557
5270 2.4614739937356678
5271 2.4000426466715408
5272 2.3343098976549275
5273 2.3046540506097815
5274 2.2914623974655632
5275 2.300533480207796
5276 2.312844302097185
5277 2.3005789822449314
5278 2.293727781867864
5279 2.303312591452098
5280 2.299167708575892
5281 2.27713286744033
5282 2.2433248995601778
5283 2.1923037279921083
5284 2.1286883210498013
5285 2.0838860727029602
5286 2.0685029105410173
5287 2.0558975768721615
5288 2.029601773260693
5289 1.995111591806304
5290 1.9685255870814868
5291 1.9560193352039592
5292 1.943494425384222
5293 1.927844965930125
5294 1.934861099697178
5295 1.9702007911497224
5296 1.994364604369196
5297 2.0094727005569157
5298 1.9951798665345064
5299 1.9566697492805458
5300 1.9184324490879399
5301 1.903246387363975
5302 1.9133280636370014
5303 1.9582158529270253
5304 2.0051104930556263
5305 1.9987684697773493
5306 1.9763748688997833
5307 1.976547699068122
5308 2.0129621529047808
5309 2.0154580830302504
5310 1.9847053085745767
5311 1.9558295531900085
5312 1.9029044765901826
5313 1.8714032841624937
5314 1.8839799560332806
5315 1.9150219821339365
5316 1.959006743595222
5317 2.015360269351425
5318 2.0337668514621567
5319 2.022362280847953
5320 2.008164943309319
5321 2.0113562779873773
5322 2.0464637258097365
5323 2.076186906710647
5324 2.0953868256177923
5325 2.110026911747239
5326 2.1375225863420693
5327 2.1515807339431148
5328 2.1621510380503364
5329 2.1735960225217097
5330 2.19130302994543
5331 2.2068849466882017
5332 2.2153805163984606
5333 2.2233251287762097
5334 2.2247819669362836
5335 2.183467714819968
5336 2.13510800705237
5337 2.1213333973443764
5338 2.123424435402044
5339 2.111761290216191
5340 2.122238651353441
5341 2.1499467746251417
5342 2.1764585324659484
5343 2.1565648636298906
5344 2.107648293174318
5345 2.0966796563512435
5346 2.1311937489362944
5347 2.173728186171478
5348 2.2261438537164997
5349 2.2928850418290603
5350 2.348598212843333
5351 2.392868117011664
5352 2.419736863915156
5353 2.4524404434317155
5354 2.4699011600768466
5355 2.4809326774878047
5356 2.502033916768904
5357 2.528952704346576
5358 2.521895718102061
5359 2.4936610606640843
5360 2.450829396934924
5361 2.420682888099068
5362 2.4149896765328402
5363 2.426582854609628
5364 2.441837366219448
5365 2.4497198327912484
5366 2.412048156987408
5367 2.363232467828597
5368 2.310371409613047
5369 2.2962692917061553
5370 2.3366215264531416
5371 2.371153816857716
5372 2.3662244486636292
5373 2.3500156382643156
5374 2.3024463756122597
5375 2.246928326763254
5376 2.240407728064297
5377 2.246414607645828
5378 2.2418086442744634
5379 2.230438415234114
5380 2.203542710063425
5381 2.1966418723753076
5382 2.2099810429960614
5383 2.206966255167718
5384 2.191859215632328
5385 2.175578673251298
5386 2.1809731333727003
5387 2.1850905565912617
5388 2.1822134339942916
5389 2.202963698603248
5390 2.1922250584375864
5391 2.176224466956534
5392 2.1674430047320623
5393 2.172233397462237
5394 2.1669569977852445
5395 2.1583385244301976
5396 2.1363413967607965
5397 2.0986657317574946
5398 2.0737215524797383
5399 2.05739078765331
5400 2.0310006282160704
5401 2.012650565034562
5402 2.006056935941172
5403 2.036535809829412
5404 2.0792774980466793
5405 2.126406518772831
5406 2.1484012611313688
5407 2.1518591966360985
5408 2.138808111595115
5409 2.1035575355415537
5410 2.067084399165254
5411 2.079979454773066
5412 2.1033960436518813
5413 2.109023939284279
5414 2.136879243502013
5415 2.158498556471268
5416 2.172326493594786
5417 2.1901727873740544
5418 2.199092926415077
5419 2.178223383558096
5420 2.1540581951823947
5421 2.16173636393966
5422 2.205440035849704
5423 2.254392535245021
5424 2.274875734151607
5425 2.2810039288190302
5426 2.3054384817760045
5427 2.3327265269547155
5428 2.3460730599647452
5429 2.3705576767876235
5430 2.387649771303044
5431 2.3652731498359048
5432 2.320458097101201
5433 2.2983644685173363
5434 2.2970596768050497
5435 2.3046367959444956
5436 2.3068588230117504
5437 2.3104136450155686
5438 2.3409180823356106
5439 2.3879055568273704
5440 2.425157359890855
5441 2.4373004773821014
5442 2.4423961273509165
5443 2.470903271763115
5444 2.5115660799411743
5445 2.5458238524332835
5446 2.5692232717990033
5447 2.591410928602957
5448 2.6195570043469765
5449 2.6412631749072646
5450 2.6294732418742397
5451 2.621008006841881
5452 2.6246549130498025
5453 2.603441183530665
5454 2.571814487024046
5455 2.5388409650123553
5456 2.514904080311487
5457 2.505939457608596
5458 2.494572384651488
5459 2.495478643833287
5460 2.531186695779517
5461 2.5511888157369587
5462 2.524160156360749
5463 2.4945540303761597
5464 2.4453869053534363
5465 2.388821047492036
5466 2.3365603408835507
5467 2.287158410310078
5468 2.2203900206464198
5469 2.140765621663792
5470 2.0718940878017396
5471 2.020308384693019
5472 1.9966799589683708
5473 2.02986035743716
5474 2.065527944706665
5475 2.074503916865088
5476 2.095142600498777
5477 2.097793132349931
5478 2.0557636619102264
5479 2.014911015025582
5480 1.997174617174245
5481 2.010215143570354
5482 2.025255054270531
5483 2.0234646564081333
5484 2.0100135293702617
5485 2.024370662626729
5486 2.066192183531886
5487 2.104687676311692
5488 2.1334562650925726
5489 2.1639263112110716
5490 2.2126679405720107
5491 2.2779785520395306
5492 2.331238710160687
5493 2.3949597847847617
5494 2.4298009940621546
5495 2.40944201943743
5496 2.36759373873032
5497 2.3378711782962185
5498 2.343774561386847
5499 2.3586591453062704
5500 2.375313239934634
5501 2.3912757345515527
5502 2.3769183040315274
5503 2.3363203636476837
5504 2.2986602901650595
5505 2.2718393359965168
5506 2.2523934295676664
5507 2.255418375667332
5508 2.2541759041585143
5509 2.2638474257488648
5510 2.2969198030760243
5511 2.332514028899879
5512 2.3450529874938875
5513 2.330935953847831
5514 2.305009781543512
5515 2.287124420936522
5516 2.2634886903806213
5517 2.2369821166176966
5518 2.2089041330359396
5519 2.172755962357022
5520 2.1345257590629734
5521 2.121078230962639
5522 2.124779619643329
5523 2.1310216535258895
5524 2.1215485499975357
5525 2.1092454582302897
5526 2.1036347129748982
5527 2.0999726449311122
5528 2.1111779875343832
5529 2.138370372795452
5530 2.1752758504362886
5531 2.222381910589313
5532 2.257056971372115
5533 2.2937417150003157
5534 2.3195114183706247
5535 2.308502895084626
5536 2.285497219005227
5537 2.2633434431675328
5538 2.2343536255235494
5539 2.1847094610601965
5540 2.1293477372470293
5541 2.0698666430119186
5542 2.0191710491259696
5543 1.982997017465239
5544 1.9354999647263218
5545 1.9121014438727437
5546 1.9067210774312857
5547 1.9115509079935276
5548 1.8942060563808485
5549 1.867579405665515
5550 1.8679673816333924
5551 1.8737311442571738
5552 1.857364995016273
5553 1.8218680547807928
5554 1.784687984850132
5555 1.7588595392479591
5556 1.7677406682969925
5557 1.7885645527699174
5558 1.8124552527461897
5559 1.863731328025639
5560 1.9525972652761816
5561 2.03852552695275
5562 2.1133862004928767
5563 2.159405287063659
5564 2.179863240899575
5565 2.188796596320947
5566 2.1870464381729406
5567 2.1519050805978934
5568 2.139146312147415
5569 2.1437447159650094
5570 2.1689943590647114
5571 2.2048558570718253
5572 2.231985064423626
5573 2.2325396823239902
5574 2.2420949629740727
5575 2.2618687484568527
5576 2.285036935295671
5577 2.2997294629936587
5578 2.316569842051454
5579 2.3300360618401967
5580 2.3245461767810696
5581 2.317354185967528
5582 2.2979111039677247
5583 2.2839039591059516
5584 2.2758372953808563
5585 2.2632008299387527
5586 2.247335610081477
5587 2.248112551576551
5588 2.2398892678825337
5589 2.233289690413737
5590 2.217009627286487
5591 2.1868526785353772
5592 2.1681937335562953
5593 2.1588592719264725
5594 2.1268754801013134
5595 2.0818506207120273
5596 2.0546500202030065
5597 2.0640126052144594
5598 2.112312571048121
5599 2.171956687092853
5600 2.202530577669399
5601 2.207999410408384
5602 2.1969076754519237
5603 2.181656120726635
5604 2.161975783083866
5605 2.16312777423322
5606 2.1749821754071834
5607 2.161059711257568
5608 2.116374736881836
5609 2.0805958745679605
5610 2.08430441964219
5611 2.1385017769998482
5612 2.1982147551093023
5613 2.2360852704133563
5614 2.2481639690516397
5615 2.277012803991157
5616 2.306229126257279
5617 2.286218679241892
5618 2.233577293797895
5619 2.18619210137004
5620 2.1389781803199086
5621 2.124144380590743
5622 2.1650983844095513
5623 2.225639814421103
5624 2.3005598547901425
5625 2.3450943405079077
5626 2.3570959959987867
5627 2.3401858836010536
5628 2.3125684481618114
5629 2.3311241847532926
5630 2.388183981458241
5631 2.438281903229386
5632 2.4711587744298344
5633 2.5038751120117433
5634 2.5325048813630198
5635 2.565787999784039
5636 2.615543451525208
5637 2.6378722781356365
5638 2.627480369939884
5639 2.615999878622824
5640 2.6091525690038186
5641 2.6274202503822797
5642 2.6108472747299514
5643 2.5741876328850286
5644 2.548397083564964
5645 2.5360110942785927
5646 2.5059697420926774
5647 2.5070322537498058
5648 2.5310114936881063
5649 2.5607185871663303
5650 2.5764053800526066
5651 2.5839591395030355
5652 2.591403165718328
5653 2.583750966912113
5654 2.569264466907289
5655 2.584350854483721
5656 2.632585743839431
5657 2.6868046250375657
5658 2.7020352955888924
5659 2.6708296484988936
5660 2.6373373656995858
5661 2.617150765657239
5662 2.6046580924746836
5663 2.620270885274405
5664 2.6547008169569146
5665 2.70479071039435
5666 2.763248805023596
5667 2.7891421903457876
5668 2.7933782576395143
5669 2.800241885981986
5670 2.80742282637886
5671 2.7984520765902987
5672 2.753132917504771
5673 2.6985873611148374
5674 2.648522414468709
5675 2.622750426566364
5676 2.6106335116530803
5677 2.6064378422324856
5678 2.5947745300808056
5679 2.565287126503568
5680 2.539388788469297
5681 2.5328759672274006
5682 2.54614704618403
5683 2.561632498542923
5684 2.583858006685702
5685 2.613978169324051
5686 2.615566777018172
5687 2.5695721613729825
5688 2.5359547000183067
5689 2.5316655561842545
5690 2.5328516716597007
5691 2.5261188658605063
5692 2.510693417063889
5693 2.4966255895182865
5694 2.4816588258626355
5695 2.447605053525349
5696 2.4065586139965247
5697 2.3803867701143293
5698 2.3745407241957914
5699 2.3800814430687987
5700 2.3841723822116174
5701 2.3844795805026644
5702 2.413620309815415
5703 2.4424633038686574
5704 2.4628843257755837
5705 2.4708205581689344
5706 2.481939136112388
5707 2.49491594343605
5708 2.487539665539588
5709 2.474937017163548
5710 2.4619620435991667
5711 2.4547742419869243
5712 2.4374492464749413
5713 2.397630510808866
5714 2.340011225131669
5715 2.3078612059251475
5716 2.326057140916922
5717 2.3517954786288335
5718 2.3563657210845363
5719 2.3572452139923743
5720 2.359968048177625
5721 2.3611510093229637
5722 2.343982795863263
5723 2.331229241499879
5724 2.313066633301593
5725 2.2904407845751122
5726 2.277523466154575
5727 2.2851380400733063
5728 2.3211487231402064
5729 2.3805717796841153
5730 2.4129031940521593
5731 2.4353829455646694
5732 2.4648284179174818
5733 2.5177654444024666
5734 2.5608799340509925
5735 2.6122409451367457
5736 2.668073043517528
5737 2.7570174217438024
5738 2.8469892486943817
5739 2.8941626675082652
5740 2.911011964024368
5741 2.915253380163366
5742 2.919332469812648
5743 2.892675003527168
5744 2.8554418517890205
5745 2.827329238685598
5746 2.8149164165591882
5747 2.816367254786517
5748 2.8558769270413538
5749 2.920998904932
5750 2.975469189701525
5751 2.9882965860662085
5752 2.982768149030127
5753 2.985614377984812
5754 2.9872868787313513
5755 2.948245831001323
5756 2.870858358278997
5757 2.8085434982784476
5758 2.7822492419294416
5759 2.7569217650252
5760 2.7326421776273886
5761 2.691918258882277
5762 2.6572549496657563
5763 2.6237481632440076
5764 2.569852691950701
5765 2.514934826104879
5766 2.4721252214118965
5767 2.4438847802579744
5768 2.4280689433419544
5769 2.4426272447917854
5770 2.451749887987709
5771 2.4279294989156
5772 2.401242550575215
5773 2.367900157805112
5774 2.3517476801474317
5775 2.362410947389263
5776 2.3792957711944935
5777 2.3963509867095514
5778 2.402233294248441
5779 2.410617987877064
5780 2.3910022530187924
5781 2.3614550947879454
5782 2.367774753727548
5783 2.3616570079478176
5784 2.32659618447505
5785 2.3014150007860725
5786 2.2864298661729126
5787 2.2919522748388506
5788 2.3101939122322173
5789 2.3421423264908032
5790 2.406364319620814
5791 2.4881202966294884
5792 2.5795454139640834
5793 2.659339704527395
5794 2.7067112653001
5795 2.7112238086892355
5796 2.699911039550173
5797 2.688673310302269
5798 2.6664297973318543
5799 2.643906181458913
5800 2.620172383903078
5801 2.606749139952944
5802 2.5931319695384363
5803 2.5901843763744044
5804 2.597494653600892
5805 2.598131717003088
5806 2.601354976624036
5807 2.6019079937599057
5808 2.5980579897341096
5809 2.59862482723942
5810 2.5868213391298522
5811 2.5695072630125244
5812 2.5792457676437848
5813 2.59268145179588
5814 2.606149498903167
5815 2.631620978206295
5816 2.663243536421853
5817 2.6950861914665323
5818 2.7205876140983363
5819 2.7317461712272273
5820 2.7281027057918066
5821 2.7017133013802668
5822 2.6228036264792545
5823 2.5434689247312807
5824 2.515096542150515
5825 2.523547477436094
5826 2.537117894871633
5827 2.5604009226677236
5828 2.6001326975158126
5829 2.636886410137119
5830 2.6332987274528423
5831 2.6136437475817487
5832 2.5621259141703603
5833 2.5533452466531976
5834 2.605581740747292
5835 2.6491564259396796
5836 2.680577033910487
5837 2.7187735464799827
5838 2.742128564347703
5839 2.7550779671635572
5840 2.771535418560797
5841 2.7957520126569424
5842 2.8243262797882274
5843 2.823192147523198
5844 2.8201574722174065
5845 2.84277979296957
5846 2.884051724691569
5847 2.924130835972101
5848 2.9501361531022607
5849 2.958200807629487
5850 2.9617073806310366
5851 2.9691472139376973
5852 2.9711315742352595
5853 2.966148832384234
5854 2.9525267007870157
5855 2.9316148839303637
5856 2.9095656032055874
5857 2.897764544066951
5858 2.8988291968730646
5859 2.907117051281572
5860 2.9157560752991034
5861 2.929720904390118
5862 2.9373626955964403
5863 2.9590579805735464
5864 2.978039803688099
5865 2.996334815590471
5866 3.0176853893488533
5867 3.032826204655992
5868 3.049884876427614
5869 3.055972111273864
5870 3.0427240474894988
5871 3.0168637815456862
5872 2.9993851814469945
5873 2.9997743587892405
5874 2.9835993716636753
5875 2.968763904525099
5876 2.96540954309945
5877 2.9940885261966503
5878 2.998392632244741
5879 2.989905694926601
5880 2.9793086422773603
5881 2.938683351824229
5882 2.903064914061026
5883 2.86751390233355
5884 2.8487859204558212
5885 2.864551434043348
5886 2.882848942814901
5887 2.918887466702234
5888 2.959298935490664
5889 2.9657186814147116
5890 2.964454535702791
5891 2.971970252876528
5892 2.9720401161959145
5893 2.9559654782676597
5894 2.953604247997502
5895 2.9794306956536407
5896 2.9960956433988137
5897 3.0101341681051164
5898 3.0271702551353328
5899 3.0124279465792547
5900 2.981073413785609
5901 2.942548204896791
5902 2.9040827914676406
5903 2.876126455695272
5904 2.892103208099689
5905 2.9085097696858186
5906 2.891096724441536
5907 2.8537814391737477
5908 2.8262441654710484
5909 2.8241970906147538
5910 2.8676033758817674
5911 2.9088530011659652
5912 2.9089192017796406
5913 2.8780795129741605
5914 2.8481440374310227
5915 2.8321664522955516
5916 2.8122787254897035
5917 2.8040955067661204
5918 2.775032390953952
5919 2.724226093758882
5920 2.699516817227411
5921 2.693024886899945
5922 2.677502150085019
5923 2.6676221838424694
5924 2.6810845080904553
5925 2.6816922033177093
5926 2.6565891087403113
5927 2.644414349911825
5928 2.6287849888763573
5929 2.603942697672578
5930 2.5754810373456847
5931 2.5604336019723344
5932 2.5880576498399392
5933 2.6572560675479657
5934 2.702800730676682
5935 2.7474672211083733
5936 2.7912265873178925
5937 2.820960995928082
5938 2.832089505438266
5939 2.8439389382393054
5940 2.8645377457695225
5941 2.877649513831498
5942 2.8705872186186587
5943 2.827691511209829
5944 2.7629008069050505
5945 2.7036617387838073
5946 2.6529303926221823
5947 2.6014867911643313
5948 2.599797460904438
5949 2.597138658347193
5950 2.564641567388808
5951 2.5331501321795833
5952 2.49243016365449
5953 2.4843022692819576
5954 2.4738770450078786
5955 2.425835856554616
5956 2.372419263665645
5957 2.3337152032678707
5958 2.2945018833956397
5959 2.254143423449864
5960 2.2316657587944997
5961 2.2349093529679984
5962 2.256027453489606
5963 2.3000210487525266
5964 2.3495312120051883
5965 2.385509542649001
5966 2.3815749343544033
5967 2.3551208165108073
5968 2.3500638110825545
5969 2.3630030440071543
5970 2.3519891622407476
5971 2.327857121547889
5972 2.31259450086075
5973 2.2763303178616625
5974 2.229288216461057
5975 2.189978065630244
5976 2.1746153600601614
5977 2.148887495983776
5978 2.0960401548563117
5979 2.060386989255992
5980 2.041827881609359
5981 2.0271856468775655
5982 2.0362331560903506
5983 2.0402689078819107
5984 2.06089303757678
5985 2.086605993943234
5986 2.1437144020318444
5987 2.1922923013093127
5988 2.2215647886036964
5989 2.222733977440712
5990 2.204051211991569
5991 2.195025157539073
5992 2.1905601113195425
5993 2.1901618041880795
5994 2.180808771048773
5995 2.1641247652432285
5996 2.153795848985305
5997 2.127706268328456
5998 2.1058144612235083
5999 2.081552574158501
