#frame I
5000 2.1913579464292394
5001 2.152124987019466
5002 2.102010856786848
5003 2.107633852440755
5004 2.117522486618965
5005 2.143015153326442
5006 2.1604724550953396
5007 2.181615848179004
5008 2.1945279619137246
5009 2.2152361177380775
5010 2.2092449031898744
5011 2.190930867540779
5012 2.2081106150139767
5013 2.251230213320482
5014 2.292766071766918
5015 2.358034172712246
5016 2.461724659349574
5017 2.5760615844355845
5018 2.619551945465699
5019 2.6417454068679405
5020 2.689914098939674
5021 2.78390624327533
5022 2.847408359280742
5023 2.8848482675654266
5024 2.893760096916218
5025 2.8534505684970544
5026 2.806492849249262
5027 2.775845721165819
5028 2.7779503956713882
5029 2.808833948115549
5030 2.7886648170337867
5031 2.6722738555870094
5032 2.614308854626236
5033 2.5793646548238405
5034 2.5594769513421896
5035 2.559749290207406
5036 2.5614144094214257
5037 2.5989796114370796
5038 2.6450475562803577
5039 2.6986148428166548
5040 2.748135689356505
5041 2.7739763726284314
5042 2.800886124536052
5043 2.836149409962531
5044 2.850268351827204
5045 2.8615901069873844
5046 2.8484867056796688
5047 2.806083092685244
5048 2.776704735668593
5049 2.7499791355353826
5050 2.735015955792186
5051 2.705106821999279
5052 2.660242712806559
5053 2.6163636856038837
5054 2.5692558720541916
5055 2.5373645577819897
5056 2.502613337100859
5057 2.449513845100162
5058 2.3847978288034994
5059 2.3385791412178083
5060 2.312567574801538
5061 2.317451712226371
5062 2.343901208244912
5063 2.3776418308990235
5064 2.4163666366522674
5065 2.4258808954299615
5066 2.3736477192584315
5067 2.3086634876140795
5068 2.2530096613586745
5069 2.2183264514831573
5070 2.199990516814158
5071 2.2038936471109785
5072 2.2282479091329845
5073 2.2480184120067173
5074 2.2596107506872545
5075 2.2634161670238897
5076 2.2743802950524805
5077 2.2657182167631715
5078 2.2583138783804526
5079 2.2721442657871176
5080 2.3108190909620396
5081 2.3321612493924277
5082 2.3441916468123485
5083 2.3494000335902996
5084 2.3423711485301926
5085 2.3030182668083907
5086 2.2625556282583505
5087 2.2261087029792876
5088 2.1763417551918076
5089 2.1102804747292963
5090 2.069444873650229
5091 2.0547260109575536
5092 2.034260306531777
5093 2.033643814704483
5094 2.0388381231154753
5095 2.064107443631808
5096 2.0740000514565784
5097 2.0616576480103217
5098 2.0274636599956484
5099 2.015398210492173
5100 2.008803779417896
5101 2.0288411199608607
5102 2.0779446226405627
5103 2.136081954304178
5104 2.178488875440173
5105 2.218250055990788
5106 2.273667062234171
5107 2.323982532419598
5108 2.358086756893533
5109 2.371633742563868
5110 2.367414762924692
5111 2.3608867831849247
5112 2.3647597037970325
5113 2.340207149391318
5114 2.3046757166008827
5115 2.2850103312276753
5116 2.2958194151961493
5117 2.3204193873996264
5118 2.3300178831593
5119 2.3241813828387086
5120 2.2975711358964332
5121 2.28359857656915
5122 2.3081517315962925
5123 2.344866405330157
5124 2.3837416431961826
5125 2.38805551109287
5126 2.4256413855647074
5127 2.4752730153426943
5128 2.5473618230665807
5129 2.6228153206682445
5130 2.694214100024471
5131 2.7143879571074763
5132 2.7520333113952153
5133 2.7822477859480856
5134 2.8157005429794078
5135 2.909111680182871
5136 3.044088272941076
5137 3.143850045630307
5138 3.1646519924524825
5139 3.1456320115704766
5140 3.0973805205231963
5141 3.0612105948083213
5142 3.0463765768980116
5143 3.0044469876930995
5144 2.949373482397923
5145 2.89558081565198
5146 2.871904157185936
5147 2.8713582995319817
5148 2.8439575633444516
5149 2.8094643572451865
5150 2.7931162159831864
5151 2.853300104369784
5152 2.870648172957313
5153 2.849061788607581
5154 2.8830807235028892
5155 2.9342809649171966
5156 2.9172821569979974
5157 2.931192354703641
5158 2.9684843900155338
5159 2.964625820464852
5160 2.8834181169340027
5161 2.8063236322833163
5162 2.7315281208745987
5163 2.610732517549543
5164 2.5223040692965686
5165 2.4499299940269705
5166 2.4151429519841066
5167 2.395126844804784
5168 2.403089757482388
5169 2.3908518233460785
5170 2.32872758287457
5171 2.2647414124631418
5172 2.2281094310723732
5173 2.234352089573722
5174 2.2276427096250075
5175 2.2289617601076093
5176 2.229690930373718
5177 2.241572038596
5178 2.242870597388162
5179 2.2048453616434984
5180 2.179397306081179
5181 2.1473852039233967
5182 2.121543606806712
5183 2.120981534889906
5184 2.122123111285172
5185 2.128091812915902
5186 2.137672672060576
5187 2.119419664707145
5188 2.080065439142308
5189 2.0598624647325416
5190 2.068220959896422
5191 2.074841984896035
5192 2.066460477899267
5193 2.076164610314294
5194 2.1139569824029327
5195 2.134897052348406
5196 2.1694845892004184
5197 2.206217037265162
5198 2.2765328367976325
5199 2.3418422336813642
5200 2.3746197347160853
5201 2.414814327609361
5202 2.4361742547004215
5203 2.411707221269115
5204 2.3992660644271697
5205 2.3535628214514563
5206 2.3376316507239863
5207 2.3003598417666957
5208 2.244783323240046
5209 2.2578641200152805
5210 2.2389510706572904
5211 2.252407473841586
5212 2.2019215258749187
5213 2.1969833859382057
5214 2.218443226967181
5215 2.2178555502706065
5216 2.205029832210977
5217 2.1779852542996387
5218 2.1726428277255043
5219 2.179273760030901
5220 2.18183596737247
5221 2.1748236183148624
5222 2.181081943774549
5223 2.2024681475876196
5224 2.242507125089476
5225 2.292333506907327
5226 2.3624123991469204
5227 2.330641093032289
5228 2.2127140261323843
5229 2.1428163395587
5230 2.1070321091481503
5231 2.0902511029697655
5232 2.109200569879839
5233 2.1329855493166114
5234 2.112137152599657
5235 2.1045385558699454
5236 2.0884527091934753
5237 2.0989665196596192
5238 2.1477923389052664
5239 2.2339361831163482
5240 2.3139069233112095
5241 2.388572613235611
5242 2.4743661127866186
5243 2.577938218213006
5244 2.622576358115243
5245 2.639278717357914
5246 2.681337191188299
5247 2.7247341538259464
5248 2.7569632956802965
5249 2.7875561986628603
5250 2.8504492407242905
5251 2.9276228524601424
5252 2.9856392994048204
5253 3.0167286730928025
5254 3.0410758064325507
5255 3.0333001393433547
5256 2.989931532199807
5257 2.9128312644189007
5258 2.846677974381621
5259 2.794683925112384
5260 2.741462296118665
5261 2.704144584690915
5262 2.67780757079139
5263 2.6555549361172575
5264 2.6249111622867805
5265 2.579906061020807
5266 2.5526580488005437
5267 2.543292758964262
5268 2.530761214687041
5269 2.515152957354882
5270 2.4984744653864657
5271 2.4838842546053765
5272 2.453828246951809
5273 2.409237915766512
5274 2.3630581124151737
5275 2.3228857361009543
5276 2.295388677786326
5277 2.2790307407801635
5278 2.2474541273427797
5279 2.1881811881369484
5280 2.1245111248661015
5281 2.079723866056911
5282 2.054674095104327
5283 2.02403449291707
5284 2.001648163317542
5285 1.9821819192055337
5286 1.9688253209107471
5287 1.9426093997145748
5288 1.9096334736130844
5289 1.8936634713691027
5290 1.8975662015546306
5291 1.896961396031496
5292 1.8989016444033235
5293 1.903744011850785
5294 1.8948602121957283
5295 1.8933065437346277
5296 1.8960392754673339
5297 1.8882560723872661
5298 1.8962965389850082
5299 1.902355168910455
5300 1.9070221834391348
5301 1.898555513076879
5302 1.8983075815039447
5303 1.9147184433903854
5304 1.9327156642822658
5305 1.9537205092025254
5306 1.9811270918059836
5307 1.98494884045198
5308 1.9951264390260879
5309 2.0042429393902452
5310 2.0041570750308293
5311 2.0328403114759483
5312 2.062820134419149
5313 2.088751657022593
5314 2.132912339212346
5315 2.1673517515494627
5316 2.2131797996223086
5317 2.252047783482583
5318 2.284635140038121
5319 2.3364976786128953
5320 2.3819323115095923
5321 2.3868560547560596
5322 2.3885489743592685
5323 2.3710541860021697
5324 2.3701952293281265
5325 2.379946946503975
5326 2.38477547150076
5327 2.4127557674479285
5328 2.4201015722473556
5329 2.414084662944105
5330 2.4070888333326512
5331 2.3873221751654543
5332 2.3716015837343503
5333 2.3403347671228496
5334 2.3393687234551908
5335 2.358728636913458
5336 2.3558572910881113
5337 2.308363055816457
5338 2.26973495184954
5339 2.2214947676106496
5340 2.186234103637031
5341 2.1518029302007755
5342 2.129044111386278
5343 2.1601778835580245
5344 2.2148584635316446
5345 2.2468690698671216
5346 2.2592000660687233
5347 2.264237293818913
5348 2.252268059106304
5349 2.2280581394003405
5350 2.198782731779621
5351 2.1855132342058825
5352 2.162877253599529
5353 2.151290258467612
5354 2.162986683071795
5355 2.201102462619024
5356 2.238013651116925
5357 2.2566680349183557
5358 2.2889844618847404
5359 2.319395882210365
5360 2.3614375121580826
5361 2.400101513166796
5362 2.4309793417233747
5363 2.4736019391608224
5364 2.529242022352751
5365 2.5850405467393167
5366 2.6065969592855964
5367 2.613672873350867
5368 2.600152846876149
5369 2.596064605628025
5370 2.6119181166145222
5371 2.596061351803479
5372 2.5919652122946384
5373 2.6131256865953705
5374 2.6531816261282035
5375 2.652260203036198
5376 2.6395188795443127
5377 2.635509367469963
5378 2.608268074755378
5379 2.5795515264756252
5380 2.5680968536031576
5381 2.5719221061318405
5382 2.5574138168597855
5383 2.5381294295449477
5384 2.5219814945648213
5385 2.5123148727090747
5386 2.499823437240733
5387 2.451915404243636
5388 2.3916117954780516
5389 2.3603255482761267
5390 2.3267538952203846
5391 2.2927473347270793
5392 2.2526074396462006
5393 2.2314619574125483
5394 2.244252401271493
5395 2.239050034548602
5396 2.20029515299398
5397 2.172761672403726
5398 2.1261349022749014
5399 2.078247235663253
5400 2.043487078844058
5401 2.025370943884837
5402 1.997646268533819
5403 1.9955582548495518
5404 1.991751842773538
5405 1.9972793005539442
5406 2.0145973161471047
5407 2.0427141289312636
5408 2.058520002115783
5409 2.061671309929942
5410 2.0788812440370075
5411 2.111087400558506
5412 2.1409532453383573
5413 2.17264089138867
5414 2.2156700129173506
5415 2.250951825786164
5416 2.276151817893707
5417 2.275509745413391
5418 2.274255164440413
5419 2.2790614324502365
5420 2.2739191470760574
5421 2.2774806753551173
5422 2.3210540452613793
5423 2.3679955408599493
5424 2.3872910804056353
5425 2.3925563223063113
5426 2.403843914072755
5427 2.4388622059915726
5428 2.496858231360531
5429 2.5213276384066323
5430 2.559655302991481
5431 2.583686084358059
5432 2.573924794211135
5433 2.5590682217968297
5434 2.5571314584281386
5435 2.544261641279285
5436 2.51327051927267
5437 2.4828519840228185
5438 2.4554936269225607
5439 2.436424400295318
5440 2.428462024895411
5441 2.4184041732520583
5442 2.3994427074529883
5443 2.3612270456767117
5444 2.3237099669607497
5445 2.28709694054702
5446 2.259862950935775
5447 2.2358905464002596
5448 2.2181192950200432
5449 2.2374846408739355
5450 2.2791631053769197
5451 2.316990504162007
5452 2.343313190933568
5453 2.3571633191781545
5454 2.365981695377469
5455 2.3852455224355698
5456 2.388138940148559
5457 2.370145553071763
5458 2.3520569882991014
5459 2.3368716900403386
5460 2.3197055023142306
5461 2.3103054861573695
5462 2.305793699545917
5463 2.332770539403141
5464 2.376907997718178
5465 2.4178628911007425
5466 2.418021430997985
5467 2.3969150333198694
5468 2.3601393004624023
5469 2.339408815127004
5470 2.3113239210419
5471 2.2672687401319243
5472 2.259363776571291
5473 2.2940587440880593
5474 2.3094213160680828
5475 2.3362577352771083
5476 2.377106615735474
5477 2.430635519787999
5478 2.4725076670725024
5479 2.5094185218855913
5480 2.5062383552046628
5481 2.4913592060495064
5482 2.4916335621979475
5483 2.4973749747188068
5484 2.513303321631187
5485 2.5352735328151956
5486 2.545890545571757
5487 2.5373132809322243
5488 2.513679653694018
5489 2.4920999541449667
5490 2.5109925231886194
5491 2.547010484814711
5492 2.6110985765335246
5493 2.6676606297439114
5494 2.7079123943564785
5495 2.7184502103031285
5496 2.707395542438057
5497 2.67967413182541
5498 2.6337058681932373
5499 2.555354363567711
5500 2.452875938121902
5501 2.415506326170608
5502 2.4235204308600355
5503 2.41457180954535
5504 2.397133788239114
5505 2.3736242718904945
5506 2.367609449546405
5507 2.378820200480892
5508 2.3984319464029276
5509 2.4167578229283437
5510 2.3969580525925984
5511 2.360321185111499
5512 2.317077288331221
5513 2.25224182572151
5514 2.197570330663601
5515 2.1754175769917476
5516 2.166649345726509
5517 2.17336514688305
5518 2.2165851509122745
5519 2.264099212611416
5520 2.3074822008951754
5521 2.368929818149657
5522 2.4241366412332166
5523 2.443946083295409
5524 2.4392794635701067
5525 2.4266899820310806
5526 2.4276313846122273
5527 2.450117876602072
5528 2.4939327056483878
5529 2.5187114644849573
5530 2.5197141216971914
5531 2.5412358926311724
5532 2.542546595276991
5533 2.522183848379718
5534 2.5526235998823408
5535 2.6139997466315408
5536 2.6568500532869193
5537 2.6926777390416126
5538 2.7355567283230875
5539 2.7318402588687998
5540 2.659779531595128
5541 2.5730603183647234
5542 2.5065838684939856
5543 2.470344012766435
5544 2.458518784294228
5545 2.4811726138121526
5546 2.5099236941264196
5547 2.506321114303835
5548 2.50247803155828
5549 2.5011250545787203
5550 2.512746003209542
5551 2.538628624463162
5552 2.590571360946328
5553 2.6222234969531626
5554 2.5887429892759264
5555 2.56637541301533
5556 2.5571383869490782
5557 2.5396523541358564
5558 2.489052616028169
5559 2.4310492489018602
5560 2.3835005172549817
5561 2.390017816161936
5562 2.4215163502370105
5563 2.454073026620121
5564 2.4722551305655975
5565 2.4770982586042445
5566 2.5129014942192045
5567 2.556047979227893
5568 2.606081265436636
5569 2.6373210159402554
5570 2.6250999397672676
5571 2.5785433280986467
5572 2.5471334709622244
5573 2.528942767027734
5574 2.511542343466481
5575 2.4957218377755437
5576 2.5092773097717016
5577 2.5445569233582064
5578 2.560691420038598
5579 2.559250251002105
5580 2.5560549865834292
5581 2.558678597373878
5582 2.5309943246995634
5583 2.478552247239131
5584 2.4158724785641152
5585 2.3547826956322093
5586 2.3050839362314117
5587 2.2404955417376655
5588 2.1796468750611124
5589 2.1565624882081336
5590 2.1529274796797497
5591 2.157412608337029
5592 2.1663476582246752
5593 2.187646456455321
5594 2.2196596061810037
5595 2.2627520039321527
5596 2.3117174376738054
5597 2.3522364573760957
5598 2.3855146584746145
5599 2.403746555294914
5600 2.414338708816153
5601 2.4403877042691344
5602 2.449177612892922
5603 2.446372678151013
5604 2.433942355002914
5605 2.42584420092095
5606 2.429070142639987
5607 2.42119662732938
5608 2.3947812948628453
5609 2.3709929521640984
5610 2.341327941860812
5611 2.312936975373005
5612 2.296280092765004
5613 2.2790349340126035
5614 2.273034352813574
5615 2.2706501955379554
5616 2.2573431927521463
5617 2.2176657600561533
5618 2.175906854168145
5619 2.1162087344825706
5620 2.0855896351698964
5621 2.065765308408238
5622 2.050447453908493
5623 2.0352278555796763
5624 2.0378247052485072
5625 2.055706507832086
5626 2.0873709374313205
5627 2.1035061629727316
5628 2.1049726524932977
5629 2.132097846648696
5630 2.2080864881961917
5631 2.263667654292923
5632 2.260625210643684
5633 2.2539139782533923
5634 2.2622828222243725
5635 2.256798124092226
5636 2.2444723770705886
5637 2.2424944008282957
5638 2.2298121991137902
5639 2.1934720384732107
5640 2.1649638338012296
5641 2.146896854849038
5642 2.1402540759000215
5643 2.1358013728717027
5644 2.154004712467351
5645 2.176229416933304
5646 2.2018653665573726
5647 2.242263318595083
5648 2.2796047079389568
5649 2.3055212889771677
5650 2.333683842134558
5651 2.3817705821814235
5652 2.4535105178812295
5653 2.517150031517257
5654 2.543689454686235
5655 2.5607703776150808
5656 2.6081111885792527
5657 2.621153605661975
5658 2.629612401474865
5659 2.6109419940763856
5660 2.5919165245083
5661 2.591043380956
5662 2.6026237356581157
5663 2.602264601126791
5664 2.5981329829133646
5665 2.5861486565941165
5666 2.576027317202988
5667 2.5603542878792216
5668 2.5475348514798326
5669 2.534381424225978
5670 2.5157525257445306
5671 2.511171010630915
5672 2.5183875836289658
5673 2.5310541049168056
5674 2.510978433889695
5675 2.501222421578604
5676 2.5151223282317443
5677 2.51516998246529
5678 2.497641080466755
5679 2.486300499640241
5680 2.4794824049383326
5681 2.4714431849542344
5682 2.467984479721224
5683 2.459845520320978
5684 2.4556015508385696
5685 2.4822886121044405
5686 2.5107216388690365
5687 2.5264740957128256
5688 2.5297532088764836
5689 2.5226628226054157
5690 2.5032682679235787
5691 2.4803782815516424
5692 2.4764229126248667
5693 2.475990438620832
5694 2.4747485686830903
5695 2.46011018260235
5696 2.4490371940329543
5697 2.441165175276579
5698 2.4222930914217566
5699 2.411473924810489
5700 2.4051462450837464
5701 2.378201732919317
5702 2.3784421068563075
5703 2.4278635521624343
5704 2.484343885618355
5705 2.4612764858506715
5706 2.420151973860873
5707 2.407000630968045
5708 2.4067925116274496
5709 2.4094939984132524
5710 2.411125979131684
5711 2.393975750961542
5712 2.374369615705926
5713 2.357074325044934
5714 2.35284558094172
5715 2.3459800786011358
5716 2.328770660560405
5717 2.2967353742262517
5718 2.2727192841796007
5719 2.263587561362621
5720 2.26400170685106
5721 2.255374672048085
5722 2.24679417223812
5723 2.2273707102337355
5724 2.204075496090087
5725 2.1896182397820945
5726 2.1801215961054794
5727 2.1858526598349046
5728 2.2054554246233136
5729 2.2319798669561997
5730 2.2686714139291606
5731 2.301716068210303
5732 2.296857731898109
5733 2.281577499054285
5734 2.268149958631319
5735 2.26400086145518
5736 2.262528207377944
5737 2.264658934076838
5738 2.2567339045991583
5739 2.24319849026211
5740 2.22836972497256
5741 2.220269818801353
5742 2.2198129735692143
5743 2.212018985857411
5744 2.2052243872056168
5745 2.213952985204609
5746 2.222451558439939
5747 2.2273922081206905
5748 2.2202367307480597
5749 2.200839689412829
5750 2.192801287663615
5751 2.2006291696602527
5752 2.2216162384815563
5753 2.2395497661790387
5754 2.2362743838424954
5755 2.191901060009905
5756 2.152345648116783
5757 2.1172505470663703
5758 2.093983910788848
5759 2.11237900392928
5760 2.20175954660251
5761 2.318967186609224
5762 2.4432550062133123
5763 2.522353919222277
5764 2.568992173846452
5765 2.6107900081785256
5766 2.6855845288983686
5767 2.7799119156904193
5768 2.839533856930143
5769 2.8312995815867246
5770 2.743410577146956
5771 2.634320465868559
5772 2.5399784593689843
5773 2.526649051827935
5774 2.551285025051964
5775 2.608437918899448
5776 2.637544370916406
5777 2.645738316527676
5778 2.631152855194015
5779 2.6094826078367794
5780 2.592129734523527
5781 2.5999915532609656
5782 2.5986825514629275
5783 2.5732466661058395
5784 2.5632697058587737
5785 2.5805289399303257
5786 2.5904453341316103
5787 2.634889321204591
5788 2.7029334252777604
5789 2.723726547731736
5790 2.7498532384343837
5791 2.808457802093429
5792 2.867225941083734
5793 2.9016882400672874
5794 2.883410715257597
5795 2.8151000036905893
5796 2.730432327086491
5797 2.657525759946246
5798 2.6172832394694763
5799 2.589138740860415
5800 2.5646076141403644
5801 2.539651751719806
5802 2.498420714668599
5803 2.472838778486566
5804 2.464307192711465
5805 2.432073963457762
5806 2.387237850343384
5807 2.3732993219580436
5808 2.356170902392736
5809 2.3046460012205485
5810 2.2485023608470867
5811 2.204388698692349
5812 2.2039346192633844
5813 2.1857622808402923
5814 2.1862093432242182
5815 2.1865583627975655
5816 2.2030029628257686
5817 2.212882036191795
5818 2.2080102428813033
5819 2.1999312172995187
5820 2.19171396930976
5821 2.2095062284262843
5822 2.2443799332302614
5823 2.2730212716510856
5824 2.270750250969324
5825 2.244384078197331
5826 2.207137625681188
5827 2.167745538637027
5828 2.1097695739659663
5829 2.070677321286863
5830 2.0693153942879974
5831 2.08721614690599
5832 2.080602033410665
5833 2.0397626025673494
5834 1.9948058909643032
5835 1.9998836285714727
5836 2.0219874385714065
5837 2.062880747934381
5838 2.122358604974785
5839 2.2058190642293383
5840 2.2777267986459044
5841 2.3400839144800853
5842 2.3861022995721477
5843 2.420308349973125
5844 2.462573887681837
5845 2.508639032279785
5846 2.5567885239104466
5847 2.5979388209111653
5848 2.6076105409460855
5849 2.5985953851724997
5850 2.5452372791322952
5851 2.4790473922209078
5852 2.4150205825892628
5853 2.381118391805937
5854 2.37739020812102
5855 2.3950855686312194
5856 2.415544399252724
5857 2.4115267718762987
5858 2.3974651921936676
5859 2.3738835084131247
5860 2.3275685391282255
5861 2.2988611680224484
5862 2.273446609211019
5863 2.263048244872986
5864 2.2700939025685756
5865 2.3052151451629386
5866 2.309204912406038
5867 2.270912131022317
5868 2.2428982523317167
5869 2.253436586981701
5870 2.255469329549211
5871 2.2277542731232627
5872 2.1941686660591095
5873 2.1669626631762196
5874 2.1584938014370714
5875 2.1783600444977815
5876 2.2093695465455956
5877 2.235545650372413
5878 2.2705715142991614
5879 2.2882760179206874
5880 2.3584708305802295
5881 2.515094294146949
5882 2.5223292947615517
5883 2.650470509087845
5884 2.6316442503795745
5885 2.5256688398523734
5886 2.3926079827568962
5887 2.2555063705779808
5888 2.1409215708791027
5889 2.11004131139763
5890 2.162485549594026
5891 2.1807873906619166
5892 2.119675248864327
5893 2.046942812942179
5894 2.0007433821917595
5895 1.9837627039136672
5896 1.960483614466825
5897 1.9435894062735635
5898 1.95597600218735
5899 1.9636800655809536
5900 1.9673497160469233
5901 2.0099336588657417
5902 2.0437170070246777
5903 2.076958198977712
5904 2.119489667058234
5905 2.1219171651252577
5906 2.120343638565272
5907 2.140079397487779
5908 2.122972650427759
5909 2.083593599307047
5910 2.0859286179517382
5911 2.1001746755021085
5912 2.112878319929064
5913 2.1230761452497666
5914 2.1602529003035134
5915 2.2220170155065393
5916 2.2717652296809
5917 2.2777737163330136
5918 2.236953781205853
5919 2.21413273482685
5920 2.232761755916749
5921 2.2602755481908536
5922 2.2937887720817174
5923 2.3023664051299404
5924 2.318318495265916
5925 2.336990786911757
5926 2.3823793171689798
5927 2.4291412839433084
5928 2.4593954127483015
5929 2.497316504299144
5930 2.5269410812528945
5931 2.5591899719227706
5932 2.6018966370243835
5933 2.657730438198969
5934 2.71879347461126
5935 2.7587592558935445
5936 2.791592223886742
5937 2.8027333937535044
5938 2.8158265990458933
5939 2.8234914399108377
5940 2.8150759616219223
5941 2.81089382810766
5942 2.788988972814126
5943 2.757079416373395
5944 2.748504503295628
5945 2.732380655364091
5946 2.7094312612494993
5947 2.6923301896835783
5948 2.7100687311880054
5949 2.7255015442444943
5950 2.7466518433935576
5951 2.761159387545423
5952 2.7992073285761636
5953 2.8651316147924657
5954 2.9275424237269547
5955 2.975015008390679
5956 3.006395699245503
5957 3.01290228608727
5958 3.0274828341181577
5959 3.0450946309313367
5960 3.057080657993459
5961 3.0345413136561996
5962 2.9905162292307197
5963 2.9384835227375903
5964 2.893951419239306
5965 2.8746640657110816
5966 2.8628749118154952
5967 2.8487436059438282
5968 2.840519206237169
5969 2.8710431772823086
5970 2.890869293708583
5971 2.868124170885346
5972 2.8234881232967584
5973 2.796439489720406
5974 2.7950045405924344
5975 2.810296370871115
5976 2.83907084378661
5977 2.862084860229637
5978 2.861904677141081
5979 2.8647549570297124
5980 2.868297376190378
5981 2.8689314203067178
5982 2.9029586760518105
5983 2.9559030340570125
5984 2.994114030201356
5985 3.07035983451789
5986 3.1660195761001293
5987 3.1596925636065496
5988 3.145595442099962
5989 3.1291490839855003
5990 3.0846156019818696
5991 3.037401300099691
5992 3.0303647503429474
5993 3.0430289520962233
5994 3.0244472235146027
5995 2.982475028201544
5996 2.9104955719666394
5997 2.833975792773311
5998 2.7786460865171865
5999 2.7392180124473904
