#frame I
5000 2.123027222877436
5001 2.136579778141612
5002 2.1616743600999824
5003 2.1919319474364576
5004 2.211866483774403
5005 2.2276139616844204
5006 2.2495643191907844
5007 2.262323124899325
5008 2.2713575692914256
5009 2.2759232146368498
5010 2.2786130166828293
5011 2.277032852571243
5012 2.260595150392802
5013 2.235391432157261
5014 2.215256468607342
5015 2.197837793737739
5016 2.1795284824459147
5017 2.1636486855554233
5018 2.166900737395599
5019 2.179779576619934
5020 2.1833148438120213
5021 2.1938829385363836
5022 2.2011198909301504
5023 2.194984406665056
5024 2.2000320650938416
5025 2.208808641478888
5026 2.209763727440292
5027 2.1885027430223345
5028 2.154634702658294
5029 2.1244171767903417
5030 2.1074145453472797
5031 2.102815287829592
5032 2.1120292880554294
5033 2.1279036480841054
5034 2.1483571208976175
5035 2.17659208220605
5036 2.1898319385142098
5037 2.174895749732136
5038 2.159392120355957
5039 2.1510561758651594
5040 2.1389260117146773
5041 2.1308651155625213
5042 2.130426558365944
5043 2.1354782190711443
5044 2.1300672608420523
5045 2.1169888345136845
5046 2.106308124315748
5047 2.0934416719134803
5048 2.0888364782672544
5049 2.0817916738057436
5050 2.072441622466653
5051 2.0720846805602338
5052 2.096875506377401
5053 2.1485513082492202
5054 2.1786297132540176
5055 2.179712711548061
5056 2.1837960503654443
5057 2.179198763088965
5058 2.1590782786446963
5059 2.138237082062759
5060 2.1297674909745585
5061 2.111165469741997
5062 2.1098333286968898
5063 2.114587947448606
5064 2.128416663737553
5065 2.1503733395862032
5066 2.181092528439973
5067 2.2010779437084382
5068 2.2106363446382087
5069 2.2159893424305808
5070 2.2275983485827
5071 2.23855632719912
5072 2.2451534495529546
5073 2.2613035266987738
5074 2.2680064653283822
5075 2.2725912448833765
5076 2.2789967267593663
5077 2.2793526838476486
5078 2.2659021451764323
5079 2.2599049886738647
5080 2.267743002205953
5081 2.270382467770918
5082 2.271109611593435
5083 2.285960011858814
5084 2.3013058215127815
5085 2.308543236414613
5086 2.3168802810578804
5087 2.3202650221433956
5088 2.3107647459594043
5089 2.2957963853606724
5090 2.302283141159326
5091 2.31892186131316
5092 2.3341594819262608
5093 2.3476149216002598
5094 2.3513651055989637
5095 2.349006680147947
5096 2.3373617337784367
5097 2.3409756075503396
5098 2.352854279675325
5099 2.3720809155773144
5100 2.385859783913061
5101 2.3934947092523977
5102 2.391089654874496
5103 2.380854547915947
5104 2.377331628678169
5105 2.3642718009360815
5106 2.338326646970033
5107 2.31553142274149
5108 2.3060635566816607
5109 2.3063052578869523
5110 2.3102602261315193
5111 2.3064230627091824
5112 2.307188432636964
5113 2.316632723297896
5114 2.3288969954536287
5115 2.33099749010627
5116 2.329429130904657
5117 2.3271661502343206
5118 2.335599862674046
5119 2.355936701962602
5120 2.3747181187408355
5121 2.3830595269100963
5122 2.386468915701465
5123 2.388805524322526
5124 2.390454808756357
5125 2.389862804995485
5126 2.389827717425171
5127 2.392324204535181
5128 2.394661432392377
5129 2.3931375213637445
5130 2.3832024750165215
5131 2.3657345537544123
5132 2.361418447939748
5133 2.3619539841188346
5134 2.3675295394182387
5135 2.3790199615836323
5136 2.393027911142784
5137 2.402085572233156
5138 2.400516967308178
5139 2.3983935812875092
5140 2.395649990405162
5141 2.3908031551110547
5142 2.382304662803947
5143 2.373327459111208
5144 2.359389777693648
5145 2.3499430341210923
5146 2.3598875496808014
5147 2.38971402449419
5148 2.4140077024353195
5149 2.441069981034866
5150 2.4791545989859176
5151 2.5193355991353075
5152 2.5522696684794526
5153 2.5852811333241905
5154 2.6191648283980125
5155 2.626032496243188
5156 2.6179937305149745
5157 2.6185555642948253
5158 2.6273407599333054
5159 2.637814425804075
5160 2.6444019212263066
5161 2.657144379636664
5162 2.6759391989994894
5163 2.693684889929611
5164 2.7118993890619354
5165 2.7220865560499985
5166 2.72127744320532
5167 2.7180083742639103
5168 2.716102653422556
5169 2.7122296691917125
5170 2.715317918453899
5171 2.719121093253777
5172 2.7192719727771038
5173 2.7046611036537436
5174 2.6943083839248145
5175 2.7027939855608567
5176 2.7131090872412384
5177 2.715058956937529
5178 2.709953187816592
5179 2.6937362473346806
5180 2.677488007091442
5181 2.6686851293183587
5182 2.669069447465438
5183 2.678722392517194
5184 2.6991291393639636
5185 2.7251163761589274
5186 2.7502448275281886
5187 2.772864115070674
5188 2.7814042195222997
5189 2.7816060617541
5190 2.785193103314584
5191 2.7819070792996867
5192 2.768327698642659
5193 2.750595981080801
5194 2.731616051457567
5195 2.718216460187833
5196 2.702309929931687
5197 2.683160805424276
5198 2.669751572916507
5199 2.6552456173241303
5200 2.6394294999033527
5201 2.647941022301559
5202 2.6694963254118846
5203 2.674365588280474
5204 2.6726594242051465
5205 2.677353234646843
5206 2.670906869683622
5207 2.6777616195506537
5208 2.694435376369869
5209 2.7142866850483074
5210 2.732835607776133
5211 2.7518024890317214
5212 2.757198549023502
5213 2.7600961162663387
5214 2.7678014493267167
5215 2.7770660697715357
5216 2.7821780552761877
5217 2.7881185542955427
5218 2.793839045851986
5219 2.7984116343195122
5220 2.7986225998884913
5221 2.800142134315433
5222 2.810690545039975
5223 2.8205206652682095
5224 2.8231404172828367
5225 2.8074393966547033
5226 2.785822193032827
5227 2.776271466365298
5228 2.781044754086048
5229 2.785002204297287
5230 2.792118383847754
5231 2.7906076448911046
5232 2.7777454514828896
5233 2.7630368660498745
5234 2.757352180864549
5235 2.759929562591466
5236 2.7587995938401417
5237 2.7449635164856994
5238 2.7388074770746935
5239 2.726189765960575
5240 2.693121997538342
5241 2.664528109078361
5242 2.64699155187636
5243 2.6418052141367774
5244 2.648009589465551
5245 2.6556991475589733
5246 2.6432133373501276
5247 2.621216000094607
5248 2.5999151516274406
5249 2.5823215988097137
5250 2.5668415811120218
5251 2.5567422029428335
5252 2.5501714205136854
5253 2.546616951388224
5254 2.5532840100036167
5255 2.559249642028961
5256 2.562867543878135
5257 2.566032218437786
5258 2.5727403964748237
5259 2.569906157505616
5260 2.5531808700671927
5261 2.5383079738595202
5262 2.5297935060573367
5263 2.529806095236725
5264 2.534422235499896
5265 2.5357415718464242
5266 2.5404167684228347
5267 2.5409498817180904
5268 2.5353265079504252
5269 2.5250167501426013
5270 2.525002218881455
5271 2.5357264546158134
5272 2.54544313547131
5273 2.5466194138788785
5274 2.527593108701359
5275 2.531164630041804
5276 2.5467735576796287
5277 2.5521638611548356
5278 2.5533132083449095
5279 2.548622562499849
5280 2.5567748669635026
5281 2.560957538094335
5282 2.5711653870131466
5283 2.5734898877109162
5284 2.5797412726507076
5285 2.6067536921447325
5286 2.6279571603942085
5287 2.633354461271915
5288 2.6329980836748805
5289 2.626776238373313
5290 2.6162849819486227
5291 2.6147747846016047
5292 2.6090258220287548
5293 2.6076440548623183
5294 2.6169335955781188
5295 2.6154004724401543
5296 2.605021767703952
5297 2.6078226439354903
5298 2.611163657211378
5299 2.6164342191850145
5300 2.62536402433138
5301 2.633067685948837
5302 2.6355944098839417
5303 2.64018023944183
5304 2.6508018452557462
5305 2.6515166564819705
5306 2.6548444398798705
5307 2.6612326855477577
5308 2.672429538210391
5309 2.679645274437217
5310 2.6901977057891524
5311 2.702908065697176
5312 2.714152706924594
5313 2.7158993481277087
5314 2.699815496833559
5315 2.67599095215907
5316 2.6611582987223694
5317 2.6482187505130006
5318 2.654993323444152
5319 2.675250118853785
5320 2.6917685490426586
5321 2.6959255624685645
5322 2.690520659557683
5323 2.6748429575549344
5324 2.664485151713052
5325 2.6629285477547215
5326 2.6634395213613713
5327 2.6693500034445132
5328 2.6818671363877917
5329 2.702422057361378
5330 2.7340026120195984
5331 2.775011351969042
5332 2.8114864930423624
5333 2.831039555884497
5334 2.8375776080918977
5335 2.8479167461908315
5336 2.8684069017287652
5337 2.8797086623873893
5338 2.8828168648444987
5339 2.891495720806878
5340 2.9052208277575775
5341 2.913865047537319
5342 2.9032053458980833
5343 2.8760594144396676
5344 2.8513960480882803
5345 2.831798009767852
5346 2.813395714470286
5347 2.7737269059743705
5348 2.757526814948869
5349 2.7581659440598165
5350 2.7528396234695984
5351 2.7475454706271876
5352 2.742972828701244
5353 2.739758350255372
5354 2.748031066577832
5355 2.771643412559995
5356 2.7838099900822297
5357 2.779970862728724
5358 2.780470012836603
5359 2.7702661508254858
5360 2.7576188538528577
5361 2.748095512968722
5362 2.7326117854753513
5363 2.707313885657698
5364 2.6864312173712155
5365 2.6708882007888985
5366 2.652329942714722
5367 2.632963494640864
5368 2.624582092639869
5369 2.632025976567466
5370 2.634150378106399
5371 2.6304633742671166
5372 2.626214589719886
5373 2.6330910434295096
5374 2.6517787184268693
5375 2.6621088449659887
5376 2.6511330752036235
5377 2.6368109965572035
5378 2.633601202444341
5379 2.6385409228675583
5380 2.623438995215964
5381 2.599358973304852
5382 2.5860476038734372
5383 2.594179142171836
5384 2.6076703035864726
5385 2.6065427721896777
5386 2.6061591552681764
5387 2.601128528526338
5388 2.5946745101095123
5389 2.605072507004214
5390 2.6108415580557316
5391 2.6105123786595357
5392 2.621322863990247
5393 2.6410718520997896
5394 2.6785624753913715
5395 2.710992563617798
5396 2.7191756063415324
5397 2.7287795483275192
5398 2.7289871460723543
5399 2.7382315208045203
5400 2.7278669474865596
5401 2.72260944463219
5402 2.714718108360159
5403 2.6838529015747175
5404 2.6593017116788364
5405 2.6445921218558404
5406 2.64273910488524
5407 2.64350708056822
5408 2.632110169296712
5409 2.6219813745327
5410 2.6153533467234378
5411 2.6247195792421185
5412 2.6320880078744664
5413 2.622910096152265
5414 2.625448536632609
5415 2.636664783502018
5416 2.637155100680703
5417 2.646677114213672
5418 2.6685871014484026
5419 2.6737366284245203
5420 2.653394281690447
5421 2.6459675134819296
5422 2.652008804529975
5423 2.6657773780328076
5424 2.6603472815496585
5425 2.6499448457138564
5426 2.6467162670692175
5427 2.6369400219263386
5428 2.6332197069415697
5429 2.646144444370837
5430 2.650652742717935
5431 2.6501595019369657
5432 2.6519409037616595
5433 2.6517999416096374
5434 2.6551168815432264
5435 2.6577930383276853
5436 2.6624883610664085
5437 2.6419972860577476
5438 2.6128289574065766
5439 2.5907189296192015
5440 2.5876130934573123
5441 2.5833293559335764
5442 2.5895572636257147
5443 2.6071110023870068
5444 2.6197509156975207
5445 2.6159658653971882
5446 2.5987114725975453
5447 2.5776597643487045
5448 2.553554535562707
5449 2.514225174871967
5450 2.478963417975387
5451 2.447447662113327
5452 2.416504409299335
5453 2.3903677303409263
5454 2.3774280003470367
5455 2.3858667260925417
5456 2.406899574186081
5457 2.4151575250515687
5458 2.422103351132133
5459 2.4225994982342383
5460 2.415158174260652
5461 2.407242535926105
5462 2.400747975018335
5463 2.3958561866095116
5464 2.4081267385540843
5465 2.4317062915867576
5466 2.4481217365689916
5467 2.457134887624297
5468 2.460758727438364
5469 2.472983358984197
5470 2.492282107530291
5471 2.5202682429532945
5472 2.5311896500021303
5473 2.5448246877530045
5474 2.550086433687941
5475 2.549878824368652
5476 2.536464092493214
5477 2.522337976370363
5478 2.5001897137982776
5479 2.4676723424218308
5480 2.443095103442796
5481 2.437157644334764
5482 2.4333133423322195
5483 2.4261639878597707
5484 2.420112821882483
5485 2.418105497966411
5486 2.418200378337668
5487 2.422214558425016
5488 2.4336736131594163
5489 2.4565716306166037
5490 2.481390335896394
5491 2.4790884218086453
5492 2.4742764184094144
5493 2.4624860177238688
5494 2.4634224316510904
5495 2.4599830513420535
5496 2.4678427356810104
5497 2.4598047660007083
5498 2.4382713544991756
5499 2.4380332751864984
5500 2.4481903968054874
5501 2.450211207573864
5502 2.4423003725816748
5503 2.4403716790928303
5504 2.4452412642131494
5505 2.463240643163526
5506 2.47413946298609
5507 2.477824336864036
5508 2.488223444985698
5509 2.479463971441717
5510 2.4812353820411017
5511 2.4867618418192126
5512 2.495836521809081
5513 2.5185677108386963
5514 2.5218425249661887
5515 2.5345983368419573
5516 2.5413283788169956
5517 2.5350211040976838
5518 2.529275405841479
5519 2.5058812004881506
5520 2.4810472975070783
5521 2.468516796695633
5522 2.4658353099007733
5523 2.463714854547326
5524 2.465613643770129
5525 2.452125909656927
5526 2.425149684414179
5527 2.3793555042990726
5528 2.3446750142420303
5529 2.3347776837691323
5530 2.329767850419884
5531 2.3121294169671054
5532 2.306695162239593
5533 2.315887245256719
5534 2.3126303276671223
5535 2.3091727049412403
5536 2.297579512717487
5537 2.284007252623622
5538 2.282487012170865
5539 2.2829625064001284
5540 2.2837305778335306
5541 2.2957381573228823
5542 2.3143253558279833
5543 2.3125926628624582
5544 2.3060140649972634
5545 2.289140853302603
5546 2.2838190600046238
5547 2.298374250267126
5548 2.312670915095218
5549 2.3307199786892188
5550 2.34464790743597
5551 2.3595276491179558
5552 2.376454977953694
5553 2.3669024768158335
5554 2.329241129710104
5555 2.3013954436326034
5556 2.290621663713173
5557 2.291897864135379
5558 2.3053146402789664
5559 2.332117545278218
5560 2.3637823917960756
5561 2.385520555216634
5562 2.4105755761407877
5563 2.4356840651641565
5564 2.4629530893309446
5565 2.4819673182091746
5566 2.473772886308077
5567 2.439816337360887
5568 2.3854123614229463
5569 2.3345022987666444
5570 2.3034832308266635
5571 2.266193937985281
5572 2.2421526915999905
5573 2.2147700984787604
5574 2.168021363309848
5575 2.106736074951328
5576 2.08635690314811
5577 2.115491152494517
5578 2.1625453385075364
5579 2.2104106399218324
5580 2.2382677833007527
5581 2.237491499875998
5582 2.227969388906058
5583 2.211910249736589
5584 2.174051163724663
5585 2.153372477928444
5586 2.150082262013479
5587 2.1518281779312503
5588 2.1542576587744695
5589 2.1690140608335273
5590 2.178883549251502
5591 2.182729927326808
5592 2.16936911012019
5593 2.1498416476895144
5594 2.125587627456477
5595 2.0874579176630803
5596 2.057045831553119
5597 2.039711246504684
5598 2.01277915583146
5599 1.9881261549941887
5600 1.9614450536333499
5601 1.9316747262332483
5602 1.911160222163702
5603 1.9003758428756774
5604 1.893327131886198
5605 1.891962501576454
5606 1.9041054277714649
5607 1.9210167794546387
5608 1.946781057124566
5609 1.9674761634879874
5610 1.9887988540204151
5611 2.014669810287463
5612 2.0324621924316193
5613 2.0362240655821093
5614 2.03475715647231
5615 2.052231067207785
5616 2.060536217242282
5617 2.057611411372668
5618 2.0526917637714117
5619 2.0471549674494227
5620 2.0378616038007213
5621 2.0311520396892617
5622 2.0331947727055217
5623 2.038280475910494
5624 2.045102694338452
5625 2.046470774189711
5626 2.035803297368582
5627 2.028007148801496
5628 2.0196995438051344
5629 2.0099331989410962
5630 2.004022952082414
5631 2.0024048644273225
5632 2.004545077752612
5633 2.0076120744448156
5634 2.007788059153858
5635 1.999059790166837
5636 1.9824245181918065
5637 1.9667734421852923
5638 1.948896768269668
5639 1.943500524105682
5640 1.9500662367122215
5641 1.9500945360747888
5642 1.9657862825930816
5643 1.9842644401038356
5644 2.0056222576404203
5645 2.0413794880998335
5646 2.0675690042286066
5647 2.0689038270246995
5648 2.0642609167517967
5649 2.0624414481988573
5650 2.071542490441786
5651 2.080637566984388
5652 2.1067941208313794
5653 2.134721785410731
5654 2.160925829795822
5655 2.1875317413207878
5656 2.2050018553837027
5657 2.218831717083026
5658 2.2392781814801355
5659 2.2650049096281344
5660 2.3016880246844913
5661 2.337092510346308
5662 2.3659744945626247
5663 2.395919847329558
5664 2.4442682377188083
5665 2.4873893394122626
5666 2.5157560270115455
5667 2.526159011361397
5668 2.529791046529369
5669 2.514970656125698
5670 2.4804810297885034
5671 2.4358545570571564
5672 2.3984190114650445
5673 2.401706670262606
5674 2.4306397818772876
5675 2.4267930994473805
5676 2.3968436481362065
5677 2.378090618409142
5678 2.3367362053793643
5679 2.2898703535956284
5680 2.240987592943163
5681 2.2005981230507867
5682 2.170615113868852
5683 2.1357149367753134
5684 2.1060904732889143
5685 2.0990037744213756
5686 2.101418019737012
5687 2.089865084438777
5688 2.092795116043725
5689 2.0875430584138503
5690 2.084226713142349
5691 2.086867395802115
5692 2.0951433782277116
5693 2.1182459265798044
5694 2.160412843676934
5695 2.1827806538886088
5696 2.2088644570762384
5697 2.2304617320657227
5698 2.2412075792228805
5699 2.254664222371436
5700 2.2680447651119384
5701 2.2835898042803873
5702 2.2832975812626923
5703 2.2860399151709165
5704 2.291579722145665
5705 2.294632927187148
5706 2.279850845339586
5707 2.2664516618803128
5708 2.2537528682514107
5709 2.2695354593061148
5710 2.316203580177092
5711 2.35302514289773
5712 2.365815974284481
5713 2.3768359820289326
5714 2.3912632665939464
5715 2.376485387219548
5716 2.3590986682120962
5717 2.3590005236427767
5718 2.364872181047336
5719 2.354212917473531
5720 2.3082567874223687
5721 2.284208396969063
5722 2.2798291676649822
5723 2.246963421962554
5724 2.2079883846197856
5725 2.177933614122189
5726 2.16065163156629
5727 2.164982184570733
5728 2.156934143589528
5729 2.1399982294532505
5730 2.1380168579689434
5731 2.1407782284264116
5732 2.1447955618999055
5733 2.1407792639643186
5734 2.1417618512058367
5735 2.1570382095837206
5736 2.1749271454679238
5737 2.194359269046006
5738 2.213213942430606
5739 2.2458789914848603
5740 2.2968008125303103
5741 2.3456619236681875
5742 2.3664300271802166
5743 2.3695102956927805
5744 2.3678336865788396
5745 2.38046923723126
5746 2.4059512465790447
5747 2.41985579879672
5748 2.4188205866870103
5749 2.4183585671871426
5750 2.4048812496189953
5751 2.3717922854485627
5752 2.3262225035325446
5753 2.2772114206856515
5754 2.2413204524611756
5755 2.198294036584498
5756 2.162417522279847
5757 2.143908498274214
5758 2.1269469120518156
5759 2.090678883635934
5760 2.0621034154146822
5761 2.0401121109638978
5762 2.0284624546483108
5763 2.0346007201228313
5764 2.0481967211761978
5765 2.069805096287879
5766 2.0970606302194104
5767 2.1087255657373105
5768 2.1089779012179624
5769 2.1075749805419584
5770 2.1060095604461604
5771 2.101670595742767
5772 2.102820841809203
5773 2.1108173899452813
5774 2.124199874744814
5775 2.1372766106640233
5776 2.147712563223847
5777 2.1692971533143357
5778 2.1897382453297323
5779 2.191249934861572
5780 2.198704090335191
5781 2.2077754752190013
5782 2.2100256376788963
5783 2.2153827609747427
5784 2.243687919594158
5785 2.2704364172415445
5786 2.2764693684905555
5787 2.2747258010410247
5788 2.268821038425741
5789 2.2516546440951886
5790 2.236887248431956
5791 2.2178128180220305
5792 2.2244816729102257
5793 2.23592543725474
5794 2.2681104238326837
5795 2.296653846321865
5796 2.2715487378128065
5797 2.241059582045844
5798 2.2307274827191623
5799 2.2410654026672416
5800 2.261695802728323
5801 2.2807016934685693
5802 2.301986527897434
5803 2.329711830085195
5804 2.359252568372137
5805 2.378033944917963
5806 2.3881889601269983
5807 2.384590567218222
5808 2.3642604248769263
5809 2.3437657925975164
5810 2.3402194570304937
5811 2.342765693789588
5812 2.3420730505389438
5813 2.333259212547289
5814 2.3228456178348442
5815 2.3196812533798656
5816 2.2999614996536466
5817 2.279015144215977
5818 2.261118090329612
5819 2.241959406928168
5820 2.216981387576596
5821 2.204689361285142
5822 2.1971679083793605
5823 2.197362792182068
5824 2.200891318041068
5825 2.1864202871568255
5826 2.1610550686834733
5827 2.1486714764384396
5828 2.142196956254959
5829 2.1334240756496903
5830 2.152883635020335
5831 2.1883395310211458
5832 2.212644277233995
5833 2.2378981444718553
5834 2.2658617282682916
5835 2.2830705922558727
5836 2.3048470309196634
5837 2.3351999195132214
5838 2.367771971209145
5839 2.3887707506793774
5840 2.414007169561958
5841 2.4434742492351162
5842 2.4608343211867134
5843 2.474453538176417
5844 2.484624233093065
5845 2.4988650180551346
5846 2.5113714060383168
5847 2.518887439785063
5848 2.518781901897476
5849 2.5114184403952935
5850 2.5025544181727684
5851 2.5010288757224397
5852 2.4954787913188374
5853 2.4903821560753543
5854 2.5005188284998603
5855 2.5120614710788587
5856 2.522258553572152
5857 2.51064654667836
5858 2.4915630519634253
5859 2.472128785704094
5860 2.4385812839221654
5861 2.394755629784424
5862 2.358704680219474
5863 2.335560311958102
5864 2.3135426729136173
5865 2.29572385013822
5866 2.2967414630278697
5867 2.3067900654633724
5868 2.325786847918234
5869 2.336625102938647
5870 2.3468240200216277
5871 2.3544961001693876
5872 2.3734707555538996
5873 2.3845033065240466
5874 2.3930842031211057
5875 2.409050196778692
5876 2.424918856065459
5877 2.4246835487381824
5878 2.4282033563847056
5879 2.4453265187626045
5880 2.474181907742714
5881 2.493334055950227
5882 2.4961710272551523
5883 2.473195767857665
5884 2.4284811985083246
5885 2.4048955286002114
5886 2.3963926199435064
5887 2.3840500740444326
5888 2.37348776665654
5889 2.361069357032945
5890 2.369903627732262
5891 2.378832458327292
5892 2.384377257505968
5893 2.3738094732523636
5894 2.3562425707943415
5895 2.3397263172215252
5896 2.3233680754132604
5897 2.2952568379902223
5898 2.25912601984169
5899 2.2320145892107925
5900 2.204638602040553
5901 2.185387150061164
5902 2.172547239672282
5903 2.1754539689640207
5904 2.175901854319415
5905 2.1656065085552787
5906 2.155575081002407
5907 2.164373529468551
5908 2.1786461947758227
5909 2.186486511493823
5910 2.1914092045315545
5911 2.1915784330846138
5912 2.1959179755380998
5913 2.1969237734763385
5914 2.198426387815685
5915 2.204452439725596
5916 2.2155539618128413
5917 2.2240386246663424
5918 2.2233651798597696
5919 2.217437956969503
5920 2.226047115763549
5921 2.2318580070791585
5922 2.212597563335913
5923 2.200277963592738
5924 2.195843380582375
5925 2.183483627768782
5926 2.162219135030515
5927 2.1538522613141167
5928 2.147834567153766
5929 2.135166067201383
5930 2.1202051305389196
5931 2.1043997121537994
5932 2.0954173093997475
5933 2.105170304297313
5934 2.1165475008642085
5935 2.116054173105209
5936 2.1072663128267735
5937 2.103357229190529
5938 2.1019918559613084
5939 2.0996890711451996
5940 2.092589605438781
5941 2.085252709515318
5942 2.069628895905045
5943 2.0549889284889833
5944 2.054587041974276
5945 2.0692053905034182
5946 2.0905047863496535
5947 2.11364607380332
5948 2.1466968537678603
5949 2.1782561598162307
5950 2.1910740059442473
5951 2.196550845667984
5952 2.204788486246506
5953 2.2229173194312084
5954 2.2348981106879995
5955 2.2579374225311213
5956 2.279178519749087
5957 2.2876453213955923
5958 2.2902884239102304
5959 2.2928536267983897
5960 2.2900800840377626
5961 2.283572851242813
5962 2.2786737800503487
5963 2.2803266011709318
5964 2.288693396930685
5965 2.2930101829351037
5966 2.3062447998305378
5967 2.3146842326789807
5968 2.31554864637851
5969 2.3200725984673096
5970 2.325038536425229
5971 2.32456872786771
5972 2.3437873818291304
5973 2.3636338563409494
5974 2.3769362104286604
5975 2.3735393762569243
5976 2.370623891924966
5977 2.364091669927403
5978 2.3481950510264515
5979 2.3380130862086768
5980 2.3279619086701584
5981 2.3034217834402715
5982 2.283538339621718
5983 2.274934365353419
5984 2.2734969353183807
5985 2.279911182788625
5986 2.2860240977571036
5987 2.29246006211975
5988 2.3178098992290144
5989 2.3385859040031787
5990 2.347200973657588
5991 2.3554342900095255
5992 2.351631566089303
5993 2.3353706683273407
5994 2.3176783117056923
5995 2.2911527075378775
5996 2.2508452867733726
5997 2.2076600889746554
5998 2.1747909132813765
5999 2.1462515239292284
