#frame I
5000 2.4875005269832053
5001 2.427923775790202
5002 2.3683770272959617
5003 2.348505509965937
5004 2.3174504445990625
5005 2.3007490206615353
5006 2.294599732802781
5007 2.296955879096298
5008 2.2951632276731107
5009 2.303651877130586
5010 2.3203873784579003
5011 2.3493574232477163
5012 2.3799780038932816
5013 2.416870704439239
5014 2.455843687311816
5015 2.498680503501268
5016 2.5417292010091983
5017 2.593788982237117
5018 2.649594079156235
5019 2.698858450595278
5020 2.7368729808526
5021 2.7702540316845283
5022 2.7902315178430115
5023 2.800457396135211
5024 2.815770622917153
5025 2.8238103605065064
5026 2.821488099557727
5027 2.8327587436869557
5028 2.847010862532695
5029 2.8576636002113327
5030 2.861632279926803
5031 2.8369385476796194
5032 2.8136516870645405
5033 2.7994209561246337
5034 2.8021187546217488
5035 2.8057894619779846
5036 2.8063775889146556
5037 2.820595827575486
5038 2.8392045357177276
5039 2.8704931887399714
5040 2.894300349205392
5041 2.9081584194492063
5042 2.927063079929513
5043 2.9493202554096984
5044 2.9642451770045364
5045 2.9799228427494833
5046 2.9694927575746934
5047 2.9416487806340723
5048 2.9160043147129717
5049 2.890074094111854
5050 2.868232356538533
5051 2.8399028003043085
5052 2.805726235300622
5053 2.7758772613773086
5054 2.7395363671521995
5055 2.722403248619732
5056 2.7174019659609066
5057 2.7126236432510646
5058 2.7018068430961777
5059 2.6943251931378227
5060 2.6900598373024227
5061 2.690772206994213
5062 2.689262979308327
5063 2.6924518651936524
5064 2.688789277672187
5065 2.6834757799949505
5066 2.675282255681354
5067 2.667869293338105
5068 2.6458375387474034
5069 2.6344106640910314
5070 2.647231769443044
5071 2.6575656521797693
5072 2.677339817291114
5073 2.6934824428586714
5074 2.700392576252065
5075 2.6930620756055568
5076 2.668203766699918
5077 2.6343293312388325
5078 2.607592247659526
5079 2.5852569460486
5080 2.5655923076121505
5081 2.5436768312353566
5082 2.5333311394193716
5083 2.5248682560670166
5084 2.520295081922837
5085 2.5106266418940772
5086 2.500643205197987
5087 2.4956128858286015
5088 2.4660639179330186
5089 2.416563170918204
5090 2.3897790651959707
5091 2.3930712408806554
5092 2.3923848768091744
5093 2.383712283172586
5094 2.381216906467007
5095 2.379799757992259
5096 2.372421191314645
5097 2.3468668435030176
5098 2.3040587537222166
5099 2.2787649669897774
5100 2.2622737281634246
5101 2.2631019531698406
5102 2.2797219950862653
5103 2.2917191779018964
5104 2.3062489059260414
5105 2.323119153429696
5106 2.3480500575461494
5107 2.3884999725574874
5108 2.414462604730249
5109 2.4193838927051816
5110 2.402451004908274
5111 2.389307621500794
5112 2.3800663443470826
5113 2.342946768109884
5114 2.304258306731108
5115 2.2835742198384104
5116 2.2898820694058744
5117 2.3078793124574655
5118 2.3293361191088815
5119 2.329345423998863
5120 2.3195139366584328
5121 2.3239477094806835
5122 2.365918780806323
5123 2.390286074634863
5124 2.417375728993045
5125 2.429691824027295
5126 2.4514552446701368
5127 2.4885942677272443
5128 2.515669653303155
5129 2.539914860274132
5130 2.563617136611872
5131 2.57203799520091
5132 2.5997539168780412
5133 2.6262685230141996
5134 2.6451526705936703
5135 2.6873409414984586
5136 2.725295104530381
5137 2.757190600567326
5138 2.76689222981358
5139 2.761757358400298
5140 2.7493601023322074
5141 2.72710148908493
5142 2.7068269881776854
5143 2.679408363649391
5144 2.6606768152779336
5145 2.660135243527366
5146 2.6724374654339247
5147 2.6687622527927686
5148 2.6301121614554814
5149 2.5785616313249426
5150 2.5338294304551603
5151 2.5360630734007157
5152 2.509636732346863
5153 2.5112245876891084
5154 2.5235259151312603
5155 2.5318472884183034
5156 2.5369450016121515
5157 2.548029629774601
5158 2.5504945067797284
5159 2.5352372176743176
5160 2.5021168846471875
5161 2.475722353510813
5162 2.4451630463201672
5163 2.409446636190448
5164 2.3902647056109
5165 2.361740925816768
5166 2.3430881067814022
5167 2.328295278212566
5168 2.3161304581438014
5169 2.308901108344525
5170 2.302198526702415
5171 2.3087165988259266
5172 2.3297229781340367
5173 2.3562883015939575
5174 2.390142616271456
5175 2.402879671750718
5176 2.392756774170708
5177 2.380205209930832
5178 2.3612504345045098
5179 2.33595547211428
5180 2.326497365581366
5181 2.3098838258910366
5182 2.2933616740156153
5183 2.285698416823755
5184 2.2938617575220754
5185 2.29845965490821
5186 2.28432185305832
5187 2.255059254111492
5188 2.2385779520759703
5189 2.231029080664912
5190 2.2211974188084356
5191 2.2059149559662683
5192 2.2160375566901718
5193 2.2238912135469486
5194 2.2435900166274285
5195 2.2699761156394787
5196 2.321484528433339
5197 2.373557777852162
5198 2.411395580025678
5199 2.43888030385776
5200 2.451990831633791
5201 2.4755257924293503
5202 2.4931060408554955
5203 2.4485392861679958
5204 2.420093962000506
5205 2.426357429576138
5206 2.4393194861046137
5207 2.401477751715342
5208 2.3814450332161377
5209 2.3893870407547317
5210 2.3713461354987997
5211 2.336306618691577
5212 2.288040800927393
5213 2.261782340912574
5214 2.2511161478589794
5215 2.234779845927975
5216 2.224791936261785
5217 2.2181298358266
5218 2.232544550919462
5219 2.232383811599702
5220 2.230700497976269
5221 2.229800418230826
5222 2.229862582684467
5223 2.237666543668309
5224 2.2447387150118656
5225 2.2405266787612113
5226 2.2415645706367915
5227 2.219489098110277
5228 2.1786319476585345
5229 2.1620967048485373
5230 2.153322964207191
5231 2.1456592543526423
5232 2.146189482886794
5233 2.1428049130670126
5234 2.137990369978005
5235 2.1414041396939325
5236 2.139385065246557
5237 2.142018932503012
5238 2.1548642163760485
5239 2.1694969980484156
5240 2.1816469250883688
5241 2.1940434773108164
5242 2.211809734659161
5243 2.2380738284289317
5244 2.2580927661054826
5245 2.2806100304309456
5246 2.3042401920554623
5247 2.3251283978511257
5248 2.3720090307398847
5249 2.4390528632715003
5250 2.5184266906341852
5251 2.6059362466750287
5252 2.6838760086650204
5253 2.7291905918326917
5254 2.755591543714098
5255 2.752350145106988
5256 2.7118048176844045
5257 2.648248608252892
5258 2.597060540260623
5259 2.5526482324911077
5260 2.5139731541025343
5261 2.478706195155348
5262 2.458133641449004
5263 2.4472208755165554
5264 2.4335355367090687
5265 2.4207738523181717
5266 2.42195505672115
5267 2.431789377081442
5268 2.4423799593896316
5269 2.452854200043434
5270 2.463274247884743
5271 2.478936719651547
5272 2.481675972076169
5273 2.4611253355928278
5274 2.4388388812257955
5275 2.425326685342951
5276 2.423651524890838
5277 2.4207445942112247
5278 2.40907499616571
5279 2.38614041595273
5280 2.3637617551795556
5281 2.34635776453705
5282 2.33330884232366
5283 2.3196585076729512
5284 2.305001347743433
5285 2.2959649067148495
5286 2.2916548373227714
5287 2.2715497293932443
5288 2.2474871989988743
5289 2.23282311089504
5290 2.22359461050829
5291 2.20394030134719
5292 2.192484192773013
5293 2.1813090580365286
5294 2.1690700256137507
5295 2.1667181361095094
5296 2.1614654106036792
5297 2.157108905934406
5298 2.1579490598925446
5299 2.1561958098454825
5300 2.148746512407744
5301 2.1301290300434377
5302 2.1195200129171234
5303 2.1124987572940452
5304 2.1028951273344556
5305 2.0916461563753916
5306 2.0820947363099225
5307 2.066842419065644
5308 2.054643353725772
5309 2.0370531706067148
5310 2.014186907061566
5311 2.0018371974788995
5312 2.00024747040895
5313 2.0030976679026242
5314 2.008903601887288
5315 2.0086951422529253
5316 2.0273200869489547
5317 2.0520922727830797
5318 2.080317391516456
5319 2.1246973163069605
5320 2.1677927338008733
5321 2.1862358918958784
5322 2.191542036145593
5323 2.1892724640122827
5324 2.2035536565062954
5325 2.219409780414243
5326 2.223281727999299
5327 2.236239897600235
5328 2.2482439275192148
5329 2.2604072481552286
5330 2.2661296447120147
5331 2.253743047500879
5332 2.2421411195494314
5333 2.234028560115224
5334 2.2485661170097195
5335 2.2668796584422415
5336 2.2543698426231873
5337 2.238707971227621
5338 2.2438374756476365
5339 2.2476961067566883
5340 2.2436409565849806
5341 2.2131867290330023
5342 2.1838315466152034
5343 2.19372236537276
5344 2.22116508442036
5345 2.2350568636585466
5346 2.250440879716125
5347 2.2740383845100918
5348 2.2808738172264036
5349 2.272423688746498
5350 2.259100061410568
5351 2.250695765682303
5352 2.230083886214126
5353 2.21906089590007
5354 2.2247698171198813
5355 2.2390681188830923
5356 2.251943580810869
5357 2.2738465002786117
5358 2.2937899693538983
5359 2.301480349431205
5360 2.3167023015421386
5361 2.3424871241208893
5362 2.360210319595165
5363 2.3737106081201933
5364 2.4015526719602787
5365 2.4465662662560113
5366 2.470688330439502
5367 2.4897338655705106
5368 2.498448742427631
5369 2.534645255007604
5370 2.560597400314941
5371 2.5610216276558773
5372 2.565886899604275
5373 2.5725047758607635
5374 2.593192981092852
5375 2.6090386738634384
5376 2.625983797336703
5377 2.6295564508252744
5378 2.6189259621609864
5379 2.6092499655571664
5380 2.6175914559199587
5381 2.634030569815499
5382 2.643290785951465
5383 2.648182680227215
5384 2.6615816725563635
5385 2.663791048441525
5386 2.676017808574165
5387 2.668368522662226
5388 2.6599071095695
5389 2.6624874207774023
5390 2.6517824545352635
5391 2.6447014261532855
5392 2.6363245138690514
5393 2.6295758220929257
5394 2.63401979795014
5395 2.6343078713429833
5396 2.624686850380654
5397 2.6066937901425726
5398 2.579579067460653
5399 2.540077737341697
5400 2.5089130454848734
5401 2.4808987910453815
5402 2.4496699345780577
5403 2.4234955826151166
5404 2.3995771124911274
5405 2.388980871844648
5406 2.3945470207562956
5407 2.4138615051334344
5408 2.4327066947711042
5409 2.4442202415344267
5410 2.4536148742754764
5411 2.4556628819998405
5412 2.4366932860143007
5413 2.4201598028594353
5414 2.422541445351053
5415 2.4186590034001556
5416 2.4167192506746837
5417 2.3950326303881546
5418 2.376764525844964
5419 2.3604334048821984
5420 2.3360925456575696
5421 2.3208068460109152
5422 2.337906073834751
5423 2.348477037918304
5424 2.3435058660356463
5425 2.3377402344275233
5426 2.3402054549146065
5427 2.352636950208985
5428 2.371292922370133
5429 2.3839609005175326
5430 2.404318063488843
5431 2.4326789163564078
5432 2.4490553699879185
5433 2.4680250978128333
5434 2.496041032997382
5435 2.519173923249498
5436 2.5285041697248984
5437 2.5261651177030773
5438 2.528220953473043
5439 2.5327257596581045
5440 2.5427238280369364
5441 2.5394187988463184
5442 2.529660276133905
5443 2.492909469192621
5444 2.4598267357010344
5445 2.4303891683630647
5446 2.4044173633662096
5447 2.3879586175691045
5448 2.3718687256605446
5449 2.373069670758388
5450 2.384497319005178
5451 2.4057081266670424
5452 2.432257483289978
5453 2.4490685636794924
5454 2.4517878244678433
5455 2.4487520535615737
5456 2.4294696675430423
5457 2.406766203489775
5458 2.3843689500865155
5459 2.3743379472098165
5460 2.377084448911462
5461 2.3841234757151133
5462 2.393173565822095
5463 2.4036328168848784
5464 2.42413872743536
5465 2.4519803433952982
5466 2.455580270545384
5467 2.428066536388658
5468 2.3898615977665045
5469 2.355373560561326
5470 2.3243156860039242
5471 2.278001035862666
5472 2.246696211589628
5473 2.2425527184600496
5474 2.249995326694492
5475 2.275959566645646
5476 2.309642499775201
5477 2.3511917960898754
5478 2.379720126072402
5479 2.4017897878263303
5480 2.3933667307395354
5481 2.3750886247456293
5482 2.363368754227239
5483 2.350511085552
5484 2.3391004553226247
5485 2.331908903921512
5486 2.295796723138897
5487 2.250723043585101
5488 2.2204056631768774
5489 2.188831476002891
5490 2.1882135794571242
5491 2.208656368677936
5492 2.236677425271745
5493 2.264244580434393
5494 2.283451587752801
5495 2.293846809705272
5496 2.3081209258929336
5497 2.326023539580824
5498 2.3269766115173933
5499 2.2940659115760393
5500 2.256271886850621
5501 2.260727670704162
5502 2.288554056717559
5503 2.3147867763358105
5504 2.3403588215025914
5505 2.3473488715976147
5506 2.344537358210306
5507 2.3550126909234557
5508 2.3837605327611
5509 2.4341387672585566
5510 2.4594017649120956
5511 2.4829195244327544
5512 2.4954313990533663
5513 2.4861430515280794
5514 2.4816279329811324
5515 2.500840689761129
5516 2.5375458180589767
5517 2.5758813195964647
5518 2.6156764581851735
5519 2.6549505173548993
5520 2.6875476392200897
5521 2.7747467027928585
5522 2.820978949966189
5523 2.8467786754398703
5524 2.8747998610265
5525 2.887110645078331
5526 2.9244349421545617
5527 2.9482738312004737
5528 2.991186681842954
5529 3.0212692273588293
5530 3.028630359971949
5531 3.0296324241959938
5532 3.027709313244373
5533 2.990876908170554
5534 2.9867206695082307
5535 3.0149400094283956
5536 3.011648196087397
5537 3.0055702485228077
5538 3.0257349785826215
5539 3.0010801252609234
5540 2.961075572190159
5541 2.9272559634879527
5542 2.8871321784821458
5543 2.891315255173338
5544 2.884891931030443
5545 2.862515237049281
5546 2.838230251487952
5547 2.7956280856192732
5548 2.7542637187700536
5549 2.729574466788173
5550 2.7166512126198397
5551 2.6878202758987753
5552 2.6495684614213593
5553 2.6209770817418856
5554 2.569440353636703
5555 2.5010614864569747
5556 2.413915503721956
5557 2.310085621752131
5558 2.2205510796707646
5559 2.144413189418306
5560 2.091153748527906
5561 2.0593143575776263
5562 2.0472051403923683
5563 2.048479678137789
5564 2.056205519409853
5565 2.0673259988573833
5566 2.074034670298562
5567 2.071185301025237
5568 2.0598576341381016
5569 2.0536448471247217
5570 2.04713977538777
5571 2.036332366118565
5572 2.034518561380667
5573 2.0457171772976777
5574 2.060001695924885
5575 2.067737224077113
5576 2.0928987551010776
5577 2.123572599415128
5578 2.141507834768341
5579 2.1505633908250736
5580 2.164001249401866
5581 2.18533382550323
5582 2.190140276722022
5583 2.1672233703728705
5584 2.148979209683809
5585 2.1458582558853028
5586 2.156476721706445
5587 2.146487663009633
5588 2.1229016914362937
5589 2.1343612540653476
5590 2.1586846298760918
5591 2.183814820105003
5592 2.2060669984737693
5593 2.2332396159156422
5594 2.2634188877076595
5595 2.3019527703443217
5596 2.3438984918009824
5597 2.391322767549164
5598 2.432184201287769
5599 2.466465165490201
5600 2.491974528110704
5601 2.538030601535685
5602 2.5635488630760035
5603 2.566879623754246
5604 2.5841934972024347
5605 2.611342451235604
5606 2.6296346127549803
5607 2.6331607584033865
5608 2.611756867384722
5609 2.572553707050973
5610 2.5340832453186932
5611 2.5056984843804746
5612 2.491665358001189
5613 2.4624089326920666
5614 2.446493495107656
5615 2.4284136352878267
5616 2.4178641529770535
5617 2.386344856247934
5618 2.3536538269019185
5619 2.3041244313171316
5620 2.2533714065953325
5621 2.1988378331543155
5622 2.161501995057944
5623 2.1432273194893763
5624 2.143161199792921
5625 2.1429239758330008
5626 2.155834262922377
5627 2.168906823249941
5628 2.187731852024156
5629 2.2165661308359885
5630 2.2648370727365026
5631 2.290187536680207
5632 2.295775105443369
5633 2.3190799527848167
5634 2.3425444768133565
5635 2.361062984978294
5636 2.392993255953317
5637 2.401042987679112
5638 2.388751677884916
5639 2.364219100097831
5640 2.3738904584124674
5641 2.4126043646980055
5642 2.441664197316508
5643 2.451114632006175
5644 2.4543554273314845
5645 2.461042372841982
5646 2.455540486726503
5647 2.47259387548382
5648 2.5131715609937886
5649 2.5362568665420615
5650 2.569706116548158
5651 2.5984155059668415
5652 2.613083847152978
5653 2.5866525368187268
5654 2.5324896120654663
5655 2.4918327316803186
5656 2.456941094879176
5657 2.4376618205950256
5658 2.4180193432387522
5659 2.381704622165485
5660 2.3502862656532444
5661 2.3344183469644513
5662 2.328508281040454
5663 2.3239601108828007
5664 2.324002342818438
5665 2.3277435298201326
5666 2.332361169327755
5667 2.33407555922346
5668 2.336227630748382
5669 2.3443606947201276
5670 2.3475366067755536
5671 2.352208172172518
5672 2.36541969877402
5673 2.3826942811904117
5674 2.385684450608885
5675 2.37872066231422
5676 2.3740893996842836
5677 2.370040500386604
5678 2.36523695034702
5679 2.359851157111263
5680 2.349341184518226
5681 2.338854159894378
5682 2.3279333480159794
5683 2.3222704827972986
5684 2.325041551630281
5685 2.3451021155861014
5686 2.379659511507048
5687 2.4110814528370685
5688 2.4339803232418453
5689 2.4475767770066934
5690 2.44575771413384
5691 2.453923443750773
5692 2.474055596653315
5693 2.498038740867863
5694 2.508031197910666
5695 2.5099063853373473
5696 2.5080752045020183
5697 2.5074531385974748
5698 2.503449342470626
5699 2.498277517961387
5700 2.492326933800193
5701 2.4685915453390916
5702 2.445262751253489
5703 2.4362551703045505
5704 2.4333373916465364
5705 2.4202951634741505
5706 2.4181865761890644
5707 2.4363848409893274
5708 2.453627539275815
5709 2.469450774856964
5710 2.4883120125430134
5711 2.4975742019017027
5712 2.4996839160328417
5713 2.491030043355727
5714 2.482754744280849
5715 2.4773483751897984
5716 2.482450740686269
5717 2.481782312881263
5718 2.476626290231413
5719 2.4764897175878193
5720 2.4845379666533924
5721 2.4926346112550832
5722 2.499269168406715
5723 2.4892003436942445
5724 2.4767965123905467
5725 2.473762197394543
5726 2.474407639881771
5727 2.4727301196812013
5728 2.4616879164938377
5729 2.454760414273286
5730 2.458778262833993
5731 2.468286202340873
5732 2.4755586819851354
5733 2.479448774716055
5734 2.4854460284352595
5735 2.492580030978834
5736 2.4974572268599298
5737 2.49939159916953
5738 2.495554089637302
5739 2.487395060726556
5740 2.479431403600224
5741 2.4752844518740393
5742 2.4741817948073335
5743 2.4681734834733446
5744 2.4598994447457465
5745 2.4566643181728915
5746 2.460507048067773
5747 2.4595626736315843
5748 2.449186955787071
5749 2.4394386423352388
5750 2.4289779691728577
5751 2.4293249373310575
5752 2.434954143620462
5753 2.4466443435184626
5754 2.458201041614403
5755 2.4587430702620723
5756 2.458802860742045
5757 2.448456424829332
5758 2.432698657575916
5759 2.4223983381685894
5760 2.426472556455708
5761 2.4321776061665568
5762 2.4512482942913514
5763 2.4692019652018558
5764 2.4925742527508987
5765 2.516723774448671
5766 2.5533389435722986
5767 2.5949227431617405
5768 2.619074639173359
5769 2.6066636771646885
5770 2.5818370373540915
5771 2.537469157469589
5772 2.5131349502044533
5773 2.5067468848171917
5774 2.5097920914337113
5775 2.531232053331049
5776 2.5428356935958503
5777 2.5605182798261374
5778 2.5680014803487303
5779 2.5637376145442077
5780 2.5639628343077727
5781 2.5698124467894927
5782 2.5711551670957293
5783 2.5608645046776237
5784 2.560727677806714
5785 2.549960588785921
5786 2.5220545460851898
5787 2.49806733608975
5788 2.4878567441496933
5789 2.4875429561135545
5790 2.4991748890423753
5791 2.5313931579322957
5792 2.5546125425163333
5793 2.57111279477472
5794 2.572030777111236
5795 2.540683433606621
5796 2.500869049879379
5797 2.4753419255380265
5798 2.467455514074247
5799 2.45921703193798
5800 2.454553466582623
5801 2.4467542089839056
5802 2.435396867977139
5803 2.4319899149810587
5804 2.4222947616337045
5805 2.4069125466386083
5806 2.390013536852616
5807 2.3738168369942496
5808 2.3545781543485362
5809 2.336361057980611
5810 2.330925302931941
5811 2.337736793548083
5812 2.3461443988025232
5813 2.3469382983445533
5814 2.349645748879229
5815 2.3614238955930165
5816 2.3798610861578213
5817 2.39850243709364
5818 2.402585704247277
5819 2.3917199186214892
5820 2.37249117975886
5821 2.3549400818896324
5822 2.3390609725115072
5823 2.3251458276247
5824 2.3094772928666982
5825 2.296551770527639
5826 2.288303977813368
5827 2.2666303295240016
5828 2.2204265185398135
5829 2.1834258429731
5830 2.160649447664132
5831 2.1494134275963743
5832 2.1241055095068786
5833 2.0999898765350586
5834 2.0807882159645836
5835 2.0693128188951473
5836 2.0668025619999773
5837 2.082292896532417
5838 2.101950191623805
5839 2.128368990660372
5840 2.153118752353829
5841 2.1809284784598835
5842 2.2069233170347657
5843 2.2310508754717144
5844 2.258193420066183
5845 2.2843749593361684
5846 2.297453546102307
5847 2.3127336041544346
5848 2.3380095824893186
5849 2.358229937175001
5850 2.358822114946671
5851 2.346426466059031
5852 2.313953121420939
5853 2.292704059876421
5854 2.286678937782989
5855 2.2902424993715385
5856 2.2966074175298634
5857 2.2902425366214727
5858 2.278618325343364
5859 2.2516903082661046
5860 2.2041346966263125
5861 2.16132190494342
5862 2.1242178770684306
5863 2.1075996610070744
5864 2.1059610610387933
5865 2.1161168453875643
5866 2.118426288259134
5867 2.112052820565095
5868 2.111149243976628
5869 2.1145044696604227
5870 2.121035268689739
5871 2.1161462977474756
5872 2.1107445012267614
5873 2.1203789217270255
5874 2.137246406123647
5875 2.152830291140883
5876 2.1778102366925243
5877 2.206805041864942
5878 2.2275457683115856
5879 2.2322963925252077
5880 2.2538087839889536
5881 2.273816384372507
5882 2.2702554434558544
5883 2.2541511979179236
5884 2.231590279633317
5885 2.219885918590178
5886 2.200411430284581
5887 2.1763267962403012
5888 2.1467390183171955
5889 2.1392110468906664
5890 2.1571757201216357
5891 2.189883262226197
5892 2.2006130457957966
5893 2.1913773568631774
5894 2.1795722556880426
5895 2.162130173862172
5896 2.15281271925994
5897 2.1662680718746854
5898 2.1901843439980397
5899 2.206928843759053
5900 2.2261917327432363
5901 2.252635141800224
5902 2.27115381773539
5903 2.2875518074362673
5904 2.3028795759238037
5905 2.319501897199519
5906 2.345269256686996
5907 2.370153104051753
5908 2.3489683161329364
5909 2.3170044043684395
5910 2.3232130003312514
5911 2.330698882344877
5912 2.319659454985217
5913 2.305379487870492
5914 2.2920575293897367
5915 2.2821351671447396
5916 2.274432319361837
5917 2.264511591550732
5918 2.250198817822113
5919 2.259100414690686
5920 2.275100779381715
5921 2.298804130108143
5922 2.322371893267841
5923 2.3399108164974205
5924 2.358358606314272
5925 2.3814506904103614
5926 2.4219541476709248
5927 2.4504216910375907
5928 2.4725733884119636
5929 2.4985423140089176
5930 2.5135000424509264
5931 2.5374023174572184
5932 2.5717986036038707
5933 2.60519835655045
5934 2.633523486082309
5935 2.6622762405302853
5936 2.681119713979362
5937 2.6948598045257595
5938 2.7085442812641407
5939 2.7279574099538846
5940 2.7326501417177997
5941 2.7387593072116774
5942 2.747706245756661
5943 2.755756690927213
5944 2.757397129051684
5945 2.7454170128989905
5946 2.7407590668180495
5947 2.73435079054498
5948 2.7322923454051256
5949 2.738809026096266
5950 2.75647342146678
5951 2.7804073039052315
5952 2.8100400463279964
5953 2.8460707362628317
5954 2.870110724259152
5955 2.8931673147475965
5956 2.912870931809418
5957 2.9366895243984943
5958 2.95790945308096
5959 2.963776330633829
5960 2.949725327976867
5961 2.9286085463318594
5962 2.897959594292563
5963 2.861172843681605
5964 2.8239904667946316
5965 2.7990034055510535
5966 2.7921075881891624
5967 2.7821770714809153
5968 2.770105988334572
5969 2.764860195633468
5970 2.7588973729340043
5971 2.7404986894793755
5972 2.721145522818713
5973 2.713506004004495
5974 2.7207727364020426
5975 2.7317603576569924
5976 2.7453761415799454
5977 2.7666106556175176
5978 2.790000689371258
5979 2.8135103192063213
5980 2.833687280235822
5981 2.847730233433994
5982 2.8626669334656523
5983 2.8813155071361334
5984 2.896759193354347
5985 2.9137391208920893
5986 2.943600045853558
5987 2.962453665157199
5988 2.968300325227034
5989 2.9710610008026888
5990 2.9548194126854335
5991 2.9227689646458717
5992 2.8964917214209627
5993 2.8928738447270006
5994 2.889196112360354
5995 2.8893358500807875
5996 2.8657963418879433
5997 2.837024194302795
5998 2.8075355479343593
5999 2.7772260396794866
