#frame I
5000 2.3187794833030977
5001 2.263137572010638
5002 2.2045848881618095
5003 2.193692107753442
5004 2.1785995515807666
5005 2.1860678114888312
5006 2.2030455162737965
5007 2.2207723263423365
5008 2.2193515155847043
5009 2.2189931914779453
5010 2.216301935110422
5011 2.2296341380767046
5012 2.246492357191045
5013 2.2746737968928246
5014 2.312982180888005
5015 2.371323732189729
5016 2.438372645558167
5017 2.5093676140708343
5018 2.5795906724119497
5019 2.6403702751745644
5020 2.6969820024001794
5021 2.750777300694931
5022 2.775422584486095
5023 2.7923564219695756
5024 2.8115806923928988
5025 2.81693626195963
5026 2.8076285193146115
5027 2.7985285698440023
5028 2.8046266977874916
5029 2.8135640201649914
5030 2.800553451029044
5031 2.7453754533262105
5032 2.7080747843404422
5033 2.6840496019061413
5034 2.6785565792401163
5035 2.6736405383414006
5036 2.671132883879306
5037 2.689691390324189
5038 2.7172845567861272
5039 2.761333610447491
5040 2.8016905199873006
5041 2.8271919416229547
5042 2.8507056252132776
5043 2.876667816725252
5044 2.890863045793652
5045 2.900802400016025
5046 2.889724801461349
5047 2.8565109200003365
5048 2.8310858367409057
5049 2.804026497358011
5050 2.785675573310301
5051 2.7582011782797458
5052 2.718614730823506
5053 2.6836754832180714
5054 2.639940143342102
5055 2.611271078724189
5056 2.590591414075596
5057 2.5659591767373824
5058 2.536399466055883
5059 2.51481674597841
5060 2.5023283935417453
5061 2.5057578336440702
5062 2.51548257335151
5063 2.5279458245625768
5064 2.5218376770899016
5065 2.509994369768765
5066 2.4898949608630554
5067 2.4694876624869484
5068 2.437604999999709
5069 2.421923625852488
5070 2.431619331972322
5071 2.441609947343164
5072 2.4664767017282294
5073 2.489551562102675
5074 2.4953127123162586
5075 2.4778397040159708
5076 2.443402009430943
5077 2.4028579189917667
5078 2.382848701183234
5079 2.3637343812439116
5080 2.347996134153454
5081 2.332183250896093
5082 2.3272190797747156
5083 2.322502516120539
5084 2.313061693727895
5085 2.2914086558090463
5086 2.273946479823168
5087 2.269476574996853
5088 2.2465559276567615
5089 2.2002061046411296
5090 2.175954430520204
5091 2.1869754199082503
5092 2.2012700641057035
5093 2.213725339940268
5094 2.222262953885396
5095 2.2406240891504305
5096 2.24832621009033
5097 2.2305896600584507
5098 2.1920118184254167
5099 2.1719244970401785
5100 2.1631108774807655
5101 2.177855734605555
5102 2.205538988071394
5103 2.2282429778544546
5104 2.253668769875109
5105 2.2847167554330854
5106 2.329292138642453
5107 2.3820804626426226
5108 2.411152983165391
5109 2.416729537087403
5110 2.405608944531475
5111 2.3908599629696528
5112 2.37623544158621
5113 2.332709610720735
5114 2.2825432105672867
5115 2.248016005661027
5116 2.236892100917235
5117 2.234775350596671
5118 2.231474293186407
5119 2.204639286706469
5120 2.163785806243784
5121 2.1409236116335424
5122 2.155651145364472
5123 2.1767422328712827
5124 2.1930588975448844
5125 2.18568861488944
5126 2.210934077131475
5127 2.2514747119966163
5128 2.2952040704186993
5129 2.343174261278329
5130 2.402292338904737
5131 2.4372403067178534
5132 2.4863022658477205
5133 2.539768778602403
5134 2.5850127661266646
5135 2.662887763372123
5136 2.7334440333724803
5137 2.791204451602872
5138 2.821879192987662
5139 2.823091981118555
5140 2.808909750488058
5141 2.7885637085813455
5142 2.7748708663087687
5143 2.744740398760515
5144 2.716113453678323
5145 2.712562244095574
5146 2.726833664461512
5147 2.725966668914587
5148 2.6888404303487454
5149 2.636003657937387
5150 2.592037339941623
5151 2.599954991509921
5152 2.586614589932255
5153 2.5904984650665055
5154 2.620118104407214
5155 2.649420694236882
5156 2.6527904381810306
5157 2.6637191559206688
5158 2.684597097121589
5159 2.6738534286135343
5160 2.6218055513596066
5161 2.5691108111101864
5162 2.5098032750211283
5163 2.4438921814465115
5164 2.3992290415361315
5165 2.3467910658650406
5166 2.311997781551978
5167 2.2895598220251276
5168 2.279982097800239
5169 2.272652656365656
5170 2.2488071672598875
5171 2.2192278738583804
5172 2.210095786404249
5173 2.2220664898019917
5174 2.23446476012282
5175 2.233836517452519
5176 2.2245019361875196
5177 2.212960090574192
5178 2.204183492044404
5179 2.1863980896463486
5180 2.171107443734027
5181 2.145745780958162
5182 2.118792985597994
5183 2.1057092659631587
5184 2.114594721208002
5185 2.1326422547326507
5186 2.138742333346202
5187 2.1157783371099397
5188 2.089540163960072
5189 2.0735772076737295
5190 2.0850455699683614
5191 2.091472522018462
5192 2.0869499538258434
5193 2.0858176379170383
5194 2.124834377923913
5195 2.154884336911409
5196 2.2072382037131804
5197 2.252300399052027
5198 2.3103439826116396
5199 2.3503098727107172
5200 2.3743259149619558
5201 2.390953604259542
5202 2.4047508663322894
5203 2.372032586063522
5204 2.339695269771278
5205 2.334360457268875
5206 2.336680598291291
5207 2.3019697860713206
5208 2.2922832357762366
5209 2.3082477373077563
5210 2.296587856477686
5211 2.2649146136737417
5212 2.226162838934952
5213 2.2074768253939543
5214 2.1961742427414106
5215 2.175064525557115
5216 2.163460844454942
5217 2.156524789507176
5218 2.1612127882260137
5219 2.1593769410836328
5220 2.1562502786388067
5221 2.143488963204248
5222 2.129175350753912
5223 2.1310803377597662
5224 2.141224196291693
5225 2.139343090365419
5226 2.146962942862805
5227 2.1165637404794495
5228 2.066339672082112
5229 2.0375317074246317
5230 2.0180026346298727
5231 2.008685440260036
5232 2.0118313876693423
5233 2.013495165817474
5234 2.011151937790731
5235 2.0130879374091544
5236 2.0062266870115626
5237 2.0094358390537534
5238 2.030276536534843
5239 2.0565570769684323
5240 2.08401000059254
5241 2.115552545642282
5242 2.14761649945747
5243 2.1894668099028345
5244 2.2214372883088185
5245 2.2482429845354317
5246 2.279775606697274
5247 2.3079273549119526
5248 2.3629642303044704
5249 2.439292613748862
5250 2.5331174582132583
5251 2.636744211769714
5252 2.7314271963107917
5253 2.7880218326371735
5254 2.821168301703865
5255 2.821271958278286
5256 2.7816094403831633
5257 2.7192921688845786
5258 2.6716014127954613
5259 2.6311188362537177
5260 2.5893440977232296
5261 2.5597582981098888
5262 2.547346220499316
5263 2.540786357269183
5264 2.524654440952864
5265 2.505693772734142
5266 2.496121318060387
5267 2.493159142905351
5268 2.491289473440528
5269 2.488992021732527
5270 2.4842346576393592
5271 2.4902624336997654
5272 2.48412616213679
5273 2.450710988648634
5274 2.412332979831837
5275 2.3840682000338926
5276 2.3793490515982363
5277 2.3890177413788547
5278 2.380288884914598
5279 2.3378104768614945
5280 2.2856033766416894
5281 2.2400086883844907
5282 2.2060178199136495
5283 2.174856934070111
5284 2.1495592741932215
5285 2.1313266855783883
5286 2.110606529104656
5287 2.0714295264936347
5288 2.0249891237806175
5289 1.9965968556506164
5290 1.9812175985206184
5291 1.9613169886884287
5292 1.9499971322193204
5293 1.9413867208458044
5294 1.9299229719906312
5295 1.9323785220802174
5296 1.9371711641004745
5297 1.939869418352869
5298 1.950718714304326
5299 1.9634012409914245
5300 1.9673789862650763
5301 1.9565800924992458
5302 1.9544156594087068
5303 1.9616804888272703
5304 1.9689870952659458
5305 1.9781597315033437
5306 1.9888704412611018
5307 1.987838885975146
5308 1.9885707794919227
5309 1.9859411024909914
5310 1.9736439835720516
5311 1.9749024831497022
5312 1.991111901588811
5313 2.0090862174362116
5314 2.0253359179735004
5315 2.031824430298362
5316 2.0589878874824747
5317 2.0941434809943034
5318 2.133914479398043
5319 2.193339395215147
5320 2.2571578983820637
5321 2.2890198891294675
5322 2.3133125860884918
5323 2.3252315787267115
5324 2.3516712645036546
5325 2.3760555507835526
5326 2.388850234499783
5327 2.405523270979102
5328 2.413640671186493
5329 2.413597755592601
5330 2.3989148733010666
5331 2.372809864236935
5332 2.3386290630506488
5333 2.3060822039816338
5334 2.3045406755382003
5335 2.316516011289575
5336 2.3002436528329544
5337 2.2782583723077883
5338 2.272698146576063
5339 2.262891748433629
5340 2.2394838214902286
5341 2.204038608605531
5342 2.1758359846803024
5343 2.1853395192374787
5344 2.1902625667775157
5345 2.1803950719449308
5346 2.1920834358621057
5347 2.2048118865277626
5348 2.194474812202131
5349 2.170875058380928
5350 2.146884615462683
5351 2.1303857382751485
5352 2.0971112838090487
5353 2.08257491027718
5354 2.106698854859999
5355 2.146649495269858
5356 2.186882431211215
5357 2.2247707705644832
5358 2.2626284571898134
5359 2.2979648857581183
5360 2.344441685506707
5361 2.4073483596967193
5362 2.465585083447947
5363 2.535872477998787
5364 2.595671385010678
5365 2.6535076141169753
5366 2.6822747996583565
5367 2.7168758657825145
5368 2.7439322929019445
5369 2.788234197510062
5370 2.8133345816920445
5371 2.80771975905258
5372 2.8061410123112873
5373 2.790290000865405
5374 2.7822518002135
5375 2.7639640229273796
5376 2.758467195556918
5377 2.745799670386692
5378 2.700338999925334
5379 2.6535509819004477
5380 2.638295614367185
5381 2.6382433280083695
5382 2.6279818577576473
5383 2.589127910096143
5384 2.54577791007575
5385 2.5139197572871375
5386 2.5076459538982854
5387 2.4880970295411915
5388 2.467683997728369
5389 2.4602836698992103
5390 2.458799160649039
5391 2.459767094648949
5392 2.4525980818114577
5393 2.4441445723774335
5394 2.4576141574706796
5395 2.4661994904153595
5396 2.458478781319122
5397 2.446944712193666
5398 2.423748820912345
5399 2.395279480920873
5400 2.3698621862959732
5401 2.3425428533802832
5402 2.310173411128968
5403 2.281947900902183
5404 2.2550158979842125
5405 2.2437732007062614
5406 2.2523332786450205
5407 2.279976889901701
5408 2.3026908390945984
5409 2.31269979306384
5410 2.3206784816524713
5411 2.3239797058531404
5412 2.3150750654271484
5413 2.318358162049905
5414 2.342756288573812
5415 2.3548665921083143
5416 2.3692823120343873
5417 2.3531350785767824
5418 2.332934995540134
5419 2.318367110985458
5420 2.3028864501831925
5421 2.297547360452986
5422 2.3272950765959632
5423 2.348514000598353
5424 2.3529826712355475
5425 2.35541899353442
5426 2.3607601707873798
5427 2.376719332017961
5428 2.400085418924629
5429 2.415405682946663
5430 2.4466046413237175
5431 2.48312177601778
5432 2.4943688616253805
5433 2.5036542606106327
5434 2.5287799423795594
5435 2.5453323912732673
5436 2.539699424599702
5437 2.5225721044406875
5438 2.513014895572281
5439 2.5002088802059914
5440 2.494745780919373
5441 2.4757643485304293
5442 2.446543695732735
5443 2.403360562381549
5444 2.376724945353774
5445 2.353158599895293
5446 2.3318114506297434
5447 2.3147510338850688
5448 2.303272457925808
5449 2.3175199494829517
5450 2.3425212537712103
5451 2.3712698264938172
5452 2.405516700546144
5453 2.423110034216425
5454 2.4241681926453817
5455 2.4239243927478955
5456 2.4121110700900874
5457 2.3926114224095265
5458 2.377824782442559
5459 2.371937145323985
5460 2.376643522892061
5461 2.388048589528401
5462 2.40962597338386
5463 2.4410743168447295
5464 2.479750020496583
5465 2.5309911046841678
5466 2.549177193652714
5467 2.515937481169434
5468 2.4597725488653603
5469 2.401731071363057
5470 2.3431780956060697
5471 2.2811728458224536
5472 2.243590953602567
5473 2.239733458789085
5474 2.246023611790662
5475 2.266354837227354
5476 2.297443460460829
5477 2.3439855650230137
5478 2.379175781174364
5479 2.411195037211419
5480 2.4107136794122757
5481 2.3993576533957466
5482 2.396852609381872
5483 2.395461697021753
5484 2.39732906910432
5485 2.3997833061246845
5486 2.380664365376729
5487 2.3491685128371964
5488 2.3285044284134973
5489 2.3087307997935924
5490 2.3218897862857335
5491 2.357393324238981
5492 2.401616880350543
5493 2.440753202826874
5494 2.4720400569419856
5495 2.4860409859168944
5496 2.5016754723074746
5497 2.5082907708564055
5498 2.4863929904300126
5499 2.4229794132134788
5500 2.3436691112739374
5501 2.326409586095517
5502 2.3426050059142183
5503 2.3511639137738958
5504 2.3575781799010995
5505 2.3484016108768997
5506 2.337032423086226
5507 2.3389773597573384
5508 2.350370548409701
5509 2.3692718678031257
5510 2.3623780116076083
5511 2.342147476751838
5512 2.310013794544048
5513 2.2610164225173675
5514 2.226731308024819
5515 2.2132503826972876
5516 2.2056560605103224
5517 2.200218346561645
5518 2.2046116142908025
5519 2.1998674312689865
5520 2.2118268675230017
5521 2.2563134023197122
5522 2.2854608314561684
5523 2.292238037372747
5524 2.2819385540071844
5525 2.2695158003674973
5526 2.2906762927424578
5527 2.3241432505080986
5528 2.3737328375648863
5529 2.3989592958880697
5530 2.3967531143415384
5531 2.4040399410505997
5532 2.409079580699143
5533 2.4038335978216665
5534 2.4144366650833193
5535 2.4280857379725793
5536 2.4351898532358596
5537 2.45343084951415
5538 2.4846917007467137
5539 2.483312550217411
5540 2.4517181121091336
5541 2.413143306744994
5542 2.37725186665369
5543 2.352280741038555
5544 2.334933864590507
5545 2.335294538219386
5546 2.33807077846102
5547 2.32148709650702
5548 2.305651439902181
5549 2.2949207080049194
5550 2.2864732871459568
5551 2.288600138648892
5552 2.309014829806706
5553 2.3280497647414626
5554 2.3185167737287644
5555 2.300037879757775
5556 2.2654361462766843
5557 2.2238389825933345
5558 2.1887647743860748
5559 2.156001198081891
5560 2.1281913054573973
5561 2.121872838861278
5562 2.1295683307733153
5563 2.141899118192109
5564 2.160361649344897
5565 2.1829928159751324
5566 2.2069641412580117
5567 2.2270630280932773
5568 2.24379472542084
5569 2.258845465497855
5570 2.2567646325753916
5571 2.233861917376689
5572 2.220067333612104
5573 2.220840550199253
5574 2.2248997719658044
5575 2.220297956651532
5576 2.236798975708957
5577 2.2738800803184613
5578 2.301424591788154
5579 2.3111881770076037
5580 2.321801088400827
5581 2.342856288051533
5582 2.3430469190555008
5583 2.309989696929917
5584 2.276705941551597
5585 2.2579314711629355
5586 2.254524893542634
5587 2.2292339682484505
5588 2.1895880847286096
5589 2.1867054194763305
5590 2.1976908887164
5591 2.22410296797881
5592 2.2399942348720643
5593 2.262117671148241
5594 2.2853341761502772
5595 2.318154250004661
5596 2.350913908872171
5597 2.3717576603622548
5598 2.39396835288137
5599 2.410999344936937
5600 2.418215557202159
5601 2.443815071171439
5602 2.4552524839496264
5603 2.439415649368551
5604 2.4299272274384234
5605 2.424532448018363
5606 2.429003149673255
5607 2.4218494920065123
5608 2.3919060760040085
5609 2.348912613298963
5610 2.3004542889712685
5611 2.2681503339008353
5612 2.2461867572072958
5613 2.22262765698103
5614 2.2130849252147877
5615 2.203295581652677
5616 2.1884709948932763
5617 2.16056687370384
5618 2.1327102870685324
5619 2.07771990950455
5620 2.0384834944986663
5621 1.999501087629667
5622 1.9669972187276379
5623 1.957383622941677
5624 1.9756183752287484
5625 1.9969073701717022
5626 2.0294194669768477
5627 2.047769721634062
5628 2.0484114054617
5629 2.0662011545791796
5630 2.119654982651802
5631 2.1497764254500176
5632 2.144521188154282
5633 2.146282328701972
5634 2.1577916755129753
5635 2.1731303920442055
5636 2.1845409324207687
5637 2.189533977530772
5638 2.169262606003352
5639 2.129192695693587
5640 2.104604821891786
5641 2.088710289059549
5642 2.0730392210018156
5643 2.052006623215021
5644 2.0531530587141087
5645 2.0692964045591724
5646 2.0805855602993573
5647 2.116929050464379
5648 2.1549297272317025
5649 2.1819845429941847
5650 2.2100048556787715
5651 2.253599190432249
5652 2.3179333431440177
5653 2.3696482605958082
5654 2.386741775863798
5655 2.3889885306151855
5656 2.384533798090637
5657 2.4080753998303575
5658 2.4294533113763284
5659 2.423612195178529
5660 2.419349388942217
5661 2.4284762146132843
5662 2.4415317320085776
5663 2.448266371759732
5664 2.45629494917666
5665 2.466605768763068
5666 2.4772402797109616
5667 2.4740103783598273
5668 2.4737766231583875
5669 2.4761899288635583
5670 2.468377369287173
5671 2.461901820839829
5672 2.4617901622115124
5673 2.47406213976475
5674 2.4753777924609954
5675 2.4693323918174563
5676 2.478661873823078
5677 2.4877724269011217
5678 2.488164895021732
5679 2.487499221633312
5680 2.4848065126802736
5681 2.4705659129152724
5682 2.463010547915116
5683 2.4593712922033903
5684 2.4583581057120507
5685 2.479684054755533
5686 2.5122683295994777
5687 2.541287298151126
5688 2.5673620896190394
5689 2.5727682069850135
5690 2.556260176893438
5691 2.5431723385643195
5692 2.547302166752333
5693 2.5554655757280242
5694 2.553884979447542
5695 2.54442880103634
5696 2.5342079407465303
5697 2.523861021927525
5698 2.5103842162899617
5699 2.501503558698564
5700 2.4861640787818975
5701 2.453978100883555
5702 2.4379126801260416
5703 2.4457828348683
5704 2.4602202704243057
5705 2.449384621190977
5706 2.441325156317483
5707 2.456658640950697
5708 2.468527794396295
5709 2.4756311807318903
5710 2.4807072232861263
5711 2.469414081133315
5712 2.457720952424942
5713 2.4368608575097315
5714 2.420974471849912
5715 2.4092407736244583
5716 2.4072974951340913
5717 2.3993800527499682
5718 2.394152201885973
5719 2.3991324568107024
5720 2.414123282076158
5721 2.4152374818443083
5722 2.4134435825680463
5723 2.3923364788815187
5724 2.3623786204803436
5725 2.344787917532766
5726 2.3403848766728825
5727 2.347007475687911
5728 2.3475041949173647
5729 2.3527242874648007
5730 2.3648251972663203
5731 2.3778806149998957
5732 2.384925007440023
5733 2.383853323935073
5734 2.386649377731398
5735 2.3906537659611966
5736 2.3917085257577706
5737 2.393521848903107
5738 2.387500269358961
5739 2.374975940683855
5740 2.3648305140463517
5741 2.356353196750774
5742 2.34823802673391
5743 2.335511324940342
5744 2.324113282665397
5745 2.32382763181464
5746 2.3304821730720984
5747 2.3346377911596576
5748 2.328666090210701
5749 2.317945097777533
5750 2.3097866605030415
5751 2.311310958502724
5752 2.3159461290843777
5753 2.318892605716176
5754 2.316701095013454
5755 2.301923475023895
5756 2.2893686271682694
5757 2.2707817300708677
5758 2.256410426264168
5759 2.254089783160024
5760 2.2747737358046645
5761 2.3041808001382647
5762 2.351784936304464
5763 2.4045588254305694
5764 2.4622535625222817
5765 2.4998056369579875
5766 2.5433170028229224
5767 2.5891385640779268
5768 2.608654065606799
5769 2.5747288118050986
5770 2.525824596378486
5771 2.4661180820339523
5772 2.439316921210125
5773 2.4410687422905655
5774 2.4494128906255033
5775 2.4797848059660854
5776 2.500915560093761
5777 2.52343568437902
5778 2.531168912690172
5779 2.531047713308615
5780 2.536471703174364
5781 2.5527767100617442
5782 2.5580211365679113
5783 2.5471479950999547
5784 2.545812383312262
5785 2.5447707439312057
5786 2.513417380255817
5787 2.4936787071433413
5788 2.4893906910362062
5789 2.495969048242473
5790 2.519234586893071
5791 2.57583028656557
5792 2.6274960874325335
5793 2.663597479331411
5794 2.6644114247802597
5795 2.614739213444671
5796 2.554568525225331
5797 2.5165691574698306
5798 2.5005835922088955
5799 2.489380369485939
5800 2.4827788984285104
5801 2.467688664383654
5802 2.4425058415610064
5803 2.427981294523869
5804 2.410248325854163
5805 2.3867951852763527
5806 2.362962990171097
5807 2.346543049044455
5808 2.330225578783746
5809 2.3130867615741875
5810 2.3060605635695595
5811 2.3165394573654545
5812 2.322885422918697
5813 2.316381738293136
5814 2.3141423094829143
5815 2.321506484199482
5816 2.331810365369917
5817 2.3352756217676545
5818 2.3229431030337118
5819 2.3023898900864888
5820 2.282694002918567
5821 2.2708662567257565
5822 2.2653682010520386
5823 2.2607048425158203
5824 2.247868689723503
5825 2.2320427637120472
5826 2.218107102025112
5827 2.196229447967674
5828 2.1535795362082566
5829 2.1232496811772923
5830 2.117290507062402
5831 2.1254246730884385
5832 2.105026060393393
5833 2.076795052256861
5834 2.0587359122626525
5835 2.055263655708473
5836 2.064925730457575
5837 2.0948534668715095
5838 2.136962400731415
5839 2.185142880720656
5840 2.2260224809762668
5841 2.2614166676789917
5842 2.2879891680702946
5843 2.3112980539936343
5844 2.3395159914721138
5845 2.368069719765613
5846 2.379072617460254
5847 2.389389057524382
5848 2.4061778815666215
5849 2.4206720056082593
5850 2.4218783610433494
5851 2.4143479491245086
5852 2.386204083235247
5853 2.3742898958034178
5854 2.3795342794135332
5855 2.387911080898962
5856 2.4006538144124376
5857 2.3967487898139495
5858 2.3851642156555517
5859 2.362364347900875
5860 2.3112862224744566
5861 2.262758487274469
5862 2.217439015190608
5863 2.2001250510236896
5864 2.198738731057697
5865 2.2077232428917326
5866 2.205452126040422
5867 2.188398763815664
5868 2.1743556002620146
5869 2.169005991634879
5870 2.1700412372747344
5871 2.150581677513844
5872 2.132253337046039
5873 2.1258859554621035
5874 2.1312621485552437
5875 2.1434660462654445
5876 2.1603502169960804
5877 2.1790848982569266
5878 2.2073468593881698
5879 2.2226378741887496
5880 2.271809031294606
5881 2.3191360045425538
5882 2.323199767577625
5883 2.3509169066260505
5884 2.409003430045493
5885 2.4541381355651026
5886 2.449243597343114
5887 2.3937459930857656
5888 2.328335593963761
5889 2.3158773575336205
5890 2.3381232265785035
5891 2.3519193699436602
5892 2.327126259048725
5893 2.288379118141466
5894 2.268260071214883
5895 2.2399952648928645
5896 2.2246778606908575
5897 2.2251399446209144
5898 2.2303109657624374
5899 2.242106739393499
5900 2.2633007982592703
5901 2.2990527939560708
5902 2.3198063077495155
5903 2.343912695102678
5904 2.360304467344976
5905 2.381203159382319
5906 2.4238628285138604
5907 2.4626809012932314
5908 2.444120915658855
5909 2.4116435738203763
5910 2.4226628120753486
5911 2.438791639202548
5912 2.431204229610044
5913 2.423020952829724
5914 2.4136901555643346
5915 2.4059358493058665
5916 2.398507084885624
5917 2.3868050526042266
5918 2.3630112898577145
5919 2.3670434931775373
5920 2.3954963961058398
5921 2.4311520922088827
5922 2.4644070407632857
5923 2.4985632145453445
5924 2.533121137684409
5925 2.560998278719615
5926 2.610192417357442
5927 2.633055074464884
5928 2.656676098069923
5929 2.703467111884948
5930 2.7162480093683974
5931 2.7279537568733483
5932 2.758314512276871
5933 2.7880874939833857
5934 2.8166082158788925
5935 2.859010624212003
5936 2.874823271111471
5937 2.885868535089322
5938 2.9032107296663954
5939 2.9141094406052224
5940 2.9053194071484287
5941 2.8889885769658994
5942 2.879701539139697
5943 2.867727191859831
5944 2.8693888264038896
5945 2.865770913221318
5946 2.8669649363480905
5947 2.861871364020468
5948 2.8620650594350394
5949 2.8616344678953083
5950 2.8667048630394896
5951 2.8789266388736228
5952 2.90543431428665
5953 2.9495854822252663
5954 2.9812867813069186
5955 3.014270963246367
5956 3.0517590887960417
5957 3.0874979943138863
5958 3.1240033346261744
5959 3.1461541496753584
5960 3.1457202727766296
5961 3.1125892981371006
5962 3.0658481599715044
5963 3.013414204887734
5964 2.967846335777774
5965 2.942713268021027
5966 2.9338369770569788
5967 2.919425294333602
5968 2.8963058144596086
5969 2.8913311956479606
5970 2.8789483145886194
5971 2.8368725709676044
5972 2.80175901430942
5973 2.7870942212562437
5974 2.7834881151287125
5975 2.7802824177528733
5976 2.7794825972247534
5977 2.7952949241136023
5978 2.8079942402618805
5979 2.8299404137082145
5980 2.854099511776024
5981 2.872504932761203
5982 2.890352271609861
5983 2.9117720374415423
5984 2.9340072780716584
5985 2.958085359539508
5986 2.9911111281391243
5987 3.005689611936214
5988 3.007760443784358
5989 3.011139129398208
5990 2.9827800470453414
5991 2.937255309277212
5992 2.913441434329199
5993 2.9212985590978584
5994 2.914524521056303
5995 2.902879741907908
5996 2.86134576282133
5997 2.8164655236524823
5998 2.7754170984108297
5999 2.7297076378589886
