#frame I
5000 2.303569497269642
5001 2.224105537291441
5002 2.150753439337194
5003 2.0811723158913016
5004 2.0250981575406097
5005 1.9878833757316763
5006 1.9507390039705705
5007 1.9059468707594818
5008 1.8686414308878403
5009 1.8429417269934594
5010 1.827372528519092
5011 1.8215608651418687
5012 1.8063625930977512
5013 1.7843526766587217
5014 1.7664265168723774
5015 1.747351341087605
5016 1.7221815404289933
5017 1.7071194204906366
5018 1.7092757103912666
5019 1.7338030164762928
5020 1.785959989860215
5021 1.8466703478739237
5022 1.9006040932221024
5023 1.9431799722367806
5024 1.9545563195234754
5025 1.9452880477955583
5026 1.9312789785916524
5027 1.9308757004455903
5028 1.9465456797607072
5029 1.9668838764355698
5030 1.978721231006872
5031 2.003988437329727
5032 2.02806257922287
5033 2.0492470943734036
5034 2.073194611698355
5035 2.091141785280101
5036 2.121983076957247
5037 2.140267577196621
5038 2.1251172128514106
5039 2.0885483882954774
5040 2.0301579503813194
5041 1.966265569758671
5042 1.907271958282348
5043 1.8604505129513464
5044 1.8305988173188845
5045 1.825483141040328
5046 1.8272393453817095
5047 1.8184399867438754
5048 1.7983949155594485
5049 1.7803218163990882
5050 1.7655225262787917
5051 1.753453120659037
5052 1.7477106205750716
5053 1.7571019028283263
5054 1.7703283867669337
5055 1.7980864958201062
5056 1.831669858340567
5057 1.8520402999293013
5058 1.8594642043619536
5059 1.853858302010027
5060 1.840419588295118
5061 1.8178938867757317
5062 1.7933604032743962
5063 1.7679163972242904
5064 1.7558401308903269
5065 1.7646168034814973
5066 1.7725407827041237
5067 1.7779710400331996
5068 1.7867912491289604
5069 1.7858630849538022
5070 1.7722134591904133
5071 1.753010953117825
5072 1.7339585612455493
5073 1.7081671125774551
5074 1.6863812418794393
5075 1.6752851369122208
5076 1.6770744132607995
5077 1.6893192987679455
5078 1.72101793513687
5079 1.756069582631032
5080 1.7907328436763807
5081 1.8063206574214616
5082 1.8121251796324904
5083 1.824711862694146
5084 1.8643562919007532
5085 1.9403774051934577
5086 2.024377978466257
5087 2.1083196668405364
5088 2.1603615062293446
5089 2.1952595486622895
5090 2.2262252030903715
5091 2.241288909475599
5092 2.235245059348915
5093 2.227306631476965
5094 2.2241051023446925
5095 2.2196747403218047
5096 2.2057211584304195
5097 2.20727457891206
5098 2.229971265156265
5099 2.2667630711130884
5100 2.3302504370449215
5101 2.4206260973321987
5102 2.503793314548356
5103 2.5665167782035136
5104 2.6319417365172266
5105 2.696019443420931
5106 2.73738873723791
5107 2.7558868655756283
5108 2.758516629331291
5109 2.744938225289618
5110 2.717209595910017
5111 2.6742963419155323
5112 2.63827266221237
5113 2.6266710071747967
5114 2.6350487748922817
5115 2.65793734377042
5116 2.6771443596884605
5117 2.6836934904705125
5118 2.6774521683279007
5119 2.6545339750390915
5120 2.6202920242148267
5121 2.5978628835768793
5122 2.592330247938569
5123 2.5725956573902495
5124 2.547749826172834
5125 2.5122696419349384
5126 2.4694172773986898
5127 2.4285296376005814
5128 2.4054624838531877
5129 2.4196155059014552
5130 2.4641143159360053
5131 2.509996985714528
5132 2.5526259297000204
5133 2.584802926856079
5134 2.603543182915751
5135 2.6262188860167206
5136 2.6527987252859817
5137 2.680218795965819
5138 2.7094067723711963
5139 2.7392869171131813
5140 2.7647939295345587
5141 2.77879714633981
5142 2.7539860662141735
5143 2.7063940517914373
5144 2.6396319968334807
5145 2.576749106658122
5146 2.54166325507911
5147 2.529275536892687
5148 2.531948457470977
5149 2.5478653058868215
5150 2.5690791175683896
5151 2.5959680242541445
5152 2.619894934668374
5153 2.649104048938089
5154 2.675686764666698
5155 2.674123893266256
5156 2.6775950896813474
5157 2.6902479128992587
5158 2.687701242318884
5159 2.678079773509974
5160 2.6758307262749503
5161 2.6866802881546583
5162 2.70252831868434
5163 2.738542196212398
5164 2.7892695853762786
5165 2.826290924957943
5166 2.87087680025258
5167 2.9154606210714054
5168 2.9411219411249396
5169 2.9699283575477455
5170 3.0022594055768907
5171 3.027931891982751
5172 3.0354525729010553
5173 3.033395774973768
5174 3.0153810975706707
5175 2.9876088596306762
5176 2.965512713949926
5177 2.9687955917473468
5178 3.0026315883248307
5179 3.039638333933855
5180 3.0493678209192687
5181 3.0519491496267928
5182 3.0364029555147005
5183 3.0049788907554507
5184 2.980590059585614
5185 2.9753162565690863
5186 2.9776654385899155
5187 2.9897278790128006
5188 2.99791328000846
5189 2.9971485898871
5190 2.990135868939343
5191 2.955928081679394
5192 2.906269773252246
5193 2.84183656147414
5194 2.765297112380853
5195 2.7099757103447133
5196 2.674476333128892
5197 2.6136283616581624
5198 2.5269390874323756
5199 2.457459218995925
5200 2.413112964536414
5201 2.3805055987679142
5202 2.3527205788901147
5203 2.3339612976216673
5204 2.3154782974687107
5205 2.30060537130436
5206 2.3107973827676953
5207 2.3317524298867993
5208 2.3576717413149613
5209 2.371397460024122
5210 2.371368537439994
5211 2.361493489450115
5212 2.3297058619561484
5213 2.2774784557683643
5214 2.212786533888166
5215 2.1566384107350953
5216 2.1029069390913957
5217 2.0756862115685517
5218 2.0903985062937642
5219 2.1125776657293374
5220 2.1275147992279275
5221 2.1388668043700014
5222 2.152627820751796
5223 2.1760369513204885
5224 2.202029694407089
5225 2.222629689476103
5226 2.2254203718213783
5227 2.199992019177789
5228 2.1626534391936167
5229 2.1419300692214787
5230 2.1328892550263094
5231 2.1371319390870425
5232 2.1533792536391023
5233 2.1779546405994457
5234 2.2149091038907356
5235 2.2416489254041663
5236 2.25544937037215
5237 2.2645420958779057
5238 2.2587680103243257
5239 2.2577920762217065
5240 2.2678098605611474
5241 2.2802037355752183
5242 2.301427637411478
5243 2.3248548281003156
5244 2.343196427848061
5245 2.3496113322349546
5246 2.3447825066010246
5247 2.328558835175986
5248 2.2984955632363975
5249 2.2839023898729525
5250 2.2709260631763333
5251 2.2539724486309267
5252 2.2410751970057725
5253 2.2225712995966767
5254 2.1896165330974133
5255 2.1630908445425012
5256 2.158763951139487
5257 2.1623029046011895
5258 2.1786444952395225
5259 2.2106231454148038
5260 2.2438667502002265
5261 2.270334776736707
5262 2.2735545354135938
5263 2.263399357813707
5264 2.23890664852595
5265 2.1988643247075284
5266 2.163637044812246
5267 2.149862270197449
5268 2.156855047029281
5269 2.1600266194790994
5270 2.1454174783321034
5271 2.1093498990978974
5272 2.06513453203201
5273 2.0192715055147783
5274 1.974327248099397
5275 1.9532798166832566
5276 1.955769660844453
5277 1.9668387261961882
5278 1.9759401327933288
5279 1.9830322153386262
5280 1.979293877406902
5281 1.970801025974261
5282 1.9592569510601454
5283 1.9377695353706401
5284 1.9083825525861802
5285 1.8837160289255002
5286 1.8684544571580468
5287 1.8532402296824786
5288 1.8355163670866113
5289 1.8100721313749142
5290 1.7801414994580245
5291 1.748125960595067
5292 1.7127524808629635
5293 1.6830674362998812
5294 1.6697134848625288
5295 1.6819871969983768
5296 1.6927885433924994
5297 1.6686241316936503
5298 1.642089950273442
5299 1.6150460219437013
5300 1.5999040434954241
5301 1.5970032434911028
5302 1.6099626204915172
5303 1.636609098532157
5304 1.667913685753356
5305 1.6950505928329052
5306 1.7014454093406477
5307 1.7106211366857826
5308 1.7296861306971314
5309 1.7493638742427513
5310 1.76411210119706
5311 1.7722958865510754
5312 1.7725401084128745
5313 1.7762692241080704
5314 1.8013462296555682
5315 1.835432954011437
5316 1.8663739741130034
5317 1.8897015994913289
5318 1.893252100346149
5319 1.8805870780365195
5320 1.8550735462691612
5321 1.8464891978287843
5322 1.851535092718449
5323 1.8571712867083774
5324 1.8631675612572
5325 1.8682847839491676
5326 1.885658609418997
5327 1.8958655534063953
5328 1.8972205766718941
5329 1.9040197303629844
5330 1.9073763778265245
5331 1.905921023850007
5332 1.888844444750695
5333 1.8723668458399554
5334 1.8673376446016563
5335 1.863346630813911
5336 1.8503490310703066
5337 1.843442623936541
5338 1.8417131128600808
5339 1.836990034071948
5340 1.836669267851419
5341 1.8407250120512686
5342 1.8558175510511463
5343 1.8677833941181168
5344 1.8749585633525612
5345 1.876607019878499
5346 1.8843277917357955
5347 1.9074022309723697
5348 1.9340464590644184
5349 1.9657613573871302
5350 2.004654041344391
5351 2.0430266159029724
5352 2.083295046590994
5353 2.134807318927334
5354 2.1749271682649325
5355 2.1995253677047972
5356 2.221642580816415
5357 2.2481922285192706
5358 2.2547766615279756
5359 2.256761061800609
5360 2.233383519344213
5361 2.2071163921115917
5362 2.198662393471963
5363 2.2074781689060248
5364 2.204322922387491
5365 2.1810352155543264
5366 2.155260720588784
5367 2.135026752277891
5368 2.124935306927616
5369 2.1326471334036254
5370 2.155912352012552
5371 2.173748335784982
5372 2.192991981477942
5373 2.2187686800562743
5374 2.2310607598513674
5375 2.225587249990348
5376 2.2385589239927786
5377 2.2664717102980143
5378 2.288170642425576
5379 2.305460752101194
5380 2.2972595837518957
5381 2.2890609920724048
5382 2.318377857899851
5383 2.3126272137664805
5384 2.281653019163127
5385 2.2444699428333115
5386 2.227120591529833
5387 2.2389409686143735
5388 2.2240625255903272
5389 2.2047865021034463
5390 2.16730998279913
5391 2.1383626260024178
5392 2.1045170510005042
5393 2.086435241533199
5394 2.0824276977813954
5395 2.082118250641737
5396 2.0858727897853764
5397 2.0898481416892674
5398 2.085890488811758
5399 2.087539427901403
5400 2.0752863552044225
5401 2.0514873825814206
5402 2.0344820521667195
5403 2.017055820017666
5404 2.0169280559762
5405 2.0423421146136844
5406 2.0616469917586
5407 2.0698258839493704
5408 2.0685426834532077
5409 2.0511361123781375
5410 2.021644089676351
5411 2.005317714760555
5412 1.9865357149430218
5413 1.9727499038823384
5414 1.985277121520263
5415 1.9954204126709527
5416 1.9897565734090175
5417 1.9709366292569557
5418 1.9634791932148652
5419 1.9565564191096876
5420 1.971354113639768
5421 1.9937804790844171
5422 2.0196502777578926
5423 2.040586719228336
5424 2.064342641019751
5425 2.0778394223418633
5426 2.077586110581921
5427 2.0790529930822497
5428 2.1005847182691118
5429 2.122330180262792
5430 2.1416384074028145
5431 2.1503259597453828
5432 2.1309199324313366
5433 2.1184027262923446
5434 2.1174990447242292
5435 2.1256153766170263
5436 2.136962598039804
5437 2.1499028082304705
5438 2.15997239889708
5439 2.1788690785924225
5440 2.2028017348030136
5441 2.2257727029458754
5442 2.240483966412768
5443 2.248951199530759
5444 2.263374759491799
5445 2.2803529077403395
5446 2.296825569788023
5447 2.3134049543860526
5448 2.3352674545230845
5449 2.3432920852393475
5450 2.3543250339746575
5451 2.376448055275018
5452 2.3963782196955794
5453 2.399500233825213
5454 2.39880814045902
5455 2.3934170097893324
5456 2.3897258109219917
5457 2.3991304732181145
5458 2.403149977942914
5459 2.398900147119519
5460 2.41281798687594
5461 2.447634531576497
5462 2.471606392788669
5463 2.4670404027619286
5464 2.4541312379766738
5465 2.447884435849849
5466 2.444905517340491
5467 2.4289456796812305
5468 2.379478457172893
5469 2.2989646020929984
5470 2.216946024126619
5471 2.1588988507495737
5472 2.1136543092335343
5473 2.0833520310929328
5474 2.0639808897396383
5475 2.0457174726850154
5476 2.019268865958046
5477 1.9853148620045296
5478 1.9419393432380274
5479 1.8831856950800898
5480 1.825783505181759
5481 1.776373983731847
5482 1.729942154128648
5483 1.6939460839973015
5484 1.6673114414046797
5485 1.6630190538193244
5486 1.6879080789773346
5487 1.710318398287068
5488 1.73388593423733
5489 1.773883664550278
5490 1.8366780475764595
5491 1.8914151490718343
5492 1.9453638224558871
5493 2.010887369826704
5494 2.063537463619704
5495 2.0869048433377615
5496 2.1111839162832147
5497 2.139487694845203
5498 2.177875372088999
5499 2.217790699242471
5500 2.242559417239935
5501 2.2479334322800444
5502 2.2350728932910915
5503 2.2118226514175956
5504 2.188223232820433
5505 2.186570019300072
5506 2.1716820610835654
5507 2.168628888621905
5508 2.173870111564693
5509 2.166977767539922
5510 2.165079738810028
5511 2.1731357342964306
5512 2.1750636576325055
5513 2.160359554693234
5514 2.1287547724831195
5515 2.0940350105542826
5516 2.062506687538683
5517 2.0271239448090492
5518 2.000589634189666
5519 1.975054974543668
5520 1.94650939029226
5521 1.936925835426975
5522 1.9451085617371986
5523 1.9568711417607076
5524 1.9473482778528943
5525 1.9287508370702247
5526 1.912226923323692
5527 1.9121865762236971
5528 1.924704420441665
5529 1.9461296615046249
5530 1.9735035617076562
5531 2.0024951327784444
5532 2.0300075020426784
5533 2.049839071897151
5534 2.0378240000625483
5535 2.0242534716710394
5536 2.0226884337543356
5537 2.0388194216541304
5538 2.0366912443584666
5539 2.013977314116685
5540 1.9952340137189406
5541 1.9620822491875718
5542 1.9201405263515396
5543 1.8904671338052326
5544 1.875438580975422
5545 1.8667922385087248
5546 1.8442611209753552
5547 1.8129902540506766
5548 1.7875341242661278
5549 1.7733222305676946
5550 1.7684636719976279
5551 1.7720779309736525
5552 1.7656447463261897
5553 1.737361337876442
5554 1.7094335164662005
5555 1.7007793524088777
5556 1.7050623561454807
5557 1.7067909123479945
5558 1.7049174815197046
5559 1.721613732729528
5560 1.7761057131377445
5561 1.8457623130748855
5562 1.894174850872877
5563 1.9215172516611874
5564 1.9291213672656808
5565 1.9199385153888269
5566 1.904101319244944
5567 1.8859647264170254
5568 1.8814601331698504
5569 1.8775185187608223
5570 1.8699201707643198
5571 1.869257511426036
5572 1.8547370881461223
5573 1.8361350161392438
5574 1.8383844193256647
5575 1.8480278886230792
5576 1.859492948417357
5577 1.8815850094612396
5578 1.9116400907051514
5579 1.942831317141509
5580 1.966923173390094
5581 1.972848296618718
5582 1.9564335888260127
5583 1.934585948489148
5584 1.9123998794247512
5585 1.8948675998110656
5586 1.8915850647778825
5587 1.9057546639975078
5588 1.9089866040103431
5589 1.8975538208354246
5590 1.8817256769283608
5591 1.8622568936787967
5592 1.8559612685390545
5593 1.8555623986486653
5594 1.8621247539463803
5595 1.899127533378979
5596 1.9779175517418102
5597 2.0243596654562523
5598 2.025426194964299
5599 2.037183419192022
5600 2.0888600619775213
5601 2.1259875921338285
5602 2.1167804521704205
5603 2.1077067098838698
5604 2.1044486093586587
5605 2.094318565785036
5606 2.0766670912252807
5607 2.0531530328916534
5608 2.0064380540128846
5609 1.9599929787392008
5610 1.9320996960744077
5611 1.9192603916222768
5612 1.9254265689215475
5613 1.940156442313007
5614 1.946558776575373
5615 1.9503995857560454
5616 1.9670498880365161
5617 1.9801927049011052
5618 1.9842593683159715
5619 1.9759557248320474
5620 1.98361665152459
5621 2.0082773095208353
5622 2.0473940066861873
5623 2.109561501571238
5624 2.1728396993774655
5625 2.2147859415584206
5626 2.227514918660015
5627 2.236414028860382
5628 2.252527552732249
5629 2.280385937783731
5630 2.3139102535640985
5631 2.325334265467179
5632 2.3359671853445634
5633 2.373492385690005
5634 2.4198546036410504
5635 2.4646308868569595
5636 2.506182957834544
5637 2.5321992442085124
5638 2.54552880963666
5639 2.5635161755969516
5640 2.584621472464563
5641 2.6003829198156594
5642 2.616030638257385
5643 2.6174414438982847
5644 2.614937744090192
5645 2.625641543467061
5646 2.5991402647389057
5647 2.573867314155472
5648 2.571202103671033
5649 2.5891136167556845
5650 2.609164574443971
5651 2.6219223522672612
5652 2.6503194256124134
5653 2.6816849453108813
5654 2.676119683972862
5655 2.6357262638013066
5656 2.584876049561865
5657 2.5467590990442024
5658 2.50502190429117
5659 2.4748789065108565
5660 2.467338361467019
5661 2.482053534770118
5662 2.509513054229682
5663 2.553866167331885
5664 2.619006970719584
5665 2.705975576575588
5666 2.791129007034462
5667 2.827352846046323
5668 2.837569708291964
5669 2.875057956967295
5670 2.947271192795899
5671 3.0348722741279506
5672 3.0766442730481773
5673 3.08167658783362
5674 3.069337220548048
5675 3.0606519791497067
5676 3.039508447818092
5677 3.009501926730987
5678 2.971107781802899
5679 2.9404830949940437
5680 2.920645769294978
5681 2.8953642304425675
5682 2.860101849782154
5683 2.8353669805714232
5684 2.8237779894551673
5685 2.8185319685904124
5686 2.7945885914993154
5687 2.7516501369852824
5688 2.702244546709475
5689 2.656871937288944
5690 2.6137323462086384
5691 2.5760408632259924
5692 2.526021719188676
5693 2.473146133466945
5694 2.4347115428901267
5695 2.3987084902760327
5696 2.3674182630581915
5697 2.357766352549951
5698 2.3619205037998943
5699 2.3481607292072706
5700 2.329593302184484
5701 2.3385139698125217
5702 2.4033285017159574
5703 2.4633674040264557
5704 2.497275327824526
5705 2.5208045268781776
5706 2.538393570454891
5707 2.5674305074919324
5708 2.6046211906705112
5709 2.640404956400383
5710 2.6588373704553883
5711 2.651099347799817
5712 2.6430975923941022
5713 2.64323365902658
5714 2.6336841509343123
5715 2.6356925455659526
5716 2.6418903187594975
5717 2.6518431863710106
5718 2.650365969314054
5719 2.6478155992841357
5720 2.661822713094509
5721 2.6747574618634586
5722 2.655567022817727
5723 2.620154156085291
5724 2.5775122472572845
5725 2.5528889506924948
5726 2.5555244225228435
5727 2.5672384625487115
5728 2.61368527174687
5729 2.6512794320329016
5730 2.6502344825457773
5731 2.654620100437077
5732 2.668478815210608
5733 2.7022534277980843
5734 2.742856161552558
5735 2.779817059298423
5736 2.80814949994205
5737 2.842750302912287
5738 2.878375396019317
5739 2.8865015515554893
5740 2.880765504718845
5741 2.8723785913847766
5742 2.8764708767319727
5743 2.880470734007406
5744 2.870236832405071
5745 2.8595304221170275
5746 2.863615581416376
5747 2.8722401500841093
5748 2.881832999059585
5749 2.928854565931691
5750 2.9975664193963856
5751 3.04174858247654
5752 3.0352973012228976
5753 3.021660791902746
5754 3.0186158996088817
5755 3.011616776475464
5756 3.010817656403556
5757 3.0105095687974353
5758 2.9958952679586557
5759 2.961179057667273
5760 2.9056704749899804
5761 2.845266067115075
5762 2.79233622378383
5763 2.7423480665691593
5764 2.698644783008904
5765 2.65630004519668
5766 2.612746437225507
5767 2.577277263666958
5768 2.5608978067069406
5769 2.5574233157081983
5770 2.554785209691896
5771 2.5554825620274033
5772 2.561583727752628
5773 2.555540624090559
5774 2.544151186056165
5775 2.542843819538916
5776 2.553154475161896
5777 2.5652266671882167
5778 2.577159875546113
5779 2.577205660054264
5780 2.5541356137662654
5781 2.543963403829359
5782 2.567959894696501
5783 2.5750450668271494
5784 2.544917247155381
5785 2.5201140140552307
5786 2.5189618240555447
5787 2.523397978094718
5788 2.5275706929054333
5789 2.539167419526841
5790 2.55969448161945
5791 2.597272631857414
5792 2.6470782528870878
5793 2.6886267313682075
5794 2.704166431289912
5795 2.6990145121270306
5796 2.6736728959991765
5797 2.651581790706367
5798 2.6369829931279956
5799 2.630059893243694
5800 2.632723960247841
5801 2.6365080752501115
5802 2.636161261743955
5803 2.6363414314491793
5804 2.640316653545327
5805 2.6604215083985037
5806 2.7010291257564027
5807 2.739299664869488
5808 2.7571735080515176
5809 2.758165050676319
5810 2.763924018667973
5811 2.774935965497931
5812 2.797869358775278
5813 2.830331289785045
5814 2.858715797515568
5815 2.8883446582727252
5816 2.9050935918457093
5817 2.8961074441417978
5818 2.877364671194386
5819 2.8640072190899515
5820 2.8450777285700197
5821 2.8052753216292614
5822 2.7567301168966716
5823 2.708215026122643
5824 2.6687741382494283
5825 2.6494709766048437
5826 2.6444859168548493
5827 2.6635923877386682
5828 2.7025996215792123
5829 2.7302188928165485
5830 2.7319152672959426
5831 2.712082149421789
5832 2.687933345624987
5833 2.7002696941818574
5834 2.724519702846748
5835 2.741510363032122
5836 2.7606628195089087
5837 2.773166374574123
5838 2.769716495462615
5839 2.7624039254878907
5840 2.7763584834195845
5841 2.8243205234665405
5842 2.888126868791511
5843 2.9502542579351885
5844 3.0058065659015316
5845 3.067295657468785
5846 3.12241214362754
5847 3.1585709514309643
5848 3.1872981223069714
5849 3.217459375091389
5850 3.236913919135325
5851 3.24615253982007
5852 3.2606231238386267
5853 3.2798606468006586
5854 3.2980631530184654
5855 3.3164686753282786
5856 3.3368428357906588
5857 3.341483645633544
5858 3.327706049330913
5859 3.3203315687143307
5860 3.3040844195515953
5861 3.299895949707716
5862 3.3232382384334347
5863 3.348675435654572
5864 3.3593792799944504
5865 3.3628064006557463
5866 3.3679526035609366
5867 3.3841546264078737
5868 3.4101429679275674
5869 3.420159976802251
5870 3.401528967408246
5871 3.3620324344581207
5872 3.3185894548436803
5873 3.2886533223396572
5874 3.2900621056268906
5875 3.30059686864235
5876 3.307652235835588
5877 3.3193433474694305
5878 3.336385450650386
5879 3.3222023393276365
5880 3.3012626893254335
5881 3.2781462829852503
5882 3.245332269790976
5883 3.2160411509197178
5884 3.21134392725397
5885 3.243308845899283
5886 3.2854518775016293
5887 3.3230577232048035
5888 3.347273540799735
5889 3.356691268603949
5890 3.3609009074133236
5891 3.360397640525898
5892 3.3577868641440216
5893 3.3582933433122886
5894 3.371695198281685
5895 3.386323457222529
5896 3.404407237535512
5897 3.4147746857976373
5898 3.4247262237775704
5899 3.4271246283641164
5900 3.450167401182355
5901 3.486014677536588
5902 3.5122956472669387
5903 3.4867657694313277
5904 3.445008635249937
5905 3.4214383936482897
5906 3.416483500323806
5907 3.407245069543803
5908 3.3934294956342765
5909 3.388993253063897
5910 3.3911921049603886
5911 3.39194783011695
5912 3.4100018530985614
5913 3.4209627228892145
5914 3.4242135427930127
5915 3.413586936696157
5916 3.365390635577783
5917 3.303834293413166
5918 3.2401573664640178
5919 3.1914314417279384
5920 3.1663692322111676
5921 3.160187899722655
5922 3.150129407654849
5923 3.1369398676412397
5924 3.129389456363061
5925 3.1462361198509297
5926 3.1938486399148767
5927 3.2286532066017366
5928 3.2395241934655172
5929 3.2333204998412923
5930 3.208699777443002
5931 3.1934748269761464
5932 3.1777703885351145
5933 3.169748634437549
5934 3.1683993027884996
5935 3.1734273586237283
5936 3.1726463215413676
5937 3.1757485907508123
5938 3.1900900102965593
5939 3.2056080844930213
5940 3.228378805129572
5941 3.246669722741711
5942 3.2421227488185385
5943 3.2055902698793246
5944 3.144514469103878
5945 3.0651589913568826
5946 3.0051858188953675
5947 2.9629664348598332
5948 2.933503881545149
5949 2.884409946846542
5950 2.821512400524966
5951 2.765909974218333
5952 2.7332649449236857
5953 2.725993990963239
5954 2.7276772739599466
5955 2.724753706152841
5956 2.7289161389114116
5957 2.723967183930094
5958 2.6891813306763437
5959 2.646206419948449
5960 2.6221654902270854
5961 2.6185582716224696
5962 2.6226569304370826
5963 2.628656742739322
5964 2.6341051378308586
5965 2.635722864471377
5966 2.612440571616648
5967 2.5820049935217777
5968 2.5520208410669554
5969 2.51769460748459
5970 2.4731861896228162
5971 2.4293235582362187
5972 2.401217800451276
5973 2.3796885199991338
5974 2.347610952764415
5975 2.3046182685144374
5976 2.266595347979564
5977 2.2336563316925893
5978 2.1888360786232943
5979 2.15695002808595
5980 2.125334179166863
5981 2.1018900774223432
5982 2.09276730745262
5983 2.1011445243827302
5984 2.119586296148417
5985 2.130254207293862
5986 2.1389277276373777
5987 2.13519318527874
5988 2.1284874872130177
5989 2.11987137116926
5990 2.0936453980603313
5991 2.0570173176179716
5992 2.020909254222599
5993 1.995067113406832
5994 1.9646944402549682
5995 1.934802452894949
5996 1.9152316080135183
5997 1.9026381327063757
5998 1.8907642895194965
5999 1.881406537220817
