#frame I
5000 2.3425607684393968
5001 2.3707915276162086
5002 2.442110292967278
5003 2.5168765372040833
5004 2.575947238236394
5005 2.6027191825993916
5006 2.6096934847848092
5007 2.5797205714177616
5008 2.6041398824726034
5009 2.681768104495323
5010 2.758930040468332
5011 2.771109954979193
5012 2.7843977158540834
5013 2.7763423674359897
5014 2.8011167991418904
5015 2.8515492444670985
5016 2.8782238069258628
5017 2.851680224805691
5018 2.802864838167692
5019 2.7828673052699626
5020 2.7726017064209687
5021 2.7858770712384664
5022 2.7939230450711863
5023 2.7650688621951542
5024 2.729398522214447
5025 2.6978438700137373
5026 2.679878341485488
5027 2.639067092733932
5028 2.5929230931459033
5029 2.58811696099796
5030 2.627924481351783
5031 2.671767197903619
5032 2.716838164581224
5033 2.7584508564266303
5034 2.7677390521554104
5035 2.7461751442398548
5036 2.7353697008236413
5037 2.712522092225949
5038 2.727062456391082
5039 2.7327040381887255
5040 2.7240482031733637
5041 2.7022372603236606
5042 2.6352728682617674
5043 2.5974077299422684
5044 2.5695912472127427
5045 2.5372801119625445
5046 2.5220386381608937
5047 2.5064898368547928
5048 2.5340478076509894
5049 2.5340260196598674
5050 2.5618514376164976
5051 2.5343937465610686
5052 2.5385480428004414
5053 2.5637718383355095
5054 2.6179289428590145
5055 2.7044999050080087
5056 2.7920358462178565
5057 2.840412658237134
5058 2.839963988579378
5059 2.8309176742465234
5060 2.8490847504335854
5061 2.8399730052109673
5062 2.824443790022287
5063 2.8132532597107596
5064 2.829672602275918
5065 2.906468978365262
5066 2.9126343387562033
5067 2.8517489045502256
5068 2.8397959635548213
5069 2.838536941016864
5070 2.825707242740895
5071 2.7905285360431704
5072 2.7307501448995777
5073 2.750280426001443
5074 2.764102413979186
5075 2.753677559848482
5076 2.749979854725071
5077 2.736373491251188
5078 2.743614236828505
5079 2.7550056202278363
5080 2.742000309844657
5081 2.730648591270859
5082 2.7286788693756674
5083 2.7150659887361757
5084 2.645248362257638
5085 2.5962786457133626
5086 2.6078463743284366
5087 2.6421489003046252
5088 2.6181825156000254
5089 2.5556478905991784
5090 2.4684164375837674
5091 2.413925897575848
5092 2.4014445064504524
5093 2.410304522407218
5094 2.4080041801862153
5095 2.3907933257654075
5096 2.3732377143470114
5097 2.3599664629701724
5098 2.3493011502194734
5099 2.339139526482382
5100 2.358583461837233
5101 2.3294170776098913
5102 2.2943980234644306
5103 2.27651708824491
5104 2.2140122761028005
5105 2.2332787127286813
5106 2.2788398819573636
5107 2.3155225452282293
5108 2.3426792940204257
5109 2.3203482893289165
5110 2.309896380571082
5111 2.323528168341579
5112 2.310073753712795
5113 2.291261904508023
5114 2.2848692541477558
5115 2.284866954058533
5116 2.3208115974121175
5117 2.361031700730421
5118 2.3522323068174518
5119 2.327036809316709
5120 2.312596201413144
5121 2.3597724519099588
5122 2.370299908321831
5123 2.330149771270325
5124 2.3133900003085714
5125 2.3336107631572967
5126 2.33081441051642
5127 2.3238114043023943
5128 2.288439510713894
5129 2.2695602476845225
5130 2.259053349088107
5131 2.28076614327533
5132 2.3348296822840835
5133 2.4469482483441456
5134 2.5478166791722634
5135 2.6132540910639657
5136 2.6422620537658412
5137 2.6624859365824056
5138 2.6818300890475593
5139 2.6718431822365427
5140 2.639624020080794
5141 2.594955374676527
5142 2.5263752992058577
5143 2.496914967739471
5144 2.4751467537485667
5145 2.4430997908900838
5146 2.4329125190058716
5147 2.415365569005416
5148 2.3855577253201545
5149 2.3394423309117536
5150 2.3148624574983496
5151 2.334442225976716
5152 2.354549795800924
5153 2.3984075996437046
5154 2.4478554890680693
5155 2.4977155967970743
5156 2.526699807372706
5157 2.5401111764825863
5158 2.624334534195282
5159 2.7510520641053327
5160 2.861714072477345
5161 2.918763761819387
5162 2.9729311047855673
5163 3.0299704067034523
5164 3.082865746807647
5165 3.126059740571079
5166 3.1082669395753655
5167 3.057655003868311
5168 2.9972045341601663
5169 2.953942099750007
5170 2.9105843361852894
5171 2.8439772732539232
5172 2.7834595942833325
5173 2.74808749706146
5174 2.735985978930208
5175 2.75466253069846
5176 2.763954514718796
5177 2.7604920421711494
5178 2.7943165808146686
5179 2.856559688385815
5180 2.908799515713649
5181 2.9325510182659262
5182 2.9259786825896263
5183 2.9035304037568115
5184 2.9230127837131974
5185 2.93195087542418
5186 2.9126473195962843
5187 2.8950315790374535
5188 2.883309908838311
5189 2.8181536457175067
5190 2.754284896315876
5191 2.7115859118655785
5192 2.659043339500278
5193 2.593063687684445
5194 2.5349697557138398
5195 2.519588164777304
5196 2.484992455073895
5197 2.436948841361444
5198 2.4035166036354267
5199 2.408090361319381
5200 2.4172770303428757
5201 2.422432203933947
5202 2.488446989402839
5203 2.540826253946597
5204 2.567225098872976
5205 2.5882113787665437
5206 2.589805388482644
5207 2.5739526909648682
5208 2.555813550456406
5209 2.5242732881081666
5210 2.468380972582146
5211 2.359509494754368
5212 2.2785610377100634
5213 2.2391786557749436
5214 2.2103991783774237
5215 2.18035606654055
5216 2.171778358667109
5217 2.1523057338296656
5218 2.147656425243729
5219 2.1678177955440403
5220 2.1490012885068737
5221 2.1490971395471634
5222 2.1956076923682226
5223 2.2881094607180232
5224 2.3900151420458906
5225 2.4609531882088014
5226 2.4683543970384947
5227 2.461562303868567
5228 2.439484198149697
5229 2.4181071024943774
5230 2.3997189065035665
5231 2.4174473403166723
5232 2.4588166445478157
5233 2.4877372073498045
5234 2.501673525355845
5235 2.5543214049945555
5236 2.633371864387313
5237 2.7028693134896717
5238 2.7381492914812116
5239 2.724849281549373
5240 2.676967006436064
5241 2.681202179683781
5242 2.709354042019749
5243 2.7288961904588174
5244 2.6896151728571276
5245 2.665967754896778
5246 2.6315571228029127
5247 2.596597474899887
5248 2.595840367696203
5249 2.620391042109049
5250 2.6229233637975575
5251 2.6420214524773256
5252 2.6676753537824283
5253 2.690503236599884
5254 2.7270072773671568
5255 2.7555714397491045
5256 2.7340706808607633
5257 2.7252849579351173
5258 2.7379484829695184
5259 2.7534662215464656
5260 2.7683598224913166
5261 2.7634861730174958
5262 2.7520175175021553
5263 2.7337387160085305
5264 2.7308753929775142
5265 2.7490716589391786
5266 2.818567784086459
5267 2.8611281474552697
5268 2.8572891328479204
5269 2.8657102249175943
5270 2.880570838633826
5271 2.9231158124284358
5272 2.9055420474998126
5273 2.890999772406227
5274 2.8740410208640723
5275 2.857567200488582
5276 2.948385805218551
5277 2.999467741793161
5278 3.04951733529988
5279 3.06706025469209
5280 3.041816505465812
5281 3.0067569559695047
5282 2.982611324045328
5283 2.9670938060871537
5284 2.9185928358699527
5285 2.850368561608098
5286 2.8451337579762117
5287 2.907219608139339
5288 3.001447075173432
5289 3.034757608862988
5290 3.0200621172672792
5291 2.957525654888968
5292 2.920962147190142
5293 2.9203237222226317
5294 2.9055639663529456
5295 2.87228047316743
5296 2.8395116631697817
5297 2.839171027302689
5298 2.8377064958764286
5299 2.8263776058108876
5300 2.8189924160403703
5301 2.8193040928777604
5302 2.808484995681514
5303 2.823508268213093
5304 2.8719159946561565
5305 2.8945235128582096
5306 2.9038804132106075
5307 2.9032078143316227
5308 2.8915743253778343
5309 2.866436747499592
5310 2.8288313478934843
5311 2.8034180845038787
5312 2.7830062435023226
5313 2.831027797751455
5314 2.8510974319964033
5315 2.817156852770899
5316 2.8228977099062
5317 2.875391774281787
5318 2.9363649750868333
5319 2.984334721131443
5320 3.0488076306581484
5321 3.0791150881271165
5322 3.0742522031364987
5323 3.0313642623691464
5324 3.007453744498874
5325 3.005746275427199
5326 3.0231917223196727
5327 3.0168380877707675
5328 2.9896176744385774
5329 2.98257294780797
5330 2.9773551865067085
5331 2.9574076896387944
5332 2.9487923429297798
5333 2.9020100516502936
5334 2.865092312485014
5335 2.8200115307164997
5336 2.798141820201365
5337 2.755437535027211
5338 2.7199599343729575
5339 2.7525244134860656
5340 2.8031849204924497
5341 2.866856140635149
5342 2.9466433192793806
5343 3.037490759334128
5344 3.0469839640667913
5345 3.061935546273006
5346 3.0861505748073146
5347 3.053036047307914
5348 2.9771480774714605
5349 2.893756685701088
5350 2.7950804810418304
5351 2.77838144960667
5352 2.8225224542724954
5353 2.8875118150196553
5354 2.8805213483996677
5355 2.794566061573545
5356 2.7608983472636237
5357 2.7572556827979624
5358 2.7616319732143273
5359 2.749354368093596
5360 2.7158478348909147
5361 2.7233488772881844
5362 2.7742573932522725
5363 2.859770751547608
5364 2.898178322587176
5365 2.9284487748015287
5366 2.9659065156185136
5367 2.955290185443262
5368 2.9135244050561417
5369 2.8519756318052725
5370 2.7820287282272136
5371 2.7107206514800297
5372 2.6800882984527377
5373 2.663800836908316
5374 2.645088812565987
5375 2.6453256392715128
5376 2.630838709090513
5377 2.6581877253263926
5378 2.6835479062236804
5379 2.712322759405473
5380 2.746382474908837
5381 2.7641120502279257
5382 2.7525126193544565
5383 2.7654929987323116
5384 2.790213748558485
5385 2.7296407166752608
5386 2.6638467324616646
5387 2.6498970914126727
5388 2.672231313309761
5389 2.683473050909739
5390 2.671807082903225
5391 2.6642528881269634
5392 2.6700307493942153
5393 2.691996768744799
5394 2.702114175156554
5395 2.7066209691260625
5396 2.711032153566428
5397 2.7099048481938803
5398 2.6863288805031047
5399 2.6406859124517235
5400 2.590489026201274
5401 2.572342972320977
5402 2.6002402863574448
5403 2.6125408466805897
5404 2.6088199030363297
5405 2.6192769284251556
5406 2.6482473886262095
5407 2.691637071382222
5408 2.6935367978124
5409 2.675457169310679
5410 2.643146941440989
5411 2.6609263326271972
5412 2.685337985951185
5413 2.70412157057611
5414 2.7059968227553814
5415 2.675011630575048
5416 2.661209755616765
5417 2.645310554908772
5418 2.6027738729664125
5419 2.586161348010553
5420 2.640123012177973
5421 2.649572639592822
5422 2.6084933651449815
5423 2.571114013530815
5424 2.5580064901223984
5425 2.542632893768454
5426 2.544480640287548
5427 2.5659368686990485
5428 2.5793335822318695
5429 2.5863615689769093
5430 2.5969734577600945
5431 2.6052226696172385
5432 2.607348280028579
5433 2.5833193829545973
5434 2.557342024265083
5435 2.513107988694667
5436 2.4572938402025355
5437 2.4476876071361935
5438 2.4783423180419435
5439 2.5030410799019216
5440 2.5168694141550887
5441 2.546707701358912
5442 2.540395005906227
5443 2.5294895953945193
5444 2.5185846826856766
5445 2.4962078695780567
5446 2.4600879066952723
5447 2.409105797345477
5448 2.416391672196
5449 2.4596512981769405
5450 2.5051207233537003
5451 2.514187312224476
5452 2.4948608011033158
5453 2.466170981691961
5454 2.4461111184103803
5455 2.4329142235193935
5456 2.4098813634967784
5457 2.3867936578814
5458 2.4204656739987
5459 2.456679835838978
5460 2.477479805068275
5461 2.484545871634165
5462 2.4779747001903787
5463 2.4221205070149514
5464 2.3773175022395683
5465 2.40587540346267
5466 2.4829707772642187
5467 2.4928445497986336
5468 2.4577578007875007
5469 2.4512519505322072
5470 2.4369203857623254
5471 2.4488809719244147
5472 2.437874202959965
5473 2.429999429859327
5474 2.385636452078448
5475 2.3722025689982775
5476 2.39322920297674
5477 2.4463724238223534
5478 2.472521551391582
5479 2.4733794916147436
5480 2.507363815317933
5481 2.537760361374535
5482 2.5600481180724866
5483 2.5684102010324206
5484 2.570372339195883
5485 2.5475263363274894
5486 2.534822269785444
5487 2.534887724630032
5488 2.5315437051959666
5489 2.5719032260560963
5490 2.57648790016717
5491 2.5506254881906747
5492 2.5091450375243833
5493 2.4643142459286818
5494 2.4674489134456747
5495 2.486985699750142
5496 2.4838978454170704
5497 2.449399168176087
5498 2.4117737378093325
5499 2.401318609550429
5500 2.4111081798085814
5501 2.4093596613344657
5502 2.416187347924563
5503 2.3893888205765776
5504 2.357201499672877
5505 2.3503243485550303
5506 2.3430183020077147
5507 2.3060910101900824
5508 2.2939639281664
5509 2.286181748797304
5510 2.258024489079902
5511 2.245781604301456
5512 2.240092642423681
5513 2.208565941608562
5514 2.1506917566654726
5515 2.1119227690137974
5516 2.094009415833767
5517 2.1099880963354547
5518 2.1525934311786434
5519 2.186058196581899
5520 2.2249390765607173
5521 2.2524633615780556
5522 2.30966338822222
5523 2.3334750469121537
5524 2.3448637679598106
5525 2.3515531712330624
5526 2.402588230988258
5527 2.4400208613150047
5528 2.457003622789541
5529 2.473231508923993
5530 2.4888726179391054
5531 2.5097831360539775
5532 2.5322636140807613
5533 2.562240932066811
5534 2.575876598825897
5535 2.5869579204581
5536 2.5759605222527218
5537 2.5492870478100733
5538 2.5135272244421984
5539 2.522566298557873
5540 2.513450002814288
5541 2.5275827075191164
5542 2.560345202089198
5543 2.6207393219019743
5544 2.6424493685301025
5545 2.663641514942034
5546 2.6798741553064174
5547 2.7177459709054705
5548 2.7816778878034625
5549 2.8384471499613455
5550 2.896315574587372
5551 2.923445122648948
5552 2.959714157626524
5553 3.0083478161936146
5554 3.046202903873298
5555 3.084405976970069
5556 3.127685549706429
5557 3.194801564002559
5558 3.2706119881036906
5559 3.3148607915611823
5560 3.3561771503471323
5561 3.3682088266308154
5562 3.359004472605015
5563 3.349763584468101
5564 3.3535064184486454
5565 3.355228943563262
5566 3.3135887241957436
5567 3.285122978960964
5568 3.29899883963475
5569 3.3044377173130393
5570 3.275798980977114
5571 3.2566772022652453
5572 3.265231513965503
5573 3.327248913334565
5574 3.309594534360835
5575 3.2368864173220437
5576 3.204265768155361
5577 3.189271797002739
5578 3.109014242830768
5579 3.0077528384923404
5580 2.9280902767505563
5581 2.9022125532444876
5582 2.8934992592440594
5583 2.920824907174496
5584 2.8917184735154255
5585 2.8304392828278235
5586 2.823945381925352
5587 2.80071011081004
5588 2.794332513552882
5589 2.809390900794038
5590 2.822972727424999
5591 2.806851932665188
5592 2.808322876532792
5593 2.81106037676705
5594 2.8090211990469256
5595 2.8051637048165907
5596 2.7682624342687165
5597 2.7373480128657817
5598 2.705338860221924
5599 2.6716034439984244
5600 2.6299598040500096
5601 2.6365265517563596
5602 2.668038968813472
5603 2.664447131021759
5604 2.648600510410344
5605 2.633140473736051
5606 2.640008141692987
5607 2.6581761937078814
5608 2.6601370338160524
5609 2.6428558114689547
5610 2.6413182262876944
5611 2.690894182262683
5612 2.792248377531952
5613 2.886078319402054
5614 2.9194388029749394
5615 2.9574486506495776
5616 2.9730398696039937
5617 2.926808729366174
5618 2.8561297948412494
5619 2.7706875445550576
5620 2.699643891678712
5621 2.6257158430293734
5622 2.5384043851012343
5623 2.4456693991961482
5624 2.333502766225838
5625 2.2342622671151644
5626 2.1510690014527722
5627 2.0892658215838917
5628 2.041323069143755
5629 1.9801483452303579
5630 1.9553936640027396
5631 1.9201629006137997
5632 1.8936259700177622
5633 1.8521039386060452
5634 1.8273805211796381
5635 1.7879977130939513
5636 1.773247384795956
5637 1.787200046245425
5638 1.7717801861022775
5639 1.7633581624713563
5640 1.7491233286467203
5641 1.7479083465973
5642 1.7615172957102514
5643 1.8047654072184023
5644 1.8514724515074203
5645 1.8967382451507384
5646 1.9424286675630853
5647 2.0021249143463207
5648 2.0455907663406157
5649 2.039605163759696
5650 1.998831932860294
5651 1.962392316647144
5652 1.910406052413962
5653 1.8761262006630601
5654 1.8466432646889417
5655 1.8097645495582635
5656 1.8296531877558622
5657 1.8531245301331989
5658 1.859963739375844
5659 1.834900526553604
5660 1.8354366521097731
5661 1.8478094436402812
5662 1.8413043808948597
5663 1.8214625988979254
5664 1.8344090584996176
5665 1.848933795993929
5666 1.849866981598436
5667 1.8357462845502075
5668 1.8175665840161364
5669 1.8120285020247238
5670 1.8559659063960579
5671 1.8716640812975078
5672 1.8421625102490364
5673 1.8218953687655433
5674 1.7972978779314226
5675 1.7747633586074034
5676 1.7909521072799175
5677 1.8469980652309308
5678 1.9009848805947718
5679 1.9347329075051996
5680 1.9390789521138179
5681 1.963752350146702
5682 2.0056261346428803
5683 2.031913245655008
5684 2.042688082796593
5685 2.047452678700071
5686 2.0797124264569993
5687 2.1144538721077524
5688 2.155011461444946
5689 2.1878020833625835
5690 2.182937420908949
5691 2.170338042683924
5692 2.152655405945943
5693 2.1306944206642005
5694 2.0958074924825167
5695 2.0565324025385405
5696 2.0365209722283364
5697 2.004661616727947
5698 1.965188350065051
5699 1.9464624059818763
5700 1.947419285015947
5701 1.9402268617839635
5702 1.9496112248422512
5703 1.9635008712838937
5704 1.9675230759260756
5705 1.9766580000697913
5706 1.959572973049414
5707 1.9256364148326164
5708 1.9101428118409047
5709 1.8933797674808863
5710 1.870913402088772
5711 1.863269693350203
5712 1.8553640048333213
5713 1.8276245739166554
5714 1.8154417341150344
5715 1.7814139763974315
5716 1.7644162185200851
5717 1.728747417035322
5718 1.7036116072384047
5719 1.6951514322603876
5720 1.6667242828431887
5721 1.6448463366198707
5722 1.6174029407561943
5723 1.583243855214111
5724 1.5484601275328684
5725 1.5292024566235827
5726 1.533997148541522
5727 1.547194563621162
5728 1.5341408654635633
5729 1.523371948512746
5730 1.5338130813584758
5731 1.5569816177592466
5732 1.5599094281016288
5733 1.5634412563681321
5734 1.5641938528328996
5735 1.5673035592768845
5736 1.5593849436416207
5737 1.5643198927689392
5738 1.5648670681367944
5739 1.5850734779187106
5740 1.6137901621700763
5741 1.6151725048996874
5742 1.623557964761128
5743 1.646346856780146
5744 1.6596950455585908
5745 1.6688402793630972
5746 1.668040988792024
5747 1.6564860054114836
5748 1.6678333479125875
5749 1.7189608566907424
5750 1.7833073558479506
5751 1.847984757992672
5752 1.9156537247457825
5753 1.971221832701561
5754 2.0283620303885073
5755 2.090739700672656
5756 2.135576786521721
5757 2.143311434251617
5758 2.120231310918414
5759 2.1056100861111915
5760 2.0663717205564565
5761 2.041403117569609
5762 2.0277099574933644
5763 2.0120195011272606
5764 1.9943713194040125
5765 1.9818060340015382
5766 1.9801043198990484
5767 1.9785565732428234
5768 1.9781206630529142
5769 1.9939289724535634
5770 2.0214443098830546
5771 2.0430465414107446
5772 2.054431927063531
5773 2.059824121343322
5774 2.067141384816223
5775 2.0808626240101424
5776 2.0670194596806866
5777 2.085365947781492
5778 2.0895890474116663
5779 2.089173611409964
5780 2.071677544526276
5781 2.043247549049335
5782 2.019191387479649
5783 1.983790070625661
5784 1.9686034334483977
5785 1.9724270790184115
5786 1.9481715996964957
5787 1.9103503985040935
5788 1.8787722878573174
5789 1.879184991011736
5790 1.890452630965394
5791 1.9023619707807617
5792 1.895042759473946
5793 1.9075336456971068
5794 1.9233785900973948
5795 1.9211646360864325
5796 1.9401180381279317
5797 1.9568667782722449
5798 2.00235273806028
5799 2.0618672078979756
5800 2.0657155936018556
5801 2.0409337946951482
5802 2.004229622672187
5803 2.0142533276278596
5804 2.0051341222761145
5805 1.960248791265653
5806 1.9375266512105223
5807 1.9251655053563395
5808 1.9221181644980305
5809 1.9060296135119374
5810 1.8795619109944801
5811 1.8600147144614556
5812 1.871888522131582
5813 1.8744275893732574
5814 1.9015598366655746
5815 1.9177765094018908
5816 1.9359219142859125
5817 1.9267078157700164
5818 1.9080575530310457
5819 1.9296588591292978
5820 1.9632846193089657
5821 1.9862507214429728
5822 2.0055930939784687
5823 1.976413515593504
5824 1.949061845671712
5825 1.9478158698440884
5826 1.926931147970983
5827 1.9553995402288797
5828 2.0220502949466206
5829 2.042924029535314
5830 2.042505426594785
5831 2.0449856495947016
5832 2.0834275019712662
5833 2.1237822766747643
5834 2.164176207684332
5835 2.200083461258326
5836 2.1906489141045284
5837 2.2123761423666672
5838 2.222146992195348
5839 2.2333065139036576
5840 2.242866907354255
5841 2.2460563585908475
5842 2.2285190496910925
5843 2.1986219017499633
5844 2.155434694077401
5845 2.129040047783811
5846 2.1320923756438552
5847 2.1521173652007115
5848 2.169913965253015
5849 2.158718427284024
5850 2.1439116125483215
5851 2.1130287041659215
5852 2.0879607547877232
5853 2.053467008644954
5854 2.0528996273575837
5855 2.0696715486657906
5856 2.1052921159008706
5857 2.1391067148002367
5858 2.152836066895139
5859 2.1775091887512548
5860 2.2006426155344156
5861 2.197150278178482
5862 2.17743152586504
5863 2.149764655531814
5864 2.135675856221481
5865 2.102142291355257
5866 2.0637865151360106
5867 2.040781316956505
5868 2.0372695949838455
5869 2.0169655869199814
5870 2.025326857606637
5871 2.043094466234074
5872 2.063278268441833
5873 2.0690079461980346
5874 2.079996313712259
5875 2.076908733757612
5876 2.076230681096995
5877 2.0775005116272554
5878 2.0765994558525795
5879 2.0780059233720967
5880 2.079275239951957
5881 2.066823469081177
5882 2.043523303231849
5883 2.0309876504253226
5884 2.0122604047780253
5885 1.982281909589592
5886 1.9690389387790521
5887 1.9661438031244327
5888 1.9443445487149167
5889 1.9610753162002017
5890 1.9797461869254946
5891 2.008657417891167
5892 2.058415595732055
5893 2.0847074673604844
5894 2.0939190216285968
5895 2.10174750140575
5896 2.1320789617289124
5897 2.200926382958115
5898 2.273675332703835
5899 2.3261980237867648
5900 2.334804598747707
5901 2.327089205247068
5902 2.301028342571302
5903 2.2469177610739903
5904 2.206880994446368
5905 2.180048900449703
5906 2.172694594808907
5907 2.1772599359875078
5908 2.1561033811307704
5909 2.107430386570772
5910 2.0809096631202095
5911 2.0554469544288487
5912 2.0348013100013747
5913 2.0203529202566717
5914 1.9828856632425653
5915 1.9479788567500904
5916 1.924446260092704
5917 1.901699580766909
5918 1.870302351692098
5919 1.8530291974132103
5920 1.8265567272201595
5921 1.804889198696931
5922 1.78095455857506
5923 1.7861354181692024
5924 1.8177499957380239
5925 1.8387532483959774
5926 1.8517056792488855
5927 1.844370046839013
5928 1.8330975053833394
5929 1.8041812607004757
5930 1.786959542107976
5931 1.7823776013222261
5932 1.7681325772553143
5933 1.7467211015866972
5934 1.729155002023423
5935 1.7016231567183515
5936 1.6881840050144827
5937 1.6797474957561598
5938 1.6968998402553128
5939 1.7083382946383663
5940 1.7556319744356252
5941 1.8212167815494646
5942 1.8613936650776959
5943 1.8514605056579083
5944 1.868019840333917
5945 1.9362727765723524
5946 1.9935737835383167
5947 2.017331778184459
5948 1.999524681560896
5949 1.960409021236633
5950 1.944791789137655
5951 1.9276321914297165
5952 1.900799220223061
5953 1.86456673511624
5954 1.8483021269219289
5955 1.8295069784720992
5956 1.8238849776927233
5957 1.8226265362300242
5958 1.8427372398399728
5959 1.892736846828833
5960 1.920393575322307
5961 1.9793700795520175
5962 2.0307089989883758
5963 2.075404094719913
5964 2.1375753270626805
5965 2.2186522662916746
5966 2.2839205995234653
5967 2.314520540900646
5968 2.3251780856158413
5969 2.329031265332564
5970 2.332755413321958
5971 2.3212079607480063
5972 2.2966439496924096
5973 2.2716863670083276
5974 2.2615700145135746
5975 2.240802170182646
5976 2.2209155739729782
5977 2.1931598502256393
5978 2.191377439190326
5979 2.168644879541673
5980 2.133737654024382
5981 2.1434987228931184
5982 2.1607155507718963
5983 2.2003493236584695
5984 2.242839146835449
5985 2.294277985988312
5986 2.3852962352459337
5987 2.4454904089647975
5988 2.461209977771497
5989 2.4512545233438274
5990 2.4370204203585653
5991 2.4266191782905118
5992 2.4096780244435676
5993 2.382363235135005
5994 2.351941360989264
5995 2.338523799994328
5996 2.33399311031929
5997 2.330539088428263
5998 2.3161545966504784
5999 2.2749724795587865
