#frame I
5000 2.2183617465092733
5001 2.1716131262037655
5002 2.1576032771878886
5003 2.1367388883554037
5004 2.1059412773940243
5005 2.1024664855180877
5006 2.100843207566216
5007 2.092883213933722
5008 2.0612128459818475
5009 2.0154361582059055
5010 1.9751296778961678
5011 1.952217484887722
5012 1.9291687042543917
5013 1.9110177360693112
5014 1.913030818638706
5015 1.9152966509174154
5016 1.9289337779881546
5017 1.9497072125023063
5018 1.947515316662518
5019 1.9513627391103163
5020 1.9367852784296982
5021 1.9296765632903823
5022 1.962919613292437
5023 2.0090307888792283
5024 2.076600871725336
5025 2.1285062118402016
5026 2.1361683336836372
5027 2.152731187807096
5028 2.1968524622777816
5029 2.2159020201303656
5030 2.206565363763393
5031 2.180366896351179
5032 2.136346202364719
5033 2.106245717647146
5034 2.072783447167369
5035 2.0423923233524253
5036 2.0291307076042373
5037 2.017255066596528
5038 2.0180774154237846
5039 1.9965491451951947
5040 1.9758567170400883
5041 1.9559262140920464
5042 1.907651812484028
5043 1.8772914231569082
5044 1.894473788732385
5045 1.9222729774463985
5046 1.9287096418664114
5047 1.9313674891737773
5048 1.9240658373126207
5049 1.9069396551894875
5050 1.8940206154689536
5051 1.8757033805068604
5052 1.8477405574050776
5053 1.8368713669648862
5054 1.8388595932518403
5055 1.8263927885110192
5056 1.8274336241004827
5057 1.8176986519837257
5058 1.8019293696603649
5059 1.8137124508660216
5060 1.8386248808705212
5061 1.8570485129875423
5062 1.8428756437071936
5063 1.8304871092718373
5064 1.856975973451068
5065 1.8735157066237418
5066 1.8728821879833646
5067 1.8504730230860447
5068 1.815586543865899
5069 1.8175888495175314
5070 1.8436464943961195
5071 1.8699084545190174
5072 1.8818589966442263
5073 1.9063087223572497
5074 1.9356252756525867
5075 1.9449341993746443
5076 1.8947108900776626
5077 1.8477818457636899
5078 1.8207309331517783
5079 1.8049109910989702
5080 1.7999480432071833
5081 1.7928579038755577
5082 1.7858000575996638
5083 1.7837742069881515
5084 1.7669526108841342
5085 1.7825514937903524
5086 1.8250974645276032
5087 1.870120426372489
5088 1.8965620588412426
5089 1.9453977787391812
5090 1.9799950829975859
5091 2.0222794265436015
5092 2.078352123682926
5093 2.131695858611392
5094 2.1590098829387467
5095 2.1352109772952845
5096 2.131515450133277
5097 2.16572828353821
5098 2.217559444247266
5099 2.262261562039681
5100 2.302337412253718
5101 2.3371008236988686
5102 2.373202333307905
5103 2.3765294274982467
5104 2.355760064892432
5105 2.327804396770004
5106 2.3012020352470537
5107 2.2714466894307135
5108 2.211628730925975
5109 2.1314157503501296
5110 2.0871251417918724
5111 2.0690799867467633
5112 2.0546693388627344
5113 2.064639749402863
5114 2.086547059385056
5115 2.083806499569392
5116 2.0998655694486623
5117 2.1237167236984957
5118 2.129926416797246
5119 2.148696908746686
5120 2.172501345038968
5121 2.1783166597092163
5122 2.1586035527113507
5123 2.1458585830959733
5124 2.149646252225943
5125 2.1801630418137674
5126 2.2056181836658135
5127 2.2046176522035963
5128 2.1921365507123394
5129 2.1795716752688485
5130 2.1757979599521633
5131 2.1901653118331166
5132 2.255249714263261
5133 2.2888842352234198
5134 2.300248380288053
5135 2.3156197851091767
5136 2.3442899159347537
5137 2.3866510624668975
5138 2.3987025825865556
5139 2.381659776491735
5140 2.351745581761626
5141 2.3277111992398267
5142 2.29292627257302
5143 2.276747723207155
5144 2.2826044873420255
5145 2.28177234923097
5146 2.2689337438760933
5147 2.2337559734446217
5148 2.2476997428863514
5149 2.292995124653472
5150 2.3133138752072333
5151 2.324947284028201
5152 2.3506774913999866
5153 2.4026309176351015
5154 2.4359306232198796
5155 2.415756416256303
5156 2.3734049961967156
5157 2.3258662716362744
5158 2.262656905466778
5159 2.209258641601982
5160 2.1501993476797394
5161 2.122028429819064
5162 2.0919787510614833
5163 2.0537850528681423
5164 2.0547654365813095
5165 2.073350103655872
5166 2.084016756815092
5167 2.1031528921917753
5168 2.130177109191436
5169 2.134163050253752
5170 2.1101336067964516
5171 2.110806118649174
5172 2.1011791284242585
5173 2.07699603488431
5174 2.0620902454760968
5175 2.055831629781226
5176 2.037344894861971
5177 2.032740259837663
5178 2.0480375959717527
5179 2.0647155216556117
5180 2.070454225158735
5181 2.068923164243302
5182 2.0940867716650393
5183 2.1099763493099024
5184 2.097619308688438
5185 2.0549320432682707
5186 2.0495946981615636
5187 2.036626552168667
5188 1.98878256992715
5189 2.017456066468571
5190 2.059384604835456
5191 2.0504764200133616
5192 2.0290380285045293
5193 2.0120147066109135
5194 1.9987272152426403
5195 1.9618361075799016
5196 1.9298285034016465
5197 1.954017459609805
5198 2.0101845707652712
5199 2.0787023952120625
5200 2.099528829442059
5201 2.122214329478172
5202 2.175349792905339
5203 2.1869196729040055
5204 2.1565312835220913
5205 2.10305558071904
5206 2.0810534522757558
5207 2.116687637355395
5208 2.152027954150238
5209 2.149714130706457
5210 2.1593284472319136
5211 2.14746797877214
5212 2.1254617789368404
5213 2.1261922254899734
5214 2.118696755496622
5215 2.113979889450997
5216 2.107688207420098
5217 2.107549518559095
5218 2.1136741982776246
5219 2.1202188161901545
5220 2.1146022430772664
5221 2.074376241677604
5222 2.0684249638219288
5223 2.0727971082740777
5224 2.0798914382269778
5225 2.050640081099688
5226 2.062913486533385
5227 2.0933671102558122
5228 2.0907668134599926
5229 2.1056534182006454
5230 2.0927710078403865
5231 2.0882320019948226
5232 2.060978182399761
5233 2.0524818143642523
5234 2.070565030649758
5235 2.069783997327762
5236 2.096245663736376
5237 2.118334785347308
5238 2.142431358341778
5239 2.1611768419785626
5240 2.1788634451643865
5241 2.155669952111571
5242 2.13496136739276
5243 2.1987329386449743
5244 2.264037515896178
5245 2.3078663771680423
5246 2.367094846625402
5247 2.3710858111660986
5248 2.338789552396096
5249 2.325570467562464
5250 2.3347047805834262
5251 2.359990323856265
5252 2.355360706177281
5253 2.337738855665934
5254 2.289399611361151
5255 2.2195452311133512
5256 2.1774684824623742
5257 2.1436317302591776
5258 2.0827937199313227
5259 2.065833322979212
5260 2.054177822002112
5261 2.076387087707187
5262 2.1019546939534144
5263 2.138489741891948
5264 2.1611374815769815
5265 2.1430104315953273
5266 2.124040047464409
5267 2.1277931982856466
5268 2.1204186143276536
5269 2.104831115808679
5270 2.0672862893456094
5271 2.040429587377959
5272 2.0651492236791773
5273 2.076851517189457
5274 2.041399138067498
5275 2.0178394136931286
5276 2.014074767097102
5277 1.9963512228136462
5278 1.9672054727398933
5279 1.9422705413168815
5280 1.8981489231912074
5281 1.844860333379374
5282 1.8120978678713255
5283 1.7965877531386505
5284 1.8185272644785826
5285 1.8476113213127892
5286 1.8624049020657047
5287 1.8563089582255496
5288 1.8530287142129054
5289 1.8377624031435416
5290 1.8582556215037591
5291 1.8969549726583117
5292 1.9200222133835831
5293 1.9538435444726647
5294 1.9807445942936641
5295 1.9869419609247767
5296 1.9663268103723992
5297 1.9726926776990361
5298 2.021246461259953
5299 2.0636659195200937
5300 2.103462447133788
5301 2.1164988285727553
5302 2.117990280340823
5303 2.074590427862907
5304 2.0769802234955352
5305 2.122097666616243
5306 2.1394898308105743
5307 2.145361190805607
5308 2.1303365931503486
5309 2.117023957289695
5310 2.116691510578146
5311 2.1364717599346688
5312 2.1589671480077435
5313 2.162796920595666
5314 2.1631474006423863
5315 2.172207123511186
5316 2.1472234148099867
5317 2.1169726738608845
5318 2.0695864671127016
5319 2.049601152876137
5320 2.06062055347108
5321 2.0614791046133547
5322 2.047736720461217
5323 2.0399173289692234
5324 2.0019081891608748
5325 1.9438207133400653
5326 1.9415935591062996
5327 1.9652104012112264
5328 1.9645490113195436
5329 1.9208710459993772
5330 1.8802238948077483
5331 1.8478938841004906
5332 1.8239873353607183
5333 1.831051715637947
5334 1.8676307981036855
5335 1.8826253424241746
5336 1.8689018906247254
5337 1.858697592371369
5338 1.8660680113996626
5339 1.875720150578669
5340 1.8972239349696371
5341 1.9254198423669084
5342 1.9637643833588327
5343 1.9889631017133669
5344 2.018188874155857
5345 2.0497052227159553
5346 2.11537885470496
5347 2.1618010862647385
5348 2.163121702572222
5349 2.135664967805377
5350 2.1349043120783566
5351 2.137331280722176
5352 2.1465482114705754
5353 2.1469160065652555
5354 2.1447940419255365
5355 2.1306376841321777
5356 2.137316868545396
5357 2.123870070514201
5358 2.096011470194256
5359 2.0845699595445475
5360 2.060679393014437
5361 2.042708683722093
5362 2.05585018816091
5363 2.0401215634134813
5364 2.0277298436585416
5365 2.041955518555676
5366 2.085212717307611
5367 2.100167790566678
5368 2.1021327138787824
5369 2.0760587127550507
5370 2.0500794523104093
5371 2.0206135515165373
5372 2.034378123103359
5373 2.049573689573121
5374 2.055799754275834
5375 2.0339298604959257
5376 1.9880349703663418
5377 1.9683806987385775
5378 1.984755490223414
5379 2.029398762665775
5380 2.072890844352988
5381 2.0843535663830384
5382 2.0723625911895147
5383 2.0685399523744286
5384 2.061121161199699
5385 2.0543448041581156
5386 2.0798679901795745
5387 2.106844248116503
5388 2.121354044832564
5389 2.0915926160422065
5390 2.037867990178587
5391 1.975963388982301
5392 1.9798164492455868
5393 2.0020973221032463
5394 2.0314546232026167
5395 2.040385902596154
5396 2.0149032870851693
5397 2.009892539828689
5398 1.993801806073106
5399 1.9586581677087118
5400 1.9434363675040256
5401 1.9354669129096131
5402 1.9568027956394176
5403 2.011135485186521
5404 2.0669166008537156
5405 2.110824435443255
5406 2.071437089638366
5407 2.0373863909778156
5408 2.030517150101527
5409 2.0130906750441513
5410 1.9871802797997198
5411 2.0004309659442274
5412 2.0032449579022695
5413 1.9894544766897113
5414 1.9785675578291178
5415 1.9573814174094837
5416 1.9415501858139497
5417 1.9063299366577526
5418 1.882647508755523
5419 1.8667936895763744
5420 1.874659965352061
5421 1.8594760172614844
5422 1.8422702884341335
5423 1.823793714333127
5424 1.801662736176032
5425 1.8051293310249148
5426 1.8311627630171672
5427 1.8542966655436373
5428 1.8616461501525117
5429 1.8655267959079378
5430 1.8656409497346627
5431 1.888184329816094
5432 1.9221017985923543
5433 1.9541886161010806
5434 1.997450953069821
5435 2.0418425436212764
5436 2.080572453936656
5437 2.0929047147140376
5438 2.0956561243789125
5439 2.120016206045091
5440 2.1448592833141
5441 2.160508047196036
5442 2.1431916526009855
5443 2.11302136277326
5444 2.0843059067941723
5445 2.061013937184407
5446 2.0545793270386343
5447 2.062693119714692
5448 2.074941399981798
5449 2.043010266734984
5450 2.0213015522726603
5451 2.027692776009504
5452 2.0581215743643178
5453 2.088462067596381
5454 2.106148201527067
5455 2.124995997814875
5456 2.171047862166804
5457 2.2003929701539007
5458 2.240056846224961
5459 2.2866197483641333
5460 2.3445687338269545
5461 2.3706969989159674
5462 2.4136040005496655
5463 2.46217867304846
5464 2.4687053677994504
5465 2.449228845229542
5466 2.41985839855592
5467 2.362542872240679
5468 2.311549709289985
5469 2.259983009411315
5470 2.217810006950505
5471 2.1827482254250548
5472 2.172625639427055
5473 2.168581235867471
5474 2.144599465814092
5475 2.1254062017467072
5476 2.1358502791467693
5477 2.1653291370889893
5478 2.214866861117267
5479 2.2608473596327894
5480 2.2873982227325804
5481 2.338264698244934
5482 2.368399391563604
5483 2.360512141748248
5484 2.326585758401825
5485 2.2786490739892225
5486 2.2707393869951034
5487 2.2707880225497115
5488 2.2504128464955664
5489 2.215809021792694
5490 2.175766704870776
5491 2.135500605299605
5492 2.1169891619263446
5493 2.1181618219358915
5494 2.121906337148045
5495 2.1288696787476513
5496 2.1484758516295055
5497 2.1739699128821774
5498 2.206482067869432
5499 2.2237105433446374
5500 2.210456475349385
5501 2.1953348928392757
5502 2.1669129524527313
5503 2.160899614563412
5504 2.1689913052401244
5505 2.185821521016397
5506 2.1938232877393617
5507 2.1928343826884307
5508 2.192699780596438
5509 2.2353083191061494
5510 2.2810829996536808
5511 2.319919041925875
5512 2.358302324560001
5513 2.395067692823301
5514 2.429835875954841
5515 2.443938818349933
5516 2.4823827676747654
5517 2.5282384855144566
5518 2.5710185197888205
5519 2.6069219828427
5520 2.6072760547517535
5521 2.5987510295643874
5522 2.5814855167093342
5523 2.549841734015865
5524 2.496975704860688
5525 2.465399344142596
5526 2.420703988273668
5527 2.4023683193931067
5528 2.409316280140021
5529 2.394021111572141
5530 2.396946369067624
5531 2.440562035486633
5532 2.461153071529664
5533 2.526602256485384
5534 2.5615355167637937
5535 2.563304941904549
5536 2.5260664294818307
5537 2.475425197439227
5538 2.4612629202452996
5539 2.4594949333548812
5540 2.4399984802006944
5541 2.428992481840627
5542 2.396994319470279
5543 2.3957721787642123
5544 2.3916779138646187
5545 2.3805323154774793
5546 2.387568721935471
5547 2.4218510547231373
5548 2.464452807235015
5549 2.493843887187448
5550 2.51807246894624
5551 2.577540634525799
5552 2.6912230638452326
5553 2.797097692191354
5554 2.8804704536269754
5555 2.9138376543924003
5556 2.9459742096827912
5557 2.982711501403056
5558 2.983487014292783
5559 2.9945097498936963
5560 2.9859723048754625
5561 2.9617983611355427
5562 2.951910734866245
5563 2.9685230263457387
5564 3.004799796139249
5565 3.0169353828883327
5566 2.9976587653893216
5567 2.95936226920453
5568 2.9236934161411927
5569 2.876128662434487
5570 2.842147889763356
5571 2.8408881797422767
5572 2.860065073832762
5573 2.8772063851188414
5574 2.9086891996406603
5575 2.9343344784370404
5576 2.956059587656209
5577 2.9782049260806214
5578 3.001162451499511
5579 3.002961556535681
5580 2.9989260061356955
5581 2.9995064232962374
5582 2.983663887073084
5583 2.962904307747378
5584 2.9702532177499195
5585 2.9719000845611734
5586 2.939510216610171
5587 2.9181158437848427
5588 2.9047013460798325
5589 2.915528034621466
5590 2.927399933125122
5591 2.957679293899156
5592 2.992408916245154
5593 3.0054005429192663
5594 3.001046739311953
5595 2.983645636395675
5596 2.9521900723900827
5597 2.8998177410301813
5598 2.849442616638931
5599 2.834264031918123
5600 2.8462220730411527
5601 2.866955085405103
5602 2.8558650807915233
5603 2.846588432489635
5604 2.884402874491837
5605 2.92959779608321
5606 2.94226061377425
5607 2.915169750213745
5608 2.8858831554488624
5609 2.801360477810745
5610 2.7116911669514177
5611 2.6478668405709835
5612 2.617569648574841
5613 2.5779249953559775
5614 2.524711137093907
5615 2.5017660999495313
5616 2.4868286331548157
5617 2.4463122550918657
5618 2.411929788721382
5619 2.3680844350216605
5620 2.3252940019634285
5621 2.3236006220556615
5622 2.373173227715975
5623 2.4057584592098222
5624 2.401915458420439
5625 2.3673105257668605
5626 2.334248487892413
5627 2.2894549360805034
5628 2.2525551422824988
5629 2.2393928472741487
5630 2.1928340609141017
5631 2.144043206228364
5632 2.116191298857214
5633 2.12235074781671
5634 2.1564743911960758
5635 2.1816441782614744
5636 2.240070166089144
5637 2.330017455657631
5638 2.3849694044654055
5639 2.3912765227112485
5640 2.416956004879939
5641 2.4329126048998924
5642 2.3985708592866617
5643 2.370961598517798
5644 2.370055807119594
5645 2.3490102677741107
5646 2.3065390446745435
5647 2.292397300957649
5648 2.296907139197415
5649 2.272066951944141
5650 2.217063231736113
5651 2.160291914871409
5652 2.1319686407621403
5653 2.1417369812891627
5654 2.134373978780822
5655 2.138386201214725
5656 2.1047262015708417
5657 2.103393904282686
5658 2.1056819170839773
5659 2.1146413724568545
5660 2.1207239042350436
5661 2.1067348726715847
5662 2.0977497871580257
5663 2.1053356617703085
5664 2.1178427683690244
5665 2.169803530442357
5666 2.2280095737746524
5667 2.2489205760785618
5668 2.2698228913101666
5669 2.291733722186844
5670 2.322954217086385
5671 2.3174042381294795
5672 2.329755054145994
5673 2.3453743663375852
5674 2.3556888283021755
5675 2.3804933388543055
5676 2.395662673750317
5677 2.3383137444598288
5678 2.293432786468279
5679 2.2867894070254158
5680 2.2876601275715895
5681 2.2766176445017057
5682 2.2792583163014184
5683 2.3163750848218765
5684 2.3353774624814547
5685 2.3444891285055287
5686 2.3598428228324173
5687 2.3516261548545345
5688 2.3303865180838765
5689 2.315085872018144
5690 2.323763784451166
5691 2.309577366895623
5692 2.3072735710978316
5693 2.325141134861796
5694 2.3503752202355246
5695 2.3673714923008493
5696 2.359006869935119
5697 2.345536638135893
5698 2.350685147751952
5699 2.332168944874892
5700 2.280894923737359
5701 2.2540602789461666
5702 2.2247039498746433
5703 2.217278956854496
5704 2.2626996162217505
5705 2.27818721997924
5706 2.2623869440819875
5707 2.2624508221549036
5708 2.295049727102182
5709 2.2982700176614697
5710 2.3185297987940077
5711 2.3644472830366903
5712 2.361067842299082
5713 2.341191331565187
5714 2.335878077029035
5715 2.364275225960497
5716 2.403111484732131
5717 2.4589821795464037
5718 2.4862399420552115
5719 2.5258912510269145
5720 2.5222405611982337
5721 2.525291531128913
5722 2.514101409154153
5723 2.474203678912704
5724 2.461475755520897
5725 2.5047467545894504
5726 2.525046476245546
5727 2.5692500412725816
5728 2.5914556300980087
5729 2.6125795838749424
5730 2.634465053998205
5731 2.63415657415531
5732 2.6331585166793134
5733 2.6734942081252515
5734 2.711774037037574
5735 2.7624359626612045
5736 2.7735265641038884
5737 2.752521861774462
5738 2.7297338944129153
5739 2.716714565053641
5740 2.7025947125719965
5741 2.704284226365258
5742 2.7126254201051014
5743 2.6984623343640313
5744 2.668553876156328
5745 2.615281707754437
5746 2.5773964190147924
5747 2.561170687300205
5748 2.544201958225044
5749 2.5311048938243244
5750 2.529427142372296
5751 2.533487092534587
5752 2.510375366567532
5753 2.496131404198882
5754 2.479528585917176
5755 2.461616936340183
5756 2.437644247954603
5757 2.4355660880082874
5758 2.4419713032791357
5759 2.4282804737118555
5760 2.4242420375871614
5761 2.455132968869877
5762 2.4745738865793436
5763 2.494638490011188
5764 2.4869058511247086
5765 2.431170852870826
5766 2.3903059380713536
5767 2.368944348303743
5768 2.390113734792038
5769 2.440050295805485
5770 2.4836985392137167
5771 2.5407466863353276
5772 2.602593249246625
5773 2.6650124919920333
5774 2.7033230415014615
5775 2.738605967463765
5776 2.724475517208166
5777 2.7080421535012396
5778 2.688248467964494
5779 2.6400902495572494
5780 2.598621958892275
5781 2.5628478456652024
5782 2.560663778771791
5783 2.580535145614945
5784 2.609131799935184
5785 2.6433289773130353
5786 2.700816986778049
5787 2.7862373542967425
5788 2.823260199606196
5789 2.8569763790268685
5790 2.8774932559759465
5791 2.8934689420584507
5792 2.882051555413388
5793 2.9067986102170966
5794 2.9555603100813865
5795 2.9921590978685635
5796 3.017306721884114
5797 3.040831023481058
5798 3.0561104044783423
5799 3.1197596844894875
5800 3.1614393226656796
5801 3.190888993168568
5802 3.235383264416655
5803 3.296136995461436
5804 3.343190766813438
5805 3.365092515768235
5806 3.3695101073327334
5807 3.329245279061896
5808 3.2821962446081234
5809 3.2478072520928025
5810 3.255003332556132
5811 3.2940888984475896
5812 3.2893738658845857
5813 3.2816639226779483
5814 3.277712263872042
5815 3.2297222634003564
5816 3.208727202366044
5817 3.1986318137312097
5818 3.1835149412755803
5819 3.146118350126104
5820 3.1355298198412482
5821 3.1456878535867903
5822 3.1608769592393773
5823 3.182938305454326
5824 3.1796172761467125
5825 3.1342697181626193
5826 3.099170524727304
5827 3.0968441361387464
5828 3.1071114036353173
5829 3.1015002785228845
5830 3.086172275839482
5831 3.0917748627109707
5832 3.080665090535974
5833 3.0881918917281777
5834 3.0869284714810976
5835 3.0479468958291216
5836 3.0301882224315477
5837 3.058841449341847
5838 3.130322628173577
5839 3.1732709721019106
5840 3.228180701171014
5841 3.3111467564449075
5842 3.375023282882654
5843 3.376394224060816
5844 3.4045903318409385
5845 3.434108164801038
5846 3.4629626512449243
5847 3.506938522264723
5848 3.4960033664031287
5849 3.423193899172066
5850 3.3373470188604957
5851 3.254689133070489
5852 3.233944186105429
5853 3.204694518508137
5854 3.1700379374312906
5855 3.174764315256454
5856 3.1760513273295654
5857 3.150279499479788
5858 3.131629365980288
5859 3.117007468493826
5860 3.0922444099842923
5861 3.0391786991790255
5862 2.976050480246675
5863 2.9511167195869175
5864 2.932227657543526
5865 2.939386620035757
5866 2.936704591702186
5867 2.9073633645214194
5868 2.8914468801583157
5869 2.8745049503375886
5870 2.901270648826331
5871 2.9524030292973604
5872 2.9716400845821864
5873 2.950350565830659
5874 2.9349684537880356
5875 2.9295462683385773
5876 2.930206561037923
5877 2.936337965956239
5878 2.9370391156874867
5879 2.9327491576169065
5880 2.943772296340231
5881 2.9658101032221906
5882 2.974872311562625
5883 2.929435947388149
5884 2.897235220718063
5885 2.8698193904257785
5886 2.84656316190588
5887 2.8365422152585267
5888 2.8334104859051035
5889 2.8702743383325746
5890 2.9192256810118864
5891 2.963999483451656
5892 3.0241769321999588
5893 3.0736128205979587
5894 3.108209638444655
5895 3.1480520918592134
5896 3.2002318705113666
5897 3.212311982127496
5898 3.2411654528680134
5899 3.275036875183957
5900 3.3236776294918347
5901 3.3118666570139768
5902 3.2980996604087576
5903 3.3314013423225615
5904 3.3821755710882915
5905 3.4146950822530986
5906 3.453317086705254
5907 3.467594365789217
5908 3.439521899613179
5909 3.412840042907308
5910 3.379542418949872
5911 3.3458584690900572
5912 3.3108410062288582
5913 3.245199791433807
5914 3.166456125191979
5915 3.072156146204884
5916 2.9911565731953687
5917 2.9669637274565437
5918 2.9618906507905476
5919 2.934545458213434
5920 2.9160785457945178
5921 2.8997276815453574
5922 2.8985113383847794
5923 2.927873911587841
5924 2.9359947697712845
5925 2.918103223628619
5926 2.959652742189178
5927 3.0528674524333455
5928 3.080084371182019
5929 3.08989395867055
5930 3.1231362627560024
5931 3.1563522893917604
5932 3.178373208223993
5933 3.165088690494973
5934 3.1262574843501323
5935 3.0559790691922677
5936 2.9907747043385444
5937 2.901081254888892
5938 2.8304218340132588
5939 2.7616772264060843
5940 2.741753449034996
5941 2.715481724616943
5942 2.718882683601476
5943 2.7129092945044526
5944 2.70839763847655
5945 2.6984146135711033
5946 2.6723148415958966
5947 2.6734739242845524
5948 2.731219754120904
5949 2.7737574878803626
5950 2.799606423448164
5951 2.84340319217097
5952 2.8631726138233318
5953 2.829501415254376
5954 2.7856162969659644
5955 2.7620813943803912
5956 2.747238326127316
5957 2.7371954979465687
5958 2.716986563777449
5959 2.699946794584542
5960 2.674717974573861
5961 2.6508484483981243
5962 2.6359203990061078
5963 2.6558163033050293
5964 2.6690056950910983
5965 2.6639763151174045
5966 2.614835402956988
5967 2.576740800762757
5968 2.553262069222378
5969 2.523251683561354
5970 2.475281075952707
5971 2.445337572948065
5972 2.3966037661554673
5973 2.356581865097896
5974 2.3386888571978592
5975 2.3027484623895242
5976 2.243633589336144
5977 2.1970134865012136
5978 2.1680382880401154
5979 2.1232447596946997
5980 2.1156570826630947
5981 2.102170622024234
5982 2.0930180660077125
5983 2.1180529390857297
5984 2.1774987323837864
5985 2.2270712545771683
5986 2.2395663647896344
5987 2.197936930708153
5988 2.1556279845209056
5989 2.1301398496024126
5990 2.110431087468873
5991 2.0809343091328416
5992 2.0649471470944056
5993 2.071634550319189
5994 2.087998318297387
5995 2.1368324234405756
5996 2.183144275705446
5997 2.233785529031307
5998 2.283415569533746
5999 2.3384111382193575
