#frame I
5000 2.5392247784424495
5001 2.4972784663202328
5002 2.469104507825661
5003 2.4465514499376284
5004 2.4557602693565244
5005 2.4993564322882187
5006 2.5132401568115945
5007 2.4961684634793535
5008 2.4619980112171858
5009 2.423284732850976
5010 2.383454921616628
5011 2.361187368632893
5012 2.3461158330743603
5013 2.269051504027651
5014 2.2209031289952517
5015 2.182580829047315
5016 2.1518622932939215
5017 2.1006430782286127
5018 2.043670094511455
5019 2.0348248221046146
5020 2.043606435286145
5021 2.025035376569368
5022 2.025742284648917
5023 2.039240774571019
5024 2.0558349237986655
5025 2.07226390551962
5026 2.093403672817863
5027 2.1186662632001187
5028 2.133797494725438
5029 2.1590699962086455
5030 2.1865586279818774
5031 2.2054657933317556
5032 2.216584198695806
5033 2.226749388048975
5034 2.227465401338312
5035 2.2579320922136916
5036 2.3047738120122077
5037 2.300460463477733
5038 2.2627754442971435
5039 2.209933295811485
5040 2.1652219187329997
5041 2.1724760917604824
5042 2.194431188570909
5043 2.2256636721226375
5044 2.2670060379073593
5045 2.3029913323013895
5046 2.320084567305809
5047 2.3084771538654625
5048 2.2586203978921877
5049 2.1933791348509017
5050 2.142641762293874
5051 2.071744453132311
5052 1.9980338157460924
5053 1.988515446219123
5054 1.990141288547719
5055 1.9838954303079803
5056 1.9644367574998993
5057 1.9475738254789636
5058 1.9530600185381748
5059 1.9548074798384698
5060 1.9349727886749015
5061 1.9116285635470949
5062 1.9056807750236302
5063 1.9113224978822907
5064 1.9082232206235437
5065 1.9098208126158207
5066 1.933598339512997
5067 1.982157693576064
5068 2.0387727548357746
5069 2.102948968895476
5070 2.1473561257444147
5071 2.2046154481057445
5072 2.2426542379328835
5073 2.2459448003727718
5074 2.2557765389323152
5075 2.2477828948327376
5076 2.199116604098153
5077 2.152477672455509
5078 2.117974424880195
5079 2.063602826571322
5080 2.0111624172018496
5081 1.9901679598588848
5082 1.9915679342516965
5083 1.9930840190422419
5084 1.98633029472144
5085 1.964094387064287
5086 1.955925761620393
5087 1.9116055603978992
5088 1.8811153365820135
5089 1.900012160487523
5090 1.9097653864231128
5091 1.916521966390966
5092 1.942163751116183
5093 1.9741241777522076
5094 2.003649155880231
5095 2.0228025411271857
5096 2.027158385978512
5097 2.0209388365483965
5098 2.0201681026465512
5099 2.0257163019408013
5100 2.049035354160966
5101 2.095208604033335
5102 2.150970666244518
5103 2.1600722039491798
5104 2.1319199467073093
5105 2.026674514814531
5106 1.9247292034250782
5107 1.8716520796422402
5108 1.834639265626066
5109 1.8094306448652666
5110 1.7801253384792985
5111 1.7613802638162368
5112 1.7366927019020468
5113 1.7051947981043296
5114 1.6823769708232628
5115 1.6457363679551116
5116 1.622002734317435
5117 1.6299409954313846
5118 1.6185908488344567
5119 1.6352021693569325
5120 1.6576751539751198
5121 1.7019349447850514
5122 1.756590679641383
5123 1.7880211961582642
5124 1.8420502522703075
5125 1.8899065257041234
5126 1.9686797819444202
5127 2.0619845264998538
5128 2.1207933351848163
5129 2.1425983372173754
5130 2.137126110596603
5131 2.1482604623469364
5132 2.179456616432392
5133 2.2076784058580294
5134 2.2365146008148606
5135 2.2156718353500713
5136 2.1560868726529168
5137 2.074048725157657
5138 1.9729079393913886
5139 1.8809199765587925
5140 1.847057318385652
5141 1.8321109043837416
5142 1.8052237578439665
5143 1.7731534386925443
5144 1.7788607870710165
5145 1.8195982314727555
5146 1.8439100012265768
5147 1.8421437735614625
5148 1.8297443573781997
5149 1.8474634426059209
5150 1.9248104839726434
5151 1.9612017943414497
5152 1.9784908793797573
5153 2.0156813592003093
5154 2.0153784259630028
5155 1.989682909456147
5156 1.9819622842546918
5157 1.9936898909456682
5158 2.0173037412476327
5159 2.0159399440938297
5160 2.0312076000639823
5161 2.0386736853536425
5162 2.034929627159041
5163 2.03190918737492
5164 2.0655141908595205
5165 2.0957301965454107
5166 2.0883101360023697
5167 2.0381978311229383
5168 1.97722914024329
5169 1.9324233692108268
5170 1.9001982612213362
5171 1.870599071443508
5172 1.8444912211305007
5173 1.8292364871552866
5174 1.7997727204784848
5175 1.8008507927231283
5176 1.8347452346772677
5177 1.8386912278666885
5178 1.8598223324140433
5179 1.8911962391018746
5180 1.9492758309132803
5181 2.000111109394114
5182 2.0219366226990316
5183 2.008479483265178
5184 1.9721106366882442
5185 1.951408158469941
5186 1.945156525283642
5187 1.9446566197841173
5188 1.9530812677174485
5189 1.9645548511796103
5190 1.9833021581230457
5191 1.9540040932536382
5192 1.893686320585619
5193 1.8726341628206415
5194 1.8500215866170644
5195 1.8218093850648054
5196 1.8461925317418162
5197 1.8949510614283078
5198 1.9433798033969352
5199 1.9876719964407852
5200 2.0484077452353784
5201 2.1009725714143377
5202 2.108957235115016
5203 2.0911083735515748
5204 2.065891403875924
5205 2.048880592419262
5206 2.0408267589930893
5207 2.0554189001367877
5208 2.0556756549029607
5209 2.0684112994984427
5210 2.099510531715046
5211 2.1183889645745766
5212 2.131653064848107
5213 2.17976040690047
5214 2.2234079496088555
5215 2.239093912718566
5216 2.2359734702618757
5217 2.2211463784446748
5218 2.179288675438225
5219 2.135062158981831
5220 2.100208808169395
5221 2.053630459873685
5222 2.0190310659345596
5223 2.021898314520438
5224 2.0721509486759606
5225 2.0904023732043346
5226 2.094919479487756
5227 2.1444817962371716
5228 2.1205345571702234
5229 2.080346381246563
5230 2.0129218313435056
5231 1.9879846114508437
5232 1.9976239191254717
5233 1.995113687058816
5234 1.981074343570202
5235 1.9857815064870095
5236 2.0093407932363534
5237 2.0604464019662747
5238 2.1058215316552333
5239 2.1788177077195616
5240 2.2429105121481774
5241 2.2468543709239346
5242 2.24081608668654
5243 2.284703538116549
5244 2.3521908562231317
5245 2.3746648475771446
5246 2.3912887853601967
5247 2.3903415299118373
5248 2.407818843819631
5249 2.428450772208413
5250 2.4189311150316075
5251 2.396536797718423
5252 2.339932093558327
5253 2.2869244565210343
5254 2.243855762660263
5255 2.19289649067503
5256 2.147454021264266
5257 2.140302722199139
5258 2.137476928970787
5259 2.146661538444421
5260 2.1746262154130744
5261 2.153943045892223
5262 2.117870712436235
5263 2.1012496260944116
5264 2.095066881781731
5265 2.0740523923565872
5266 2.0484020064191824
5267 2.018259572261793
5268 2.0018641750451884
5269 1.9883955702438978
5270 1.9410477902598064
5271 1.9163565159999025
5272 1.9043103628436941
5273 1.9423542526024693
5274 2.0010169391885793
5275 2.0462138160838625
5276 2.0954139993702015
5277 2.1088110678463967
5278 2.1000874243441583
5279 2.0905155307437817
5280 2.0710694697572016
5281 2.087882153172151
5282 2.057454318462357
5283 2.0373178476314053
5284 2.0247447279623128
5285 2.0213799872359095
5286 2.050586548063041
5287 2.115302555484812
5288 2.1325666253223625
5289 2.1141875105484207
5290 2.095425874787035
5291 2.079328797572723
5292 2.12139271136435
5293 2.127638689465832
5294 2.0898279473536423
5295 2.023577706323753
5296 1.988328643103602
5297 2.0156960669502144
5298 2.049606958338519
5299 2.0331182201843365
5300 1.9784192855947142
5301 1.9103057806938553
5302 1.8855189442174098
5303 1.852805299592695
5304 1.783036041629083
5305 1.7630746234549837
5306 1.8065064571429743
5307 1.8468448289188673
5308 1.8833039885878953
5309 1.9045052281084711
5310 1.9080943055336639
5311 1.8751940031545586
5312 1.8412245746554856
5313 1.7860812821783982
5314 1.7650741432490884
5315 1.781463231346896
5316 1.818557973317933
5317 1.8542921829564174
5318 1.8575707263223373
5319 1.8705008026895473
5320 1.9351335661934892
5321 1.9862996296157691
5322 2.037581337820356
5323 2.0637682095840213
5324 2.0552676735647104
5325 2.0548562194386513
5326 2.0478844651528405
5327 2.031444114822794
5328 2.028517391115102
5329 2.039915487234338
5330 2.040167487764518
5331 2.036503463828861
5332 2.073020606527902
5333 2.0764846444364795
5334 2.0897548977326026
5335 2.1086925974392154
5336 2.1089043120402002
5337 2.1125520226235683
5338 2.117777158173155
5339 2.1254510612398203
5340 2.124594414026577
5341 2.1301154171297214
5342 2.162357198178735
5343 2.1998309580860065
5344 2.2352622839080567
5345 2.267595554293355
5346 2.295989441949757
5347 2.3418938741310993
5348 2.377202312584517
5349 2.3766340403208974
5350 2.4239473728833802
5351 2.473578685064421
5352 2.467974124591429
5353 2.4497056992963144
5354 2.415477737627646
5355 2.405787464698902
5356 2.4158955362887333
5357 2.438789884007155
5358 2.4730869512371227
5359 2.4666815179459274
5360 2.4461029136697543
5361 2.4414969219784313
5362 2.444414598929939
5363 2.467167614701893
5364 2.4857834007030823
5365 2.484980737189723
5366 2.491828738583559
5367 2.493056854143233
5368 2.4740146980765823
5369 2.4577157201873936
5370 2.445406674404635
5371 2.4137443579367663
5372 2.392501260141864
5373 2.3495592288655094
5374 2.322074348755219
5375 2.3262792414585767
5376 2.3455260599786927
5377 2.350847947539896
5378 2.330022505615153
5379 2.308013700975913
5380 2.3156882445661675
5381 2.3341570959228264
5382 2.3635057326542217
5383 2.384649947008286
5384 2.419194100096726
5385 2.4713025475926704
5386 2.4912198955744365
5387 2.51619089046951
5388 2.5040310653691287
5389 2.4675518831013514
5390 2.4369071674272194
5391 2.4476186984106545
5392 2.4492501436504526
5393 2.447438826071961
5394 2.4661221194563545
5395 2.468778061163551
5396 2.4739008916414065
5397 2.4860068115704403
5398 2.4937639873459716
5399 2.506228689371562
5400 2.496866454613027
5401 2.502868290077183
5402 2.510224827398572
5403 2.529900392510969
5404 2.555566956411429
5405 2.587481679270663
5406 2.6291044389056735
5407 2.645887572345441
5408 2.648321148435165
5409 2.6365745311096793
5410 2.628615576519937
5411 2.5812148785609828
5412 2.5426279062916053
5413 2.49609025911792
5414 2.4511581924861643
5415 2.4141060767508615
5416 2.3659594964546224
5417 2.3296152088065543
5418 2.3307212303821725
5419 2.3216636314099435
5420 2.35682756203684
5421 2.4025076599864144
5422 2.45384981137418
5423 2.5128056315321574
5424 2.5166863041078096
5425 2.463512577986773
5426 2.4175341355174647
5427 2.4088499161135686
5428 2.4170468717323756
5429 2.416112220844936
5430 2.4120756429692363
5431 2.4060556237428234
5432 2.4217975402673138
5433 2.4255037198410396
5434 2.421493089646435
5435 2.4237288276618036
5436 2.4352332774940826
5437 2.440810867227332
5438 2.427260515296184
5439 2.405908651219845
5440 2.411077583589924
5441 2.4321106650603506
5442 2.4358561701901644
5443 2.4392370240289405
5444 2.4520722124871117
5445 2.5205293049186617
5446 2.5694617610710906
5447 2.5714372575036895
5448 2.5293185493871237
5449 2.5057988489442424
5450 2.507365145125853
5451 2.5194480882312917
5452 2.529161294940903
5453 2.515183878359884
5454 2.5052509253692388
5455 2.513905168228397
5456 2.5400640688301728
5457 2.557711823381754
5458 2.5373805203285458
5459 2.518236976672191
5460 2.525042324643156
5461 2.5634231934393434
5462 2.602103710646139
5463 2.617530531335108
5464 2.617521392576747
5465 2.63253091763331
5466 2.652564849035618
5467 2.6904758692251654
5468 2.7453611078569344
5469 2.7754845619801665
5470 2.7394136978662935
5471 2.6995056284340198
5472 2.6961803934747417
5473 2.698128516090341
5474 2.728955780422326
5475 2.7576846174485676
5476 2.784031304697981
5477 2.8068094562194967
5478 2.83083665747768
5479 2.8794387469122005
5480 2.8987253272219724
5481 2.90593585655391
5482 2.922952112653339
5483 2.9140887047824333
5484 2.8544541825134515
5485 2.768368025072004
5486 2.734278092304438
5487 2.716686542025914
5488 2.6681380908504497
5489 2.626825734828207
5490 2.5755376788933404
5491 2.5410373539106565
5492 2.5311193151948106
5493 2.523679092889057
5494 2.540204614506077
5495 2.593132970986687
5496 2.623699773399729
5497 2.588028053580713
5498 2.5306905664598935
5499 2.5035095398052474
5500 2.505739926545073
5501 2.509972189972751
5502 2.5373396002690956
5503 2.5559520466028545
5504 2.551571438466311
5505 2.600985176085778
5506 2.669946119707776
5507 2.6939904562682893
5508 2.709956030708187
5509 2.781334397654405
5510 2.8617937261695294
5511 2.9061744453632024
5512 2.924100871896598
5513 2.937396711340221
5514 2.933855517643194
5515 2.951837976810906
5516 3.0118619992450797
5517 3.06908403613909
5518 3.0859526496845264
5519 3.1053182079186947
5520 3.1093845128005744
5521 3.1112721615173236
5522 3.129743282251301
5523 3.100795518459933
5524 3.033454260517946
5525 2.96183165888418
5526 2.8780773388585335
5527 2.7812724018780033
5528 2.7018065983810535
5529 2.639733467524921
5530 2.6343760517438746
5531 2.6534420020442373
5532 2.6913210468439415
5533 2.7952036523018085
5534 2.8905521125998352
5535 2.948568266254664
5536 2.929495032685249
5537 2.864649312797623
5538 2.8262005705963515
5539 2.7972562121924716
5540 2.7768488249742505
5541 2.7762825116049887
5542 2.7495434589564725
5543 2.6709634418495067
5544 2.607440957340523
5545 2.5791243592658217
5546 2.5665011100663646
5547 2.5414789715525816
5548 2.524507592738306
5549 2.508905977847253
5550 2.515425940313664
5551 2.544545863360121
5552 2.5859712608117142
5553 2.6154256063261574
5554 2.668082108682639
5555 2.7424413881005147
5556 2.8164166719492334
5557 2.891287787177283
5558 2.9297163491389524
5559 2.8843408127133623
5560 2.835944229396744
5561 2.7566653509469687
5562 2.69718913665497
5563 2.691201947689907
5564 2.6925798905568916
5565 2.6705555975718713
5566 2.6566723404766828
5567 2.6268236976520094
5568 2.5730795605151644
5569 2.51811885007998
5570 2.485833230359358
5571 2.494954981698506
5572 2.5369940049967545
5573 2.5606480544133174
5574 2.5919279153094306
5575 2.621085181380048
5576 2.670232991387875
5577 2.715645942408077
5578 2.7683330951375593
5579 2.799439729565547
5580 2.8074255098303755
5581 2.7720787383311056
5582 2.7441018148257577
5583 2.7299702626412805
5584 2.71197306105968
5585 2.6995775980373065
5586 2.6363868975368363
5587 2.573916739013603
5588 2.5646719642594973
5589 2.577300624890867
5590 2.562576051355165
5591 2.557845611962482
5592 2.5420022522349868
5593 2.561945482465486
5594 2.571764301472625
5595 2.581275485339369
5596 2.5683798697384903
5597 2.4903217520854453
5598 2.4424893140401593
5599 2.4331080602461217
5600 2.4121138325707174
5601 2.391187682974747
5602 2.4034222534373626
5603 2.4015141368576027
5604 2.405834141766722
5605 2.4691537369544356
5606 2.5195785611104946
5607 2.52537163614243
5608 2.480546434878939
5609 2.5067136586618237
5610 2.482744623347831
5611 2.437118750404513
5612 2.4021648814040844
5613 2.372909985172167
5614 2.3319558281870942
5615 2.3181365012339006
5616 2.3179151017657222
5617 2.289555648270958
5618 2.258527088755072
5619 2.2664081120147723
5620 2.238042353525205
5621 2.1538408328699803
5622 2.094609979797015
5623 2.100549335430355
5624 2.1367082081299595
5625 2.1683197815839983
5626 2.1399264705416665
5627 2.048727251469874
5628 2.003793049225314
5629 2.01593592325579
5630 2.026381737937161
5631 2.022249047323595
5632 2.001711407964136
5633 1.9793308259508846
5634 1.988409941267895
5635 2.054552686656284
5636 2.16915108945004
5637 2.284710709084271
5638 2.3726015917365504
5639 2.438437837227834
5640 2.462826925815167
5641 2.4723336596979006
5642 2.4585452349511043
5643 2.4264838334151997
5644 2.411030035651544
5645 2.3959036153706257
5646 2.3554571387043395
5647 2.289772944269292
5648 2.2419001466453037
5649 2.2276765762989217
5650 2.226925860744571
5651 2.230229777210639
5652 2.2437460615273035
5653 2.2654553798065815
5654 2.272610622415293
5655 2.2791487012613274
5656 2.2782250216103272
5657 2.2599230214845716
5658 2.26252039085527
5659 2.260161515454569
5660 2.2383370166303695
5661 2.189091583186873
5662 2.1244886190770695
5663 2.0916783653782156
5664 2.0915188616445
5665 2.109130133469572
5666 2.109017012045139
5667 2.117159297345253
5668 2.1604708171390765
5669 2.199961815764629
5670 2.197445161924892
5671 2.1834102120703935
5672 2.147751968535917
5673 2.1115128581326195
5674 2.0659474048218858
5675 2.0322675101236247
5676 2.0100599064327738
5677 1.995123706417952
5678 1.9491045442957058
5679 1.9190136759989045
5680 1.9263011673112562
5681 1.9508253644335456
5682 1.9660561202608855
5683 1.9770680378792957
5684 2.0232951394761796
5685 2.051947298674246
5686 2.0717865202500962
5687 2.0901126109782284
5688 2.1416939781919875
5689 2.2295921749253305
5690 2.31865713689607
5691 2.3502310023936346
5692 2.3213049175276663
5693 2.2861037107486633
5694 2.301120852283792
5695 2.3649375412674845
5696 2.4462227167697193
5697 2.487313038645998
5698 2.470893409145655
5699 2.4796815899558857
5700 2.492789110340615
5701 2.450214478342789
5702 2.4101633341923003
5703 2.4224001842950535
5704 2.431552806529328
5705 2.4657207367405714
5706 2.470279906727828
5707 2.4128596861220712
5708 2.3375340381358334
5709 2.291946207381553
5710 2.24311708759051
5711 2.201114246896617
5712 2.20217914131817
5713 2.201082593859058
5714 2.2181719118291334
5715 2.2315063569828313
5716 2.258198038303418
5717 2.25939245955117
5718 2.256760416994644
5719 2.2880315766147823
5720 2.321371859391587
5721 2.3348378658968634
5722 2.3607766398401138
5723 2.4071645989330204
5724 2.4148740284680215
5725 2.45853480446393
5726 2.480010827372244
5727 2.4887618776343543
5728 2.531963738221373
5729 2.5782683689560946
5730 2.6010669150693086
5731 2.594215006245134
5732 2.5675334486797947
5733 2.5560229240705477
5734 2.549655867281692
5735 2.550825952478798
5736 2.5492046159596504
5737 2.5460987861469624
5738 2.5645122412413226
5739 2.5626192543920077
5740 2.541594626124804
5741 2.502176344053436
5742 2.4994321739299155
5743 2.5037349498419093
5744 2.4869254881608747
5745 2.4947000718286074
5746 2.4871676885771055
5747 2.4671472307564173
5748 2.447632977061556
5749 2.4276527604219313
5750 2.4031924200351957
5751 2.4069450294209562
5752 2.411928119526177
5753 2.420113837486592
5754 2.421299962936552
5755 2.397726904488222
5756 2.3460464749716428
5757 2.310121319506737
5758 2.278987982059118
5759 2.2747332623892302
5760 2.3034756186881107
5761 2.319292370447548
5762 2.3288372813528344
5763 2.3300218961109067
5764 2.302963425777158
5765 2.2779723926437665
5766 2.2884715766233357
5767 2.326367845006765
5768 2.37099947788021
5769 2.4459681863179554
5770 2.4594239321402767
5771 2.5093994181204695
5772 2.569241138444129
5773 2.637918176240297
5774 2.6687220878160263
5775 2.6630818563738
5776 2.6675870490827474
5777 2.6664340687046493
5778 2.6250529724721376
5779 2.562196847355616
5780 2.48901314611071
5781 2.4307320418123135
5782 2.3929611703713713
5783 2.378447541459871
5784 2.389845964078861
5785 2.4223839060746455
5786 2.4189480126479155
5787 2.4552730471591597
5788 2.50450524474379
5789 2.5196443003918194
5790 2.5265883526318733
5791 2.5350823307462282
5792 2.5559503197858326
5793 2.610563801922429
5794 2.6990439930592798
5795 2.734617651776029
5796 2.7245460155938903
5797 2.69012018058192
5798 2.689874632739721
5799 2.734139292311471
5800 2.782135600359741
5801 2.8136691930833955
5802 2.8340935095356783
5803 2.856960413941793
5804 2.837091312732268
5805 2.8027020887954146
5806 2.8331141585791495
5807 2.8473489689025904
5808 2.848079377997747
5809 2.82788572513804
5810 2.8152348930977413
5811 2.820691893360505
5812 2.848521838161958
5813 2.8796330119978015
5814 2.8536781199124257
5815 2.7631751990418327
5816 2.6830474016875634
5817 2.6657817275427864
5818 2.6361550456504577
5819 2.5893052195170276
5820 2.559889943369133
5821 2.569217134603662
5822 2.584879779918006
5823 2.6249627336434513
5824 2.6455130172612993
5825 2.6318238328017154
5826 2.6006743399341543
5827 2.5950589019987786
5828 2.6231699876475942
5829 2.6061367569047857
5830 2.615156696362596
5831 2.6322018800099
5832 2.6599474870255575
5833 2.695157252590746
5834 2.7310844795127043
5835 2.7722774280332234
5836 2.8219361381481654
5837 2.868148610212948
5838 2.8856940896868433
5839 2.879380120605225
5840 2.8804527539213836
5841 2.8963221086213187
5842 2.904002125687177
5843 2.894692056604248
5844 2.9074985732347485
5845 2.9489316975050732
5846 2.974659388858808
5847 3.058498459740798
5848 3.158060533746972
5849 3.158844435758755
5850 3.1037635746923478
5851 3.0286961923466547
5852 3.0276437736990305
5853 3.0261892193956625
5854 2.9656443250271827
5855 2.933015629973811
5856 2.9240370108680502
5857 2.90134503099261
5858 2.8448360856921058
5859 2.8273872509181217
5860 2.819078062277047
5861 2.732326525731081
5862 2.630010899609603
5863 2.5560324312740015
5864 2.5399042432125616
5865 2.567464909617522
5866 2.599616996856761
5867 2.632096119011913
5868 2.636537794717366
5869 2.6307081646827584
5870 2.658055765327792
5871 2.700284004917966
5872 2.716107561761009
5873 2.7087912781599024
5874 2.6859366903628934
5875 2.655773927087717
5876 2.6348832621268956
5877 2.611935320498355
5878 2.6141992162467647
5879 2.602048154060961
5880 2.6145040898070264
5881 2.6559134147418324
5882 2.7509621232457415
5883 2.8125873374263874
5884 2.801244022398171
5885 2.7918892728694558
5886 2.7953055758681935
5887 2.827184697423305
5888 2.9117423261321576
5889 3.014039402049024
5890 3.1077296055694363
5891 3.167000596366466
5892 3.235145862841022
5893 3.298049778764489
5894 3.3168735630723756
5895 3.305974570025906
5896 3.3091549046202076
5897 3.3019937329904505
5898 3.2681250422528834
5899 3.2594505068360773
5900 3.2882800294208274
5901 3.2498332129559513
5902 3.176496546566381
5903 3.156572216727002
5904 3.168042566596747
5905 3.1633109505930004
5906 3.1693329798351897
5907 3.188671745628955
5908 3.204975018920455
5909 3.24403799739833
5910 3.288626417696941
5911 3.345761839023985
5912 3.3820833401801083
5913 3.3541144923276103
5914 3.2557000922000987
5915 3.1481763163123104
5916 3.058336780389597
5917 3.0097917189384766
5918 2.976280809288429
5919 2.9468639351617187
5920 2.9363824713692868
5921 2.889322922894435
5922 2.8368592806599855
5923 2.7942691349748108
5924 2.75151437127895
5925 2.7254385788455116
5926 2.7276988366211583
5927 2.7655124907093085
5928 2.7901220047796733
5929 2.8526103653268318
5930 2.92250773787167
5931 2.9982910084258982
5932 3.1168952045928595
5933 3.1670383318294526
5934 3.189167742389692
5935 3.186934236453603
5936 3.1530624141794164
5937 3.064352344524454
5938 2.9881897385311498
5939 2.9494053601517884
5940 2.975352279549394
5941 2.9684069021960666
5942 2.979662044385523
5943 3.015495290750704
5944 3.048509121518355
5945 3.0586917766169335
5946 3.0594429309234754
5947 3.073802712101485
5948 3.127937872071577
5949 3.1959235699667414
5950 3.2465335137131817
5951 3.2800247007335983
5952 3.3041127703261504
5953 3.3052978903236454
5954 3.283742884101513
5955 3.250171965773657
5956 3.2719185391193735
5957 3.3222423885622323
5958 3.3403009893435245
5959 3.305301895852728
5960 3.2997310914473146
5961 3.2987801329382043
5962 3.292266941775909
5963 3.319494417271319
5964 3.320625447631768
5965 3.3108430308002497
5966 3.27754625737062
5967 3.215677838968121
5968 3.173987407201984
5969 3.1509671366432515
5970 3.1162610720450115
5971 3.0886002616902046
5972 3.045334575813341
5973 2.997458482885246
5974 2.954064476679815
5975 2.9296167628304524
5976 2.8925634084929435
5977 2.8359310097764117
5978 2.803320747296536
5979 2.756448509370396
5980 2.7302910930835886
5981 2.70645333613957
5982 2.6927084770895093
5983 2.6950203800634145
5984 2.715690968184145
5985 2.743984397686369
5986 2.7457654835439897
5987 2.690474759435829
5988 2.6298104419462653
5989 2.602913129786072
5990 2.584698125168608
5991 2.6212602867420385
5992 2.660039263631363
5993 2.6937646558893897
5994 2.707414258849521
5995 2.7342694444665945
5996 2.772515749683039
5997 2.814672538041992
5998 2.8446573777596025
5999 2.892874687241421
