#frame I
5000 3.6489555750001403
5001 3.5563176091519373
5002 3.465699007128725
5003 3.4058642580394403
5004 3.404763704155838
5005 3.3877818812003535
5006 3.4208216040279664
5007 3.4573152281585746
5008 3.4790203033826503
5009 3.472579714590469
5010 3.4565673412981406
5011 3.46603293272922
5012 3.4854059875677748
5013 3.4823285622182873
5014 3.506927992593233
5015 3.502923139654324
5016 3.5205637667250977
5017 3.5635662091509386
5018 3.5618747072960777
5019 3.542109308936264
5020 3.5422387309426315
5021 3.540878995142422
5022 3.5317875094665987
5023 3.5394360842351555
5024 3.537282409990659
5025 3.502649075688222
5026 3.470985863658844
5027 3.456062354817116
5028 3.4429635893678268
5029 3.412321296488635
5030 3.406852319430143
5031 3.4151404561209127
5032 3.42276174247423
5033 3.4148941988742076
5034 3.3874576680872153
5035 3.3509291847276077
5036 3.314475069074649
5037 3.293001014950766
5038 3.291889574988895
5039 3.276412980804048
5040 3.224512012454982
5041 3.179699900554404
5042 3.175145793276815
5043 3.1950814873403486
5044 3.218808198438177
5045 3.253170078556269
5046 3.2934446935818644
5047 3.341792384952848
5048 3.3943096702770266
5049 3.4450713023263217
5050 3.4723339939112408
5051 3.4682096498001584
5052 3.463434404884059
5053 3.4456917258562094
5054 3.4614697803752055
5055 3.4780788116979084
5056 3.4693005514140776
5057 3.4410633311441132
5058 3.4175186192108726
5059 3.3942559730856274
5060 3.34974268870063
5061 3.310243872704285
5062 3.295748675998793
5063 3.2948898466256993
5064 3.30537165450338
5065 3.327119516875646
5066 3.3365310003565987
5067 3.3072178415650675
5068 3.288576851974715
5069 3.3008683063992454
5070 3.3200364131049764
5071 3.3455206438404956
5072 3.3551643221385787
5073 3.339960215033964
5074 3.2881401718565493
5075 3.251501491711105
5076 3.2645882180058376
5077 3.2751269980016198
5078 3.2745119905564333
5079 3.2458026371018143
5080 3.199877243297351
5081 3.142308432073452
5082 3.069355210564199
5083 3.012097096829874
5084 3.020417363466679
5085 3.043649936998817
5086 3.071061009233538
5087 3.1029062671530205
5088 3.1199355208643644
5089 3.112348148769741
5090 3.1144447692538444
5091 3.138636581342239
5092 3.158519562279628
5093 3.193821668157423
5094 3.2134611975826797
5095 3.213939056352777
5096 3.2104313741190085
5097 3.2138913999111343
5098 3.2171954651352714
5099 3.19544965551629
5100 3.1613947542516456
5101 3.1306991002300806
5102 3.114261624213955
5103 3.1021091695728664
5104 3.0576154842397996
5105 3.0285337127068
5106 3.0445314778244534
5107 3.0727616930303627
5108 3.0786355460508967
5109 3.0544660847899054
5110 3.036927345953442
5111 3.0621909395556273
5112 3.09513807447366
5113 3.1451825760574983
5114 3.157609929375675
5115 3.1407566000740936
5116 3.1175783064850977
5117 3.104953120180787
5118 3.10678717213158
5119 3.0990553954499584
5120 3.062918530688464
5121 2.9972576413232406
5122 2.9548145701699697
5123 2.9684305008053733
5124 3.016844154896747
5125 3.0791743266797686
5126 3.109008923563969
5127 3.1122862258917605
5128 3.1064840545023746
5129 3.112887152255229
5130 3.101149390043179
5131 3.0941478452735485
5132 3.1105316856300527
5133 3.1453520700637667
5134 3.169609667991069
5135 3.179992660981997
5136 3.1528928992008995
5137 3.131139824491378
5138 3.1546264257032495
5139 3.124778200604191
5140 3.072378380891922
5141 3.0639925772499508
5142 3.0719102755075562
5143 3.0515040443540946
5144 3.0351294085506644
5145 2.997654484969919
5146 2.957383409042898
5147 2.9101521569177153
5148 2.8912928751349827
5149 2.89978910992326
5150 2.898265353062746
5151 2.8805905234286175
5152 2.849966035143645
5153 2.841887964724238
5154 2.8323884407305155
5155 2.807421580952096
5156 2.8122433076946165
5157 2.8469744186778905
5158 2.8526962220887757
5159 2.857478392982026
5160 2.826798115324572
5161 2.7483480216890865
5162 2.742608374920796
5163 2.7586601024620943
5164 2.7996305116945397
5165 2.831617001679497
5166 2.824551198592315
5167 2.79637986372747
5168 2.72963919932063
5169 2.639197062192185
5170 2.5661805328405354
5171 2.514146713177307
5172 2.472579157725544
5173 2.4911299667331157
5174 2.511275210316923
5175 2.5482387949381704
5176 2.5616079947355552
5177 2.558413698216512
5178 2.531414465300026
5179 2.526713469852985
5180 2.5004083553154937
5181 2.49565878038882
5182 2.4765194153189998
5183 2.472896975804739
5184 2.4785145810229237
5185 2.4745726740336003
5186 2.483925002524354
5187 2.4873826320118266
5188 2.5003280802588503
5189 2.5016346589747624
5190 2.5308233215897413
5191 2.5676719755346658
5192 2.5918970409225923
5193 2.6106349422271924
5194 2.624222579864856
5195 2.6296772934472514
5196 2.6183595879513417
5197 2.6127021012399534
5198 2.5977850833083527
5199 2.577628749751734
5200 2.5150206615519797
5201 2.4761103428225955
5202 2.485319980536056
5203 2.472934850398268
5204 2.4269023067415065
5205 2.418273101094754
5206 2.396320580858511
5207 2.369164917347481
5208 2.3678641009143417
5209 2.3508296594439884
5210 2.3289009291618075
5211 2.3350820968233688
5212 2.3585147661881654
5213 2.373856378584847
5214 2.359371931456262
5215 2.3340143974028797
5216 2.3192472536808966
5217 2.3018927648228034
5218 2.289410278805906
5219 2.280466929513543
5220 2.258510715376448
5221 2.2434961432566216
5222 2.243391340121355
5223 2.245066388353438
5224 2.213625146659099
5225 2.180643709719729
5226 2.200292296246516
5227 2.2654262523433886
5228 2.3053831063595616
5229 2.319398460412876
5230 2.314405153439354
5231 2.3140824963566042
5232 2.3367840546632657
5233 2.3581840400214156
5234 2.3573451622832104
5235 2.3310379227695393
5236 2.307008631976434
5237 2.306153991316034
5238 2.3153725742002678
5239 2.3398547228290347
5240 2.366264565251215
5241 2.378684454753829
5242 2.362177453289979
5243 2.349349236041324
5244 2.3270703286778267
5245 2.295744909514758
5246 2.2641465706672044
5247 2.2233882793286392
5248 2.208322241323631
5249 2.2021801209551426
5250 2.180170020685031
5251 2.1527636151271827
5252 2.130293587447651
5253 2.115253670799741
5254 2.082310496533214
5255 2.048174733377813
5256 2.0344381427915996
5257 2.0706646370842705
5258 2.100042602580313
5259 2.1283562103722233
5260 2.1607664231360655
5261 2.192503973490807
5262 2.2277045933105595
5263 2.23975528325277
5264 2.2352488561740578
5265 2.2363403873147774
5266 2.2403341775396797
5267 2.2321310094638247
5268 2.218788609425367
5269 2.2068583729600215
5270 2.1975191515992374
5271 2.187146884717795
5272 2.172772327571464
5273 2.132256379466217
5274 2.0850571024986633
5275 2.049370770743667
5276 2.012389391158315
5277 2.0105635330079767
5278 2.0027472052951363
5279 1.995688358356239
5280 1.9945278450470298
5281 2.0259823589890065
5282 2.080830744533642
5283 2.1213198515168337
5284 2.133837278267344
5285 2.1063052164638028
5286 2.06658988513846
5287 2.032069731766268
5288 2.02773034199077
5289 2.0397621404062316
5290 2.0361299340207073
5291 2.0069379034675046
5292 1.9792497315640303
5293 1.9645598722847724
5294 1.963000181331818
5295 1.975130401347149
5296 1.98265230583472
5297 1.9956434887056793
5298 2.0211362041340397
5299 2.0231471115255153
5300 2.0279077523691447
5301 2.013557557512015
5302 1.9835427604887705
5303 1.941212108495947
5304 1.908319772850771
5305 1.909872513602461
5306 1.9396875361091521
5307 1.9733827825144343
5308 2.024770896991837
5309 2.075093272811708
5310 2.1274305207704596
5311 2.1647449503802245
5312 2.168886377739386
5313 2.1677252602988806
5314 2.1545986907989914
5315 2.1479355952227217
5316 2.1523295110274154
5317 2.1821811834620615
5318 2.2176699839598526
5319 2.243562185899083
5320 2.259372746578894
5321 2.2712237031649427
5322 2.2703666520063943
5323 2.267744854293757
5324 2.263494680811529
5325 2.2758580022533197
5326 2.2824967688491613
5327 2.2951151884859895
5328 2.294559361717506
5329 2.28937074580091
5330 2.3038539784648693
5331 2.336155354716217
5332 2.366169167492191
5333 2.3778522529179074
5334 2.374953751864834
5335 2.369972219438168
5336 2.3776089195411236
5337 2.392874224815094
5338 2.4318346657464383
5339 2.478992909831388
5340 2.519196206398488
5341 2.5596568823735115
5342 2.590267236288241
5343 2.6059006270582286
5344 2.6548153461783848
5345 2.7266940374943998
5346 2.8010359294665266
5347 2.879070666875437
5348 2.939018049565391
5349 2.9546827010899643
5350 2.940227653098106
5351 2.911647640568929
5352 2.8938692660055527
5353 2.877708523291541
5354 2.8367064368996973
5355 2.7889937333563957
5356 2.75647405150445
5357 2.7295383996861164
5358 2.714282638947221
5359 2.703383351577072
5360 2.63668966107153
5361 2.52782696979679
5362 2.4029631680647254
5363 2.3119530921060734
5364 2.242090324839077
5365 2.187650301816511
5366 2.1783539131925576
5367 2.2112222673642044
5368 2.2269588373161646
5369 2.2338659043710605
5370 2.263064854038819
5371 2.302605504909356
5372 2.3215869770563784
5373 2.3210520747641676
5374 2.3229523777935794
5375 2.337392474807662
5376 2.3461953758645593
5377 2.3747848715252413
5378 2.4152130488508736
5379 2.443314404929195
5380 2.471096400059355
5381 2.4874228795812607
5382 2.492780359841837
5383 2.4945899316177997
5384 2.52874733829518
5385 2.5824916937691698
5386 2.616833932052328
5387 2.6246967928277023
5388 2.632175787267251
5389 2.640059788498174
5390 2.6464622138947878
5391 2.656881204261479
5392 2.67457117398535
5393 2.685057468187938
5394 2.677260501095545
5395 2.681010370238736
5396 2.6836909049926683
5397 2.6921998499902893
5398 2.7102456696713944
5399 2.689833121478815
5400 2.649912520096226
5401 2.633816875330531
5402 2.628463531169012
5403 2.6276838270955425
5404 2.6140377894307325
5405 2.6101940364472322
5406 2.6000246332202597
5407 2.605958331438274
5408 2.6228632391036477
5409 2.633733455650396
5410 2.665403746379728
5411 2.6857177949732223
5412 2.6843009222724983
5413 2.675775439482908
5414 2.672111988914531
5415 2.6662086311281867
5416 2.6769490007702954
5417 2.6713180603598055
5418 2.6647799622595185
5419 2.6474662541323544
5420 2.649362872699253
5421 2.6635049268676494
5422 2.6790978147952034
5423 2.670706151358979
5424 2.6529234592107023
5425 2.6352313474330726
5426 2.6157968184030596
5427 2.609970819877111
5428 2.607403534604406
5429 2.601721327452682
5430 2.614582102586645
5431 2.639660822673543
5432 2.6706839040416317
5433 2.6773463652445115
5434 2.6640217339239145
5435 2.6675377176145862
5436 2.6680497544211486
5437 2.6551314923956935
5438 2.661799392924456
5439 2.6973156173440307
5440 2.736362438560747
5441 2.7500356064752918
5442 2.7725976204783622
5443 2.816911167692934
5444 2.835439487029608
5445 2.8493026515654862
5446 2.855838114356023
5447 2.8364948781535264
5448 2.8150402751834975
5449 2.7979472066459126
5450 2.75855067013863
5451 2.7138255945685743
5452 2.700987664862172
5453 2.698352396401419
5454 2.7156786186510184
5455 2.7119182020178463
5456 2.695483454137946
5457 2.688548207428698
5458 2.702490085534089
5459 2.7281597458741693
5460 2.7407458889757974
5461 2.711535316756678
5462 2.7074569822892
5463 2.7201912556568666
5464 2.7396694572043123
5465 2.7515794367726354
5466 2.7663646566575317
5467 2.7695541796697367
5468 2.7783619556918038
5469 2.77677412831432
5470 2.7548401132161637
5471 2.7568811174936396
5472 2.7944516853346992
5473 2.8125884364541545
5474 2.815930761035041
5475 2.8236721987102857
5476 2.8168185520856404
5477 2.79772652937344
5478 2.766111303521471
5479 2.747806669804731
5480 2.725504517858407
5481 2.6961367127981872
5482 2.674668129848147
5483 2.6525108077158097
5484 2.6205062561329844
5485 2.6162904781910266
5486 2.6157987674851646
5487 2.6140484158072446
5488 2.6101980912731193
5489 2.5828775024035746
5490 2.581260520380558
5491 2.5808154027488897
5492 2.555536625633939
5493 2.5379558320085915
5494 2.541493903721773
5495 2.555218346115384
5496 2.5498874952036794
5497 2.5422095439425045
5498 2.5432172081376483
5499 2.5859645715781046
5500 2.62113743122812
5501 2.62950469317077
5502 2.607916069661109
5503 2.604201501677836
5504 2.611814305756735
5505 2.619534827229741
5506 2.609479723209893
5507 2.6185637535156783
5508 2.6007603963440915
5509 2.581832353663023
5510 2.5877525688979968
5511 2.5710630721127954
5512 2.5615794230347304
5513 2.569088809796654
5514 2.585807716117439
5515 2.613064061825568
5516 2.6467142124710183
5517 2.6921038035665696
5518 2.724498463239597
5519 2.7151197708325863
5520 2.6943891687175565
5521 2.647627214411438
5522 2.629438499409132
5523 2.647263170269997
5524 2.6677747258006113
5525 2.699832473057925
5526 2.7266216189544967
5527 2.737572280056776
5528 2.7568988722360697
5529 2.769722325026695
5530 2.7660907250484885
5531 2.753461311394769
5532 2.7669471977695967
5533 2.771656484327709
5534 2.783995414006765
5535 2.7529173461121825
5536 2.766014453937474
5537 2.7550211577037906
5538 2.7580054534961014
5539 2.7680517215812586
5540 2.7564750223579257
5541 2.7344164778203255
5542 2.6900105356190194
5543 2.656869739535225
5544 2.6560984613901657
5545 2.646570574202995
5546 2.6379494968014807
5547 2.632381852256154
5548 2.677480133374023
5549 2.6742971476878035
5550 2.639030154467151
5551 2.619573213489966
5552 2.613509216135718
5553 2.6056092508019435
5554 2.5961209870608073
5555 2.5786269417457346
5556 2.622648459548356
5557 2.64193525339481
5558 2.625019194950923
5559 2.601631072680441
5560 2.562517022061202
5561 2.513379874434156
5562 2.472118296496482
5563 2.4813380832043497
5564 2.4694012738121383
5565 2.409463168958948
5566 2.39374156475702
5567 2.4122283100771997
5568 2.4301246310162576
5569 2.4409674722312924
5570 2.4640748055094726
5571 2.4884032535473786
5572 2.5188100210030706
5573 2.4672678554312046
5574 2.411289316762317
5575 2.4043016065583735
5576 2.377444870608133
5577 2.356135728592119
5578 2.3572372045995786
5579 2.3422761842140734
5580 2.2804906550644204
5581 2.241438868224252
5582 2.219859064391627
5583 2.2016385201058033
5584 2.171001132823922
5585 2.149876461233873
5586 2.1478933177162327
5587 2.135338454451394
5588 2.101968665674659
5589 2.015150530377684
5590 1.9413301757436698
5591 1.8982157327643858
5592 1.8599146771632626
5593 1.8279502121457663
5594 1.803846444581664
5595 1.7899397217014539
5596 1.7850130938038276
5597 1.7782735404674166
5598 1.791646009932272
5599 1.7885581230451955
5600 1.7723764486410185
5601 1.7925289688554187
5602 1.7551691763129529
5603 1.7457042918452066
5604 1.7462321144678248
5605 1.7641400173880306
5606 1.7505488010815
5607 1.711992577471675
5608 1.6639833217834183
5609 1.6640413244783752
5610 1.664362548756251
5611 1.6535457676870597
5612 1.6777522744926896
5613 1.6901375914524601
5614 1.7120032726442622
5615 1.7785010993275836
5616 1.8348922440430262
5617 1.875768323414178
5618 1.9054006570177744
5619 1.9185979246102918
5620 1.899731686153715
5621 1.9103884668051339
5622 1.9035720541964705
5623 1.9018605846515266
5624 1.9097784308136407
5625 1.9035503920446846
5626 1.8935845423972115
5627 1.8179899950896794
5628 1.7440112166142434
5629 1.679670080199743
5630 1.6319237014078751
5631 1.5864046196786112
5632 1.5597266925117692
5633 1.5240720372105507
5634 1.5034197216409693
5635 1.4988766572614396
5636 1.4569219481591695
5637 1.4141932542998017
5638 1.3967711068459645
5639 1.4043751985035589
5640 1.403476988964612
5641 1.4296874495114495
5642 1.4640900856117574
5643 1.50421787483058
5644 1.5494655310677652
5645 1.593776435484624
5646 1.6523311696401142
5647 1.713918362487431
5648 1.7698171721800502
5649 1.8159308218722308
5650 1.8588329079234736
5651 1.910482274525428
5652 1.958184542850137
5653 1.9718372282685603
5654 1.9976165241578274
5655 1.9830415555914083
5656 1.9528131148202788
5657 1.9353313337635363
5658 1.908460500115557
5659 1.8718596148084177
5660 1.838926338114304
5661 1.814001954191881
5662 1.791406917901768
5663 1.7647197706446893
5664 1.7232500413854746
5665 1.6831590618439638
5666 1.648581011004145
5667 1.6236733809192005
5668 1.5961197942017398
5669 1.5836874918116968
5670 1.586375586574821
5671 1.5743121937372162
5672 1.5340182366953836
5673 1.5058980510989135
5674 1.487830123113947
5675 1.4748074531984934
5676 1.4600871651388478
5677 1.4569803070588114
5678 1.4586937170903493
5679 1.4766051494266352
5680 1.5176022865147676
5681 1.5428367722282572
5682 1.5612123744070376
5683 1.5439404609008396
5684 1.532340691124757
5685 1.5469414866831976
5686 1.5135201301797856
5687 1.493981857094958
5688 1.472054336842324
5689 1.435501514446624
5690 1.4260363194304597
5691 1.432265211013791
5692 1.4265939053041012
5693 1.403737889975248
5694 1.3846400157050254
5695 1.3871749081375444
5696 1.398704485870869
5697 1.4004408724747486
5698 1.4132897329785088
5699 1.3884866519496175
5700 1.3713195249731458
5701 1.3709893446207042
5702 1.3633039548041697
5703 1.3638974919561955
5704 1.3560161546367466
5705 1.3483944702808521
5706 1.3474288065587927
5707 1.3601992265357465
5708 1.3524171387383828
5709 1.337154591483934
5710 1.3511343577226052
5711 1.3710760858556734
5712 1.3715201206904224
5713 1.3783082800733348
5714 1.3702959102160777
5715 1.3498526089731346
5716 1.3378071421632267
5717 1.330058993320061
5718 1.3152076291295371
5719 1.3000782733133456
5720 1.298534930414372
5721 1.3072101786871528
5722 1.3271078242287937
5723 1.362700762266034
5724 1.4013477957262974
5725 1.4556013645195307
5726 1.4875301618809074
5727 1.5178354643658678
5728 1.5426357370846373
5729 1.5551304142196496
5730 1.5704072077865683
5731 1.6078327435466715
5732 1.6501368540583667
5733 1.6808893346582003
5734 1.6837421302139959
5735 1.6926912931803242
5736 1.6880918381954289
5737 1.6967129403594114
5738 1.6873742358290524
5739 1.642388299838405
5740 1.6127458401013945
5741 1.5964954159066382
5742 1.5776114480008865
5743 1.5606164730162095
5744 1.5371152778046573
5745 1.5206891333703387
5746 1.5246473791008388
5747 1.5341733667820725
5748 1.5505083516523044
5749 1.585013426205257
5750 1.6084146281601044
5751 1.6160770372557436
5752 1.614186955974585
5753 1.6002946523748032
5754 1.5721676897881884
5755 1.560297969059
5756 1.5665249629897058
5757 1.5869117208406103
5758 1.6159294921606233
5759 1.6595230557274734
5760 1.6790175193651657
5761 1.6979342913442845
5762 1.7118749376424258
5763 1.7314507385358173
5764 1.7891586036535598
5765 1.7954846396267945
5766 1.7751126338050491
5767 1.7730380396991632
5768 1.7790111111553826
5769 1.7763537369451365
5770 1.7881661128802886
5771 1.8139114298180308
5772 1.8445386310221925
5773 1.8506998329670092
5774 1.838389575186415
5775 1.8221397817652374
5776 1.801759649109657
5777 1.7614259696729992
5778 1.7454304968066148
5779 1.750642071476104
5780 1.7541649601725635
5781 1.75188502557804
5782 1.7610510838366178
5783 1.7404022394710952
5784 1.7117266174602572
5785 1.7061679483967345
5786 1.7243463957097265
5787 1.7597053619218161
5788 1.799364349532761
5789 1.8445097038534743
5790 1.9120253167537737
5791 1.9537089382102089
5792 1.9708275883223803
5793 1.9886315492875013
5794 2.0110609919765703
5795 2.0290310032830288
5796 2.0574610647588005
5797 2.06623889945567
5798 2.051583475459777
5799 2.0239834686003526
5800 1.9916462400685222
5801 1.9695702259737184
5802 1.9559349563337438
5803 1.9326109381075194
5804 1.9397578896737322
5805 1.9471960719064327
5806 1.9284343595198052
5807 1.898311580529708
5808 1.8754417604226084
5809 1.857767285773
5810 1.855485970218511
5811 1.8502345246477934
5812 1.845520479757522
5813 1.8425787716201696
5814 1.8305887593011343
5815 1.8196644089784075
5816 1.8101438914834116
5817 1.788921966340537
5818 1.8155979457377727
5819 1.8454183530440043
5820 1.8428900445997765
5821 1.8401226938539945
5822 1.8298921580180705
5823 1.8259934866768046
5824 1.8162258401528635
5825 1.8237257707885037
5826 1.8571732627009814
5827 1.8835549020326268
5828 1.863093622288008
5829 1.8353729558075922
5830 1.8082230794928296
5831 1.7663375196686344
5832 1.7076955633735205
5833 1.6949504061692175
5834 1.6921070451197782
5835 1.6949421542336358
5836 1.6854604164704148
5837 1.68568035935509
5838 1.6844729488173238
5839 1.6527147372125046
5840 1.643879940470799
5841 1.64618153461253
5842 1.6426370809704014
5843 1.6629279109482238
5844 1.7041315647293236
5845 1.719251495679985
5846 1.700817783192573
5847 1.6795792662269717
5848 1.7098005554302709
5849 1.7480285874674266
5850 1.7826287796794653
5851 1.804590581048522
5852 1.7968346020125694
5853 1.7876329774937294
5854 1.7942007216811564
5855 1.8272328878368873
5856 1.8500748815594863
5857 1.8568722565450348
5858 1.857932238895003
5859 1.878508815036336
5860 1.90027192329812
5861 1.9239288939600423
5862 1.9420506536040478
5863 1.938325731183331
5864 1.9412096730706512
5865 1.9320674288082436
5866 1.8921625511757507
5867 1.8570272790052207
5868 1.8192740909265466
5869 1.8073907857177482
5870 1.8315562372380392
5871 1.8298542014727555
5872 1.8006175580745731
5873 1.781921374788495
5874 1.7673377549444318
5875 1.7492690219818716
5876 1.7526229321402673
5877 1.7556383858116371
5878 1.7614190125650362
5879 1.7864730753829596
5880 1.8096874732235375
5881 1.8528730398589197
5882 1.8780822879883696
5883 1.8967403570775483
5884 1.9107395806904535
5885 1.9055226431232473
5886 1.895771952779303
5887 1.888771688331435
5888 1.8729095592947387
5889 1.8536531020367537
5890 1.8310819202677429
5891 1.8038746313868874
5892 1.7885653789218232
5893 1.7764448714459957
5894 1.7816558064332197
5895 1.7936761464096573
5896 1.818940481229124
5897 1.8195606702224025
5898 1.7939242145176324
5899 1.7802882665539073
5900 1.7863849307048227
5901 1.7832299015531012
5902 1.7749013780521203
5903 1.7685437074154542
5904 1.7702028816973532
5905 1.7677947127999956
5906 1.759601634384281
5907 1.7675339443980596
5908 1.771600115056229
5909 1.7544073885865306
5910 1.7349009203550634
5911 1.7312351060456794
5912 1.7395788090447475
5913 1.7592334684094553
5914 1.7772591599345904
5915 1.7782260233535423
5916 1.7966788006704735
5917 1.8088104077621707
5918 1.8217085036808554
5919 1.828566442727678
5920 1.8213962748861419
5921 1.808427495119684
5922 1.7723263495809354
5923 1.739988942156939
5924 1.7247130668820314
5925 1.701298334432093
5926 1.6874363759667639
5927 1.695883062080984
5928 1.713716830197209
5929 1.719542075535531
5930 1.738147046865335
5931 1.761320563074421
5932 1.7703900856215338
5933 1.7532982022346266
5934 1.7312269329118781
5935 1.7326585585849879
5936 1.751944286201845
5937 1.7732524281977502
5938 1.7710479106211858
5939 1.7424815573246448
5940 1.7064762346616666
5941 1.686519315895961
5942 1.6991056557313762
5943 1.7230689420172371
5944 1.7361042037060113
5945 1.7108952741050123
5946 1.6846339516729212
5947 1.6696919927131202
5948 1.6431258258261159
5949 1.613572447901986
5950 1.5767428036069955
5951 1.5672428581795368
5952 1.5965077755247816
5953 1.625002119293243
5954 1.62482539339033
5955 1.619940231090505
5956 1.6052297988593984
5957 1.5879438414061786
5958 1.5719950180152995
5959 1.5475832793962638
5960 1.5346133720681563
5961 1.5348802470208955
5962 1.5396631827131566
5963 1.5671082107902474
5964 1.5866513149734462
5965 1.5966937167215502
5966 1.5990144187846211
5967 1.6027929757975148
5968 1.6214544243721665
5969 1.6182242695079285
5970 1.6342863858759942
5971 1.6615398233896574
5972 1.6711300620894056
5973 1.6812362423912754
5974 1.7037653410308102
5975 1.7472079048237097
5976 1.778589363806443
5977 1.7792241066056125
5978 1.7545887144909216
5979 1.7501173024765004
5980 1.762841860132125
5981 1.7661959653627888
5982 1.780384284848343
5983 1.8054110505018317
5984 1.8230932952539143
5985 1.8469277264446375
5986 1.8538965834627632
5987 1.8538060577638873
5988 1.875746949297588
5989 1.904938435996425
5990 1.9250608851859041
5991 1.9338318797870533
5992 1.9404776204725966
5993 1.954451394122917
5994 1.983519346962932
5995 2.0156310860429194
5996 2.040881598527182
5997 2.0605467081255724
5998 2.0784528048675215
5999 2.1062984075216993
