#frame I
5000 4.008048215069289
5001 3.9129430122398037
5002 3.821855059204599
5003 3.7695569022355744
5004 3.752739194460165
5005 3.7077370740472015
5006 3.728801053045546
5007 3.774908328218716
5008 3.7847940781039164
5009 3.7829176067550048
5010 3.8032939540444044
5011 3.8365728740371
5012 3.844598452447072
5013 3.815376551246885
5014 3.7924616866546357
5015 3.7802336968042187
5016 3.776854499902522
5017 3.795620411072828
5018 3.8110959185125237
5019 3.7953555789494713
5020 3.7876427435755073
5021 3.7739971510801773
5022 3.752249657157313
5023 3.7577182722118723
5024 3.7569264985150523
5025 3.723190537456873
5026 3.7032201291088858
5027 3.6960682497056445
5028 3.6719393352094625
5029 3.633874789474282
5030 3.643565319395943
5031 3.6770751280122034
5032 3.6973254991157707
5033 3.705576980617397
5034 3.680130842689901
5035 3.6351729149112906
5036 3.6066129798673714
5037 3.6298075723063814
5038 3.6635244238950575
5039 3.6491699782979374
5040 3.5836825847080096
5041 3.5410531056641297
5042 3.5374450458679187
5043 3.565194011731502
5044 3.5890363278198443
5045 3.601866527138396
5046 3.6069730351017895
5047 3.6384203665717845
5048 3.6676808789468422
5049 3.6934551842079775
5050 3.704643834944669
5051 3.7034949520987817
5052 3.7169327009767823
5053 3.7034911125573737
5054 3.701885878333115
5055 3.7003742314737855
5056 3.6712726163395586
5057 3.6133954443379444
5058 3.5735073835255724
5059 3.560154810502761
5060 3.5462516829052415
5061 3.540752866324409
5062 3.5414351122645913
5063 3.5575432046238213
5064 3.567501918294058
5065 3.58274196104573
5066 3.5971288106911854
5067 3.596499438246543
5068 3.5776965756269914
5069 3.573870176928321
5070 3.5811479205630805
5071 3.6079662885432295
5072 3.6116436167842703
5073 3.5898870952428186
5074 3.544668516250798
5075 3.508397217287822
5076 3.515593971418947
5077 3.5151111674838864
5078 3.513982364581341
5079 3.5004444168969324
5080 3.461543202302626
5081 3.415778685045264
5082 3.3601208241218905
5083 3.309758880250854
5084 3.304876237171165
5085 3.304006742258314
5086 3.3130283578661324
5087 3.3175622044444624
5088 3.3049940898252053
5089 3.2976357395682356
5090 3.3070677893906186
5091 3.32549859076242
5092 3.352992654032909
5093 3.3929040540680786
5094 3.41529582948251
5095 3.412044560514837
5096 3.407074893166688
5097 3.417287338601863
5098 3.416688244920212
5099 3.3994967779573235
5100 3.396031602138383
5101 3.391010738098355
5102 3.3796922237160105
5103 3.3609842246425985
5104 3.317636091044679
5105 3.286920942592392
5106 3.296048150788816
5107 3.3108167319058426
5108 3.32623150608591
5109 3.313984374068195
5110 3.3048726600480225
5111 3.3148506762319356
5112 3.3238833851022553
5113 3.346403415418636
5114 3.3405620558476192
5115 3.33584163977894
5116 3.337288148013683
5117 3.3353138496266754
5118 3.3229011454358925
5119 3.306602777423024
5120 3.270576057733233
5121 3.220735173318448
5122 3.1851592334388936
5123 3.183672838136022
5124 3.220321668743744
5125 3.2657311473464508
5126 3.2875422959307685
5127 3.2995935861897947
5128 3.2992680893053157
5129 3.3005732714993177
5130 3.2927927180425662
5131 3.303284777268655
5132 3.3306245862481996
5133 3.3782137605564184
5134 3.3908967737885365
5135 3.3898609101916195
5136 3.3455388752910933
5137 3.3205775129509574
5138 3.3448555886137488
5139 3.323820889752481
5140 3.2735374760412093
5141 3.2708393802846483
5142 3.2976697164335667
5143 3.2766429308290412
5144 3.2399007049842123
5145 3.174274160195765
5146 3.112651779464765
5147 3.0546477063095434
5148 3.029839792282256
5149 3.045504017690695
5150 3.0483445371184827
5151 3.020473279595425
5152 2.978074079613833
5153 2.9610498705814274
5154 2.956690349764161
5155 2.966587319100312
5156 2.9783515426737655
5157 2.990256015500283
5158 2.9820243646792206
5159 3.0034540901579416
5160 2.9826387150101987
5161 2.9078355858945777
5162 2.909555086934195
5163 2.9439003917462947
5164 2.9908327587254604
5165 3.024851798096693
5166 3.0006400763460106
5167 2.9520790827965007
5168 2.881064384529732
5169 2.812079529707193
5170 2.761936999220604
5171 2.7092675385807774
5172 2.6639530410535914
5173 2.665634888751772
5174 2.6621743201799606
5175 2.678039216858788
5176 2.6864409844405204
5177 2.682252160136641
5178 2.673074152526391
5179 2.680255770460189
5180 2.6522824421083118
5181 2.6363704062418685
5182 2.591269503237078
5183 2.5706310370156777
5184 2.5593976484820264
5185 2.525693112418993
5186 2.502262970458816
5187 2.4808395286780205
5188 2.4835571833841725
5189 2.4796805608373775
5190 2.4889716196225784
5191 2.515250354902994
5192 2.5360334252007224
5193 2.5573722020798426
5194 2.579739557730869
5195 2.5875270491178917
5196 2.591409269598783
5197 2.5960794850531395
5198 2.5971232975508816
5199 2.599257670552958
5200 2.5721823338848613
5201 2.5615328595733327
5202 2.561081046323691
5203 2.5494021824907187
5204 2.5224601992758435
5205 2.532346583268357
5206 2.525236503726862
5207 2.498110548922128
5208 2.473218554227432
5209 2.437360228852704
5210 2.4005754589148087
5211 2.404438800036572
5212 2.4243049427029755
5213 2.4336312386906385
5214 2.4237246300804958
5215 2.4071722306982126
5216 2.4254836009494296
5217 2.439259935434013
5218 2.4553751232843495
5219 2.45743942458897
5220 2.4435105113652824
5221 2.438134061352536
5222 2.42520836288881
5223 2.4033837561119964
5224 2.3674574545190428
5225 2.3277631631539495
5226 2.319109164754088
5227 2.3697083200798317
5228 2.4002472475716847
5229 2.3955118559791755
5230 2.3729001456000667
5231 2.3557981918539492
5232 2.3649865003057564
5233 2.374566459115619
5234 2.3680882032467285
5235 2.348205306375876
5236 2.330276251418179
5237 2.3179191417568203
5238 2.323133878724283
5239 2.356842030478711
5240 2.3770225241932543
5241 2.367017582022675
5242 2.3583564282685803
5243 2.3486342916452685
5244 2.3318446453325836
5245 2.2966951662331563
5246 2.260817678078713
5247 2.2116174678610885
5248 2.189290453491039
5249 2.183574951906497
5250 2.167524337580659
5251 2.1439276640644045
5252 2.1296408864453307
5253 2.123626622944325
5254 2.096739810706775
5255 2.0563980044677006
5256 2.0318928879488487
5257 2.0586224095888306
5258 2.080487931903327
5259 2.106959631297894
5260 2.1425611025751317
5261 2.1765188261255797
5262 2.2096601408531535
5263 2.2131412112616773
5264 2.194992687773863
5265 2.1909142348774844
5266 2.203048699730826
5267 2.2037740034394453
5268 2.1986546226200465
5269 2.1892385982043105
5270 2.1818668107720125
5271 2.1797579252739747
5272 2.181733859481175
5273 2.156487509946619
5274 2.1208014195647378
5275 2.09537258892213
5276 2.0631542382218204
5277 2.0632442973061815
5278 2.0469377451251
5279 2.0163932054824016
5280 1.996628856246998
5281 2.0140314667405743
5282 2.0596223492191847
5283 2.092190738979861
5284 2.1019867180890617
5285 2.079033074115913
5286 2.0498525469586277
5287 2.0346363622044614
5288 2.0409375874204483
5289 2.0558912198220236
5290 2.0396283280252923
5291 1.9954751074770989
5292 1.9586861239348583
5293 1.941325128116784
5294 1.9295711628796712
5295 1.9293663476014313
5296 1.924483850444827
5297 1.9185629644763478
5298 1.9272994198437339
5299 1.9306550089033905
5300 1.9490478741388213
5301 1.95242011674822
5302 1.9402262906600405
5303 1.908208658558682
5304 1.8752384053014657
5305 1.8720196582486313
5306 1.8839760563451886
5307 1.9057300348332635
5308 1.9582000692044044
5309 2.0122448856965325
5310 2.0527582869027685
5311 2.0902448033461987
5312 2.1078744640777165
5313 2.136823113553335
5314 2.1518328611897757
5315 2.1543694775790625
5316 2.16124367305212
5317 2.1845470507927804
5318 2.216276312315225
5319 2.233628947131474
5320 2.255712256906578
5321 2.280356092836848
5322 2.2795789862420452
5323 2.2781686565727366
5324 2.287335096411151
5325 2.2983609138948804
5326 2.308096529550468
5327 2.3320667588026383
5328 2.3357994685405346
5329 2.3367297934263935
5330 2.3540351938254465
5331 2.3827666110482513
5332 2.4079669430868735
5333 2.415188916081581
5334 2.4106364228393424
5335 2.4100358088232046
5336 2.4146156515503057
5337 2.428457527280937
5338 2.4644251405105155
5339 2.5067223230311506
5340 2.5516937436779314
5341 2.6069048881737795
5342 2.648979947881132
5343 2.6539595134183984
5344 2.6755567326934275
5345 2.7357002973458955
5346 2.8113609982284506
5347 2.8848888947392934
5348 2.9463669165828357
5349 2.974946919198327
5350 2.9711764296370995
5351 2.959507187976668
5352 2.9727749079707193
5353 2.9637404475671785
5354 2.926029868108934
5355 2.882673659678637
5356 2.848938987703236
5357 2.82685620642523
5358 2.8427690893775637
5359 2.86615523222742
5360 2.8307998871160645
5361 2.7536879922421864
5362 2.6586378283880174
5363 2.5781828768335386
5364 2.520557467405526
5365 2.4672585098690623
5366 2.4526286403708215
5367 2.486476647313823
5368 2.495056949351713
5369 2.4877352653244253
5370 2.509948056061151
5371 2.5543813288803907
5372 2.5686419653431005
5373 2.567343435425342
5374 2.577056086219141
5375 2.5986693289389824
5376 2.60629426802859
5377 2.6222864123733123
5378 2.6400862328539167
5379 2.6526766177322467
5380 2.672146228509647
5381 2.670477079259654
5382 2.649757454170936
5383 2.6187020481810994
5384 2.6188688005001515
5385 2.6430849826877836
5386 2.6507562313432413
5387 2.6391108036795172
5388 2.6361892175746457
5389 2.646336697173161
5390 2.658427859456382
5391 2.668208621742138
5392 2.6807428618083695
5393 2.6932661075235047
5394 2.676087415993609
5395 2.659441470807816
5396 2.6361459634149766
5397 2.6337279019948703
5398 2.6654377794991797
5399 2.6493350634271833
5400 2.612553031639501
5401 2.598200800202788
5402 2.603609494103371
5403 2.6112894733526244
5404 2.6034865343907536
5405 2.5995230742469966
5406 2.6009041514749676
5407 2.6192049563463224
5408 2.6374411005655993
5409 2.6331773098358675
5410 2.6530509945973266
5411 2.670966321520921
5412 2.6826966791409603
5413 2.6903744967942607
5414 2.713833108743901
5415 2.7385287464983157
5416 2.76826942831314
5417 2.781823541549455
5418 2.79185957188567
5419 2.78581872526355
5420 2.7890463045058915
5421 2.804063970844822
5422 2.8228946606989993
5423 2.8133321804450526
5424 2.801017516867786
5425 2.798508905793731
5426 2.7973495401593618
5427 2.81442933375248
5428 2.832282741206208
5429 2.834643716599005
5430 2.845833556672264
5431 2.865151796187372
5432 2.8961871461849067
5433 2.9029888861111766
5434 2.885854592297867
5435 2.8771851889089257
5436 2.864670112655651
5437 2.844265050184231
5438 2.8416299220382157
5439 2.8598260975077614
5440 2.8848692860685476
5441 2.888195134294528
5442 2.9080815318491617
5443 2.9496818626387857
5444 2.974329735910986
5445 2.995911933130388
5446 3.0082968233447467
5447 2.9922200890941175
5448 2.9571598929616227
5449 2.923880898729065
5450 2.890052258868459
5451 2.8681784034288027
5452 2.865625265866288
5453 2.8636761804135094
5454 2.875717415558799
5455 2.8734347614862963
5456 2.8752235474690013
5457 2.8889660521257468
5458 2.915116542507506
5459 2.933859461020462
5460 2.93380961161752
5461 2.9147283336124654
5462 2.930798095238354
5463 2.956441017694363
5464 2.9933023709560618
5465 3.0049125137818327
5466 3.006475170724861
5467 2.9861633760988613
5468 2.9859635186474605
5469 2.9983318870230167
5470 2.977802613484941
5471 2.97143906699124
5472 2.9898681587705545
5473 2.9971133419259592
5474 2.9972721645072515
5475 2.9899348868071964
5476 2.961105432828776
5477 2.9240811864924208
5478 2.887803115237287
5479 2.879033333557476
5480 2.869254933128856
5481 2.8572726033627585
5482 2.8561191762552105
5483 2.8418274666501695
5484 2.814124162883593
5485 2.8108646036250486
5486 2.8001898214659087
5487 2.798922680464096
5488 2.80428920002602
5489 2.786730713591263
5490 2.788156742268785
5491 2.779093429947194
5492 2.7460517827703512
5493 2.7243566089888933
5494 2.710441234525621
5495 2.7033639537622958
5496 2.671091682282613
5497 2.6450015203312547
5498 2.624734900304054
5499 2.6353163284886056
5500 2.6494579721598464
5501 2.648396213273205
5502 2.6232659604340047
5503 2.618202307507547
5504 2.6157647635163355
5505 2.6047904467967453
5506 2.584757889597797
5507 2.5873728122349
5508 2.5665811124396973
5509 2.548546955249757
5510 2.5555750608520595
5511 2.5403575154044433
5512 2.5484330358069696
5513 2.5498915629613728
5514 2.5620981673255576
5515 2.5944344511665554
5516 2.631695542987692
5517 2.6781103844646177
5518 2.714147831498952
5519 2.71107475268516
5520 2.690719839327808
5521 2.6393265345414543
5522 2.62634088146588
5523 2.6325534489054263
5524 2.639422423976809
5525 2.6717159946669886
5526 2.69949965814436
5527 2.7047765351142514
5528 2.7200510674024088
5529 2.7254434446146982
5530 2.732114450985953
5531 2.7402968863356425
5532 2.759884196748934
5533 2.7751818705855555
5534 2.7796377690031338
5535 2.7414572326756006
5536 2.7431235997759544
5537 2.7179010846356624
5538 2.7255609222421477
5539 2.7422920993559865
5540 2.711710174650391
5541 2.679189530755918
5542 2.6242945353809417
5543 2.597940628822872
5544 2.6059129766244404
5545 2.6268714848011556
5546 2.628229759808134
5547 2.6034238715678
5548 2.6359253110946286
5549 2.6657179837856018
5550 2.6572047518612685
5551 2.6484798654475483
5552 2.6563491339984164
5553 2.653875755038843
5554 2.6492061459775456
5555 2.6470222724900925
5556 2.690430549237363
5557 2.7112974971280335
5558 2.7056230930608227
5559 2.692263997858414
5560 2.682282172243125
5561 2.6866060865335473
5562 2.6943728694547304
5563 2.725782706331832
5564 2.718552007024296
5565 2.6339781486922127
5566 2.560939030653558
5567 2.563795414301261
5568 2.5936084578979703
5569 2.6127532221558205
5570 2.6327415155089113
5571 2.639135950781386
5572 2.6616255776522904
5573 2.6056115592467424
5574 2.5494997798617094
5575 2.5334705812800844
5576 2.481963697739029
5577 2.4320992616065165
5578 2.4018165115619565
5579 2.359865754401579
5580 2.2798707209832787
5581 2.2375238427698245
5582 2.215752117190912
5583 2.189567330600313
5584 2.154532578595594
5585 2.1332841117259065
5586 2.131675767873992
5587 2.1242293425742327
5588 2.1033474858218355
5589 2.0369611958018132
5590 1.9477890284465342
5591 1.8938525525187464
5592 1.8477712356808083
5593 1.8081294676354276
5594 1.7807958197809826
5595 1.7699900854411983
5596 1.7642809809280071
5597 1.7542598672723602
5598 1.7766664600468494
5599 1.7808337127198017
5600 1.7665313741705857
5601 1.7872758082401408
5602 1.7688270917476316
5603 1.788401085576466
5604 1.78551448922178
5605 1.7945377546875507
5606 1.7947833471341654
5607 1.7636604253484764
5608 1.7314829425709302
5609 1.7390876270651903
5610 1.7277332617311811
5611 1.7076244204374116
5612 1.718965422065367
5613 1.7139128644888715
5614 1.7288539729103996
5615 1.7866998071716897
5616 1.8396306931313793
5617 1.874560886143386
5618 1.896479624386186
5619 1.9141812610419404
5620 1.8952141080709535
5621 1.9035387953526473
5622 1.9055272847620381
5623 1.9196210635164697
5624 1.9264657132715843
5625 1.90802585690989
5626 1.9055634170347322
5627 1.848225991367676
5628 1.7997246219237197
5629 1.7526141435159448
5630 1.7217565001535577
5631 1.697909619854734
5632 1.6838039020110147
5633 1.6651301438280703
5634 1.6654356381360922
5635 1.6803079411895838
5636 1.6456055459669012
5637 1.6046423012895557
5638 1.5855989328114977
5639 1.5917463883547682
5640 1.5700592930772042
5641 1.5601527398332615
5642 1.5657792230184708
5643 1.5811829093216867
5644 1.608850601962048
5645 1.631462587036887
5646 1.6741093475281805
5647 1.7179650021354131
5648 1.772737768512039
5649 1.8156386895945458
5650 1.8552878962944883
5651 1.9066751207365977
5652 1.942490619246129
5653 1.9419952100315727
5654 1.9613916580573838
5655 1.951955077534378
5656 1.9299022918774553
5657 1.9133577788583604
5658 1.8969269603488612
5659 1.8805873079641668
5660 1.8482796827413142
5661 1.8240301529965628
5662 1.8183990189384112
5663 1.816985273968625
5664 1.8016148222914954
5665 1.7855503152993373
5666 1.7713265603039265
5667 1.7652175222745394
5668 1.7486640800948403
5669 1.737494081009766
5670 1.7492181490475418
5671 1.7514240047537615
5672 1.70801540996541
5673 1.664996422261079
5674 1.6203167877307727
5675 1.5921010650101564
5676 1.5658156924303788
5677 1.5546801729816704
5678 1.5570440444579061
5679 1.5719411106306656
5680 1.596654804553672
5681 1.6102216704277341
5682 1.6298526171735892
5683 1.6179690049271958
5684 1.6146441212789926
5685 1.63303905493483
5686 1.5872515184081557
5687 1.5618998295133881
5688 1.533273972091305
5689 1.4962328432105805
5690 1.4897571883427352
5691 1.4866716265212558
5692 1.4738405162779142
5693 1.4538863615798663
5694 1.4431663031869788
5695 1.4545840989439367
5696 1.4661216779441857
5697 1.4645236302747762
5698 1.4754693266496253
5699 1.4515094913939253
5700 1.4356230631921525
5701 1.433626311433008
5702 1.4229056173383186
5703 1.4152958017896091
5704 1.3943929878867467
5705 1.375116933211333
5706 1.3716591158236515
5707 1.3841344915008063
5708 1.3857114077065142
5709 1.38478895243694
5710 1.4133822943469037
5711 1.444684770192721
5712 1.450514233416109
5713 1.459601463497716
5714 1.4565462208231232
5715 1.4373199438244002
5716 1.4150040057245834
5717 1.4022009893985412
5718 1.3806572115549707
5719 1.3574279250948953
5720 1.3469164330513312
5721 1.3465297296335654
5722 1.3604426744186877
5723 1.398142768312551
5724 1.4383310529789828
5725 1.492982524966318
5726 1.5228697075238444
5727 1.5441047020107588
5728 1.5716478258481317
5729 1.5827743721875593
5730 1.5933391530445642
5731 1.6231288013276768
5732 1.6575749656791392
5733 1.6746612777401515
5734 1.6608690106070536
5735 1.648732034804516
5736 1.63721515853807
5737 1.6527894203846556
5738 1.6521057828413763
5739 1.609016887018544
5740 1.5814076336578404
5741 1.5707610300856907
5742 1.5583270377317828
5743 1.5429864937150874
5744 1.512454830853724
5745 1.4961809950269953
5746 1.5099981548234453
5747 1.5285901632418024
5748 1.5433619756725967
5749 1.5684344651287023
5750 1.592850040535613
5751 1.6069214928484525
5752 1.6013681477751118
5753 1.5829069774789262
5754 1.5551950481864967
5755 1.5475301135707946
5756 1.5637719041786435
5757 1.589111227608216
5758 1.6142767087722283
5759 1.6468992987427349
5760 1.6570843767006684
5761 1.6767589705919401
5762 1.6762798461599715
5763 1.6839799700022697
5764 1.7382395564669635
5765 1.7471539662551452
5766 1.72406372208194
5767 1.717416142295419
5768 1.7262823987324418
5769 1.732483101559669
5770 1.7617857394895675
5771 1.806902597823961
5772 1.8538883080221713
5773 1.8814713630465552
5774 1.887947166871079
5775 1.895186273407717
5776 1.8852793350486883
5777 1.8549948193121253
5778 1.8292057292527006
5779 1.8310636080031635
5780 1.8452262479943895
5781 1.8626612171946932
5782 1.8884357692634148
5783 1.8712518542123318
5784 1.8371836170547322
5785 1.8281678112661477
5786 1.8439061351140678
5787 1.869037587641334
5788 1.8881191917778912
5789 1.9091245529457206
5790 1.9619920100597432
5791 1.9826816787721333
5792 1.9840878889354423
5793 2.012489430883882
5794 2.0397303055333333
5795 2.0650679738280817
5796 2.0891873835843726
5797 2.1017976296473617
5798 2.096730220777921
5799 2.0819109291981683
5800 2.055222451501158
5801 2.038485490183774
5802 2.0224675657393685
5803 2.00677863866649
5804 2.0218884775882513
5805 2.037478741295184
5806 2.028840440766477
5807 2.012351662224829
5808 2.013657964296656
5809 2.015943334201891
5810 2.0241561163355453
5811 2.0327156828375865
5812 2.045387552922169
5813 2.0377144065753865
5814 2.00742303873506
5815 1.9711918812188942
5816 1.9457748654990143
5817 1.9132988486297529
5818 1.911333279176315
5819 1.9257677367782942
5820 1.9231957602413252
5821 1.9266502674334334
5822 1.9157661595510371
5823 1.9049175072388835
5824 1.8916832524559395
5825 1.9021916138952393
5826 1.9264779235726381
5827 1.9493346930040725
5828 1.942934845106395
5829 1.9278437764729492
5830 1.8935275175563544
5831 1.852253390700402
5832 1.7979897200401251
5833 1.7899207284392358
5834 1.792445807267674
5835 1.7990257445868323
5836 1.7945147846940714
5837 1.7945087828772555
5838 1.79094897397733
5839 1.7536332004600612
5840 1.7430995159055187
5841 1.7412347570719497
5842 1.7330242406502898
5843 1.7433693654014937
5844 1.7602079276365548
5845 1.7546517409779254
5846 1.723906207355341
5847 1.70038815619949
5848 1.7376543177112571
5849 1.7790416775340108
5850 1.8137815040719074
5851 1.8340194449669962
5852 1.8281248993380592
5853 1.8184652393905936
5854 1.8227265856079982
5855 1.8478261281188115
5856 1.862636393827106
5857 1.8556862700906716
5858 1.8508320280091182
5859 1.8676204672373178
5860 1.8909979484438988
5861 1.9181329744139068
5862 1.9467760059828505
5863 1.9480671562790124
5864 1.9568894423482313
5865 1.9572634938578835
5866 1.9395083811430316
5867 1.9170409450796315
5868 1.8876789216743748
5869 1.8750395505380615
5870 1.8996681864831098
5871 1.901106335180682
5872 1.8817073244443512
5873 1.861289482120855
5874 1.8394653204423903
5875 1.8132076615929336
5876 1.8111737828431016
5877 1.81225837198608
5878 1.8092036681237438
5879 1.8263403835939416
5880 1.8502142697385122
5881 1.8899590785386815
5882 1.910235971787582
5883 1.9283371002648044
5884 1.951320031489101
5885 1.9545973248319228
5886 1.9491664358365322
5887 1.9442483789583853
5888 1.9209692512657954
5889 1.8921759226811221
5890 1.8690708435395318
5891 1.842126694435592
5892 1.831241754351698
5893 1.834792800150498
5894 1.8491258098205292
5895 1.864597336212457
5896 1.8876599188319985
5897 1.8752596048942367
5898 1.8418189359380601
5899 1.830120688292986
5900 1.8385623001949745
5901 1.841387175469697
5902 1.8407861235901473
5903 1.8461142918126554
5904 1.863002791703544
5905 1.8727203678897586
5906 1.8744743594105293
5907 1.884465624632646
5908 1.8910304242739921
5909 1.8734563916604021
5910 1.8456043710543697
5911 1.837600446323089
5912 1.8444355692241865
5913 1.8609029897578218
5914 1.8749520380171603
5915 1.871113220847064
5916 1.8960029454963052
5917 1.9152175482294336
5918 1.9311023911638359
5919 1.9304919635902131
5920 1.9131661895164347
5921 1.8848095311632573
5922 1.8463332798972405
5923 1.825798490383681
5924 1.8289870078833614
5925 1.8179063288218549
5926 1.807390120117271
5927 1.8169664090799105
5928 1.8387125621593283
5929 1.851552052291077
5930 1.872972399849299
5931 1.8963583619326467
5932 1.9037360598824546
5933 1.8852578204490678
5934 1.8587091150801698
5935 1.8447045072652168
5936 1.8554987918646295
5937 1.8612076347395805
5938 1.844697027239966
5939 1.806872900570275
5940 1.7658588013742595
5941 1.738910226327793
5942 1.7447454176984758
5943 1.764121403853885
5944 1.7743189038387293
5945 1.7403185803113335
5946 1.709088772925138
5947 1.7039644518041712
5948 1.6860507518573296
5949 1.6498912485839532
5950 1.605603540880846
5951 1.5833462911684906
5952 1.6015905158220032
5953 1.6247427993079935
5954 1.6240638264651626
5955 1.6127547503010988
5956 1.596260273373614
5957 1.589386370222768
5958 1.5858185704463599
5959 1.5688804456571062
5960 1.566838471854081
5961 1.5798490083926526
5962 1.59305320264001
5963 1.6155067525692999
5964 1.6402107793697092
5965 1.651705300525275
5966 1.656887767543647
5967 1.6648609002461163
5968 1.6792046680127553
5969 1.678269465014164
5970 1.6872473132720571
5971 1.7003694124190916
5972 1.7106914611809467
5973 1.7172021996712223
5974 1.7405963611194963
5975 1.7846479260452057
5976 1.8146450882539085
5977 1.815988672773647
5978 1.8002720742234402
5979 1.802057676388614
5980 1.8183103825949256
5981 1.8262573445857513
5982 1.8372297908889705
5983 1.86923408044605
5984 1.893485602012117
5985 1.9346955785376108
5986 1.9546525348584816
5987 1.9590437115946242
5988 1.9726028858561644
5989 1.9951687762708192
5990 2.015998021957536
5991 2.0142541709134054
5992 2.0038504095839724
5993 2.0085725321488037
5994 2.0332934355106476
5995 2.060775693324166
5996 2.091580875131869
5997 2.1131602039518964
5998 2.129603053880704
5999 2.163606504330188
