#frame I
5000 2.3764412416650025
5001 2.36730313856141
5002 2.3525314259044494
5003 2.3526106446813406
5004 2.344184726855526
5005 2.3531573412832385
5006 2.3543559189367236
5007 2.350997730899775
5008 2.3248188512270334
5009 2.3087161979639266
5010 2.289930577782315
5011 2.2769479497628393
5012 2.2444832140288757
5013 2.1543221519272846
5014 2.0979061553141767
5015 2.0565103930620516
5016 2.013242264987924
5017 1.9737488654715996
5018 1.9512389227300586
5019 1.95510546337493
5020 1.9621058185418945
5021 1.961378837294032
5022 1.9573426645691228
5023 1.9298985683892962
5024 1.916530106580148
5025 1.9207382212123514
5026 1.9367474625039987
5027 1.9710049305810065
5028 1.9932408098845937
5029 2.0078429155099085
5030 2.021954122014007
5031 2.0469277127144085
5032 2.0718536214705
5033 2.110007989231775
5034 2.125072615489101
5035 2.1462271890543714
5036 2.1746823010092715
5037 2.155442336558059
5038 2.1017378451025888
5039 2.0479338621435765
5040 2.027393399975926
5041 2.029893574659706
5042 2.030087716516948
5043 2.029597139716131
5044 2.0430879012922984
5045 2.0474076891045683
5046 2.0296249032932026
5047 1.9788649554490736
5048 1.930748843562464
5049 1.884366156357532
5050 1.8481376926185051
5051 1.8045134440759507
5052 1.7476323549411061
5053 1.714034263107723
5054 1.677119490462266
5055 1.659711196125201
5056 1.6462301047311854
5057 1.6350614466946902
5058 1.6365356670619802
5059 1.642177069103771
5060 1.6370336562829415
5061 1.6067128604151535
5062 1.5731132420337264
5063 1.5612342732256366
5064 1.5394389418771341
5065 1.5373434034597753
5066 1.551618213774626
5067 1.5730450888891079
5068 1.6073171129731447
5069 1.6370632695591403
5070 1.6814417968748925
5071 1.7333308371577323
5072 1.7712831970235066
5073 1.8032503249239047
5074 1.809488762678998
5075 1.8074858927309623
5076 1.7908300427148447
5077 1.790675169913074
5078 1.8016997790778844
5079 1.8112783515866187
5080 1.8194759251861776
5081 1.8214261740363489
5082 1.8333162975955202
5083 1.8426467153487573
5084 1.8285933198108892
5085 1.8209316520582415
5086 1.82586651962607
5087 1.8183072832527858
5088 1.7968874066078617
5089 1.7974792895674834
5090 1.8016227832013256
5091 1.7878325962913257
5092 1.7638522161054682
5093 1.7208350751401396
5094 1.6918720229799589
5095 1.6897207940866998
5096 1.689590980892437
5097 1.685830573955659
5098 1.6905172744055994
5099 1.6974666366459872
5100 1.743366884947636
5101 1.8223459022682558
5102 1.8764306218825253
5103 1.8764904170405508
5104 1.8607660251861196
5105 1.839385649421546
5106 1.798016702709247
5107 1.7604732357362816
5108 1.7232368730242313
5109 1.7084250284612184
5110 1.646464083211929
5111 1.566355908909547
5112 1.5100006575253653
5113 1.4752641298989613
5114 1.4537185339082812
5115 1.414635101202954
5116 1.3790030811360499
5117 1.3699806307132012
5118 1.3890930187687887
5119 1.4222837016460974
5120 1.4453308798822082
5121 1.4653084848838929
5122 1.498586357896756
5123 1.5300077886278372
5124 1.570587036798032
5125 1.5899234068531807
5126 1.6253377319243425
5127 1.657932307570667
5128 1.6883886115364375
5129 1.6895074829083543
5130 1.670339705710976
5131 1.6792191350027692
5132 1.7144378751332767
5133 1.7234575775291774
5134 1.7471055974236434
5135 1.764802145153027
5136 1.7596255007684978
5137 1.7658332508435939
5138 1.7830220452702814
5139 1.7576200458013305
5140 1.7251359012120775
5141 1.7037289346600417
5142 1.6902257989964762
5143 1.6905463794525128
5144 1.6890269916470289
5145 1.6908234941434126
5146 1.6874702052831636
5147 1.6795567938723535
5148 1.6558241457160787
5149 1.6590921799421179
5150 1.6850711107120837
5151 1.6995804032659312
5152 1.7119272656028874
5153 1.7295920724244354
5154 1.7305733650161654
5155 1.722021835406725
5156 1.693060723151279
5157 1.6796897991331476
5158 1.6743439626664405
5159 1.6745588811969279
5160 1.686685838166919
5161 1.6931826168849369
5162 1.711798899140757
5163 1.7227728719756494
5164 1.7232315270335694
5165 1.715993322878277
5166 1.700648181590541
5167 1.681043307773157
5168 1.6680239291862544
5169 1.667489917266452
5170 1.6887513462292076
5171 1.6844215488136434
5172 1.6652712093257167
5173 1.6506422765203443
5174 1.631725984674368
5175 1.62318192100161
5176 1.6299318376751264
5177 1.6369151142486849
5178 1.6473326921907239
5179 1.6650383734775653
5180 1.6956608861129885
5181 1.7025676492696729
5182 1.6957257948218851
5183 1.6955614896830098
5184 1.6906929650726692
5185 1.6770903408664466
5186 1.667253892240821
5187 1.6638875875793977
5188 1.6451398048967187
5189 1.640909515469146
5190 1.663153777488416
5191 1.678958818006684
5192 1.6700389876896302
5193 1.6504369805852466
5194 1.6530330384362975
5195 1.6508682570467526
5196 1.651226994120687
5197 1.6457872513390943
5198 1.64009118875267
5199 1.6530216261606316
5200 1.6785049777960008
5201 1.6947868436552682
5202 1.7007133636443363
5203 1.7073097367723706
5204 1.7283126427574802
5205 1.7283810477767043
5206 1.7409510051457369
5207 1.7611636979354663
5208 1.7904338859897615
5209 1.8103575337354563
5210 1.8192114857155754
5211 1.80820166216672
5212 1.8134766518504928
5213 1.8193387738997868
5214 1.8266614909580672
5215 1.8577868478776576
5216 1.8849790250156602
5217 1.8850092947678825
5218 1.8743760648508763
5219 1.872611418246235
5220 1.8905573457478568
5221 1.8748465529672056
5222 1.8343431237824943
5223 1.823356105902277
5224 1.8277334714154718
5225 1.8065882634028947
5226 1.8042440558337896
5227 1.8245935921452798
5228 1.8263674878521086
5229 1.8323512338930805
5230 1.8385944419496898
5231 1.8519369981057603
5232 1.8197459221689969
5233 1.809114937842458
5234 1.7924343892223777
5235 1.7574175634459432
5236 1.724241006050767
5237 1.7056843431813906
5238 1.700617395348259
5239 1.6985189090407578
5240 1.7022748662140448
5241 1.7164962762996891
5242 1.7526116470113875
5243 1.833460900002354
5244 1.8736307047731937
5245 1.8942941236264967
5246 1.9371644848570404
5247 2.012924857541271
5248 2.1133162016786
5249 2.184417891658061
5250 2.2133336141747977
5251 2.1932794193987792
5252 2.144581164706017
5253 2.12976832134079
5254 2.139629535686014
5255 2.1311818529456494
5256 2.0969133993151683
5257 2.0933633937667966
5258 2.0664821116040044
5259 2.0223783814280125
5260 1.9880284499026475
5261 1.9693520738046975
5262 1.9604668644467762
5263 1.9533455171382734
5264 1.9601483265289672
5265 1.9593118541604477
5266 1.9846158367720788
5267 2.006277155321468
5268 2.0132352710799486
5269 1.9738932024784634
5270 1.919027515664766
5271 1.8840606047785722
5272 1.8789628709352006
5273 1.9066272792727947
5274 1.9245470677271332
5275 1.9334341975921074
5276 1.9320371701583823
5277 1.8966282137426536
5278 1.8913487731809502
5279 1.8865838473297152
5280 1.8494274513163271
5281 1.8207388897307772
5282 1.7732502461604047
5283 1.7204659641975437
5284 1.6832052176437056
5285 1.669254784989342
5286 1.6906908679208748
5287 1.7558030457083222
5288 1.8329464185834232
5289 1.868925425689868
5290 1.8773010465407716
5291 1.8775467964628383
5292 1.8724364886324252
5293 1.87213054281552
5294 1.8612414415497407
5295 1.8448990175825406
5296 1.8362731767502323
5297 1.8567889246779412
5298 1.8432807334755037
5299 1.7972055400300386
5300 1.72891442623191
5301 1.6717839683252407
5302 1.6614505158052408
5303 1.6620959084940259
5304 1.6304740553438142
5305 1.5987595915291912
5306 1.6070739171771862
5307 1.6160877251473913
5308 1.6163361382632457
5309 1.6110058390552169
5310 1.6384951579272802
5311 1.6558874030708999
5312 1.6664819758338263
5313 1.634821436149954
5314 1.6199230119416348
5315 1.6145780553943427
5316 1.6295061501932238
5317 1.653693915876592
5318 1.6641682124942216
5319 1.6588932136164705
5320 1.6568067939605275
5321 1.6658895011563009
5322 1.6990094079776312
5323 1.7575637347506712
5324 1.7594162210534547
5325 1.7593655767066827
5326 1.7658902135924688
5327 1.7745449658280077
5328 1.8088951225817012
5329 1.8227810147834074
5330 1.8207435757318942
5331 1.843933241938036
5332 1.9049014644189541
5333 1.9662382872635007
5334 2.012497279019582
5335 2.0301708133979224
5336 2.0342308097773656
5337 2.04359990136333
5338 2.057530583171622
5339 2.0639289314215943
5340 2.044497942156385
5341 2.0342336225486877
5342 2.05569531350644
5343 2.10524408541945
5344 2.1472753597253145
5345 2.1704717328100815
5346 2.204657064259198
5347 2.251723967591046
5348 2.2830128748870493
5349 2.3081923992984463
5350 2.363134826785967
5351 2.3977155296281896
5352 2.3959773658558836
5353 2.394394763982412
5354 2.404488353713643
5355 2.412159819432487
5356 2.3959945742674003
5357 2.3815951625801186
5358 2.371252027825095
5359 2.3433493959287794
5360 2.332765384262404
5361 2.3274041253154505
5362 2.3160496829320407
5363 2.3156867582636873
5364 2.306675966974918
5365 2.315163349447844
5366 2.3411620275536786
5367 2.352811240438738
5368 2.3437574708885216
5369 2.3419135200845114
5370 2.353669417953028
5371 2.349624290051039
5372 2.3581259276297795
5373 2.3676244907370365
5374 2.3933489458553265
5375 2.430982922224293
5376 2.467485784370746
5377 2.5088542562703493
5378 2.539856626022089
5379 2.5609676609636765
5380 2.5852059835356056
5381 2.597444892344081
5382 2.6035104486848466
5383 2.617149083540792
5384 2.638872542300771
5385 2.6789145287785687
5386 2.7234615483210765
5387 2.754389145543526
5388 2.761578818327836
5389 2.75237467382163
5390 2.7609385936143394
5391 2.7810058743868855
5392 2.7920596402228486
5393 2.7763862694051773
5394 2.7633621558102215
5395 2.730920173971263
5396 2.716897859518738
5397 2.713279973351581
5398 2.690348982474971
5399 2.6919330471469123
5400 2.7199533553052886
5401 2.756702556220065
5402 2.7844033611975014
5403 2.8161397154154613
5404 2.832172441420295
5405 2.8471222876999303
5406 2.862601658905677
5407 2.8848721826658625
5408 2.855669333825167
5409 2.796589378105073
5410 2.74003447493496
5411 2.693588673410902
5412 2.680051519901151
5413 2.6494357527804095
5414 2.629955934019693
5415 2.603835354929018
5416 2.573408032883141
5417 2.5304985247455516
5418 2.515837230878107
5419 2.551415231874486
5420 2.5856576946370042
5421 2.6022450118466485
5422 2.600411122082646
5423 2.575032005243924
5424 2.5567186003974025
5425 2.5210055812732577
5426 2.4630126680853364
5427 2.424066883015084
5428 2.3877257981790065
5429 2.340989199512088
5430 2.299866588938686
5431 2.2704390122701725
5432 2.270670188460572
5433 2.253356998179842
5434 2.2282400818852404
5435 2.219499253107023
5436 2.2245890802328416
5437 2.253235679608382
5438 2.2868517137073754
5439 2.3176438876616996
5440 2.352322483478488
5441 2.3670435766975833
5442 2.3518936390066822
5443 2.333823684322997
5444 2.344773866263957
5445 2.3631499443534763
5446 2.3808297531027987
5447 2.3914701334682356
5448 2.363340503087528
5449 2.356745466327024
5450 2.396697973748415
5451 2.430750710456304
5452 2.4537934167931548
5453 2.476498954536777
5454 2.4997594885173258
5455 2.5204044217749892
5456 2.536191170411983
5457 2.5361230175655898
5458 2.532746958860729
5459 2.5218722193586234
5460 2.524941383289821
5461 2.5706089526045366
5462 2.623203436652437
5463 2.6318430732015847
5464 2.619653217537458
5465 2.6062370400911417
5466 2.6367215167169213
5467 2.697094106369807
5468 2.7513766720711477
5469 2.7668573723707013
5470 2.7664420019356286
5471 2.7743897170337113
5472 2.7980934084155935
5473 2.8149972482827863
5474 2.835376201538375
5475 2.844532465583583
5476 2.8477455010852606
5477 2.8332389248072833
5478 2.8089877554256932
5479 2.807532682508187
5480 2.8186783505859414
5481 2.8395383227350113
5482 2.8659725709351003
5483 2.8481706425268465
5484 2.836336128855418
5485 2.8304642583195694
5486 2.8289301034687098
5487 2.830987764383758
5488 2.8195604572825
5489 2.797349314556309
5490 2.775433017158053
5491 2.7798639553560016
5492 2.797745547891308
5493 2.813620174819314
5494 2.828889117194667
5495 2.8598866832893357
5496 2.9279509458127557
5497 2.961418496626055
5498 2.9661843950382547
5499 2.9611149025893995
5500 2.9485450421200032
5501 2.941879545131026
5502 2.9329693905486964
5503 2.9225837750884884
5504 2.9245008107404042
5505 2.9671740882010678
5506 3.023959254263541
5507 3.050115037959093
5508 3.041598746352809
5509 3.047590283199955
5510 3.0657538065250165
5511 3.065745407187531
5512 3.0756093087431604
5513 3.086629595170545
5514 3.1006542283675738
5515 3.1335375952429096
5516 3.1787503421876226
5517 3.187878449764527
5518 3.184900493446821
5519 3.1962994491290426
5520 3.1803499744343515
5521 3.1630955114119947
5522 3.145723859457624
5523 3.1017076321582806
5524 3.029441135500515
5525 2.986240692227494
5526 2.9642063130317897
5527 2.9579281648079765
5528 2.945016500988566
5529 2.9378854294352252
5530 2.937875049508658
5531 2.9238199622944085
5532 2.9323524205166533
5533 2.9488085326194824
5534 2.9445916801822
5535 2.932009383951191
5536 2.8958625990058544
5537 2.852282402373867
5538 2.807394395212297
5539 2.750140238256999
5540 2.707625870380124
5541 2.68247533104313
5542 2.651980848648245
5543 2.61133522454497
5544 2.591616551531071
5545 2.5826598375496546
5546 2.5772781412636983
5547 2.5672061787542027
5548 2.556007669829201
5549 2.5418449494214466
5550 2.5382779300220903
5551 2.538770402957504
5552 2.5260556277835935
5553 2.517545264413231
5554 2.5436834209130943
5555 2.5878652495933583
5556 2.6391572678325868
5557 2.687905491435762
5558 2.7187411854634482
5559 2.7237150816400906
5560 2.735273000170719
5561 2.727380481652637
5562 2.699444925849324
5563 2.685275385638505
5564 2.6624333908118194
5565 2.6081116016251293
5566 2.5647232139327194
5567 2.5171539422863134
5568 2.4679255738680785
5569 2.43338847748911
5570 2.430755911638869
5571 2.438434356898143
5572 2.437965829410432
5573 2.4333840811118206
5574 2.4426411948244167
5575 2.461369484614196
5576 2.4892518129928733
5577 2.520722758428544
5578 2.5374174041634574
5579 2.567714207613545
5580 2.5779569774615956
5581 2.5648241180408
5582 2.5504467830980917
5583 2.527786208485916
5584 2.507084773646898
5585 2.49441553143923
5586 2.462477164455725
5587 2.456279625167234
5588 2.4521928859207125
5589 2.448514545432011
5590 2.4354593947412475
5591 2.4519700718085677
5592 2.4690305288495535
5593 2.4923056584722794
5594 2.5242955728423566
5595 2.526407788103979
5596 2.503882040635631
5597 2.477322530538262
5598 2.4526698983758743
5599 2.4364756608819627
5600 2.4246332813003786
5601 2.434814975584903
5602 2.4424534896118875
5603 2.4384742462344895
5604 2.421965904942546
5605 2.4005697584758647
5606 2.3861004103756245
5607 2.352348528375536
5608 2.310548617364895
5609 2.305523630619278
5610 2.2890518733102736
5611 2.256343514817155
5612 2.2280036335302773
5613 2.2156950726274327
5614 2.1984271284669044
5615 2.1808985795643965
5616 2.1574994879517435
5617 2.1186043981871463
5618 2.0912458952855055
5619 2.0727175323036384
5620 2.0118834895990725
5621 1.9410484491447477
5622 1.9054967607830797
5623 1.901183469927449
5624 1.887310323919077
5625 1.8730806495375023
5626 1.8556005951127779
5627 1.7847834895641963
5628 1.7436027544789292
5629 1.749385784938908
5630 1.7753154172741705
5631 1.813235315543956
5632 1.8434449571232694
5633 1.8677436409038246
5634 1.8794730409240419
5635 1.9012386745881458
5636 1.9292771349313698
5637 1.9518842335070243
5638 1.979523230445343
5639 2.0282581184001116
5640 2.0753089552501836
5641 2.108094204488463
5642 2.1363093667538346
5643 2.13467290737438
5644 2.1257270359681364
5645 2.120763227229918
5646 2.106890558900509
5647 2.072302537626798
5648 2.043364809787195
5649 2.0362932702391974
5650 2.0447847767241285
5651 2.05527396530724
5652 2.0728476939597256
5653 2.068536811103734
5654 2.030333527424982
5655 2.0090011435892188
5656 2.006667552700505
5657 2.0026258673195647
5658 1.9896297855309182
5659 1.9797521647931073
5660 1.960881057325619
5661 1.9252996183819806
5662 1.896617386803851
5663 1.8869204244524977
5664 1.8629816234381558
5665 1.8523839168052834
5666 1.8391708874917359
5667 1.8330016324572433
5668 1.866345382903355
5669 1.8869824717792807
5670 1.8703951591161234
5671 1.8584038817540909
5672 1.862846603255364
5673 1.861103427800464
5674 1.8460576266702953
5675 1.8532591834892977
5676 1.8593488303328096
5677 1.8411293033262854
5678 1.8190849217256972
5679 1.8158520820448154
5680 1.8290015118766088
5681 1.8567964231112974
5682 1.909003640138708
5683 1.937433177809856
5684 1.9491448599539203
5685 1.9510502898097037
5686 1.9575685255565713
5687 1.987744235855264
5688 2.0143193106178714
5689 2.0422346739322945
5690 2.07844789736192
5691 2.112521647561489
5692 2.153554084990658
5693 2.167311587175609
5694 2.189550946210422
5695 2.2385877412619264
5696 2.2623748071177343
5697 2.251185163901623
5698 2.22487707931129
5699 2.2109350363911524
5700 2.2118744797858807
5701 2.2286435848355373
5702 2.2621158030243116
5703 2.316454345368779
5704 2.347901736732216
5705 2.356451786087812
5706 2.3521837481308863
5707 2.3157221463753586
5708 2.2511093054603513
5709 2.218951110186336
5710 2.2097223546223925
5711 2.2031341745796773
5712 2.17874351930223
5713 2.1654700156043853
5714 2.146765015428134
5715 2.12673458529442
5716 2.1242115760956115
5717 2.102177135208232
5718 2.0711900695368994
5719 2.0610047073428497
5720 2.075883343166857
5721 2.0990354098801345
5722 2.1237426110329753
5723 2.158118583536664
5724 2.191784678169973
5725 2.22229100648307
5726 2.2483945351587464
5727 2.2707337048121654
5728 2.2753794131739915
5729 2.2887245683857347
5730 2.324257464434538
5731 2.353246467906521
5732 2.3722662161266057
5733 2.4188927839664256
5734 2.4755338576974326
5735 2.5073550801865347
5736 2.5246680672349737
5737 2.5282388268468488
5738 2.5131226439151453
5739 2.5070641498881168
5740 2.4944195974683208
5741 2.4618368911376165
5742 2.439295176915533
5743 2.429918136000312
5744 2.427633650408632
5745 2.423216620515444
5746 2.4337104654898254
5747 2.449160057413593
5748 2.4403372073747436
5749 2.412407461217283
5750 2.3780969125963267
5751 2.35705696456601
5752 2.3451518504303324
5753 2.339706125728617
5754 2.323877595804803
5755 2.2967306042950524
5756 2.2617115850354796
5757 2.2431942114256027
5758 2.219521025237269
5759 2.203776180962363
5760 2.1999598741771518
5761 2.2057293186861937
5762 2.2201544988081223
5763 2.2378043226522983
5764 2.252448453293902
5765 2.264484624721563
5766 2.2837346353689796
5767 2.309415687914585
5768 2.3305032859421124
5769 2.3485573190698243
5770 2.3649391637029984
5771 2.3897972970002237
5772 2.408668168371196
5773 2.4351866090753362
5774 2.4582761007182232
5775 2.490856713471659
5776 2.5230750177393144
5777 2.5318520052918383
5778 2.533726219747493
5779 2.534006094817765
5780 2.53580865492005
5781 2.5199592904960704
5782 2.5115998680158915
5783 2.494305855900143
5784 2.490695645317075
5785 2.4825338753110744
5786 2.4600981048804464
5787 2.498224560470126
5788 2.578232547334061
5789 2.62925595420171
5790 2.6662616478976067
5791 2.71654136544157
5792 2.766496761201302
5793 2.82020977025316
5794 2.886713171808995
5795 2.950538902880092
5796 2.9939894051230804
5797 3.0037869096767933
5798 2.9955244815864353
5799 3.035231002788522
5800 3.084309536075572
5801 3.100819463322632
5802 3.104097212606823
5803 3.11095934876804
5804 3.1282128241356695
5805 3.161767426360833
5806 3.1920548633311565
5807 3.1938477346592244
5808 3.182151501577126
5809 3.152692731731675
5810 3.1386696204506657
5811 3.1404051411943263
5812 3.154104538630092
5813 3.148173886393386
5814 3.1186641387941307
5815 3.100316644743509
5816 3.108488252735638
5817 3.1091254884199016
5818 3.10186554361315
5819 3.076713348284053
5820 3.035826592279806
5821 2.9882282896916856
5822 2.9491307760924683
5823 2.9296605876579034
5824 2.8932636424745954
5825 2.8610159689422057
5826 2.838134387417626
5827 2.829069139335263
5828 2.825019490854993
5829 2.809006815566264
5830 2.796131511916246
5831 2.805833578648785
5832 2.841789441220337
5833 2.8558308412520885
5834 2.879962691360917
5835 2.904770155933371
5836 2.9358703499952643
5837 2.9713656157778265
5838 3.0110919778719754
5839 3.044707128152187
5840 3.085536892187209
5841 3.127437350343018
5842 3.165516770312782
5843 3.1850711401935623
5844 3.2132952485433934
5845 3.2301596021110583
5846 3.245158901722236
5847 3.259963032394169
5848 3.247802706271742
5849 3.2288968682205246
5850 3.2388106467530053
5851 3.242921385210451
5852 3.222018499886495
5853 3.1814945756156896
5854 3.146420898298887
5855 3.130761158819114
5856 3.1445998224750724
5857 3.1403977779203713
5858 3.1595740598534006
5859 3.172235854658189
5860 3.1513864353048353
5861 3.1267174236959705
5862 3.101434918956912
5863 3.047770400333392
5864 2.9757131192439825
5865 2.933587029122104
5866 2.891673659885175
5867 2.830397491644943
5868 2.803184491632782
5869 2.7801717369930135
5870 2.7660644782592407
5871 2.7821070733019515
5872 2.8386191897770043
5873 2.88210158358128
5874 2.919753967540579
5875 2.9450644448710093
5876 2.969986022305117
5877 2.9783673312151326
5878 2.966491648334214
5879 2.980626279339759
5880 3.034122785345589
5881 3.1019199009799725
5882 3.1862550928448523
5883 3.2532822294465293
5884 3.3215954431920816
5885 3.3928009958144676
5886 3.4752075241861364
5887 3.5354128033035312
5888 3.586152199016502
5889 3.624993585480524
5890 3.6196385471872463
5891 3.6142724131886235
5892 3.5958452644484082
5893 3.571206773482414
5894 3.564366698978898
5895 3.579113926459774
5896 3.5960241093777485
5897 3.629557828658874
5898 3.656987735841096
5899 3.6884488319485302
5900 3.7260049649171876
5901 3.7107332776194806
5902 3.6549893580103188
5903 3.5941552967504045
5904 3.5340608655547143
5905 3.4900501412278304
5906 3.4732679217164697
5907 3.489745440850465
5908 3.5179318911246367
5909 3.530052862307077
5910 3.5531676259724336
5911 3.5880924198123827
5912 3.6311789647924666
5913 3.6035193575525217
5914 3.508313387652889
5915 3.4032072632569013
5916 3.2987946392089036
5917 3.2356460153900084
5918 3.213465278451689
5919 3.179821281719464
5920 3.1266384549314035
5921 3.079058868884436
5922 3.0196812847380174
5923 2.962368373021652
5924 2.896024445707037
5925 2.8568687288876426
5926 2.829044892735958
5927 2.786692690328303
5928 2.7725438541301353
5929 2.7908874080736528
5930 2.8457426313434317
5931 2.9376434369489077
5932 3.0460348829505812
5933 3.1084867418208635
5934 3.1598872226184684
5935 3.179900928750654
5936 3.220023165204642
5937 3.2016487213099887
5938 3.142688605857806
5939 3.117765839378645
5940 3.134074053600978
5941 3.116520088327379
5942 3.121637056482855
5943 3.127792085630826
5944 3.15496480461606
5945 3.1882313765829045
5946 3.2124679460187933
5947 3.2547605358254534
5948 3.3193539572870003
5949 3.371706492490152
5950 3.3886763490913845
5951 3.376515232580168
5952 3.3757616910780297
5953 3.3770776503206994
5954 3.396639707009018
5955 3.4166986550405376
5956 3.4159551473861303
5957 3.3845682753536925
5958 3.3372095346201096
5959 3.284960233991092
5960 3.2453517516137556
5961 3.2449781954699124
5962 3.279597919096379
5963 3.339623308426539
5964 3.3771337384794884
5965 3.415295490506334
5966 3.4447368440815556
5967 3.4545542418929682
5968 3.4744694783943206
5969 3.484493552042986
5970 3.4827270379266984
5971 3.486204272686755
5972 3.5229782984137548
5973 3.591797504970026
5974 3.6826831937023914
5975 3.7781163040583468
5976 3.830928347312868
5977 3.825316042042089
5978 3.8280471192991863
5979 3.824597482318999
5980 3.7881073926986266
5981 3.7417232196737142
5982 3.6958389072152444
5983 3.650061927679118
5984 3.612972142850521
5985 3.585866222379287
5986 3.5480394968231312
5987 3.532225400191389
5988 3.5366908686315437
5989 3.5626694758968473
5990 3.571697829171687
5991 3.5839176311807703
5992 3.5658019368763965
5993 3.5410489026230567
5994 3.502482667435384
5995 3.4681496113333643
5996 3.4714046109800827
5997 3.4813452661825663
5998 3.4458379613925154
5999 3.428268158393954
