#frame I
5000 3.33576389719838
5001 3.2747326078820067
5002 3.227715482238619
5003 3.230015407055266
5004 3.2341089263315133
5005 3.22740686754099
5006 3.2267971364116677
5007 3.1901653982525913
5008 3.180664313128671
5009 3.1752949107150985
5010 3.1849841666847434
5011 3.24074435151486
5012 3.270991702226907
5013 3.2909868678219656
5014 3.2961195986386325
5015 3.307296854812481
5016 3.2943185990752504
5017 3.257119781783325
5018 3.2093025637208417
5019 3.1855564098138105
5020 3.207633737818258
5021 3.2390537905875467
5022 3.2422244239466935
5023 3.244954072564614
5024 3.2719335783208767
5025 3.2475283493571765
5026 3.1912996775181255
5027 3.1677893960578847
5028 3.158331594596285
5029 3.132506028797028
5030 3.109189387958347
5031 3.1020649143016534
5032 3.120182536632208
5033 3.123698646070367
5034 3.1596217505498783
5035 3.1994168705496833
5036 3.169425922011224
5037 3.099676093400825
5038 3.058141365789965
5039 3.0231986234630033
5040 3.045605584574402
5041 3.042015305001503
5042 3.0217695000320237
5043 3.0363563504866535
5044 3.0637771667067004
5045 3.101637411419511
5046 3.1352394311667626
5047 3.2126223717495024
5048 3.2994993085365
5049 3.347896728323376
5050 3.3373222015771
5051 3.306085005690615
5052 3.2925951571835683
5053 3.291768833999695
5054 3.2919704509200653
5055 3.333000446349744
5056 3.335231347418244
5057 3.329130416761108
5058 3.327590008491221
5059 3.3215653740904383
5060 3.2822726827519277
5061 3.236377072048728
5062 3.195592203858385
5063 3.1686632177445864
5064 3.1473625816266604
5065 3.1529954210159277
5066 3.173896539506178
5067 3.1580122730843385
5068 3.1451063358532796
5069 3.1415630127011793
5070 3.149412010665844
5071 3.176088697511221
5072 3.234065576921824
5073 3.251468228774102
5074 3.237521312515509
5075 3.24254450023622
5076 3.2483289835290483
5077 3.200388375596459
5078 3.1588355710993468
5079 3.149478106957957
5080 3.151866932593274
5081 3.116315916076998
5082 3.070784657149834
5083 3.048550805163715
5084 3.0470672449480105
5085 3.0168090275585944
5086 3.014324544124016
5087 3.056792306415088
5088 3.087695232236875
5089 3.110177360717728
5090 3.1550235595448646
5091 3.1817347083894454
5092 3.181783576850132
5093 3.207316935725279
5094 3.207560237558804
5095 3.1781214525297496
5096 3.1630295026853563
5097 3.183774571237697
5098 3.199952161918773
5099 3.1837913738030235
5100 3.1379646845130647
5101 3.1035190242028152
5102 3.1120550690990374
5103 3.1351302582205243
5104 3.097247348422884
5105 3.0323225102189184
5106 3.014862253625207
5107 3.0486742845291257
5108 3.035481306693489
5109 3.0062713163132555
5110 3.03609930257507
5111 3.074172618669924
5112 3.0882816007953124
5113 3.0928062049814704
5114 3.094446527632157
5115 3.0341255071717232
5116 2.984725182482563
5117 2.9882059717724734
5118 3.014802641519696
5119 3.045477360103267
5120 3.0521451185995767
5121 3.040226821244242
5122 3.027694802901083
5123 3.0070021890321086
5124 2.9645208589850838
5125 2.9500414128794765
5126 2.92655507833666
5127 2.9335157555575773
5128 2.9407415263661165
5129 2.967875810824317
5130 2.9947789792054142
5131 2.983179673422413
5132 3.00701274190818
5133 3.0730516380988586
5134 3.0871708590678772
5135 3.129505383753699
5136 3.09779403133036
5137 3.0661797245995817
5138 3.093375487869265
5139 3.091560633062715
5140 3.0699533857824606
5141 3.054739450689852
5142 3.037188375327076
5143 3.0002614160979664
5144 2.980474515873199
5145 2.9818251454685796
5146 2.9823127328233876
5147 2.9597318691587176
5148 2.9895966138326635
5149 3.0065301362076644
5150 2.9774368246356397
5151 2.90858966920151
5152 2.8147861198881796
5153 2.7992360378210934
5154 2.769478201549607
5155 2.731065981441696
5156 2.7306340977384718
5157 2.7389051014515347
5158 2.742692892023595
5159 2.760675149190134
5160 2.749555713015376
5161 2.6803526678823566
5162 2.6743096779650037
5163 2.6910737735859414
5164 2.7280285010533873
5165 2.7639704431278704
5166 2.7973931806142542
5167 2.7984133794031374
5168 2.7466718742163456
5169 2.735710072166057
5170 2.717026661986961
5171 2.661576338373646
5172 2.5980795225880913
5173 2.56173642095654
5174 2.5266487451418382
5175 2.5287097186383143
5176 2.57939722543993
5177 2.60006644166571
5178 2.629021626093073
5179 2.6493109234043923
5180 2.6361881434752483
5181 2.637126256400562
5182 2.64590114126415
5183 2.658119122705812
5184 2.657564067648627
5185 2.6475872486100736
5186 2.6880754543634686
5187 2.704408940943868
5188 2.685412654629132
5189 2.660285842861678
5190 2.6530885053917457
5191 2.6691861523291847
5192 2.701603357111967
5193 2.6965791150136535
5194 2.708824757117099
5195 2.7451460856109784
5196 2.768120697368719
5197 2.760932097782297
5198 2.6974413616664883
5199 2.6340827768265553
5200 2.571179969625215
5201 2.539814931300868
5202 2.49995725789299
5203 2.461526713360377
5204 2.418298057425217
5205 2.40925108852271
5206 2.4126621241412165
5207 2.407689207028556
5208 2.387491834573896
5209 2.33549825453704
5210 2.2903841108511753
5211 2.2934538431177733
5212 2.318700608280385
5213 2.3472082090121713
5214 2.337046856363472
5215 2.3145398489531503
5216 2.303448045184501
5217 2.299699829672832
5218 2.300107972209038
5219 2.3041241124608614
5220 2.312161888058438
5221 2.332274893313607
5222 2.3864690702725118
5223 2.4607280456204226
5224 2.495329797673473
5225 2.51897738148345
5226 2.5358529557195717
5227 2.5646612662791224
5228 2.591129680212737
5229 2.5776988111878096
5230 2.5461185199590375
5231 2.50884118903258
5232 2.453872201331643
5233 2.4068683712417784
5234 2.4077035649147223
5235 2.42561373362038
5236 2.4351113951392627
5237 2.4336832843021114
5238 2.4320669948154787
5239 2.399188664830053
5240 2.4013663059099684
5241 2.4133484100195854
5242 2.3891807941593477
5243 2.3638205758702804
5244 2.3728397774259022
5245 2.367554247973336
5246 2.3758461289422352
5247 2.369643295494506
5248 2.375603634065109
5249 2.411792952534958
5250 2.4397509129481296
5251 2.466007131805992
5252 2.48045426323959
5253 2.4553195636043053
5254 2.41806645642256
5255 2.408200791766902
5256 2.382517477402381
5257 2.38905454780654
5258 2.393685364110817
5259 2.4174097919825983
5260 2.440791302423937
5261 2.458361032504965
5262 2.5070459281320563
5263 2.520785747361452
5264 2.4780975290084655
5265 2.4311413741291257
5266 2.400748227542095
5267 2.3743606580742425
5268 2.3432524741244922
5269 2.302163747595614
5270 2.3044944965030796
5271 2.3080999103416353
5272 2.3194719196981093
5273 2.2833817586367986
5274 2.261564999472483
5275 2.235619487313161
5276 2.223467198097417
5277 2.277500690344932
5278 2.3473825920152955
5279 2.355050942559436
5280 2.301725778086662
5281 2.2819458078740595
5282 2.3043038701792025
5283 2.330683179414354
5284 2.3601264687275836
5285 2.3405327593068126
5286 2.307581818489085
5287 2.2782158359509546
5288 2.2805354506322075
5289 2.302978152743916
5290 2.2915488295487245
5291 2.240385324248971
5292 2.2068670768206986
5293 2.21750895874928
5294 2.2253561602530234
5295 2.2026870155478817
5296 2.190550224494721
5297 2.209038991983558
5298 2.2377882623919665
5299 2.254279124046638
5300 2.2588860417631116
5301 2.217291220466674
5302 2.169158806233013
5303 2.1355759972482007
5304 2.1159915750925413
5305 2.143471984114373
5306 2.167796215787648
5307 2.174553290793929
5308 2.241203797650719
5309 2.305543467690937
5310 2.3381015495734365
5311 2.325270277427461
5312 2.2928022598090245
5313 2.28040471482652
5314 2.2899253265348793
5315 2.3148488565066705
5316 2.340653304947498
5317 2.3716753167955744
5318 2.3739957513763694
5319 2.3483807317498853
5320 2.33531563648663
5321 2.3219741171260555
5322 2.3396220694635015
5323 2.348751552240065
5324 2.349828161910731
5325 2.3524285031467165
5326 2.380368725394053
5327 2.4362043124917085
5328 2.4542470328492167
5329 2.4819863856542126
5330 2.5070729813433763
5331 2.5383046426170637
5332 2.5459159595860563
5333 2.57536813377957
5334 2.5798755268436815
5335 2.546396224088995
5336 2.5499622830580826
5337 2.568790166532614
5338 2.5926676362934393
5339 2.5941037599117056
5340 2.582459082548565
5341 2.5750442676931935
5342 2.576199728363037
5343 2.6071581985631984
5344 2.6845500509447926
5345 2.7175206270249577
5346 2.636869056407084
5347 2.6005751350973427
5348 2.611589301613697
5349 2.6184799936469267
5350 2.6252783083151616
5351 2.629389516206929
5352 2.6356155901175056
5353 2.672373193314336
5354 2.726764333895937
5355 2.690885680851629
5356 2.6528311218548475
5357 2.601563870375275
5358 2.6126525161559258
5359 2.630423303383343
5360 2.5977049529123173
5361 2.560066366520806
5362 2.508272782706097
5363 2.440928947795143
5364 2.417710746086237
5365 2.428680061942508
5366 2.4447004353471256
5367 2.447753104011423
5368 2.4128317133663275
5369 2.371020304363174
5370 2.3296263101189916
5371 2.312940978368489
5372 2.369748642725393
5373 2.386807453148368
5374 2.3937848758514897
5375 2.4242670497816023
5376 2.447043694186198
5377 2.487503049879921
5378 2.573040055655597
5379 2.5876472644221766
5380 2.5763282228030073
5381 2.601961131787036
5382 2.661289475287486
5383 2.7040693331988974
5384 2.7385004947818463
5385 2.806829516927605
5386 2.883660623710827
5387 2.902907029940684
5388 2.9055745501694625
5389 2.885025452609162
5390 2.8655729808468338
5391 2.864468254788106
5392 2.8453288507271743
5393 2.8281163682895376
5394 2.835625662267386
5395 2.838940743971187
5396 2.7953953607266673
5397 2.7476376227160015
5398 2.7451404697133728
5399 2.7426477420757793
5400 2.7270741827304326
5401 2.67946297696668
5402 2.6462350474117553
5403 2.6451265554766015
5404 2.6422025473545436
5405 2.6204870562378804
5406 2.596254003008493
5407 2.6066150189731325
5408 2.607379776529862
5409 2.625778951172217
5410 2.612872811229679
5411 2.6080729543186605
5412 2.5972890433229
5413 2.589851439674332
5414 2.598597005294281
5415 2.5814117108415227
5416 2.5868573706235707
5417 2.6193729733295106
5418 2.6776987815335787
5419 2.7116967046869513
5420 2.7383766741784212
5421 2.7389571879280012
5422 2.707670362013166
5423 2.664651615302689
5424 2.6456674953024555
5425 2.6153096995051355
5426 2.587587629266178
5427 2.58790879685473
5428 2.587449290156528
5429 2.5720529313985785
5430 2.635223518981329
5431 2.6991563234650062
5432 2.73439863680394
5433 2.763701182143377
5434 2.7736133442628805
5435 2.7754108020283224
5436 2.774891950348839
5437 2.7532423777602446
5438 2.761900566108932
5439 2.7986656273663018
5440 2.854935973172234
5441 2.8550655288126836
5442 2.8196994769085033
5443 2.8455985404368387
5444 2.844958957285554
5445 2.811066114613422
5446 2.7687397063374983
5447 2.7190919244255354
5448 2.667753736264717
5449 2.636521456143259
5450 2.6095589627568976
5451 2.618791412698439
5452 2.653520271902609
5453 2.7030147425881377
5454 2.751337800215391
5455 2.7648935123015006
5456 2.7301241703387893
5457 2.6905456199597952
5458 2.648244389470909
5459 2.6199838240313893
5460 2.626111744312752
5461 2.611292784886905
5462 2.6103160989970773
5463 2.6216661565506665
5464 2.6744944010119522
5465 2.72436637656247
5466 2.773880944688937
5467 2.793178927243494
5468 2.801492093891765
5469 2.815954708679434
5470 2.801637753129834
5471 2.7971274314067385
5472 2.8384868018880076
5473 2.8572789907257214
5474 2.8581257987368995
5475 2.8743993761779283
5476 2.8942584156404214
5477 2.8692103117220054
5478 2.8219040714398678
5479 2.793395037022358
5480 2.766017515256939
5481 2.7178477141141055
5482 2.7213496687806686
5483 2.7204589209784364
5484 2.694089373490048
5485 2.6917696607463073
5486 2.6501844802708012
5487 2.632010755289826
5488 2.6615880315832112
5489 2.6757153139264114
5490 2.675242109570842
5491 2.6663387745570426
5492 2.6535527072259386
5493 2.6760653996575314
5494 2.6993884738434057
5495 2.6968595570035423
5496 2.7099890100426025
5497 2.7066970436596978
5498 2.718829266799389
5499 2.739815379819412
5500 2.7590903897849075
5501 2.732341996053504
5502 2.725053778015965
5503 2.749585799377392
5504 2.784402020821571
5505 2.828648209872334
5506 2.8509119365148634
5507 2.8609386292092625
5508 2.8294941048159994
5509 2.814953152172322
5510 2.8391350837080873
5511 2.839549996936865
5512 2.811407666988448
5513 2.782680479772064
5514 2.7504016137081173
5515 2.724796624207595
5516 2.7106183813307845
5517 2.7025902820574084
5518 2.675413928853452
5519 2.6374520693281123
5520 2.610435056092886
5521 2.5993377827124458
5522 2.594559518168289
5523 2.5962337967081934
5524 2.590780815414664
5525 2.606292314122526
5526 2.632520420928119
5527 2.649241434377084
5528 2.6670836890913896
5529 2.6325352180018418
5530 2.5766364806108797
5531 2.513744375146742
5532 2.4895925085215
5533 2.4760972085247843
5534 2.4855700934793847
5535 2.4851667047967676
5536 2.5147573657167603
5537 2.5860431434842135
5538 2.633505388598352
5539 2.648435960500278
5540 2.656918112905853
5541 2.6680274014841343
5542 2.646650579047254
5543 2.5690528709192035
5544 2.5234537802312853
5545 2.484692519240632
5546 2.5250130139471163
5547 2.5091818766534426
5548 2.500334081076256
5549 2.4772082496120005
5550 2.4729529944092876
5551 2.4742226593706764
5552 2.4519286260141517
5553 2.4283728080495925
5554 2.4418905398190853
5555 2.4377948327146957
5556 2.4667950355993327
5557 2.465417464764108
5558 2.3909943213127605
5559 2.338502308237629
5560 2.2846547123672822
5561 2.262533380867389
5562 2.2495310425742816
5563 2.288445746495359
5564 2.3384054147796953
5565 2.3626426010566712
5566 2.3580398315333793
5567 2.308303723400105
5568 2.2995756054104537
5569 2.2954994307412306
5570 2.307647946426939
5571 2.3660795871877163
5572 2.4278725458514883
5573 2.4272221918264525
5574 2.3900760387838886
5575 2.376889543297583
5576 2.358652185659424
5577 2.3481293430841226
5578 2.3452239794497434
5579 2.327809415774151
5580 2.2928969092140443
5581 2.3025523446727094
5582 2.3427066710958417
5583 2.3563307526072754
5584 2.319447126702952
5585 2.296932143278284
5586 2.2935675427175486
5587 2.2674711365204345
5588 2.2405786900811133
5589 2.147623885237143
5590 2.0403451426417956
5591 1.9651710200900627
5592 1.9473392847454176
5593 1.9309194928818767
5594 1.9267783279649464
5595 1.9056215710792328
5596 1.888530902819225
5597 1.8993280453014347
5598 1.9111956704438082
5599 1.8880407244124489
5600 1.83432884198809
5601 1.8580002394289001
5602 1.8595070442388868
5603 1.8720914382847902
5604 1.8970242364103242
5605 1.9238772246033338
5606 1.8969733268410323
5607 1.8847543927501587
5608 1.8610696396953847
5609 1.8797745913217825
5610 1.8928558819635255
5611 1.885347164908246
5612 1.8925476907433108
5613 1.8696977281565754
5614 1.850819296602411
5615 1.8947864452153613
5616 1.9293530254728273
5617 1.9500923027713317
5618 1.9583025125123155
5619 1.935769642184524
5620 1.9293955362855764
5621 1.9575740406894768
5622 1.9421656126916802
5623 1.964132876862615
5624 2.0446775545282874
5625 2.0441675142261784
5626 2.001960202970921
5627 1.9464412889225662
5628 1.8796655067549348
5629 1.822010973642426
5630 1.750803474642882
5631 1.6909253902295023
5632 1.6658441397570567
5633 1.6397844719198023
5634 1.652188255522081
5635 1.6824570588335508
5636 1.6751617844744375
5637 1.6843037878453055
5638 1.7007254544878811
5639 1.708371596337873
5640 1.7096762377893964
5641 1.7230012512738935
5642 1.7259170360599088
5643 1.7344604288636896
5644 1.7810804037918946
5645 1.8119516706268728
5646 1.8294902522630088
5647 1.8481255756940087
5648 1.850429910851629
5649 1.8514366115777672
5650 1.872361253327934
5651 1.863242322584105
5652 1.8823914427425805
5653 1.868574957414374
5654 1.908543528766627
5655 1.88577183041778
5656 1.8399383755512526
5657 1.8301943018437254
5658 1.8313503097864658
5659 1.8559904623099157
5660 1.8156449727484565
5661 1.7953504700617715
5662 1.7889380112475204
5663 1.8056615315694833
5664 1.8109159661796077
5665 1.8076708975492866
5666 1.7904351835576788
5667 1.7611089355824905
5668 1.733560848854923
5669 1.7367841619083526
5670 1.7481262504384618
5671 1.741811741318916
5672 1.7111650241487875
5673 1.6952183810672727
5674 1.6964222278928136
5675 1.7033438512017893
5676 1.688665375406766
5677 1.6656445250474667
5678 1.665859375076234
5679 1.6857659247592274
5680 1.717444275560672
5681 1.7185977525142717
5682 1.7244283877218531
5683 1.7218849880694411
5684 1.7100574788206893
5685 1.7204912900505789
5686 1.7030245911390647
5687 1.6651571170579655
5688 1.66883436689403
5689 1.6777238332668156
5690 1.7107290519600578
5691 1.758980118721077
5692 1.7650299716147555
5693 1.7280331745789972
5694 1.7187723284256355
5695 1.7219038261925943
5696 1.7112364513831306
5697 1.685068570242104
5698 1.6902237968583333
5699 1.6362276152865298
5700 1.6367359411430815
5701 1.666637087317011
5702 1.6527246801917785
5703 1.6556218461375547
5704 1.6122158982148198
5705 1.5972723614384123
5706 1.6046175800339446
5707 1.618027127150406
5708 1.6227057709697068
5709 1.626707026110643
5710 1.6469410843972672
5711 1.6424366543504458
5712 1.6475431797855844
5713 1.6894278063581931
5714 1.6885994532283928
5715 1.7104799828825923
5716 1.7419102781859903
5717 1.7349297111223332
5718 1.711868405057605
5719 1.6855034912727713
5720 1.6663800145218468
5721 1.6687003046354159
5722 1.6949297461225192
5723 1.754917570483462
5724 1.8162169493714924
5725 1.878492509646698
5726 1.91263388210772
5727 1.9159538498378974
5728 1.9232779255437087
5729 1.93330608713877
5730 1.9427808295703182
5731 1.9874753476649378
5732 1.9908748124405087
5733 2.018272344731965
5734 2.021038622389007
5735 1.9823752257368579
5736 1.9423335551478798
5737 1.94082766864942
5738 1.92918528090828
5739 1.9284425301492465
5740 1.9440240518740206
5741 1.9301025094649984
5742 1.862047851048152
5743 1.818337825902292
5744 1.8080837777308878
5745 1.80329503661505
5746 1.8113752176732132
5747 1.8174679534071914
5748 1.8554138410313432
5749 1.9241172223656349
5750 1.9604370884229674
5751 1.970239361597008
5752 1.92315711870227
5753 1.8659168747781385
5754 1.7941737847957882
5755 1.7538748635256804
5756 1.7600584977194362
5757 1.7899923169158656
5758 1.8312231102190832
5759 1.8904395078764236
5760 1.8994266951462382
5761 1.8994936933735442
5762 1.9254541569132761
5763 1.9377807483946083
5764 1.9313192120496783
5765 1.9014486062026026
5766 1.8961364452452323
5767 1.9125010743548976
5768 1.9150849404815289
5769 1.8991513743108885
5770 1.8930740997542892
5771 1.9159094318125194
5772 1.93822923880857
5773 1.9291348956430379
5774 1.9279300217610358
5775 1.9370598856160783
5776 1.9274328844405444
5777 1.9062164523343292
5778 1.901005024984989
5779 1.868866387369483
5780 1.8364845258747322
5781 1.847968139459001
5782 1.885720495003019
5783 1.8691209222462168
5784 1.8689095482987454
5785 1.9172664527019914
5786 1.9619283225896875
5787 1.9794893984163116
5788 2.0338532939300364
5789 2.0527366258167135
5790 2.1042907456237043
5791 2.147227756233552
5792 2.158179377143223
5793 2.158355756085138
5794 2.1607424511804787
5795 2.1675134121861874
5796 2.195068044559235
5797 2.216023301409545
5798 2.208875391718624
5799 2.2088586685012217
5800 2.1769205560907876
5801 2.1351950798462793
5802 2.090386316946963
5803 2.0361157329683865
5804 2.048736826897342
5805 2.068652623499585
5806 2.066954752221839
5807 2.07262247947596
5808 2.0926385977403936
5809 2.094775916613877
5810 2.0790626455326398
5811 2.083774308992431
5812 2.0915122330656044
5813 2.126336422012113
5814 2.156163624735975
5815 2.171040393866844
5816 2.136238071408861
5817 2.0702549496760887
5818 2.091199528520344
5819 2.139594318083575
5820 2.134926113228569
5821 2.093206416063528
5822 2.030392829125878
5823 2.007848236518696
5824 1.9984755330782484
5825 2.015304089036836
5826 2.0780008273523483
5827 2.0993751625435793
5828 2.0763584991194515
5829 2.0445318237275445
5830 2.048122197560542
5831 2.0160537301728847
5832 1.9316388118097554
5833 1.8886481447646217
5834 1.8510837530476716
5835 1.8291580158222542
5836 1.8302021062451903
5837 1.8587097542582929
5838 1.8700524123254043
5839 1.8510553945300379
5840 1.862895998659908
5841 1.8890152044760002
5842 1.9298594681861254
5843 1.9768264663803414
5844 2.0386495550674404
5845 2.0340907466761013
5846 1.9977802095896768
5847 1.9499590565260998
5848 1.9635709690608791
5849 1.990950844310461
5850 2.028715976413711
5851 2.067257226549297
5852 2.0697339568644315
5853 2.046695224780155
5854 2.0364243061550518
5855 2.0496051108691815
5856 2.070691061669068
5857 2.073212424857959
5858 2.0936673094491733
5859 2.162049635367272
5860 2.202196475319186
5861 2.237219322692141
5862 2.2244195552720085
5863 2.174061612660322
5864 2.1395744318542214
5865 2.1092214231516335
5866 2.0660793114590383
5867 2.0263311400280193
5868 1.9731261923230798
5869 1.9628099889649884
5870 1.9994495271719817
5871 2.016101534499235
5872 1.990755222332733
5873 1.972029486538202
5874 1.9520160876863644
5875 1.9258531994067736
5876 1.9300123405630214
5877 1.9478274908323203
5878 1.9676150896260922
5879 1.9566458161063012
5880 1.926040500841954
5881 1.9489757174324827
5882 1.979031777218552
5883 2.0104475187771933
5884 2.0383595332761484
5885 2.03692446537801
5886 2.0254048695775584
5887 2.0058476607614377
5888 1.9966218111425977
5889 1.984261607171279
5890 1.9665556254583716
5891 1.9454401646305772
5892 1.9538793673944475
5893 1.987765627511682
5894 2.027335982742946
5895 2.055801169447067
5896 2.0617495513621233
5897 2.0441136385325978
5898 2.0400851097361543
5899 2.038756488219611
5900 2.0487347542139003
5901 2.0542517344885916
5902 2.062879746619205
5903 2.0931771973327753
5904 2.092171787881271
5905 2.0936583553565944
5906 2.1033063835396093
5907 2.0976448691615985
5908 2.082575603611471
5909 2.0617910634883585
5910 2.030871847303117
5911 1.994057911871403
5912 1.9754861791269058
5913 2.0163312142207506
5914 2.0529954334915703
5915 2.063845172193815
5916 2.0926653840956684
5917 2.1087491131721907
5918 2.1294084624876706
5919 2.1535337695882117
5920 2.155799401574101
5921 2.1287299043864385
5922 2.073335833871092
5923 2.015306224309759
5924 1.9878304786669974
5925 1.977663228179161
5926 1.9327665917701204
5927 1.892381982802748
5928 1.8803186220915677
5929 1.887091875277408
5930 1.927620272615241
5931 1.9448592589856515
5932 1.9561648557460916
5933 1.9691462762606327
5934 1.9725864411316885
5935 1.9776412549096793
5936 2.015681955066627
5937 2.029899845381083
5938 2.0336620057820527
5939 2.0434748463976096
5940 2.04444398067357
5941 2.053942588562104
5942 2.1041647847894565
5943 2.141378469287161
5944 2.148073447098042
5945 2.1096741077184524
5946 2.0685951582158935
5947 2.031280046517381
5948 1.9945188156397406
5949 1.961494809603568
5950 1.92359764565874
5951 1.9110979922101548
5952 1.9400836148781653
5953 1.9326085443723693
5954 1.8817804401380638
5955 1.8684966510054593
5956 1.8464082095045307
5957 1.850650302471635
5958 1.8252192608211844
5959 1.7801022197023764
5960 1.765505395207151
5961 1.833549265605014
5962 1.8732861555707128
5963 1.8647337214978905
5964 1.8589828031418578
5965 1.8794296206119037
5966 1.8868204742466226
5967 1.8981708412614282
5968 1.93177224967265
5969 1.9628038543980155
5970 1.9707075652747506
5971 1.9802981861525812
5972 1.9814787845491493
5973 1.9683564289717541
5974 1.986359489485254
5975 1.9815437530240863
5976 1.970520955451618
5977 1.9425499756079425
5978 1.8946703593253253
5979 1.8830273898019878
5980 1.8994524334666794
5981 1.9350003004366325
5982 1.9793559476042144
5983 2.0022823205094853
5984 2.043383517415319
5985 2.074738775705006
5986 2.1006391985115553
5987 2.1183951709296096
5988 2.1548812727025175
5989 2.1465607969878766
5990 2.1330124715209724
5991 2.1494283274008943
5992 2.171626868920401
5993 2.1872263615009917
5994 2.201713436880521
5995 2.2246151851560088
5996 2.2515583971280435
5997 2.2923055034180853
5998 2.3166918583835723
5999 2.3457610811952287
