#frame I
5000 2.3183055768119116
5001 2.3481598310738114
5002 2.4168287109239563
5003 2.475686280239616
5004 2.507830526139456
5005 2.5316188385224696
5006 2.5393980730182055
5007 2.5414333076047226
5008 2.6287731686793525
5009 2.73348036336869
5010 2.7671342414389275
5011 2.712501986054932
5012 2.6936498843730123
5013 2.712334960341756
5014 2.8085560415210473
5015 2.8593896680778466
5016 2.8582503989554136
5017 2.811615470326482
5018 2.749001374932223
5019 2.707299833174207
5020 2.678905554840506
5021 2.703856392857989
5022 2.741950436756817
5023 2.75628442592075
5024 2.7601239737899657
5025 2.7714208779423983
5026 2.745541654915355
5027 2.702555519067984
5028 2.6552309177695523
5029 2.634076887188414
5030 2.6699221965730944
5031 2.71125049780106
5032 2.725662063067954
5033 2.752205377570039
5034 2.7481106988646045
5035 2.7201228514727203
5036 2.6626827444102834
5037 2.6274715337627237
5038 2.6326425797904034
5039 2.639612365200433
5040 2.6434906338911732
5041 2.64537866178705
5042 2.6265935299462555
5043 2.619714603952364
5044 2.609204702324079
5045 2.5816229491722518
5046 2.572650223852279
5047 2.5753585982305163
5048 2.6852391021070745
5049 2.7071884934102304
5050 2.7174422072511937
5051 2.684225366851556
5052 2.650962386053838
5053 2.6503206156380936
5054 2.6899545739266273
5055 2.7694072795509763
5056 2.813935338365916
5057 2.854537242951191
5058 2.8553701020243283
5059 2.862010863322923
5060 2.9070820954104244
5061 2.9184193283029933
5062 2.8781413517162555
5063 2.822560153245584
5064 2.837196434203549
5065 2.853946558851424
5066 2.8573983335053668
5067 2.855304286097284
5068 2.837160726095235
5069 2.841198615924971
5070 2.8272838821746524
5071 2.7729015162890973
5072 2.6975228962443603
5073 2.7240167463414635
5074 2.7741807339014706
5075 2.764014304862353
5076 2.748212404849541
5077 2.7144210431820097
5078 2.7058076790772807
5079 2.70975260511241
5080 2.688279771777536
5081 2.6523904530590396
5082 2.6680772326494804
5083 2.6668103803029144
5084 2.5949248902950615
5085 2.5308894922209726
5086 2.493521686744189
5087 2.4927058659261263
5088 2.482196687549348
5089 2.4623728240284604
5090 2.402174276073486
5091 2.3690684807955797
5092 2.365357622550788
5093 2.3745763878396113
5094 2.368921200583187
5095 2.3260307283340493
5096 2.3084171317816815
5097 2.303938883791515
5098 2.302776142385225
5099 2.335646837026681
5100 2.3665452830922824
5101 2.3264634479385786
5102 2.2747919148523206
5103 2.221532841241194
5104 2.1873514492832604
5105 2.2319341080395003
5106 2.250131579352768
5107 2.249004851700524
5108 2.2511359429448956
5109 2.244346933140483
5110 2.2677860936301313
5111 2.3001316913007916
5112 2.2882354568766776
5113 2.2960581804869147
5114 2.2859450055422257
5115 2.268537150717351
5116 2.2806718417354794
5117 2.292057644222214
5118 2.282202696539989
5119 2.2622593428159705
5120 2.231548778563816
5121 2.235667734581962
5122 2.2288056239913763
5123 2.1935378780163988
5124 2.198071426702116
5125 2.255622899697232
5126 2.254987138673719
5127 2.2449603103641587
5128 2.194593126281392
5129 2.1595917276131567
5130 2.1471609376196987
5131 2.17284057665607
5132 2.2613510335827156
5133 2.411172038715519
5134 2.522973077988309
5135 2.5800243296315215
5136 2.5780987358258964
5137 2.583096070206118
5138 2.5839713172711365
5139 2.550474314740473
5140 2.497231708052336
5141 2.4883597014983687
5142 2.4671529631344704
5143 2.449763639779717
5144 2.4375340729646733
5145 2.383358899219973
5146 2.351152034388574
5147 2.3258328260364323
5148 2.3076636967363373
5149 2.273309868472657
5150 2.286885934064044
5151 2.315805164799925
5152 2.3030454255116073
5153 2.352190927689627
5154 2.4104682672449136
5155 2.42086141228558
5156 2.4203601110411928
5157 2.4406751152762864
5158 2.539201112101361
5159 2.6893985279698365
5160 2.821681520128408
5161 2.8735092786269636
5162 2.908350796300015
5163 2.9420918339380107
5164 2.9509864165542905
5165 2.9558193045728203
5166 2.9146512107507627
5167 2.860788845910324
5168 2.8326783900832977
5169 2.88289152109206
5170 2.8837818308035907
5171 2.8284645534498716
5172 2.7736096167394093
5173 2.7512600802905705
5174 2.7751152464894884
5175 2.824897799874686
5176 2.822965281103465
5177 2.791642122308101
5178 2.7703074620537222
5179 2.8317435206069597
5180 2.895079052601231
5181 2.932819857800613
5182 2.9196519054911962
5183 2.930885998652078
5184 2.9898546043336847
5185 2.991807677889552
5186 2.9376800932066325
5187 2.8997356799948983
5188 2.8470303754574737
5189 2.7531590186075054
5190 2.6902781000542877
5191 2.625936429229372
5192 2.5750193747058616
5193 2.5317016987562924
5194 2.5145988274087165
5195 2.5120502008627357
5196 2.493931699193582
5197 2.4429994304548126
5198 2.397184195525327
5199 2.362337152515953
5200 2.3420073930289207
5201 2.344974107819779
5202 2.392890292145312
5203 2.4311132454660327
5204 2.4505976314432614
5205 2.446080810753808
5206 2.451451681360712
5207 2.4685271439024534
5208 2.4861610464297286
5209 2.4633003782334044
5210 2.4102096934979227
5211 2.331152832736443
5212 2.2886704666916775
5213 2.257299275756043
5214 2.2182349518822972
5215 2.17551981525153
5216 2.157438868247716
5217 2.120903778302685
5218 2.0831547721395416
5219 2.0686468248078898
5220 2.037459724286567
5221 2.012190481374452
5222 2.0376043658303615
5223 2.109916871166105
5224 2.214330262261326
5225 2.2627798994760324
5226 2.2773673455917844
5227 2.3025984470471257
5228 2.29899167397139
5229 2.2836081899602156
5230 2.267652073024108
5231 2.269837608329845
5232 2.3046256780216217
5233 2.3513972179469835
5234 2.378333270833745
5235 2.4436886464140186
5236 2.536528621652405
5237 2.58133375387277
5238 2.6076128754151897
5239 2.5920365425914333
5240 2.562535229524592
5241 2.562821848957173
5242 2.597895163351183
5243 2.6170303890464135
5244 2.6027083216591445
5245 2.5957984756123875
5246 2.567663118483662
5247 2.5379355682657514
5248 2.521960520696741
5249 2.5175715323063885
5250 2.4951570130499627
5251 2.509174838158525
5252 2.571889183337968
5253 2.627396244471021
5254 2.6533604148329566
5255 2.6432556071647486
5256 2.622892422309506
5257 2.63276300433152
5258 2.646653731532711
5259 2.6555162029844426
5260 2.681873930014241
5261 2.6792865731855557
5262 2.6485433993062926
5263 2.65840279477806
5264 2.718240530528688
5265 2.772404795522793
5266 2.840925967397959
5267 2.8763786626109447
5268 2.866628991593561
5269 2.8482307530211037
5270 2.8293321436171985
5271 2.8320450862010564
5272 2.8019806519889636
5273 2.787881380808806
5274 2.7958338878200144
5275 2.8191859875256893
5276 2.9070971499270617
5277 2.9544109180632216
5278 2.960734408305501
5279 2.9710508536489035
5280 2.956231649407505
5281 2.938524296132548
5282 2.9153618903342267
5283 2.907468251623514
5284 2.8720436663103954
5285 2.8138953555085258
5286 2.802816256236995
5287 2.8381783147028226
5288 2.8817899924620005
5289 2.88786753500449
5290 2.878237927708963
5291 2.8322466360675835
5292 2.8277786047895637
5293 2.827104881266772
5294 2.817580198874039
5295 2.7563478441837783
5296 2.7312227638202593
5297 2.762484747501095
5298 2.762552701009184
5299 2.7879328634982468
5300 2.8472164211064106
5301 2.8964947841671975
5302 2.890325318709854
5303 2.9045759965564293
5304 2.95314767856444
5305 2.973073536633748
5306 2.980869573560443
5307 2.97133588095803
5308 2.9521170503086624
5309 2.9278523549420825
5310 2.90208561287537
5311 2.900364990534909
5312 2.8771221405885394
5313 2.8912023167900665
5314 2.8843011525757816
5315 2.845457985920002
5316 2.8536426035468687
5317 2.895268025635918
5318 2.9487422304117934
5319 3.0044110944817426
5320 3.0673602339794415
5321 3.1129301975267767
5322 3.1259860029125797
5323 3.106677805980523
5324 3.100295960509772
5325 3.1164524738539807
5326 3.1380871372436134
5327 3.1380094111538304
5328 3.0974389267988114
5329 3.0704636852703935
5330 3.053455854307637
5331 3.04438011481202
5332 3.0393939317104266
5333 3.0204658890455196
5334 2.993893399040785
5335 2.9457345752557513
5336 2.92210294679471
5337 2.8648414597682343
5338 2.81593354608693
5339 2.8129031063107193
5340 2.8212929054666223
5341 2.847909017350344
5342 2.8848554536482953
5343 2.9784371217399537
5344 2.987165346554324
5345 3.0087030906763608
5346 3.0070732995482956
5347 2.9792001258326484
5348 2.92925646793822
5349 2.8922529736060687
5350 2.8528625711616153
5351 2.843498554638249
5352 2.902441171778696
5353 2.96939933421772
5354 2.9125840088832264
5355 2.8532948144307015
5356 2.8089989864285685
5357 2.7954667928135084
5358 2.7545069824734623
5359 2.7077812067000693
5360 2.7144942473505593
5361 2.751957850042081
5362 2.8074289783042015
5363 2.8550682861330348
5364 2.9043384529764507
5365 2.9426748857535268
5366 2.987560710595415
5367 2.9908557439559313
5368 2.952857781137385
5369 2.903022971837161
5370 2.858312371206179
5371 2.796356856152086
5372 2.784511082438899
5373 2.770207539134257
5374 2.743505943267251
5375 2.7232811661257372
5376 2.683451115856469
5377 2.69461948151585
5378 2.7183001510769107
5379 2.7531141554364145
5380 2.8071455926573856
5381 2.798307471719883
5382 2.7707587861571654
5383 2.7553307020301374
5384 2.7453799535344277
5385 2.6718079302463287
5386 2.600055727529294
5387 2.5925483312582047
5388 2.6406520255318875
5389 2.672445416147064
5390 2.6911341934631356
5391 2.7085093279367594
5392 2.726000282328487
5393 2.757904261752374
5394 2.76349409121638
5395 2.7435723467059194
5396 2.7252307387757817
5397 2.7188569827021682
5398 2.708433378724707
5399 2.6959223618135684
5400 2.684576556192283
5401 2.7011768653924455
5402 2.729357534436633
5403 2.727624129142123
5404 2.7184431939413165
5405 2.71441583743383
5406 2.711336301421896
5407 2.7106811189285676
5408 2.6841839801749714
5409 2.653498368477524
5410 2.637616531942005
5411 2.667184415227144
5412 2.6969782077671436
5413 2.7147483748270123
5414 2.7490344400682645
5415 2.7663226987153684
5416 2.759399995466734
5417 2.7243815493625356
5418 2.644780200077959
5419 2.5849916878416015
5420 2.5639090286515365
5421 2.5418575072141594
5422 2.5080138796866174
5423 2.467138013431879
5424 2.4600193157138337
5425 2.4601224947584277
5426 2.4810115514289985
5427 2.5077573509844115
5428 2.5179838498401867
5429 2.524485154903987
5430 2.509548368362943
5431 2.510111378424448
5432 2.5243001756374457
5433 2.5167564571262298
5434 2.5016970583152878
5435 2.4707742433614155
5436 2.4333737614321236
5437 2.453924509476175
5438 2.5397131817839456
5439 2.61761988970476
5440 2.6499502813304914
5441 2.6509879341545926
5442 2.62338553630113
5443 2.580633476853186
5444 2.5346149597284233
5445 2.4968454933744657
5446 2.4730180705206615
5447 2.453219116691923
5448 2.499495354776889
5449 2.5434887599609737
5450 2.556202607979173
5451 2.549177238508631
5452 2.5351867662967553
5453 2.5122025966852677
5454 2.500728212948842
5455 2.4941227747797363
5456 2.4607316327774
5457 2.4146569173282404
5458 2.4242250811916204
5459 2.4746451680933355
5460 2.515401846617809
5461 2.549515832730161
5462 2.54683141380907
5463 2.5001876483082173
5464 2.4846108294909546
5465 2.5235950624164833
5466 2.582164462855772
5467 2.620604866754419
5468 2.608646742725304
5469 2.60347277231808
5470 2.599874059886244
5471 2.6113389900979747
5472 2.6115608141968156
5473 2.594806246013088
5474 2.576260146263967
5475 2.5593164194321467
5476 2.5870533481378883
5477 2.6233406045247536
5478 2.6314410481779396
5479 2.619190479150866
5480 2.6388809160663307
5481 2.6621865543443213
5482 2.6600153299634326
5483 2.6518726089706943
5484 2.6496495392510764
5485 2.620715682733064
5486 2.6030478424876384
5487 2.614108176869122
5488 2.6453978602837607
5489 2.6533515741510647
5490 2.6351157661462814
5491 2.643749441694509
5492 2.6533851881825683
5493 2.6112610529635654
5494 2.61967579697562
5495 2.6272253241028576
5496 2.613102669646455
5497 2.585321039850675
5498 2.5539664295402447
5499 2.5314082610253976
5500 2.5301949168470186
5501 2.504764568172547
5502 2.474933233347568
5503 2.442337143526165
5504 2.405169098234054
5505 2.3862864066097087
5506 2.354875031424286
5507 2.3108458338023534
5508 2.3076997703565576
5509 2.297165626694155
5510 2.281315761050073
5511 2.286779603194358
5512 2.2979934950962906
5513 2.274515083066515
5514 2.22493306862095
5515 2.20860623111147
5516 2.204616424596232
5517 2.2331132952563477
5518 2.278844975143739
5519 2.321816004682671
5520 2.3705883569279296
5521 2.4057338557610732
5522 2.469212985842627
5523 2.4825564896344425
5524 2.4839504825684364
5525 2.4834027121943367
5526 2.526458372479596
5527 2.559358998444208
5528 2.5667273826205235
5529 2.5857751188151314
5530 2.6031998696893117
5531 2.635399296935749
5532 2.6354043817566164
5533 2.6285891491040707
5534 2.6361795052857846
5535 2.6765546621687486
5536 2.706027208326534
5537 2.710882371276018
5538 2.674407919841827
5539 2.6394019015924215
5540 2.626813353773635
5541 2.621191768621208
5542 2.6464637110567475
5543 2.699111220358877
5544 2.711708025660752
5545 2.707716585753242
5546 2.6951487300694
5547 2.72608364059352
5548 2.7699889738556127
5549 2.801438913612088
5550 2.8557798045535736
5551 2.8806859715953888
5552 2.909527418597825
5553 3.0070630623357624
5554 3.0877343144712377
5555 3.1323511978455785
5556 3.1696952900901434
5557 3.237630667730261
5558 3.29772400467472
5559 3.3359036721161277
5560 3.3613334222531317
5561 3.414390169970926
5562 3.406490063350577
5563 3.3953226837368797
5564 3.441975608318708
5565 3.4680103066438406
5566 3.4347927567450687
5567 3.4320035909290723
5568 3.427011628369055
5569 3.3969578435613146
5570 3.358105679359069
5571 3.298882116586381
5572 3.2825726758018243
5573 3.343995784933968
5574 3.3231552446279666
5575 3.2546391265407375
5576 3.2374667770592547
5577 3.224495024912751
5578 3.1337015046571732
5579 3.0327478219062334
5580 2.9441515686413506
5581 2.894458529050353
5582 2.885063139883233
5583 2.897297822297685
5584 2.885879163381582
5585 2.835869789664052
5586 2.810049268727524
5587 2.7633237915539315
5588 2.7605046316773123
5589 2.7883425759094522
5590 2.8107050760565078
5591 2.8093051706475527
5592 2.797611917592707
5593 2.780805145791095
5594 2.771537211618584
5595 2.744050533260708
5596 2.7043832139182857
5597 2.675789876609618
5598 2.6541678295693836
5599 2.6348146667130705
5600 2.6025472905252647
5601 2.6036292864067856
5602 2.6380337405005543
5603 2.6599384615551815
5604 2.660687812719717
5605 2.658806648050153
5606 2.6517754300754306
5607 2.6661596180909806
5608 2.670991999971179
5609 2.6493218186671617
5610 2.634043051965767
5611 2.6757332341429834
5612 2.74909735907749
5613 2.8264485697366597
5614 2.860380933658138
5615 2.892277262607605
5616 2.8942733639217795
5617 2.845074234375278
5618 2.787884160255005
5619 2.706142974106127
5620 2.6268025882187205
5621 2.5544071429661264
5622 2.482877408718992
5623 2.406961308949957
5624 2.2970597020538808
5625 2.1976980524790175
5626 2.1263417768075277
5627 2.071861786674407
5628 2.0243230129802434
5629 1.9686851408951904
5630 1.9372179783953918
5631 1.9153372993160263
5632 1.8983806136594419
5633 1.8690803526868451
5634 1.8607695005057856
5635 1.819172324422146
5636 1.8232472564582658
5637 1.853253808244447
5638 1.8398572380918252
5639 1.8155359598434866
5640 1.7898753806988614
5641 1.7657601060415353
5642 1.7697090889670082
5643 1.8081033663816117
5644 1.8417072670110017
5645 1.8716836286998308
5646 1.9111822423949802
5647 1.9768399354555177
5648 2.0178028103159726
5649 2.022059196667101
5650 1.9768820364448412
5651 1.929024430117852
5652 1.875485915952172
5653 1.8288623456628916
5654 1.7721998993164867
5655 1.7275511423644503
5656 1.7380837218748058
5657 1.7438124085115243
5658 1.7260123940664245
5659 1.6939354839932899
5660 1.7061337902842173
5661 1.7235622053277229
5662 1.7332585593354766
5663 1.7226725783021142
5664 1.7264608209546388
5665 1.7254737595975647
5666 1.7086359551152754
5667 1.710864945641977
5668 1.6830952203113012
5669 1.6689809820979482
5670 1.6948043025423345
5671 1.709677435470254
5672 1.7011099916475196
5673 1.6859770626653556
5674 1.6786291769020287
5675 1.6735575750754952
5676 1.6742023264812091
5677 1.7063590271409825
5678 1.7612053309741367
5679 1.785367138289244
5680 1.78567687053687
5681 1.8356159395267226
5682 1.8805179824177052
5683 1.9200522408433074
5684 1.9443341981302924
5685 1.9543080519454787
5686 1.9952386259806418
5687 2.0204086424074985
5688 2.0532719780273423
5689 2.08642296156972
5690 2.094327969069544
5691 2.0868743771478115
5692 2.082633409059931
5693 2.080506087768967
5694 2.0371000634845453
5695 1.9868831898406345
5696 1.9737569603356593
5697 1.9428413585205722
5698 1.91780762196397
5699 1.914632504905106
5700 1.9145155261868183
5701 1.9026254354954768
5702 1.918559358366957
5703 1.9197564628024408
5704 1.9210609022447167
5705 1.9405141354766948
5706 1.9287485666900681
5707 1.893326248467994
5708 1.8833206208403017
5709 1.865552852316881
5710 1.8376927093901119
5711 1.8357870183021983
5712 1.8272230034280266
5713 1.7959606766545109
5714 1.8044569188080102
5715 1.787640239617859
5716 1.7796939912118592
5717 1.7685669774916728
5718 1.7702817208277009
5719 1.751792870505616
5720 1.7044443871259745
5721 1.6616874967075597
5722 1.6112359110885617
5723 1.584990271106706
5724 1.5550500914271561
5725 1.5507541913949903
5726 1.5619302691396604
5727 1.5889380501819033
5728 1.5882035156429795
5729 1.586717123161499
5730 1.5994080756086488
5731 1.6128240341868103
5732 1.61073765987885
5733 1.599219463980381
5734 1.5928423123324298
5735 1.5884803732830206
5736 1.5734142655088603
5737 1.5703282908436897
5738 1.5606730648472882
5739 1.5643777145816313
5740 1.5891344391652418
5741 1.6008509186832423
5742 1.618787997159442
5743 1.6428833916133683
5744 1.6640698231968285
5745 1.6924909312364675
5746 1.6743409710219945
5747 1.643573313742616
5748 1.6411366887879089
5749 1.6658300262193129
5750 1.7018797849263876
5751 1.743172187056028
5752 1.8016244626062998
5753 1.858804424413908
5754 1.934600123357167
5755 2.0040185593775397
5756 2.033316681080799
5757 2.0363239408034346
5758 2.0396676213059277
5759 2.0500393941091346
5760 2.0152581362004933
5761 2.0219050706800172
5762 2.0449259397868467
5763 2.039650708282643
5764 2.0360796092890605
5765 2.0211106275467805
5766 2.01719255342446
5767 2.0246239425639567
5768 2.022325849906054
5769 2.0455010172620116
5770 2.088769798865846
5771 2.1090031440374704
5772 2.140643385289121
5773 2.149523606260037
5774 2.151180578444675
5775 2.1624502357119426
5776 2.154640300127732
5777 2.155540062745733
5778 2.137581193900356
5779 2.1366702799385617
5780 2.136671329227531
5781 2.1278812104173035
5782 2.1032277442403116
5783 2.06791218016504
5784 2.0429294922788697
5785 2.027774868760044
5786 2.007989243639702
5787 1.9871455449112234
5788 1.9689848438895907
5789 1.9657563628932917
5790 1.974068807955146
5791 1.97931827694371
5792 1.976302584393178
5793 2.0030627391284797
5794 2.0149624165874274
5795 1.9971835773569433
5796 1.9958604616291589
5797 1.9919460492204613
5798 2.006954250355148
5799 2.0332114351331234
5800 2.0343170481771575
5801 2.0132655912949815
5802 1.98910297295491
5803 2.0109489711358086
5804 2.011069703216693
5805 1.9880077690158948
5806 1.9845092362219066
5807 1.9952230914672942
5808 1.9775135839006444
5809 1.950044182185031
5810 1.9373415281407382
5811 1.9242083831265693
5812 1.906746359930262
5813 1.9199927980905906
5814 1.9884442524818275
5815 2.010893286484608
5816 1.9960175947222356
5817 1.9754902792356204
5818 1.9637184504636542
5819 1.9823592042409754
5820 2.037711528663733
5821 2.076709199050666
5822 2.095106079375457
5823 2.0707645550742564
5824 2.0865404900939297
5825 2.0886516265822634
5826 2.05316164998878
5827 2.0781803672514223
5828 2.13044110776532
5829 2.1493835187601142
5830 2.140504207184087
5831 2.114881502919816
5832 2.1282326048373608
5833 2.1453018432383852
5834 2.1540503626729857
5835 2.160683684578498
5836 2.1455166273677637
5837 2.17050999103272
5838 2.197877235394297
5839 2.2059159657845595
5840 2.1888789859405398
5841 2.184461695758176
5842 2.1433262297304503
5843 2.0775878271251815
5844 2.008172049243944
5845 1.974017942034362
5846 1.9731038743247542
5847 1.9753417909161006
5848 1.9895015450910791
5849 1.9902915444145484
5850 1.986252546865069
5851 1.9815534137153075
5852 1.9921980292521644
5853 1.9862268483463528
5854 1.9916461316315013
5855 2.0079294202402846
5856 2.029721930658344
5857 2.048937588972043
5858 2.05272700003505
5859 2.066595836813449
5860 2.0892111571396668
5861 2.0931633220952675
5862 2.0886668237911086
5863 2.0871618292007863
5864 2.0997875053901995
5865 2.0870679735540767
5866 2.0569929343422704
5867 2.0437083737621915
5868 2.058506837492989
5869 2.050106320074283
5870 2.03957952354054
5871 2.0209385630583108
5872 2.0256033642899087
5873 2.048417152418738
5874 2.07357788593712
5875 2.0985653822545203
5876 2.104224535583104
5877 2.0963437089794104
5878 2.0891943408860976
5879 2.0959735306111438
5880 2.1216736502381486
5881 2.1386588098504293
5882 2.1358066598608554
5883 2.148070915333576
5884 2.158229731881434
5885 2.1437906133687106
5886 2.1388185084104188
5887 2.1511100208725713
5888 2.1326245194049926
5889 2.1250193886457467
5890 2.097734471424651
5891 2.088734756713034
5892 2.090244632089238
5893 2.108892579455665
5894 2.128974947540523
5895 2.1274506532046873
5896 2.166927167657802
5897 2.2407452949608757
5898 2.29638803111775
5899 2.318899162182716
5900 2.315406365488474
5901 2.3059862464016514
5902 2.2919042708986264
5903 2.2506646955347613
5904 2.221133116247978
5905 2.1698306673999457
5906 2.154919671050753
5907 2.1766909810772797
5908 2.1779497335058773
5909 2.1498275389851087
5910 2.1426074342842854
5911 2.1275339894780214
5912 2.1093510631273973
5913 2.083218447161828
5914 2.0591918996607603
5915 2.042901228083078
5916 2.0390770855969413
5917 2.0489520586716856
5918 2.039518437782721
5919 2.039554747732767
5920 2.015010766527267
5921 1.9732729396740205
5922 1.9531337451591988
5923 1.9581551773689916
5924 1.958422215498432
5925 1.94580129857997
5926 1.9289938156296007
5927 1.90109542816968
5928 1.8786238151416421
5929 1.8615994640340034
5930 1.8639862589785536
5931 1.873172723261997
5932 1.8662452929052828
5933 1.8497621363908703
5934 1.8245136482754392
5935 1.7767780852622699
5936 1.7377661310683719
5937 1.7078037780553728
5938 1.7265005267457763
5939 1.7569745595825115
5940 1.7950193809019734
5941 1.8493525294816646
5942 1.8903903496973482
5943 1.925181822853067
5944 1.9458874506815527
5945 1.9638899111182913
5946 2.017092730547597
5947 2.040191102898351
5948 2.032697983371416
5949 2.0155460165681047
5950 2.0076453840559405
5951 1.9809320073678536
5952 1.9368993490588702
5953 1.8944994345572068
5954 1.8739027741783507
5955 1.8614112662252853
5956 1.8729232473856154
5957 1.8957311163338326
5958 1.9359240101889115
5959 1.991011553379845
5960 2.040250320343556
5961 2.1011562079320854
5962 2.153739985806503
5963 2.1875988741938444
5964 2.2284598635689665
5965 2.3069467388173175
5966 2.3869350906114684
5967 2.420475487025154
5968 2.4421064153380563
5969 2.4223911016175452
5970 2.4024498060908623
5971 2.391994387804028
5972 2.3946287580878174
5973 2.4037231068362876
5974 2.4029234784856097
5975 2.3830754183012153
5976 2.3810876208473277
5977 2.3682897138923615
5978 2.3691214412291357
5979 2.3271817591098682
5980 2.288294279907984
5981 2.2777330738194306
5982 2.274301646932444
5983 2.302695936536296
5984 2.342159465692653
5985 2.4055242992478525
5986 2.47949780403043
5987 2.498109288184381
5988 2.488468925376239
5989 2.4821491547980394
5990 2.4848196353414687
5991 2.490450902316706
5992 2.498702958721175
5993 2.5073916137104
5994 2.518947694486699
5995 2.520032306177447
5996 2.5298947189640226
5997 2.5390119061617926
5998 2.5154125370370193
5999 2.479737654116096
