#frame I
5000 2.3822459028153706
5001 2.3659887935827384
5002 2.3334421268894916
5003 2.2786714931117906
5004 2.2356378966472237
5005 2.2145592217332015
5006 2.218343453550127
5007 2.1936771939236994
5008 2.186942208546547
5009 2.1561205858417667
5010 2.1329108860890638
5011 2.126611808840575
5012 2.1157679150429534
5013 2.1247059891410456
5014 2.13750240786772
5015 2.173231007887706
5016 2.2050895063934046
5017 2.2253025927947414
5018 2.2326408763848717
5019 2.2291775569661807
5020 2.228688515605108
5021 2.2366959562011726
5022 2.2447157082698883
5023 2.261459912160652
5024 2.2787025355886774
5025 2.30636688798457
5026 2.332992547149992
5027 2.3697462385568593
5028 2.3859124835124397
5029 2.4016450457418332
5030 2.414753526741802
5031 2.3916949981742013
5032 2.327086862505383
5033 2.2588005556562427
5034 2.213000567796684
5035 2.1779697454320464
5036 2.1384554974288066
5037 2.156726555395127
5038 2.1710224901439568
5039 2.182932117790396
5040 2.192229184306287
5041 2.1693179523450143
5042 2.14923790090582
5043 2.135323841895321
5044 2.126210285787399
5045 2.1136685741235492
5046 2.110198010004101
5047 2.12165424549325
5048 2.126088318869795
5049 2.1132684206048786
5050 2.0926705146461653
5051 2.066850267273546
5052 2.0482544609995466
5053 2.038075049643981
5054 2.039289246034096
5055 2.0400124965329507
5056 2.0371828305064374
5057 2.0345811870315464
5058 2.036105081031317
5059 2.047573945219904
5060 2.069936307525871
5061 2.0815352006719303
5062 2.079406173398785
5063 2.075768935030259
5064 2.07606832868231
5065 2.077685064416003
5066 2.067438253136713
5067 2.0529473156335776
5068 2.020995776981037
5069 2.0111969372091143
5070 2.000705525651684
5071 1.9904502871706156
5072 1.9945421223254334
5073 2.006328426320213
5074 2.026127591661286
5075 2.0261513009555103
5076 2.016076699081553
5077 2.0125510291303206
5078 2.008251860287761
5079 2.016604814335771
5080 2.0303166296894126
5081 2.0475289746000196
5082 2.0582111488871586
5083 2.075589582131366
5084 2.106727168289348
5085 2.1373645449358882
5086 2.1663014723919054
5087 2.1995324357527193
5088 2.2320538004920927
5089 2.2715197240908305
5090 2.335677231708698
5091 2.3943488119196514
5092 2.417692813188443
5093 2.4372469574168547
5094 2.447343780504296
5095 2.46551556328097
5096 2.504068306466687
5097 2.5446335862231733
5098 2.582440002867069
5099 2.623944381357944
5100 2.6649425728658027
5101 2.635362784969398
5102 2.631246528480186
5103 2.677425058930228
5104 2.6808955602610487
5105 2.671164644314826
5106 2.6662646454613346
5107 2.689107686972237
5108 2.6990348447617034
5109 2.6713049446989183
5110 2.6371809852455104
5111 2.6096362326005886
5112 2.562661966678367
5113 2.5249845897253684
5114 2.4912872959209067
5115 2.463653356961475
5116 2.4564118834770303
5117 2.451003573289642
5118 2.467841813654925
5119 2.4862478115206676
5120 2.4955141727717343
5121 2.485137585978552
5122 2.4558848703081297
5123 2.4319632708840655
5124 2.4384055723248137
5125 2.4138777488875705
5126 2.3809244118549433
5127 2.3514132630868234
5128 2.3544587478224672
5129 2.349500541164703
5130 2.351662182954778
5131 2.3669209374957734
5132 2.377396461081264
5133 2.3958032827458307
5134 2.430893344136257
5135 2.474543529218164
5136 2.5132274091173072
5137 2.5530062143967895
5138 2.5789440383716955
5139 2.5854379766484685
5140 2.575538240589084
5141 2.563602773466111
5142 2.5487283800293503
5143 2.529196973301342
5144 2.518709089826408
5145 2.4791289811600654
5146 2.4469898145087066
5147 2.437953048072932
5148 2.4578852241315405
5149 2.480281649236093
5150 2.5043174197533893
5151 2.543134200600473
5152 2.577808702119903
5153 2.5986711459638823
5154 2.6125097572668254
5155 2.592811981728981
5156 2.5603468326276926
5157 2.5058489802974964
5158 2.47783562039722
5159 2.462567570524134
5160 2.439010604423168
5161 2.421844637333438
5162 2.4082471671100856
5163 2.389120173515175
5164 2.3835695500614444
5165 2.382628284617511
5166 2.404330190263874
5167 2.439413122475572
5168 2.439740389303709
5169 2.4095895169356307
5170 2.3839136874376545
5171 2.385741325323438
5172 2.3806298481542907
5173 2.3689964304199504
5174 2.342215143300256
5175 2.323693278366381
5176 2.316348180990038
5177 2.3141733972770773
5178 2.3011863773630767
5179 2.2849983781134626
5180 2.262893301304522
5181 2.245008601096258
5182 2.223396405336039
5183 2.224768728521567
5184 2.2132364196290317
5185 2.1914950252499126
5186 2.1887262736218123
5187 2.1799834210669458
5188 2.1729477927532135
5189 2.1642640617891344
5190 2.1549781675444697
5191 2.1577913886932096
5192 2.166929431605534
5193 2.1721523827733855
5194 2.17811785982767
5195 2.1884683102038935
5196 2.20779718944093
5197 2.2272874039519532
5198 2.2492915894699
5199 2.281820912939079
5200 2.3006620261306505
5201 2.2976156749064485
5202 2.323639790686946
5203 2.3306253110737467
5204 2.3402833996280967
5205 2.3374520178596008
5206 2.3427359091041478
5207 2.347437640512861
5208 2.3565962619290373
5209 2.3722401116726863
5210 2.365774333276233
5211 2.352341479320478
5212 2.33458480834933
5213 2.3099857131668706
5214 2.3042030918878713
5215 2.3051104877647672
5216 2.2909548705893883
5217 2.298248519318289
5218 2.314344173651046
5219 2.3295273494061774
5220 2.3234102337354
5221 2.3031615875489804
5222 2.2872747726540865
5223 2.2767112681401502
5224 2.260468177558329
5225 2.2446657383305717
5226 2.2615826342121896
5227 2.2745846158055203
5228 2.2826439273253776
5229 2.28401953983971
5230 2.26865860136735
5231 2.2728280682874002
5232 2.2772278661708207
5233 2.262686785815587
5234 2.2686708638337083
5235 2.3115429283610425
5236 2.3250370095917052
5237 2.3361217636208904
5238 2.3373358431053726
5239 2.340148088734962
5240 2.3227528654992007
5241 2.295453310478105
5242 2.304467135727293
5243 2.323879039872455
5244 2.354119741366888
5245 2.4068507356889497
5246 2.451354546812981
5247 2.4686073769294508
5248 2.4670127181458876
5249 2.4598359779586496
5250 2.489313224676484
5251 2.519315621936795
5252 2.527175876320023
5253 2.529288272885387
5254 2.513120779529801
5255 2.439842232448627
5256 2.3945073251959683
5257 2.3726706784355533
5258 2.370011818603443
5259 2.3618712459350077
5260 2.3334986016781376
5261 2.342291382122069
5262 2.341576310439834
5263 2.341868294769223
5264 2.3116320725097625
5265 2.287350761085806
5266 2.2626060298715416
5267 2.2390990122959775
5268 2.224661332426166
5269 2.2068705656518137
5270 2.19357741715046
5271 2.1728847237730875
5272 2.1513160934907156
5273 2.1366769101257117
5274 2.1234288528448704
5275 2.0893710042308165
5276 2.078453414114087
5277 2.0653862180657563
5278 2.0358227438870764
5279 2.0018329084473585
5280 1.961293261347604
5281 1.9269571556784726
5282 1.922161740092942
5283 1.9211154352189863
5284 1.9384759330692305
5285 1.9456688461996352
5286 1.9343111323411075
5287 1.9231217681978194
5288 1.933770712218362
5289 1.9738596475361225
5290 2.0343252144930126
5291 2.0990665998103086
5292 2.1484719192863095
5293 2.181868805174941
5294 2.199669978512855
5295 2.214587333603037
5296 2.226212561243848
5297 2.2491791135573265
5298 2.2744152203243533
5299 2.3160399132134915
5300 2.3321056178893746
5301 2.335388438854929
5302 2.325799418040597
5303 2.3386732202824323
5304 2.3802243777006553
5305 2.434341062108565
5306 2.4542359968416183
5307 2.448257866550644
5308 2.4275659517792314
5309 2.398493893734446
5310 2.421599908098863
5311 2.441679238240315
5312 2.457095091246209
5313 2.442637770193141
5314 2.438665417710937
5315 2.436343540931359
5316 2.396407390650643
5317 2.338989801756724
5318 2.287071603540154
5319 2.271391708346152
5320 2.2862144011419776
5321 2.279078557596303
5322 2.2443569904321503
5323 2.2138267041093096
5324 2.1944523078807916
5325 2.1347842148576155
5326 2.099869713529137
5327 2.089762669501176
5328 2.0822368708971286
5329 2.0621538728503013
5330 2.0440971470419296
5331 2.026435585605724
5332 2.0068061161452717
5333 2.0086532017293823
5334 2.0230820616345433
5335 2.025790493802726
5336 2.0427040570469104
5337 2.0643674088133257
5338 2.074707447220621
5339 2.1069979076563357
5340 2.1344219233235773
5341 2.1572349126471773
5342 2.1886999725035126
5343 2.22628984095335
5344 2.251632474159463
5345 2.2920928599639296
5346 2.3336806544596778
5347 2.349459953819439
5348 2.3314809691405065
5349 2.3149200498491926
5350 2.3059373166797497
5351 2.3048590456752573
5352 2.314788524876588
5353 2.2987125642863426
5354 2.3080710570226346
5355 2.31606122286226
5356 2.31603931845544
5357 2.319390136464248
5358 2.3243877725219626
5359 2.3224480742454814
5360 2.3155155793441047
5361 2.3064701837565456
5362 2.2934569219440206
5363 2.279457357909377
5364 2.2793375885036267
5365 2.2844931357559
5366 2.27832602689942
5367 2.2561451640107184
5368 2.218482858738254
5369 2.2140691301555693
5370 2.1876950151258674
5371 2.185419159856638
5372 2.172144627950185
5373 2.1860792261142343
5374 2.206957599524481
5375 2.203754604846072
5376 2.203161065611117
5377 2.187331895691503
5378 2.1942036490096624
5379 2.215886111273727
5380 2.213689274532537
5381 2.2316264614464414
5382 2.2530740219352525
5383 2.27108439359953
5384 2.278897094034191
5385 2.287087279281725
5386 2.2934134776189024
5387 2.2925527334382605
5388 2.273393283359378
5389 2.2318070595154045
5390 2.1919568471655344
5391 2.168432294026526
5392 2.173978753041082
5393 2.1734839004892397
5394 2.188199901305606
5395 2.1687428946090446
5396 2.139698685816172
5397 2.140965332328552
5398 2.1372945523881697
5399 2.1070598749267813
5400 2.1007290808593853
5401 2.0887523225355196
5402 2.089687296276131
5403 2.1112882570303917
5404 2.161167021429172
5405 2.220053890704174
5406 2.2167869689429374
5407 2.205776385422389
5408 2.211944284378407
5409 2.1905260755809732
5410 2.1670251135138185
5411 2.188188065865614
5412 2.1953452273781706
5413 2.195648143549302
5414 2.192102090889737
5415 2.1797506710950802
5416 2.1717233657219954
5417 2.1624550211280877
5418 2.1694237389179563
5419 2.189200427631185
5420 2.1995871716696325
5421 2.1989802695024183
5422 2.202651552926813
5423 2.196298469975711
5424 2.1795839094236906
5425 2.1664090604513193
5426 2.157628071085934
5427 2.145272386406384
5428 2.1653211965078785
5429 2.1821025512751278
5430 2.1915415598846586
5431 2.2077313206431555
5432 2.2436546093397847
5433 2.2648985524923777
5434 2.27627121441794
5435 2.283685963778091
5436 2.2951124277668358
5437 2.29312367292051
5438 2.2936175100132017
5439 2.3169852258028283
5440 2.3475965959638034
5441 2.3505646857616624
5442 2.3263213289321643
5443 2.3028121006692874
5444 2.2792955327550266
5445 2.240345931813072
5446 2.20783150713156
5447 2.2006885706624066
5448 2.2273064994088076
5449 2.2105938896186443
5450 2.1933157515528174
5451 2.1921207854228046
5452 2.1602382094827552
5453 2.162515090351418
5454 2.175949259633698
5455 2.1768826142471136
5456 2.173074071787943
5457 2.1803422667482515
5458 2.193098354959534
5459 2.2118434807106797
5460 2.230871814632637
5461 2.2314401284151337
5462 2.212177565482029
5463 2.2265603843794093
5464 2.251816373072261
5465 2.2655723219828063
5466 2.281200752573233
5467 2.2797157222702946
5468 2.278934650767817
5469 2.278534364887815
5470 2.2779996609421205
5471 2.2675060020953057
5472 2.2625309567254734
5473 2.2610281044376843
5474 2.267325453480563
5475 2.311497153145919
5476 2.3735073648147655
5477 2.416644982387955
5478 2.4442586927087304
5479 2.454918515890926
5480 2.4580433524268046
5481 2.461898144586589
5482 2.4568227493755574
5483 2.4516112568702253
5484 2.437289983655141
5485 2.4069406654969505
5486 2.3752309192586782
5487 2.3705839593553124
5488 2.361164172663588
5489 2.345667000578629
5490 2.327299602312264
5491 2.3117586738566898
5492 2.302425910389312
5493 2.311451618554157
5494 2.3213286014084757
5495 2.3335903322567746
5496 2.3529472423580113
5497 2.404088617026498
5498 2.436350799970984
5499 2.465326632182229
5500 2.492068653615477
5501 2.507992137770691
5502 2.4816074789174216
5503 2.454282230989059
5504 2.434827316463117
5505 2.4076620203185253
5506 2.3605934106232724
5507 2.3432684783813116
5508 2.3330592323316464
5509 2.314943994639358
5510 2.2953730222238637
5511 2.3172791732650864
5512 2.3398779885034955
5513 2.3562011742485147
5514 2.3785628741936975
5515 2.3602820065883687
5516 2.3356839924581347
5517 2.325461115964587
5518 2.3798424635448345
5519 2.4154465108904786
5520 2.426983608873689
5521 2.425979837599363
5522 2.4229836958419697
5523 2.4121134200140335
5524 2.363669505894217
5525 2.342992803679354
5526 2.3424071478020423
5527 2.338907452296525
5528 2.3373297470990475
5529 2.346879270829115
5530 2.373523732075396
5531 2.383682911315477
5532 2.3852248502327895
5533 2.3874858218365413
5534 2.3853269845480622
5535 2.355822820277554
5536 2.3393543153236735
5537 2.3061053145924975
5538 2.308461680593907
5539 2.3280397933637933
5540 2.363173807561682
5541 2.407352268452021
5542 2.42488525451785
5543 2.434924822399885
5544 2.445808265732974
5545 2.500800888792314
5546 2.578676649142976
5547 2.6509001897447932
5548 2.697837486596141
5549 2.7308220609774443
5550 2.768319381007712
5551 2.7905432175372313
5552 2.8156736769127693
5553 2.8532768990328
5554 2.8663993002127754
5555 2.874178770823265
5556 2.8868137415271424
5557 2.8873100088093566
5558 2.895147671611605
5559 2.8898080055400963
5560 2.855342700963669
5561 2.820723115589789
5562 2.7859303111183937
5563 2.7723503647521066
5564 2.7493151912792033
5565 2.718312267593846
5566 2.6794571902417164
5567 2.6432909094019457
5568 2.631102192318191
5569 2.593618490857769
5570 2.5849925673829057
5571 2.6147841320163967
5572 2.6472288668555093
5573 2.678034747531194
5574 2.7079855216832636
5575 2.7390879541163478
5576 2.764894610740258
5577 2.8294859601743774
5578 2.885248757999601
5579 2.8954585806002933
5580 2.873425928123045
5581 2.8534009869158443
5582 2.854532435192813
5583 2.850171259700133
5584 2.8615423806624656
5585 2.8661195036695037
5586 2.8486159599901573
5587 2.8135867280102556
5588 2.7621268350904384
5589 2.7266099366291443
5590 2.731013534444943
5591 2.772536050126534
5592 2.8076598184703627
5593 2.815791317611347
5594 2.8190318370927168
5595 2.8065638310640817
5596 2.7732668914530523
5597 2.7307389265373785
5598 2.6880899339907622
5599 2.68646638972768
5600 2.723062379435964
5601 2.7749864829708426
5602 2.805516815194818
5603 2.8328930903857636
5604 2.8720095594777386
5605 2.9005706216252847
5606 2.9021501569467563
5607 2.907961870796926
5608 2.9040583843874668
5609 2.8465638458859446
5610 2.7920576493827403
5611 2.7411158429465705
5612 2.7058087931270363
5613 2.670537450599578
5614 2.6374808218225025
5615 2.5908025219359336
5616 2.544766117107165
5617 2.5205537281757566
5618 2.5044727211247095
5619 2.4670212530704365
5620 2.4310629837451865
5621 2.432429575938909
5622 2.454857182391095
5623 2.439130566824856
5624 2.421135757958578
5625 2.361900812377529
5626 2.350091916155881
5627 2.336189507052754
5628 2.3040192492798868
5629 2.292405757376465
5630 2.2695924441896316
5631 2.2572556889391384
5632 2.2540811202478097
5633 2.2640919799211083
5634 2.300223284588423
5635 2.349611088418324
5636 2.4022526698010442
5637 2.4459870086351327
5638 2.4666837125884924
5639 2.4387421311773596
5640 2.430612301598318
5641 2.4241235091937607
5642 2.4196670865626833
5643 2.3846677980085227
5644 2.336809173510942
5645 2.300295368508285
5646 2.2857848171764688
5647 2.2921569628935874
5648 2.280673966263054
5649 2.2619013334421365
5650 2.246276259123387
5651 2.2604192061363104
5652 2.2695152788465696
5653 2.276358582263003
5654 2.28911519558909
5655 2.279665345222427
5656 2.245503285792721
5657 2.2220787966935616
5658 2.2180407621495535
5659 2.224278946353306
5660 2.2271180627292004
5661 2.2338519465763294
5662 2.2580747628523365
5663 2.2877582421012046
5664 2.3257395866801316
5665 2.360356122567654
5666 2.379846537166586
5667 2.382136668824343
5668 2.382120004113735
5669 2.385881440290741
5670 2.382970742402511
5671 2.37973389949749
5672 2.387881799297527
5673 2.4003582518170057
5674 2.42673541241806
5675 2.455214544388821
5676 2.4569725947292693
5677 2.3849840788225456
5678 2.318443146657936
5679 2.306278069166739
5680 2.3253068120068807
5681 2.328978836249089
5682 2.3291539969182624
5683 2.3434477631271573
5684 2.3597805143733197
5685 2.376440877331121
5686 2.3703783600343358
5687 2.3559406112462784
5688 2.3475978155079797
5689 2.336483550295256
5690 2.3109962715320704
5691 2.2958052449598885
5692 2.3115086378247445
5693 2.328063125736667
5694 2.322581268044222
5695 2.327797507253658
5696 2.3080887798624947
5697 2.3042812458095545
5698 2.3181261787711613
5699 2.3198761314983773
5700 2.3170110910931956
5701 2.326397658422106
5702 2.3096193709483996
5703 2.304176428249348
5704 2.2945504474495575
5705 2.235730081131238
5706 2.193921290792012
5707 2.1943948315256354
5708 2.2290883933850063
5709 2.243725192011792
5710 2.271996632818276
5711 2.2693897742219975
5712 2.255482412234807
5713 2.248231221249509
5714 2.271175051013741
5715 2.3198063590658458
5716 2.3894884967443772
5717 2.4691737867625516
5718 2.5252301134070616
5719 2.550995285658609
5720 2.5518761236755334
5721 2.5403251436915997
5722 2.5152628796070693
5723 2.485655370749421
5724 2.484392970108913
5725 2.483352669624937
5726 2.461635961360885
5727 2.4590186609957256
5728 2.464563156130086
5729 2.4929789037265073
5730 2.5202197472025083
5731 2.5309799640165545
5732 2.553017338360381
5733 2.5830790665182026
5734 2.6178228910326165
5735 2.6488591202778555
5736 2.6610793068185425
5737 2.650784487554437
5738 2.6388245340139256
5739 2.6306170161391775
5740 2.632039742213167
5741 2.6261644315189083
5742 2.594956804708365
5743 2.5640772107042458
5744 2.5444881175913565
5745 2.541882648589297
5746 2.560100106163173
5747 2.577578848581023
5748 2.565205314957633
5749 2.5414207532507045
5750 2.5446312906082946
5751 2.539404856263294
5752 2.501192038804475
5753 2.4671407874458327
5754 2.453312794128451
5755 2.463476702912409
5756 2.4707940868344718
5757 2.465358918047354
5758 2.4705093965523965
5759 2.48614335281832
5760 2.4977513400296916
5761 2.5195583331589964
5762 2.5360448003883014
5763 2.5285518974727843
5764 2.532146463458211
5765 2.5224625287944153
5766 2.503725690029241
5767 2.4847030973669613
5768 2.476335447338407
5769 2.4831579617675734
5770 2.4839058220730013
5771 2.4848373717627865
5772 2.4806594049911475
5773 2.472154706888336
5774 2.459025013278866
5775 2.428641130211509
5776 2.402260027804147
5777 2.4029560853881633
5778 2.4160958664598033
5779 2.4154055073665868
5780 2.4100738775907535
5781 2.393493783124982
5782 2.3876770509070435
5783 2.425484783609139
5784 2.4817421702401403
5785 2.5914254404210575
5786 2.67434208911855
5787 2.7253043092001765
5788 2.749375946375522
5789 2.7849719982179533
5790 2.8203034898014145
5791 2.8260762382024063
5792 2.7884226446648133
5793 2.7745744106869026
5794 2.772121842249957
5795 2.7747624567222307
5796 2.765936183084577
5797 2.7378306139591717
5798 2.7049875015434046
5799 2.6840554044737317
5800 2.661901179113194
5801 2.655503375383808
5802 2.66351895458052
5803 2.687730589220345
5804 2.7546174718064664
5805 2.816098881279061
5806 2.882381193432612
5807 2.8992494112513616
5808 2.89042964432835
5809 2.901672459170505
5810 2.9112541397643024
5811 2.939703522474072
5812 2.961926208141755
5813 2.9915616075438485
5814 2.976207061090891
5815 2.938080589265129
5816 2.9028420378846715
5817 2.9015226638630205
5818 2.906991479456982
5819 2.8847046734265462
5820 2.8458106889347388
5821 2.8101570798202324
5822 2.7549420375488056
5823 2.69933964137993
5824 2.6525311434304717
5825 2.593552789981088
5826 2.5655838309805588
5827 2.5675996878578613
5828 2.556068189583805
5829 2.5359302546043314
5830 2.5114038253413242
5831 2.5196495720421423
5832 2.5440455410821503
5833 2.5942135585416626
5834 2.6728291402695676
5835 2.750837239136621
5836 2.8430159519779945
5837 2.92625067174625
5838 3.0081078323890216
5839 3.0614815376656375
5840 3.092991681280511
5841 3.148031460917622
5842 3.165917363422735
5843 3.175406845090369
5844 3.1737368489603255
5845 3.148591409363328
5846 3.0904533688308127
5847 3.0587472520690357
5848 3.052654127152171
5849 3.015901637679998
5850 2.9399188233312925
5851 2.866279261965672
5852 2.7981858867107428
5853 2.751904017615741
5854 2.7413585232485267
5855 2.7489706172898436
5856 2.78069437550595
5857 2.8179409266390083
5858 2.857870617445886
5859 2.8810562176129104
5860 2.899552345161008
5861 2.8808976952919516
5862 2.869889896894379
5863 2.861954597834444
5864 2.822090575190492
5865 2.758171342681434
5866 2.707504508554457
5867 2.6547931004844014
5868 2.622078049326563
5869 2.5827563365570985
5870 2.551359483244572
5871 2.526316627831323
5872 2.5250877747361673
5873 2.5159185033040585
5874 2.5247809997615587
5875 2.5439505393986077
5876 2.5533787956344063
5877 2.5475797085578593
5878 2.5379201033781
5879 2.51178797209383
5880 2.4930660846601587
5881 2.4834419890029285
5882 2.475012356525036
5883 2.4643785382753194
5884 2.4438939507893687
5885 2.4342955990010293
5886 2.4459320988320488
5887 2.427570267257153
5888 2.404983375250232
5889 2.413194783707485
5890 2.4886878379515767
5891 2.6031599530350653
5892 2.6818800551117747
5893 2.742391629134991
5894 2.8013767330222548
5895 2.9018982471160135
5896 3.011219764654767
5897 3.076872086113334
5898 3.1109149175823787
5899 3.1342576958246
5900 3.124145999059618
5901 3.1070560007117938
5902 3.0854280774305956
5903 3.0548085845970228
5904 3.0372730361336435
5905 3.021866304957944
5906 3.010925773472583
5907 2.9649633012829337
5908 2.9033889090146925
5909 2.8385796691570695
5910 2.7752752787931505
5911 2.7290632332548563
5912 2.6820258861773847
5913 2.6300810904485314
5914 2.5948974199268116
5915 2.550554491482109
5916 2.490589920210297
5917 2.4388060159100973
5918 2.433194242094067
5919 2.44628749300283
5920 2.4698248751737935
5921 2.49073659781117
5922 2.5198114894664383
5923 2.564541577622079
5924 2.606232193758404
5925 2.611381640886031
5926 2.6405633015516803
5927 2.663309686433848
5928 2.6787038170178423
5929 2.6750357514803254
5930 2.673874462417363
5931 2.676719624899697
5932 2.6721541650587075
5933 2.6677212949948594
5934 2.6478535957201474
5935 2.593795666015354
5936 2.502675674560213
5937 2.4513562505765596
5938 2.3923806572846957
5939 2.3354767000057515
5940 2.325640468059176
5941 2.329781585059234
5942 2.339630413780301
5943 2.348215614006582
5944 2.359866228555291
5945 2.3897298377956924
5946 2.4060683391924282
5947 2.3931195970872943
5948 2.37048804357139
5949 2.358608725830233
5950 2.3644716993336514
5951 2.3901203359209457
5952 2.409813798960393
5953 2.404773548965718
5954 2.4066665265235723
5955 2.414331080552928
5956 2.4252460033045553
5957 2.4308273987661413
5958 2.3928733230663757
5959 2.3745945106617543
5960 2.3260707467240507
5961 2.2929579170784504
5962 2.304348467108056
5963 2.2988706347403216
5964 2.311016418583643
5965 2.292960056864791
5966 2.2615888800689703
5967 2.2446167885746378
5968 2.2007873374396816
5969 2.1494834810223944
5970 2.1084423295898422
5971 2.08475670651478
5972 2.060781655702296
5973 2.037056269527227
5974 2.013394778405432
5975 1.9633471922926888
5976 1.9465890185780874
5977 1.9458052734753775
5978 1.9465329915271825
5979 1.948509893379604
5980 1.9725912502460285
5981 2.0055158407737155
5982 2.0211991743629056
5983 2.0254759419651185
5984 2.035106422436586
5985 2.0301296201898076
5986 2.0441292513358293
5987 2.032708385009512
5988 1.9969247563527908
5989 1.946614268847831
5990 1.874281728467202
5991 1.8421759340674502
5992 1.8419907522052343
5993 1.8529598219335723
5994 1.8981391987461809
5995 1.9831878932641334
5996 2.018071150566582
5997 2.0113301667271153
5998 2.0097219721729678
5999 2.02150152262967
