#frame I
5000 2.5029565525799464
5001 2.4937081565071355
5002 2.5453938230085806
5003 2.6235614006420205
5004 2.718564001544628
5005 2.7403707858333877
5006 2.7153903146212617
5007 2.68175234695813
5008 2.6452073675726138
5009 2.6287986368942793
5010 2.6377147705086266
5011 2.639018046755185
5012 2.64526780048032
5013 2.630629087751061
5014 2.6537220359301585
5015 2.63612502957335
5016 2.5807380629432792
5017 2.5409215954287947
5018 2.5079079979255616
5019 2.518044305839409
5020 2.5789791080732067
5021 2.6632631845205528
5022 2.72390214818223
5023 2.7528758075983237
5024 2.777852849685891
5025 2.7646860670839457
5026 2.7569474841427963
5027 2.734340545027345
5028 2.7040927217298165
5029 2.6953138086482715
5030 2.6579279430490055
5031 2.6233857425514135
5032 2.5988180238066034
5033 2.5933087529628867
5034 2.6005349168317284
5035 2.584396376568447
5036 2.5292628498829384
5037 2.4935257671974487
5038 2.480328835564185
5039 2.5071850048461894
5040 2.532539131765363
5041 2.5530193733365327
5042 2.5505533612705436
5043 2.5431454133797176
5044 2.538088282329048
5045 2.556920375238762
5046 2.570279950390021
5047 2.6121962573004636
5048 2.6361756471542606
5049 2.633297862586184
5050 2.6298641624867267
5051 2.63018940769524
5052 2.617988991639752
5053 2.6080034437178576
5054 2.622191365928921
5055 2.6446982874784957
5056 2.6667972613441733
5057 2.686359816073301
5058 2.6903672789158137
5059 2.7074695337171093
5060 2.6854516197586293
5061 2.647769448218493
5062 2.5932949764079285
5063 2.609170349321791
5064 2.649896550205701
5065 2.673352924781777
5066 2.6564039240549353
5067 2.6305318750817466
5068 2.6127684299616694
5069 2.602507303583338
5070 2.6101630312047774
5071 2.6568775859451197
5072 2.682290658262958
5073 2.7007296695852263
5074 2.7184163515291946
5075 2.730421369565542
5076 2.6595623808346613
5077 2.5757598790188405
5078 2.5641104245996167
5079 2.5988663092232094
5080 2.595580150829095
5081 2.5833687781740067
5082 2.565525733699652
5083 2.527479601480846
5084 2.513541252920911
5085 2.49257798780322
5086 2.4996051631085927
5087 2.514964988732523
5088 2.491910333570887
5089 2.457649643098474
5090 2.450812552953064
5091 2.4462673360074896
5092 2.4830971420147967
5093 2.4927295815630224
5094 2.503557879074954
5095 2.4683510242008557
5096 2.4363727086074776
5097 2.427786008678068
5098 2.4525448201244613
5099 2.446333108445535
5100 2.422697027024486
5101 2.3902620655414895
5102 2.3698861353047733
5103 2.3313557700402074
5104 2.283353200660576
5105 2.2438652044574745
5106 2.2406068993509174
5107 2.2695546542303378
5108 2.287196366462339
5109 2.276971955254083
5110 2.309025467949314
5111 2.335524996660896
5112 2.315487940633398
5113 2.3110338940745483
5114 2.3303415944474075
5115 2.3048124017001426
5116 2.3383099449445295
5117 2.3866878198791466
5118 2.4235704410160506
5119 2.4277928310446857
5120 2.4415394161656887
5121 2.4244678930960144
5122 2.36078362633435
5123 2.3142548123151303
5124 2.3004261000437713
5125 2.3405390119386045
5126 2.372233173851475
5127 2.396197184142322
5128 2.3915818447446804
5129 2.392248296446497
5130 2.3873293833517533
5131 2.387964325171756
5132 2.4079886821813834
5133 2.469821016238657
5134 2.4913729926814487
5135 2.4972685620624264
5136 2.4861395375777016
5137 2.51753199501702
5138 2.585674878469908
5139 2.5879118280757103
5140 2.5696747947322565
5141 2.564134055122366
5142 2.5701222382983855
5143 2.55909781657784
5144 2.550397186971432
5145 2.531965740155508
5146 2.520795977469118
5147 2.492297363790758
5148 2.4832887106525043
5149 2.4500393480416296
5150 2.429364259890354
5151 2.407920652617854
5152 2.380492662334791
5153 2.3763445186980903
5154 2.3658938190344245
5155 2.3497386567553367
5156 2.3119146158848505
5157 2.3037452031953696
5158 2.33317411907286
5159 2.4267958450927214
5160 2.5001129183478144
5161 2.564007621217504
5162 2.641894095275666
5163 2.7246460698837742
5164 2.7841824520360308
5165 2.8401949336792596
5166 2.850258681820077
5167 2.8559550245812004
5168 2.827187644948335
5169 2.807408240414962
5170 2.793771347454899
5171 2.7445225374330438
5172 2.67795440036018
5173 2.6361814215713713
5174 2.610376192056284
5175 2.5986899925526687
5176 2.6077647830514414
5177 2.603388408996089
5178 2.608685588616333
5179 2.647733438526769
5180 2.689674311824028
5181 2.6995441817238737
5182 2.683048210867084
5183 2.6558679637432046
5184 2.656570481724289
5185 2.675187974326493
5186 2.690903711269892
5187 2.703921016136302
5188 2.7180585628427503
5189 2.6932697028776422
5190 2.670605922084848
5191 2.6974008685174233
5192 2.7076680123491874
5193 2.6317524071247655
5194 2.5692305613551656
5195 2.551196452517066
5196 2.548543075926116
5197 2.520727554126103
5198 2.470976721076828
5199 2.427852642108215
5200 2.3936600745587775
5201 2.337859230896078
5202 2.2781802776776665
5203 2.277499986105797
5204 2.303172468217276
5205 2.335728249616245
5206 2.3620410314911044
5207 2.3194212851757943
5208 2.2724910010655646
5209 2.21790523120336
5210 2.170224788572379
5211 2.1089233486485934
5212 2.0799565183344133
5213 2.071629690538779
5214 2.0573054769397956
5215 2.045302253269874
5216 2.0448875402120774
5217 2.0739776059232344
5218 2.0716359708483374
5219 2.0513057491302833
5220 2.0377398465262466
5221 2.0424847469914074
5222 2.0652803176421632
5223 2.129502049459724
5224 2.178100749854009
5225 2.212344783344501
5226 2.2348222220074985
5227 2.264956357012789
5228 2.3295505925550657
5229 2.3693875848278263
5230 2.403682294826021
5231 2.411508415909329
5232 2.424371739951288
5233 2.459787555168644
5234 2.5012868937956227
5235 2.541952052658667
5236 2.5757450487679154
5237 2.598244439846349
5238 2.6028170152822514
5239 2.596647743187938
5240 2.581250181133261
5241 2.5781892158023223
5242 2.585561376971813
5243 2.5998956971796
5244 2.590112458739895
5245 2.5871019412615914
5246 2.5383458709770417
5247 2.4800655787311934
5248 2.4828981896458333
5249 2.55423561192286
5250 2.631541970495045
5251 2.6898553241532728
5252 2.703798462951757
5253 2.700946245580098
5254 2.652053490930814
5255 2.583804781188115
5256 2.5474192189354574
5257 2.564329145816007
5258 2.6619918364481716
5259 2.774018346519473
5260 2.881029872516339
5261 2.921481200083142
5262 2.915080430756439
5263 2.885594587407343
5264 2.8422565815958767
5265 2.8145370242305083
5266 2.786029926258389
5267 2.744814894682446
5268 2.706133747068076
5269 2.7176551103593023
5270 2.7430929083837223
5271 2.7969072198455223
5272 2.800911274572218
5273 2.820243668749457
5274 2.836974542665018
5275 2.8498606873415335
5276 2.879019945841285
5277 2.88711740599789
5278 2.8962997493340037
5279 2.9179632779085924
5280 2.9303463574867545
5281 2.9330408112111646
5282 2.958519253378494
5283 2.9676138755278205
5284 2.9158094243603014
5285 2.849423277713493
5286 2.82152325788699
5287 2.8677942629167124
5288 2.951693547514879
5289 2.9808136033719754
5290 2.987163775664827
5291 2.966367906333584
5292 2.954850962714415
5293 2.9553044839478217
5294 2.9110165322717356
5295 2.8518447912003713
5296 2.8564199454069734
5297 2.877738012306626
5298 2.8624421572406553
5299 2.8552320943096494
5300 2.885604734202132
5301 2.886010468237036
5302 2.848255473919881
5303 2.79555698445134
5304 2.775403939917449
5305 2.807463639390663
5306 2.866248657159603
5307 2.9207725133020443
5308 2.9958925129840717
5309 3.0411908689741627
5310 3.012273193313821
5311 2.967293511020032
5312 2.926104249307072
5313 2.889694989632629
5314 2.858227581872135
5315 2.7823910176492657
5316 2.7431572631405516
5317 2.7542287310561893
5318 2.7754491810497455
5319 2.7966857391874247
5320 2.821011401903576
5321 2.8310692162296247
5322 2.8460314337672816
5323 2.871632251533956
5324 2.941461260462213
5325 3.004529474032644
5326 3.093340454096143
5327 3.132313150685584
5328 3.1426125015916493
5329 3.1504418911379837
5330 3.1348245459229522
5331 3.107061378976779
5332 3.0713563838577955
5333 3.0355107783292627
5334 2.9835599448745174
5335 2.942574223436967
5336 2.9389832922712857
5337 2.9241482373197956
5338 2.8926334090934342
5339 2.813773484020612
5340 2.7680629903054657
5341 2.8217794424066036
5342 2.890229820182755
5343 2.9122489702580037
5344 2.9560413115900452
5345 3.0122058050905434
5346 3.0384445242046194
5347 3.0393299268198213
5348 3.029180352740561
5349 2.998043017516134
5350 2.983048714526538
5351 2.983667940765683
5352 3.0699386033159657
5353 3.1209262124220936
5354 3.055648193364126
5355 2.926735124235058
5356 2.8476339688291383
5357 2.869800945756407
5358 2.8985443109724884
5359 2.882661261556455
5360 2.8699981600016646
5361 2.895729150236582
5362 2.9227349409638776
5363 2.954747774281068
5364 2.977903327024665
5365 2.985356273678932
5366 3.040210439983138
5367 3.1633956048454173
5368 3.2491827852325055
5369 3.2835586162698833
5370 3.2149212275890338
5371 3.1538280016339755
5372 3.11398070520032
5373 3.0614557735044294
5374 3.0590762534495686
5375 3.0872548758370475
5376 3.1400082960686677
5377 3.194633886101292
5378 3.200566192912547
5379 3.1183193224497967
5380 3.0877176114949654
5381 3.067842601554601
5382 3.0333070857576647
5383 3.00442196823432
5384 3.009859308888794
5385 3.0053827206684987
5386 2.9989197853049947
5387 3.0063649379575668
5388 3.039591419672278
5389 3.077660345859372
5390 3.096719552883858
5391 3.108431865007334
5392 3.070641482994993
5393 3.022516766275623
5394 3.007673669054295
5395 3.0039997465047588
5396 2.9913006957289436
5397 2.9857846149207683
5398 2.979507024009839
5399 2.9541036956589712
5400 2.8983008574186013
5401 2.808732270842476
5402 2.7715509869120805
5403 2.7794654529876874
5404 2.7962847285927026
5405 2.809799616752651
5406 2.7966390101190433
5407 2.7766495658667734
5408 2.773789250633317
5409 2.765966908219654
5410 2.7518843041409102
5411 2.7847175185196598
5412 2.793699631835493
5413 2.8155822478708403
5414 2.8538167652790944
5415 2.887965611488497
5416 2.9144170162213396
5417 2.959531489903037
5418 3.0068901531870327
5419 3.005590072378068
5420 3.0121364624751172
5421 2.997578584257354
5422 2.954837858821806
5423 2.9023177829189537
5424 2.8366844408137024
5425 2.7581428803003103
5426 2.719293157127626
5427 2.7274100246985005
5428 2.726486484058047
5429 2.7581317657492375
5430 2.8265781229035536
5431 2.8749619294272835
5432 2.9343860554973036
5433 2.962756591116907
5434 2.9854277070013597
5435 2.9874242169862093
5436 2.9712911408478324
5437 2.9451083099548603
5438 2.9179313978257175
5439 2.875667625917429
5440 2.8506988385236705
5441 2.84917914467029
5442 2.8562161455783053
5443 2.848136018956037
5444 2.864398134675055
5445 2.8697776728362343
5446 2.8807157111944086
5447 2.8910437181936404
5448 2.9034050082270246
5449 2.9184055535720064
5450 2.9630479864213335
5451 2.9798005976131154
5452 2.9720611054912314
5453 2.983253826790593
5454 3.01047910730741
5455 2.9988849935286392
5456 2.9372467290710746
5457 2.871012722188583
5458 2.8565242821924834
5459 2.8243012969561105
5460 2.7829870272810786
5461 2.7522100295764003
5462 2.7311754532503105
5463 2.728069000175826
5464 2.748976005922706
5465 2.8072114639180863
5466 2.8726987239997537
5467 2.885624894194829
5468 2.873997717392534
5469 2.892532919499833
5470 2.9188301701836656
5471 2.9790302252040166
5472 3.038993168122254
5473 3.073128716571622
5474 3.043911314763895
5475 2.9988268685570616
5476 2.9892295208134985
5477 3.006093583012476
5478 2.9848655465183906
5479 2.972202116353864
5480 2.9985377199494465
5481 2.9887196385921104
5482 2.969873031285444
5483 2.9583740165661325
5484 2.9433389822982674
5485 2.9034462182536593
5486 2.825026193454847
5487 2.798549321241928
5488 2.787225228877523
5489 2.8108200389959412
5490 2.8388292297840634
5491 2.848619809607334
5492 2.808089640401219
5493 2.764756551065993
5494 2.7921802074734
5495 2.837484080436485
5496 2.8692757426850206
5497 2.8534989513836586
5498 2.823780025682294
5499 2.8298382373626945
5500 2.851983510134494
5501 2.8422329383354294
5502 2.8510070526885434
5503 2.8400756371202345
5504 2.843170627570122
5505 2.848369686172678
5506 2.8272759257739684
5507 2.783426052857374
5508 2.7162509110306976
5509 2.709766507974621
5510 2.672551668706703
5511 2.6047312062998116
5512 2.5672680874698175
5513 2.553767499263105
5514 2.5307060396075616
5515 2.5011144386813835
5516 2.446763202874658
5517 2.4433452841549355
5518 2.4674503785735658
5519 2.475296275802152
5520 2.480585175399962
5521 2.483007302924817
5522 2.502832235633472
5523 2.540426316267816
5524 2.5887984707730833
5525 2.6229877901104315
5526 2.691748990478812
5527 2.7514774123524885
5528 2.7888417264784047
5529 2.795126058348398
5530 2.801586021541743
5531 2.82491294967502
5532 2.873002081372115
5533 2.897861561395752
5534 2.901421793533237
5535 2.945814196084886
5536 2.9581204574311144
5537 2.95014444311777
5538 2.9527022910238254
5539 2.953963718133936
5540 2.9563991912341674
5541 2.9473450547864384
5542 2.9197746797819026
5543 2.8982819194901417
5544 2.8817324237902677
5545 2.862445797436067
5546 2.857691422429102
5547 2.781613310370135
5548 2.740686560421007
5549 2.6953068248046543
5550 2.693882540774395
5551 2.6958220157260357
5552 2.7330121689992692
5553 2.8182097308696417
5554 2.881228313645999
5555 2.909411002290425
5556 2.925396057990039
5557 2.9591408783791375
5558 3.0449324267254556
5559 3.1232624581124897
5560 3.1917787388246808
5561 3.2381483703517646
5562 3.280105363808645
5563 3.2573487398000567
5564 3.2934678455335225
5565 3.338580057283576
5566 3.3310945973985464
5567 3.3141229714455904
5568 3.2853443959610535
5569 3.265288207103671
5570 3.3130608124593537
5571 3.3407444075117807
5572 3.3956395506263264
5573 3.4124600306645645
5574 3.3791202402480383
5575 3.2770767557865685
5576 3.256592593465627
5577 3.238841600283998
5578 3.1651005839226354
5579 3.0700140167870615
5580 2.9589828866013907
5581 2.954284251087141
5582 2.984642170268746
5583 3.0243249138365744
5584 2.988214148227059
5585 2.924707520813336
5586 2.899466729359492
5587 2.8446069661683695
5588 2.81841303136839
5589 2.7795004872990914
5590 2.740640528717055
5591 2.7621582578016546
5592 2.7560063819805865
5593 2.7208763060268235
5594 2.705934303478032
5595 2.7138008019749527
5596 2.6889645166609353
5597 2.6812280990847435
5598 2.651855246857808
5599 2.613858838966989
5600 2.5382670991549534
5601 2.534093046577732
5602 2.567515117086847
5603 2.581565824776202
5604 2.574339826930445
5605 2.539402887526868
5606 2.5217169750943844
5607 2.506665437817503
5608 2.493339660181967
5609 2.476196762626508
5610 2.4407730634562603
5611 2.4341974854612207
5612 2.488843074999277
5613 2.529515529499035
5614 2.5478930062562766
5615 2.5764772162272553
5616 2.6154040067908912
5617 2.6149605226003785
5618 2.5609776963527273
5619 2.4803880300634953
5620 2.424133902523461
5621 2.3728229168076065
5622 2.268220658550432
5623 2.207120027969959
5624 2.166513453557946
5625 2.098288413548188
5626 2.043846949996775
5627 1.9925519425116587
5628 1.9578931683872065
5629 1.9541447520929343
5630 1.9545824830816043
5631 1.9113883995390952
5632 1.864384548253822
5633 1.8197976226393275
5634 1.7693251894691489
5635 1.773094292754011
5636 1.7883686966258074
5637 1.8251632606930086
5638 1.8443182013841442
5639 1.8700767362654829
5640 1.8807875673494054
5641 1.876839514308711
5642 1.8701612106271297
5643 1.9042858579947644
5644 1.9433994013584623
5645 1.9884415807286864
5646 2.0371479506744916
5647 2.0649118270280833
5648 2.0639910772318664
5649 2.051223186239616
5650 2.0250839065043573
5651 1.9958098144443073
5652 1.9642610202957058
5653 1.9122268013319146
5654 1.8584301221722306
5655 1.7980184257864633
5656 1.7850913865356888
5657 1.768674444703753
5658 1.7561540538686635
5659 1.7510080076279362
5660 1.773150787784554
5661 1.7702219881094092
5662 1.7729284491452955
5663 1.7830252544494403
5664 1.8046687111989035
5665 1.802708254814894
5666 1.7771124864574894
5667 1.747066520871135
5668 1.7075706977997873
5669 1.7046869145776937
5670 1.7697877915005116
5671 1.8133943824763596
5672 1.7985764865207756
5673 1.7697076707946233
5674 1.7195300712153585
5675 1.6754507031834847
5676 1.6888790011102324
5677 1.736308326002976
5678 1.7696286450507457
5679 1.8058623051097094
5680 1.7963723073029327
5681 1.788979569592516
5682 1.7965297476566302
5683 1.8231881718705867
5684 1.8247069982317297
5685 1.8411842499089452
5686 1.8529374389269637
5687 1.8495108572456
5688 1.8728402385549867
5689 1.9245620345338783
5690 1.9675624031161558
5691 1.976152954738268
5692 2.0043771723365604
5693 2.01344105753433
5694 2.0478807902609155
5695 2.016556666376087
5696 1.9601797170800899
5697 1.8986432585064756
5698 1.8433021818179989
5699 1.8031538082361018
5700 1.8111958420468475
5701 1.821695282434988
5702 1.846334225811166
5703 1.8552865827993685
5704 1.8433670147019612
5705 1.8532417304537885
5706 1.854043757568885
5707 1.8271792368083206
5708 1.8100344942669977
5709 1.8220206607230143
5710 1.7929676112002142
5711 1.7364736405257886
5712 1.7389377797016077
5713 1.734588046984815
5714 1.7109969989011273
5715 1.721847558559913
5716 1.736542321169874
5717 1.7419388773681124
5718 1.7525058996417855
5719 1.7464329203232754
5720 1.7434681380528219
5721 1.7502875075682514
5722 1.7567622668647025
5723 1.773708603853877
5724 1.7571189044243438
5725 1.7456644687389655
5726 1.7736539584302153
5727 1.7812525323837112
5728 1.742868756052936
5729 1.6964884424189164
5730 1.698705790084456
5731 1.7271168329177768
5732 1.7370796290821866
5733 1.7776069583807463
5734 1.7987618861501802
5735 1.790190185999591
5736 1.7870997319686268
5737 1.7845194421559207
5738 1.7754869835967029
5739 1.7771236129092003
5740 1.768987861316201
5741 1.7394554617793678
5742 1.7120148076856079
5743 1.7109781475636023
5744 1.7027092717687446
5745 1.6899142853124787
5746 1.6574040925944324
5747 1.6293079651191558
5748 1.6289889405244153
5749 1.6753964092027365
5750 1.7185303328797523
5751 1.757231243089047
5752 1.7870578590902146
5753 1.824215280935921
5754 1.8561601001775734
5755 1.8931292393174108
5756 1.9568401525252888
5757 2.030989211402081
5758 2.0629283619036367
5759 2.0759582287566922
5760 2.060570083214876
5761 2.0533164609242816
5762 2.070955585813667
5763 2.058363928808109
5764 2.0316154514105684
5765 1.9831722275278185
5766 1.9728754595363192
5767 1.9772912143409476
5768 1.967680535918539
5769 1.9782676026890382
5770 1.9887781403314173
5771 1.9868451187219645
5772 1.9855672236748372
5773 1.9733706592818239
5774 2.0183821186218642
5775 2.0312198643945454
5776 2.0186573140154667
5777 2.007365441589586
5778 1.986326605409862
5779 1.99149960515465
5780 1.9981482116314961
5781 2.0054309021471166
5782 2.015383535023603
5783 1.9942857610269138
5784 2.0068931206436993
5785 2.018210953453481
5786 2.025640801655388
5787 2.016923870666352
5788 2.0096694182165638
5789 2.0235430585425016
5790 2.0335657545562853
5791 2.0522879595917476
5792 2.0744225151910807
5793 2.0772741157119934
5794 2.0735739622034286
5795 2.0782411635946256
5796 2.079555057940007
5797 2.074526863402166
5798 2.1006318836611992
5799 2.1265476983948934
5800 2.1427676947061327
5801 2.1148852911544256
5802 2.0885926395556464
5803 2.0851330340836234
5804 2.0846824493594713
5805 2.0513584272963095
5806 2.0250294469467054
5807 2.0589377966570814
5808 2.0747505712705485
5809 2.0800360531238433
5810 2.0956491810379556
5811 2.1042724545511535
5812 2.107395903580934
5813 2.090381495229569
5814 2.07523795209739
5815 2.0638729778680043
5816 2.0481401360765177
5817 2.0268788940606854
5818 2.0403391345997504
5819 2.0762824526017334
5820 2.108130944206988
5821 2.117494575915637
5822 2.128306410304586
5823 2.123102139006916
5824 2.111444665920138
5825 2.1138728227663277
5826 2.1287497885883115
5827 2.180587710124303
5828 2.241476996861927
5829 2.2429778011867523
5830 2.2250063443991466
5831 2.158443988041265
5832 2.104009387952784
5833 2.081513326130311
5834 2.1091691147104203
5835 2.1223052809614007
5836 2.1267600553955166
5837 2.1553316731878813
5838 2.1784406479191674
5839 2.1924000422308207
5840 2.209176557442474
5841 2.2119313516435466
5842 2.191330847323075
5843 2.1810273192048575
5844 2.174905577439105
5845 2.1505834016751346
5846 2.1423061469072358
5847 2.1280960290873296
5848 2.128225294931545
5849 2.1234525836218965
5850 2.1366100154051786
5851 2.1429336429459016
5852 2.11085158225758
5853 2.093136468766403
5854 2.121653950112004
5855 2.1628065556950977
5856 2.18007085938521
5857 2.204188736456568
5858 2.226345490643047
5859 2.2693181975196577
5860 2.3330372658150504
5861 2.326300537459777
5862 2.273859884194459
5863 2.266119240237682
5864 2.279942741961882
5865 2.2752402140916934
5866 2.2556155334429153
5867 2.221806255127681
5868 2.191448990383718
5869 2.1867594451178487
5870 2.231034310828209
5871 2.262417834029819
5872 2.270572978789715
5873 2.277872078731791
5874 2.2652857441599905
5875 2.2385600548098825
5876 2.238482012423036
5877 2.2838705433424553
5878 2.3303131722790407
5879 2.350457543613309
5880 2.3578847146627697
5881 2.354796273639475
5882 2.3526099099552695
5883 2.361390527302921
5884 2.343296106269267
5885 2.329218291822073
5886 2.3457398800754454
5887 2.373545191492181
5888 2.3931371774721706
5889 2.4117389113317094
5890 2.4313512522787852
5891 2.453775147396942
5892 2.4717596944223765
5893 2.4850700176296603
5894 2.4838075308370975
5895 2.468504627688437
5896 2.463261280145257
5897 2.4856333840463414
5898 2.5314447932829798
5899 2.54939815687722
5900 2.5621835862564164
5901 2.5346705688989286
5902 2.5020485894659195
5903 2.4814463545852328
5904 2.4334772114794356
5905 2.3713991267079857
5906 2.334213068698301
5907 2.333842874752598
5908 2.3395322514115064
5909 2.351227733768616
5910 2.360029559570074
5911 2.380408684411541
5912 2.4211844784531675
5913 2.426016692693543
5914 2.398922953412588
5915 2.3624185191511264
5916 2.3614193507526933
5917 2.3723820495916135
5918 2.3713784687711676
5919 2.3493535327011195
5920 2.327616514116162
5921 2.324066633022784
5922 2.3151347850445827
5923 2.317245693469196
5924 2.3221545838082216
5925 2.2898700182540317
5926 2.253492570595498
5927 2.1883442969118794
5928 2.1425551937429965
5929 2.1181999510493745
5930 2.112800208127126
5931 2.1170767307016813
5932 2.1218602236701405
5933 2.1247230212685424
5934 2.086526190832857
5935 2.0382333760447615
5936 2.0169346837705238
5937 2.0217167532246614
5938 2.0474546489722383
5939 2.059393914208116
5940 2.0683710587495936
5941 2.0910747537099055
5942 2.0951600160705333
5943 2.09450620344225
5944 2.1193869650739696
5945 2.1658901106612
5946 2.265933170758137
5947 2.378981716072045
5948 2.425077046338648
5949 2.4072427495233133
5950 2.378286366655403
5951 2.3639946511942935
5952 2.3263957152807735
5953 2.2771916234273117
5954 2.2204983466664014
5955 2.1872719961045854
5956 2.1873453093349275
5957 2.188436588857703
5958 2.184574080105296
5959 2.173913110950931
5960 2.172480711841811
5961 2.2101871255098935
5962 2.2650234136143332
5963 2.3225842419501093
5964 2.4043946130691807
5965 2.482138625303315
5966 2.5313334503086526
5967 2.556646494260459
5968 2.5758344507725064
5969 2.552364817130974
5970 2.52771979163348
5971 2.526102687310853
5972 2.551471032527189
5973 2.5443492516457336
5974 2.5147002924992177
5975 2.4801367468529856
5976 2.4798649088278437
5977 2.4839885938840363
5978 2.4719324355515937
5979 2.453984399460971
5980 2.445490159569751
5981 2.442613747958552
5982 2.4723415890032387
5983 2.5101172026665344
5984 2.5406511206623246
5985 2.5700469220367097
5986 2.6207081356307764
5987 2.647428481180458
5988 2.666358124984973
5989 2.6648606341480527
5990 2.690536078288624
5991 2.731445982766551
5992 2.7393091072939146
5993 2.7116634591402824
5994 2.6606001381987823
5995 2.653436633057287
5996 2.654097638786804
5997 2.650707831554098
5998 2.6652384109050615
5999 2.659874976891021
