#frame I
5000 2.1723119833218134
5001 2.1324966313514984
5002 2.101437326834913
5003 2.0908462796157137
5004 2.0952848824975985
5005 2.0959149488858353
5006 2.087509530003651
5007 2.077288585988996
5008 2.050460597133894
5009 2.0004158633988043
5010 1.954367454344276
5011 1.9207696698709102
5012 1.901816562055414
5013 1.870468924714784
5014 1.866185438138249
5015 1.8630587220177535
5016 1.8644119187735586
5017 1.8687941646098714
5018 1.875192650010332
5019 1.8696558690798548
5020 1.8369144894940037
5021 1.8323164631985516
5022 1.8690945855983903
5023 1.9359133680745713
5024 1.9933199951178682
5025 2.037614495979197
5026 2.053717079005307
5027 2.0628091085376203
5028 2.0922084993142045
5029 2.1252122925749504
5030 2.12909933103281
5031 2.123476759277532
5032 2.085419960008176
5033 2.0420457607239064
5034 1.985304547618937
5035 1.9420674938022306
5036 1.931707732588017
5037 1.9161031584852042
5038 1.9018482902647083
5039 1.8828535729233873
5040 1.8784311487979868
5041 1.8818770451506008
5042 1.8492782955044635
5043 1.8159298565940558
5044 1.8274158534341736
5045 1.85254503897035
5046 1.838884061462155
5047 1.8287183593811558
5048 1.8255862935746432
5049 1.813613916989642
5050 1.8127582227849746
5051 1.7881361542706862
5052 1.7704160700517928
5053 1.7769295200367887
5054 1.7699426641899
5055 1.7431949412942795
5056 1.7323789260523317
5057 1.7132356189308555
5058 1.7006361090631443
5059 1.7129341538055562
5060 1.7123581084964488
5061 1.7088782691000506
5062 1.6941683963829761
5063 1.7096765116243706
5064 1.74145208671404
5065 1.755535833976551
5066 1.7554127577544278
5067 1.7331394357379868
5068 1.7055413976300478
5069 1.683417242465814
5070 1.7009843873815529
5071 1.721660695072219
5072 1.740045452057398
5073 1.7690697566814657
5074 1.7924654177971662
5075 1.7974314783186607
5076 1.7841803696042728
5077 1.7577653658242303
5078 1.7272147740704664
5079 1.7143764773733905
5080 1.6973506044264048
5081 1.6830947490526265
5082 1.682043738646312
5083 1.6883201808460582
5084 1.6863726611253367
5085 1.711201182687782
5086 1.7532929364049745
5087 1.800324665071047
5088 1.8147207316985419
5089 1.8554873141984822
5090 1.9114256032519414
5091 1.9650160391974645
5092 1.9978892118781795
5093 2.0096018735365333
5094 2.0112720577571204
5095 2.0013024899886958
5096 2.006861559998714
5097 2.04308985785113
5098 2.1047520922731553
5099 2.156921883186712
5100 2.1994302384389854
5101 2.241398723659376
5102 2.2709789634268227
5103 2.2650897787214097
5104 2.2386071813053543
5105 2.1885253443512536
5106 2.1920280656186253
5107 2.2322962530296477
5108 2.2682826666021434
5109 2.2412050424764143
5110 2.2204491051781217
5111 2.2051626635019472
5112 2.160708214169213
5113 2.1635036858045957
5114 2.1963430112072615
5115 2.2088956482550013
5116 2.2272842702361624
5117 2.243572417068987
5118 2.2446939201034293
5119 2.2599471110768317
5120 2.2538591463804267
5121 2.2486189836195303
5122 2.2074651831327716
5123 2.192643071765637
5124 2.193651782723712
5125 2.2208437749717613
5126 2.2323552980466954
5127 2.2084776729085984
5128 2.1738059931717078
5129 2.1684091324904067
5130 2.177439330622651
5131 2.170741497235753
5132 2.1836462272539223
5133 2.234934797425712
5134 2.28214274836292
5135 2.3112706180656652
5136 2.296634643120977
5137 2.305902670407391
5138 2.3210162653331574
5139 2.3451873736612545
5140 2.3853631552331978
5141 2.387369329735048
5142 2.34906394495412
5143 2.3536393498662123
5144 2.3523014143002703
5145 2.3474269622601036
5146 2.367389992259714
5147 2.349549998437917
5148 2.349293612774017
5149 2.3366915143256075
5150 2.3380310697829727
5151 2.3443024164321087
5152 2.362659493477698
5153 2.4043431847745422
5154 2.4365634352925016
5155 2.4197715818430807
5156 2.391678039806943
5157 2.357216334012858
5158 2.3068931820863834
5159 2.2755641116455156
5160 2.2378623567505214
5161 2.1992892517562757
5162 2.1713203426563847
5163 2.1552941258025378
5164 2.145329385390308
5165 2.1240475149734617
5166 2.1228429729838774
5167 2.155277720439727
5168 2.1887865059940697
5169 2.177867182390598
5170 2.1448794337259787
5171 2.14769262024133
5172 2.1541191029406535
5173 2.135743093420984
5174 2.1470803726967165
5175 2.139779073328818
5176 2.1090363233680116
5177 2.111443826788628
5178 2.1299745594412234
5179 2.1447502455263474
5180 2.1515328657940715
5181 2.149400788549331
5182 2.128053352814287
5183 2.0856769380957036
5184 2.0381609087895707
5185 2.009557926767387
5186 1.989558658235419
5187 2.008126411541903
5188 2.0198710988749538
5189 2.00893209704369
5190 2.040086981089553
5191 2.076565167332301
5192 2.0911601328346654
5193 2.0836173380691045
5194 2.079631890668325
5195 2.073204225784225
5196 2.055857800616665
5197 2.046505523167283
5198 2.0703234796776537
5199 2.0921003986652367
5200 2.1146237971208044
5201 2.111292144738225
5202 2.1565647382879782
5203 2.192942134398819
5204 2.1789371153544006
5205 2.1282198647927606
5206 2.0663233821881337
5207 2.0718092376466766
5208 2.0972706002020787
5209 2.1101624941167687
5210 2.126398290122922
5211 2.1180305822972167
5212 2.117199408496473
5213 2.1114223542815065
5214 2.0950477342252585
5215 2.09518004625757
5216 2.1070315440458316
5217 2.0936327394453196
5218 2.0909027541499627
5219 2.088999773046976
5220 2.075335161523115
5221 2.0465862244791775
5222 2.0417012511910912
5223 2.0667929701088696
5224 2.081515559875199
5225 2.0448456133574906
5226 2.0317071542000242
5227 2.0730785770020494
5228 2.0780086232213084
5229 2.0813467105228756
5230 2.063045425696244
5231 2.0558496380751925
5232 2.0326275659315476
5233 2.000451155777148
5234 2.0224265824764003
5235 2.066269479394356
5236 2.104643678971709
5237 2.100981608946146
5238 2.0866917544412447
5239 2.0886974580165685
5240 2.0858091296156216
5241 2.108342432762388
5242 2.1374578052792144
5243 2.1794833228850328
5244 2.2045676232387788
5245 2.211413099092276
5246 2.221421192401691
5247 2.2140622375445216
5248 2.2171524416677393
5249 2.2199884743870903
5250 2.226520497350483
5251 2.2555269079998554
5252 2.280454769151992
5253 2.2497101635277645
5254 2.2047135669193634
5255 2.1618999896986555
5256 2.1112733522066143
5257 2.0794425684644566
5258 2.038421835242444
5259 2.017877876141142
5260 2.042661657941666
5261 2.048431350011764
5262 2.041006803525749
5263 2.0423081575224806
5264 2.0602819878940752
5265 2.0520029309948273
5266 2.0271037187394136
5267 2.0241620952611674
5268 2.0043589629023004
5269 1.9507366943215512
5270 1.922763348906426
5271 1.930962188359915
5272 1.9895270355168981
5273 2.000975595697936
5274 1.9762429903934373
5275 1.924243372949318
5276 1.9185053296702115
5277 1.8971402863960654
5278 1.8842514292660282
5279 1.8715756709359561
5280 1.8330104347460485
5281 1.793296652084874
5282 1.7381751802226948
5283 1.7161110521351088
5284 1.7497879923861552
5285 1.8053506185821526
5286 1.8459990972460574
5287 1.8631170864367548
5288 1.8660437242332404
5289 1.847360982731648
5290 1.8410791742188477
5291 1.880184258032151
5292 1.9287206646172181
5293 1.9614630148936996
5294 1.9725138424922595
5295 1.9525818294538066
5296 1.9423452978308593
5297 1.941416898617549
5298 1.9406608480296725
5299 1.9864133473156989
5300 2.035872085498118
5301 2.0750039788006434
5302 2.1149205931152615
5303 2.0791104292780287
5304 2.0694754733633376
5305 2.1231086413188898
5306 2.1429158914327875
5307 2.115088420399579
5308 2.096686965223403
5309 2.1093458183747797
5310 2.1293570896851133
5311 2.1513756767008583
5312 2.122089843515388
5313 2.1291504538435566
5314 2.1218846754798237
5315 2.137648748782556
5316 2.142356059754731
5317 2.107975794023946
5318 2.0541552821898543
5319 2.0270363595003826
5320 2.0550028307871626
5321 2.0624509294902946
5322 2.0340486744992057
5323 2.049653659738764
5324 2.0638946919038377
5325 2.030558387954778
5326 2.021727027146693
5327 2.018792311160313
5328 1.9925014551950526
5329 1.9756168184462928
5330 1.964208498084804
5331 1.9520543845191054
5332 1.9440184952694093
5333 1.9388518919756186
5334 1.940249801569978
5335 1.9274325088781972
5336 1.8875829689411785
5337 1.851228224507922
5338 1.8452890306605751
5339 1.847869182067799
5340 1.8638519437740602
5341 1.917129518721472
5342 1.9852470904836406
5343 2.0164567798354307
5344 2.0332813158955876
5345 2.072311748216936
5346 2.128580440597513
5347 2.147736660991254
5348 2.1352530505656357
5349 2.1183801788607166
5350 2.1551101577158893
5351 2.1751220870794445
5352 2.182027035042063
5353 2.158644356976227
5354 2.1379077413799594
5355 2.1212485377360806
5356 2.1353447685835585
5357 2.1599899259904465
5358 2.1733064360512753
5359 2.2097608005890126
5360 2.2166811943935945
5361 2.1955514198455472
5362 2.1723519340255106
5363 2.1291867609792807
5364 2.1033275210857205
5365 2.0995463821663
5366 2.090096724392542
5367 2.0843475364723676
5368 2.0753986158010687
5369 2.040160555473644
5370 2.0243829663280097
5371 2.0055253295971
5372 1.9992383747711089
5373 1.9988487898337846
5374 2.0307893625833273
5375 2.062557822251343
5376 2.0551423569678096
5377 2.058256745202289
5378 2.0850783748752764
5379 2.108994100980413
5380 2.1361726416092375
5381 2.136835292823237
5382 2.1266756248723317
5383 2.118902971010745
5384 2.1158942820136097
5385 2.135764410172959
5386 2.1604883380523585
5387 2.1859552551932167
5388 2.189252220179028
5389 2.1761743742155906
5390 2.2041003141348234
5391 2.220021973159747
5392 2.2136414582467348
5393 2.219098519730822
5394 2.195590811103864
5395 2.1398066619806495
5396 2.100565611356711
5397 2.0992617851471835
5398 2.0976286509422803
5399 2.0851096864975225
5400 2.0831290575661865
5401 2.081088569012674
5402 2.075668152388605
5403 2.0769766968989547
5404 2.1129635990706923
5405 2.1486252072509946
5406 2.140378302032586
5407 2.096951327593367
5408 2.0697604992894747
5409 2.053570953264058
5410 2.0389642763777154
5411 2.0406087797618295
5412 2.027412299557506
5413 1.9967141784602422
5414 1.982259246585697
5415 1.975694025902591
5416 1.9849544729874937
5417 1.9779851058901972
5418 1.949038771726621
5419 1.951781249731849
5420 1.9614666506296028
5421 1.9589725369737265
5422 1.9607828648614039
5423 1.944131298908999
5424 1.907944842974805
5425 1.881512946815834
5426 1.8987316817332864
5427 1.8980131751648919
5428 1.8916819156510494
5429 1.9096533407422875
5430 1.931186727365975
5431 1.9396130723872054
5432 1.9435213376323042
5433 1.946730215757428
5434 1.9865825002550606
5435 2.03748978888379
5436 2.077231508283132
5437 2.0818241736675533
5438 2.07486468562808
5439 2.0708810667085467
5440 2.0845364971761002
5441 2.088090715781334
5442 2.0813290602316123
5443 2.071471787202821
5444 2.062963636026525
5445 2.0606289716776134
5446 2.081676104145025
5447 2.119926928667448
5448 2.121258931764412
5449 2.0839757128214136
5450 2.063481809299267
5451 2.0523889740488324
5452 2.0766645968645823
5453 2.0818821110867995
5454 2.0723003621969935
5455 2.066765015069516
5456 2.1286038290098346
5457 2.167133326310555
5458 2.211660745895491
5459 2.2627364995673265
5460 2.3029612362446086
5461 2.3203063012966445
5462 2.3401219754590783
5463 2.362896526042175
5464 2.360100302143852
5465 2.3275479826929333
5466 2.2858504911490805
5467 2.252806116797847
5468 2.206496180836413
5469 2.1704707078154053
5470 2.1481953847324355
5471 2.1330606077663274
5472 2.1260775454824756
5473 2.143216372078384
5474 2.1563660351903526
5475 2.129682319102122
5476 2.1362353743020055
5477 2.171929856860304
5478 2.211294843018246
5479 2.2258577221370497
5480 2.230148553164069
5481 2.2618391410571443
5482 2.2953445296181116
5483 2.293541764511961
5484 2.2775160720885514
5485 2.2524894747000475
5486 2.228485802510361
5487 2.2207214349750464
5488 2.203381422174254
5489 2.191435412827385
5490 2.153917185892925
5491 2.1063948011432956
5492 2.063747321478931
5493 2.059371853577119
5494 2.082955831999388
5495 2.103636656658552
5496 2.132344640956042
5497 2.1460139049842386
5498 2.1614699071390104
5499 2.1647357030095256
5500 2.14649470530751
5501 2.113234923413207
5502 2.0768425719458987
5503 2.0605698348797894
5504 2.0674669439594613
5505 2.0824722472001747
5506 2.0950819248723787
5507 2.1172152764610677
5508 2.145652088699391
5509 2.1703824838928907
5510 2.1981950651707054
5511 2.2175480012314104
5512 2.25260848429825
5513 2.314871413455032
5514 2.3544623199418497
5515 2.3651571819290615
5516 2.3773151296291717
5517 2.4002289461952744
5518 2.4423308239261217
5519 2.4581687007428057
5520 2.460514694114146
5521 2.486357289280372
5522 2.4860607954199416
5523 2.453944716341556
5524 2.4316839229985474
5525 2.41640258771662
5526 2.3751141201144934
5527 2.3364593139250385
5528 2.293596314349578
5529 2.269235014021849
5530 2.266176184053511
5531 2.3015284455537106
5532 2.3350898628784873
5533 2.3718310893628876
5534 2.382324206868359
5535 2.407694564252974
5536 2.413987933347189
5537 2.400166776613367
5538 2.4043623481411336
5539 2.4298579473936726
5540 2.434455876608763
5541 2.4232551671448195
5542 2.3943069043786127
5543 2.381674842097202
5544 2.3842541351447544
5545 2.3632070067469906
5546 2.358214790252057
5547 2.3715309473860144
5548 2.391248259934804
5549 2.414888828561498
5550 2.4538946403668254
5551 2.485711633753663
5552 2.5394314765231667
5553 2.60274396229102
5554 2.6640478418611857
5555 2.7039847679519964
5556 2.7483406648383735
5557 2.7981153093176703
5558 2.844160936452678
5559 2.8724094880356748
5560 2.8730143498942415
5561 2.859577174849982
5562 2.844787756334507
5563 2.846780533544848
5564 2.859419973495984
5565 2.867265640173984
5566 2.845798247827718
5567 2.8032549067195482
5568 2.783478164706242
5569 2.7656658552289843
5570 2.7353045360067414
5571 2.7179221633213992
5572 2.7126274133286414
5573 2.7423195285933875
5574 2.75855930247404
5575 2.7580844776746964
5576 2.7778286397780545
5577 2.7952001942481495
5578 2.813912064093504
5579 2.81820873661224
5580 2.813534378849864
5581 2.809561396764875
5582 2.813978190932407
5583 2.807598133399874
5584 2.8302879834485664
5585 2.8645081072066416
5586 2.8777213648579463
5587 2.8912204222245603
5588 2.8929337116404774
5589 2.8705951664857348
5590 2.850670048718037
5591 2.8812057441352974
5592 2.9320944509808293
5593 2.945020581812698
5594 2.9296472204638433
5595 2.9200213516926152
5596 2.8902521049130545
5597 2.8463125878346296
5598 2.7950023687404983
5599 2.7779763671681814
5600 2.7700069522412507
5601 2.7775128331859933
5602 2.767211275380899
5603 2.7533243041730033
5604 2.756442307609055
5605 2.7663284370476333
5606 2.7886431220006065
5607 2.7869847601760274
5608 2.754851920731207
5609 2.6754335847421156
5610 2.6050466764823366
5611 2.552341432969125
5612 2.5234001717627965
5613 2.504174249606403
5614 2.4943063077156165
5615 2.4777675401052375
5616 2.4425390196611017
5617 2.411949497563245
5618 2.3917276051122296
5619 2.3510012032952123
5620 2.334087601163572
5621 2.323174406623084
5622 2.3253293564086013
5623 2.3303641793423124
5624 2.3215985061467914
5625 2.2791517257585756
5626 2.2598284566848084
5627 2.2450341221537515
5628 2.2421916743406767
5629 2.2322053970635305
5630 2.188769866759072
5631 2.1334868962883475
5632 2.0997710891316936
5633 2.1076039030625755
5634 2.1302703313961078
5635 2.156316278518671
5636 2.184900455152574
5637 2.230195397038982
5638 2.255481045145177
5639 2.2773639134582617
5640 2.30466803026299
5641 2.3270004925331764
5642 2.3102154796663723
5643 2.271494161928645
5644 2.249428556843189
5645 2.226225416169953
5646 2.193695699927658
5647 2.1633618485293464
5648 2.16281433650795
5649 2.177987508383303
5650 2.1408201959457274
5651 2.0708844747181154
5652 2.0474248905102286
5653 2.0689151677336395
5654 2.1110471276411653
5655 2.1150281992570603
5656 2.1034631958629673
5657 2.1183616209715006
5658 2.145270950727029
5659 2.1607720460099347
5660 2.185084528785148
5661 2.192964781511815
5662 2.2057683404499286
5663 2.221047604600363
5664 2.2402701409376173
5665 2.2708430056154882
5666 2.2993276100588393
5667 2.319066444891917
5668 2.3547067444457483
5669 2.3741035134569195
5670 2.4040554427914507
5671 2.426852501524592
5672 2.4626265919391295
5673 2.5025905668990887
5674 2.5443803899543003
5675 2.558532463786283
5676 2.5639330200985553
5677 2.555297764483697
5678 2.536467285565563
5679 2.4992507271663587
5680 2.4811206420412697
5681 2.4848651502101924
5682 2.4655786198460374
5683 2.4628048689794633
5684 2.4813121170043866
5685 2.4903227197338116
5686 2.5252736809518317
5687 2.5609124012944293
5688 2.569206632553378
5689 2.5643657397841912
5690 2.5476655505907297
5691 2.5337643014331173
5692 2.523992141546918
5693 2.530720478218457
5694 2.519310672237155
5695 2.508482231069107
5696 2.4936843824826145
5697 2.480235137680878
5698 2.49230955246903
5699 2.465675452630732
5700 2.4253126612817444
5701 2.406625478806545
5702 2.3917830968070857
5703 2.4105199199055236
5704 2.473471347517645
5705 2.5055343920610156
5706 2.4685410008951814
5707 2.46054733785832
5708 2.4964920631071794
5709 2.5352844586653562
5710 2.5450395416329705
5711 2.5650628619534412
5712 2.552389379423194
5713 2.540090024358187
5714 2.507008464567016
5715 2.489904380302033
5716 2.4889101064412626
5717 2.519589110954545
5718 2.5734081903597192
5719 2.6094332902696658
5720 2.638099088868083
5721 2.659355407820606
5722 2.6741754333522265
5723 2.6468507807716612
5724 2.605406527889827
5725 2.584365234354801
5726 2.575486411113102
5727 2.5832507249288446
5728 2.575366000020775
5729 2.5732892465462935
5730 2.5857939835336254
5731 2.591868298466541
5732 2.594356078095506
5733 2.6022128530014026
5734 2.6149511116810666
5735 2.618632276457093
5736 2.6291004585669113
5737 2.6265686303863736
5738 2.6179771649262
5739 2.6178284216232908
5740 2.627158552241198
5741 2.6634870658188285
5742 2.6802607812738404
5743 2.6904677977061735
5744 2.68877909459045
5745 2.678459247154664
5746 2.653311470421215
5747 2.6272682969102106
5748 2.6013471379388515
5749 2.5809246603097615
5750 2.5604109451894494
5751 2.5417788333960116
5752 2.5065573311611598
5753 2.4621904391717537
5754 2.4410987238983046
5755 2.4502130675129536
5756 2.4613192629940306
5757 2.4775422139047043
5758 2.505966360998953
5759 2.523864333986212
5760 2.5137572676137356
5761 2.5335359282861263
5762 2.577935340993135
5763 2.6009937018373104
5764 2.592988082254702
5765 2.5687394290395247
5766 2.5432292739234206
5767 2.542894021435577
5768 2.539553234985066
5769 2.554739947786309
5770 2.580490591845545
5771 2.6400222990297615
5772 2.7041837769058223
5773 2.7572727560052996
5774 2.780971040480101
5775 2.7922386243242707
5776 2.7853915403474407
5777 2.762097420430677
5778 2.7553191089848963
5779 2.737456886123423
5780 2.7053105891444287
5781 2.685698545170376
5782 2.6876673711993915
5783 2.7068921409431805
5784 2.729747737238698
5785 2.7717312217074825
5786 2.8294806082458694
5787 2.9099513869972022
5788 2.9543697158779207
5789 3.0088412960369686
5790 3.0453501217142502
5791 3.0510893598093602
5792 3.01789727032396
5793 3.0172103808202158
5794 3.0605165003476866
5795 3.1056211985105477
5796 3.122896222366051
5797 3.1401094490522383
5798 3.1661374451181414
5799 3.194555471189693
5800 3.2202333892935133
5801 3.2383951585566026
5802 3.285703481556969
5803 3.342405048141817
5804 3.368844899181861
5805 3.3685101705935914
5806 3.340958476729668
5807 3.3138542326704075
5808 3.299036033982637
5809 3.2881587376652344
5810 3.295592337673625
5811 3.313743614917187
5812 3.2981823311681553
5813 3.2602407922817798
5814 3.2381371046375365
5815 3.2303467258590826
5816 3.2238567280163677
5817 3.214438025716472
5818 3.2078694974124176
5819 3.198730700294318
5820 3.189548772206168
5821 3.1988356449970614
5822 3.19460068635125
5823 3.163778557260526
5824 3.1575943196181253
5825 3.14401354319126
5826 3.130772765760023
5827 3.127522839646317
5828 3.1362113247692287
5829 3.147442383196395
5830 3.141982764627218
5831 3.138924709080544
5832 3.1198759867792023
5833 3.096465198461557
5834 3.069275499519091
5835 3.0346370606603705
5836 3.001500420119277
5837 2.9711982238454318
5838 2.983988537669723
5839 3.0046782018125002
5840 3.0455667319402
5841 3.1345040508322266
5842 3.207332121357854
5843 3.234740468414649
5844 3.300128238748202
5845 3.3553545797542235
5846 3.3888975812847604
5847 3.4007273145596755
5848 3.401241372225473
5849 3.3870401971393584
5850 3.3491366164577907
5851 3.3001984323595503
5852 3.269291283651974
5853 3.2471760593108145
5854 3.2332314815303476
5855 3.2480782569785718
5856 3.230034887845102
5857 3.1799170149406586
5858 3.1418287917552132
5859 3.113036770087804
5860 3.0644137040338086
5861 2.9886269000825076
5862 2.96209572115159
5863 2.959786528733936
5864 2.9599109512468478
5865 2.9519561722815495
5866 2.913254359042912
5867 2.858724053209407
5868 2.822490716052822
5869 2.838983856249402
5870 2.8605932025669047
5871 2.883278584788782
5872 2.880710684892352
5873 2.8704104646460054
5874 2.8556746104815236
5875 2.850284887657228
5876 2.854348905983969
5877 2.8702015686716096
5878 2.875219882022658
5879 2.8780538473188506
5880 2.8865796131336072
5881 2.9078075790068145
5882 2.915394398920359
5883 2.89902153818096
5884 2.9076461241719667
5885 2.9094895819479563
5886 2.9269323670108096
5887 2.9307518966111883
5888 2.95189017769672
5889 2.982424411757454
5890 3.007022703228056
5891 3.022804624813108
5892 3.0565135457360677
5893 3.0929890646409177
5894 3.125619107637455
5895 3.1504512642062887
5896 3.1780912745385943
5897 3.1759402538410857
5898 3.168025173560962
5899 3.1579162187156276
5900 3.131937886716281
5901 3.105471388206043
5902 3.1197353925754676
5903 3.1762490228343756
5904 3.241017063904419
5905 3.2797625266281285
5906 3.3424432776203625
5907 3.4087042983097047
5908 3.4013197017753463
5909 3.3412147211391243
5910 3.252650905880963
5911 3.193842217168386
5912 3.1115542904797713
5913 3.0463454594524815
5914 2.9980463344944988
5915 2.982034926103214
5916 2.972180117665972
5917 2.959593860101193
5918 2.9356569439735867
5919 2.9038965870931794
5920 2.88019540067856
5921 2.8629505398458046
5922 2.852242666282134
5923 2.8436906098580956
5924 2.8345824784223876
5925 2.835917477170098
5926 2.8714955920766116
5927 2.959149421492274
5928 3.0381819895966724
5929 3.0847002430621138
5930 3.1270531855202965
5931 3.153682237213488
5932 3.134264008133896
5933 3.092211667193533
5934 3.055263916489261
5935 3.0107866524987066
5936 2.95083173237358
5937 2.880532452799951
5938 2.8332993885805746
5939 2.7991813466135085
5940 2.781595822622798
5941 2.76879863002746
5942 2.7875650007310697
5943 2.7874535951623316
5944 2.7759204704333316
5945 2.7673516471291335
5946 2.743554117482597
5947 2.728232848726553
5948 2.7527046752228097
5949 2.809295336851917
5950 2.8272289837069016
5951 2.8083697875372446
5952 2.7900574800877376
5953 2.729192954419461
5954 2.661036845336738
5955 2.620147386429193
5956 2.606199514772358
5957 2.5890695060493565
5958 2.547163767915392
5959 2.4903920927301706
5960 2.4456599115522635
5961 2.4303781717664568
5962 2.429509877764244
5963 2.435508402923525
5964 2.4435022521474536
5965 2.447290935985287
5966 2.429566726054272
5967 2.3953890481306406
5968 2.408074823742479
5969 2.4149240949167536
5970 2.4001931839804134
5971 2.3647365348707963
5972 2.312277856413133
5973 2.2829269860796217
5974 2.2647286643948084
5975 2.2398723920490324
5976 2.20136262253531
5977 2.1730127954317795
5978 2.1531291261406484
5979 2.1178997819091103
5980 2.1226779167268552
5981 2.1323192859849467
5982 2.137231823755041
5983 2.156074466040001
5984 2.19502262205647
5985 2.2075374714140774
5986 2.1707583886506834
5987 2.1206764564789577
5988 2.1086764219795198
5989 2.101493552199272
5990 2.094599200740835
5991 2.067106541110705
5992 2.037812928677691
5993 2.0304112945294532
5994 2.038818107373179
5995 2.0794099321148183
5996 2.1306414290234845
5997 2.1575037059334017
5998 2.181334761740346
5999 2.2181192717512306
